1 1
36 1 2 59.000000
2 1
6 2 1 107.000000
3 1
23 2 1 63.000000
4 2
10 3 2 69.000000
11 3 2 59.000000
5 1
14 2 0 18.000000
6 1
45 3 4 90.000000
7 1
8 1 2 73.000000
8 2
23 4 3 53.500000
24 4 3 12.500000
9 2
9 0 2 80.500000
10 0 2 89.500000
10 2
31 2 4 87.500000
32 2 4 57.500000
11 5
49 3 3 40.000000
50 3 3 40.000000
51 3 3 40.000000
52 3 3 40.000000
53 3 3 14.000000
12 2
0 1 4 137.000000
1 1 4 57.000000
13 1
41 2 4 60.000000
14 2
38 3 2 69.000000
39 3 2 23.000000
15 1
3 1 3 71.000000
16 1
49 1 4 42.000000
17 1
28 4 4 64.000000
18 2
33 1 1 114.000000
34 1 1 11.000000
19 1
37 2 0 151.000000
20 1
14 0 2 27.000000