1 0
2 1
177 230 166 37.000000
3 0
4 0
5 0
6 2
217 73 180 37.000000
218 72 180 7.000000
7 2
120 228 19 28.500000
121 228 19 55.500000
8 0
9 0
10 0
11 2
209 253 187 89.000000
210 253 187 18.000000
12 0
13 0
14 0
15 1
102 122 152 94.000000
16 0
17 0
18 2
215 101 178 44.500000
216 101 178 49.500000
19 0
20 0
21 0
22 0
23 0
24 0
25 0
26 1
213 154 36 29.000000
27 0
28 0
29 0
30 2
195 200 272 52.000000
196 200 272 23.000000
31 2
210 111 192 44.000000
211 111 192 39.000000
32 1
199 91 273 66.000000
33 0
34 0
35 0
36 5
154 164 78 11.500000
155 164 78 23.000000
156 164 78 23.000000
157 164 78 23.000000
158 164 78 17.500000
37 0
38 0
39 0
40 0
41 0
42 1
93 177 155 44.000000
43 0
44 3
95 10 189 17.000000
96 10 189 34.000000
97 10 189 9.000000
45 0
46 0
47 3
50 177 84 22.000000
51 177 84 11.000000
52 179 84 38.000000
48 1
145 97 98 48.000000
49 1
215 54 23 28.000000
50 0
51 2
208 93 173 33.000000
209 93 173 56.000000
52 0
53 0
54 0
55 0
56 0
57 0
58 0
59 1
218 52 123 24.000000
60 1
81 102 249 12.000000
61 0
62 1
182 229 63 12.000000
63 2
212 284 219 36.500000
213 284 219 13.500000
64 0
65 0
66 2
217 222 44 48.000000
218 222 44 57.000000
67 0
68 3
152 204 240 17.000000
153 204 240 34.000000
154 204 240 31.000000
69 2
194 38 226 65.000000
195 38 226 7.000000
70 0
71 0
72 0
73 1
181 270 284 14.000000
74 1
205 36 86 32.000000
75 0
76 0
77 2
204 180 148 45.000000
205 180 148 66.000000
78 2
192 249 153 43.500000
193 249 153 3.500000
79 0
80 0
81 2
196 109 100 50.000000
197 109 100 3.000000
82 0
83 0
84 0
85 0
86 1
214 177 189 86.000000
87 0
88 0
89 0
90 3
180 66 97 45.500000
181 67 97 41.000000
182 67 97 14.500000
91 2
194 87 270 35.000000
195 87 270 6.000000
92 0
93 0
94 0
95 0
96 0
97 0
98 0
99 0
100 0