1 0
2 2
100 132 115 26.000000
101 132 115 34.000000
3 2
198 111 138 27.500000
199 111 138 55.000000
4 0
5 1
198 16 41 29.000000
6 2
188 53 14 44.000000
189 53 14 13.000000
7 0
8 2
183 54 135 59.000000
184 54 135 34.000000
9 0
10 2
124 32 121 66.000000
125 32 121 2.000000
11 3
108 79 69 14.500000
109 80 69 32.000000
110 80 69 37.500000
12 1
189 99 123 42.000000
13 1
188 94 56 25.000000
14 2
55 55 103 37.000000
56 55 103 62.000000
15 2
124 47 58 52.000000
125 47 58 17.000000
16 0
17 0
18 1
167 101 28 44.000000
19 2
76 40 37 66.000000
77 40 37 27.000000
20 1
71 123 31 87.000000
21 0
22 3
81 129 17 22.000000
82 129 17 22.000000
83 129 17 7.000000
23 4
180 81 51 32.000000
181 81 51 32.000000
182 81 51 16.000000
183 79 51 7.000000
24 0
25 1
178 49 47 69.000000
26 0
27 3
126 124 123 14.000000
127 124 123 28.000000
128 124 123 23.000000
28 2
165 35 32 68.000000
166 35 32 16.000000
29 0
30 2
195 96 81 12.000000
196 96 81 15.000000
31 2
41 53 65 35.500000
42 53 65 44.500000
32 2
54 67 138 40.000000
55 67 138 34.000000
33 2
180 18 128 35.000000
181 18 128 54.000000
34 1
133 71 116 45.000000
35 2
159 117 130 43.000000
160 117 130 7.000000
36 1
126 61 137 56.000000
37 1
181 34 38 78.000000
38 2
112 99 138 44.000000
113 99 138 23.000000
39 2
162 105 97 78.000000
163 105 97 14.000000
40 4
152 72 18 20.000000
153 72 18 20.000000
154 72 18 20.000000
155 72 18 5.000000