1 0
2 2
100 131 114 51
101 131 114 9
3 2
198 111 138 27.5
199 111 138 55
4 0
5 1
197 16 42 29
6 2
188 53 14 44
189 53 14 13
7 0
8 3
182 54 134 14.5
183 54 135 59
184 54 135 19.5
9 0
10 2
124 32 121 66
125 32 121 2
11 2
108 79 69 14.5
109 79 70 69.5
12 1
189 99 123 42
13 1
188 94 56 25
14 2
55 55 103 37
56 55 103 62
15 2
124 47 58 52
125 47 58 17
16 0
17 0
18 1
167 101 28 44
19 2
76 40 37 66
77 40 37 27
20 1
71 123 31 87
21 0
22 2
81 129 17 22
82 130 17 29
23 2
180 81 51 32
181 81 52 55
24 0
25 2
174 49 51 57
175 49 51 12
26 0
27 3
126 124 123 14
127 124 123 28
128 124 123 23
28 2
165 35 32 68
166 35 32 16
29 0
30 1
195 96 83 27
31 2
41 53 65 35.5
42 53 65 44.5
32 2
54 67 139 64
55 67 139 10
33 3
179 20 128 22
180 21 128 48.5
181 21 128 18.5
34 1
133 71 116 45
35 2
159 117 130 43
160 117 130 7
36 1
126 61 137 56
37 1
181 34 38 78
38 2
112 99 138 44
113 99 138 23
39 2
162 105 97 78
163 105 97 14
40 2
152 73 19 22
153 72 17 43
