1 1
115 68 73 45
2 2
31 132 113 25
32 132 113 35
3 2
50 111 138 55
51 111 138 32
4 2
123 113 18 42.5
128 113 18 41.5
5 2
13 16 42 16.5
14 16 42 12.5
6 1
90 53 14 57
7 1
140 70 41 14
8 4
84 54 134 29
85 54 134 29
86 54 134 29
87 54 134 6
9 1
79 107 30 36
10 2
86 32 121 66
87 32 121 2
11 4
83 79 69 14.5
84 79 69 29
85 79 69 29
86 79 69 11.5
12 1
77 99 123 42
13 1
80 94 58 25
14 2
6 55 104 36
7 55 104 63
15 2
86 47 58 52
87 47 58 17
16 1
138 79 21 29
17 2
130 114 71 40
131 114 71 36
18 1
75 101 28 44
19 2
25 40 37 33
26 40 37 60
20 2
49 123 31 50
50 123 31 37
21 1
140 84 136 24
22 3
50 129 17 22
51 129 17 22
52 129 17 7
23 4
127 81 51 16
128 81 51 32
129 81 51 32
130 81 51 7
24 2
74 31 97 46.5
79 31 97 6.5
25 2
51 49 51 57
52 49 51 12
26 1
135 26 14 76
27 3
106 124 123 14
107 124 123 28
108 124 123 23
28 3
58 36 32 23.5
59 36 32 47
60 36 32 13.5
29 2
67 130 22 26.5
68 130 22 19.5
30 2
109 96 81 24
110 96 81 3
31 2
11 53 65 35.5
12 53 65 44.5
32 2
14 67 138 40
15 67 138 34
33 2
70 18 128 35
71 18 128 54
34 2
81 72 116 42.5
86 72 116 2.5
35 2
62 118 130 40
63 118 130 10
36 1
56 61 137 56
37 2
128 34 38 39
129 34 38 39
38 2
104 99 137 46.5
105 99 137 20.5
39 2
110 105 97 78
111 105 97 14
40 2
3 72 19 39.5
4 72 19 25.5
