1 1
115 69 78 45
2 1
29 131 126 60
3 1
50 110 141 87
4 1
123 107 8 84
5 1
11 9 32 29
6 1
90 48 12 57
7 1
140 68 39 14
8 1
84 49 134 93
9 1
75 108 28 36
10 1
86 17 127 68
11 1
82 96 78 84
12 1
77 103 124 42
13 1
76 97 58 25
14 2
3 60 101 98
4 60 101 1
15 1
86 45 59 69
16 1
137 82 17 29
17 1
128 123 66 76
18 1
75 103 13 44
19 1
23 48 27 93
20 1
48 105 31 87
21 1
140 95 146 24
22 1
50 131 15 51
23 1
126 78 53 87
24 1
74 28 111 53
25 1
51 45 51 69
26 1
135 23 14 76
27 1
103 138 122 65
28 1
55 23 31 84
29 1
66 130 6 46
30 1
109 94 84 27
31 1
10 51 62 80
32 1
12 66 140 74
33 1
70 33 131 89
34 1
81 70 130 45
35 1
62 113 135 50
36 1
56 58 143 56
37 1
128 22 32 78
38 1
102 101 131 67
39 1
110 111 96 92
40 1
1 73 9 65
