1 1
165 12 12 42.000000
2 1
46 17 11 33.000000
3 1
52 10 11 32.000000
4 1
221 21 7 32.000000
5 1
170 22 10 48.000000
6 1
62 20 8 39.000000
7 1
36 16 10 32.000000
8 1
37 17 11 111.000000
9 1
30 23 8 36.000000
10 1
77 7 11 31.000000
11 2
213 19 10 14.500000
214 19 10 45.500000
12 2
219 23 14 71.000000
220 23 14 37.000000
13 2
30 12 12 58.000000
31 12 12 2.000000
14 1
49 33 16 39.000000
15 1
173 11 13 36.000000
16 1
20 33 11 46.000000
17 1
20 22 8 42.000000
18 1
192 22 17 52.000000
19 1
203 19 11 34.000000
20 1
182 12 6 31.000000
21 1
47 19 13 36.000000
22 1
75 20 12 48.000000
23 1
192 23 8 35.000000
24 2
21 6 19 33.500000
22 5 19 0.500000
25 1
45 20 12 34.000000
26 1
39 23 14 31.000000
27 1
28 19 12 32.000000
28 1
217 29 10 43.000000
29 1
223 14 5 40.000000
30 1
199 13 13 38.000000
31 1
28 14 5 32.000000
32 2
51 21 10 21.500000
52 21 10 17.500000
33 2
49 23 5 30.500000
50 23 5 3.500000
34 1
163 22 7 42.000000
35 1
55 17 11 41.000000
36 1
156 9 14 31.000000
37 1
47 19 9 74.000000
38 1
33 19 14 49.000000
39 3
70 22 14 22.000000
71 22 14 44.000000
72 22 14 15.000000
40 2
196 16 9 58.500000
197 16 9 3.500000
41 2
46 16 16 24.000000
47 16 16 6.000000
42 2
184 3 13 50.500000
187 5 13 20.500000
43 2
11 31 14 44.000000
12 31 14 1.000000
44 1
49 23 12 39.000000
45 1
77 20 11 31.000000
46 1
18 24 8 41.000000
47 1
59 14 13 62.000000
48 2
20 22 11 57.000000
21 22 11 5.000000
49 1
73 19 13 32.000000
50 1
29 14 8 30.000000
51 1
31 11 7 32.000000
52 4
58 24 11 0.500000
59 24 11 1.000000
60 24 11 1.000000
61 21 11 85.000000
53 2
39 13 17 28.000000
40 13 17 4.000000
54 1
19 13 12 32.000000
55 6
31 12 5 1.000000
32 12 5 1.000000
33 12 5 1.000000
34 12 5 1.000000
35 12 5 0.500000
36 16 5 45.500000
56 1
45 19 13 41.000000
57 1
206 16 9 32.000000
58 1
67 15 6 39.000000
59 1
47 25 14 34.000000
60 4
12 20 16 0.500000
13 20 16 1.000000
14 20 16 1.000000
15 17 16 35.000000
61 1
215 17 12 46.000000
62 4
227 15 16 0.500000
228 15 16 1.000000
229 15 16 1.000000
230 12 16 29.000000
63 1
32 22 5 40.000000
64 2
48 34 6 28.500000
49 34 6 40.500000
65 1
18 24 15 35.000000
66 1
72 30 10 41.000000
67 1
61 21 14 34.000000
68 1
59 17 17 70.000000
69 1
79 23 9 33.000000
70 1
86 16 6 34.000000
71 1
45 7 18 32.000000
72 3
17 25 11 70.000000
18 25 11 140.000000
19 25 11 50.000000
73 1
49 16 16 32.000000
74 3
52 10 11 32.500000
53 10 11 129.000000
54 10 11 33.500000
75 2
51 11 5 23.500000
52 11 5 17.500000
76 1
12 20 15 56.000000
77 1
221 31 7 32.000000
78 1
13 19 10 39.000000
79 1
6 16 9 52.000000
80 1
41 21 12 31.000000
81 1
45 27 15 35.000000
82 1
183 19 13 33.000000
83 1
41 22 8 30.000000
84 1
13 12 13 46.000000
85 1
50 16 12 51.000000
86 1
27 19 16 49.000000
87 1
11 11 6 35.000000
88 1
4 21 14 38.000000
89 2
12 15 13 34.000000
13 14 13 7.000000
90 2
39 33 13 33.500000
40 33 13 0.500000
91 2
51 21 11 92.000000
52 21 11 77.000000
92 1
160 22 13 50.000000
93 5
224 18 13 0.500000
225 18 13 1.000000
226 18 13 1.000000
227 15 13 34.000000
228 15 13 8.000000
94 1
49 13 12 32.000000
95 1
29 24 7 49.000000
96 1
41 21 13 32.000000
97 1
151 33 13 30.000000
98 1
8 24 6 41.000000
99 1
213 19 10 42.000000
100 2
29 28 8 57.500000
30 27 8 18.500000
101 1
78 24 12 34.000000
102 2
86 16 15 26.000000
87 16 15 38.000000
103 2
71 21 15 10.500000
72 21 15 23.500000
104 2
73 29 13 69.000000
74 29 13 33.000000
105 1
5 22 16 31.000000
106 1
53 21 5 41.000000
107 1
22 20 11 53.000000
108 1
13 29 8 32.000000
109 1
73 9 12 52.000000
110 1
9 17 11 43.000000
111 2
79 23 5 30.500000
80 23 5 20.500000
112 1
29 18 10 42.000000
113 2
7 10 10 30.000000
8 9 10 21.000000
114 3
205 18 9 100.000000
206 18 9 100.000000
207 18 9 31.000000
115 1
220 15 18 33.000000
116 7
191 11 14 0.500000
192 11 14 1.000000
193 11 14 1.000000
194 11 14 1.000000
195 11 14 1.000000
196 11 14 0.500000
197 15 14 47.000000
117 2
177 25 13 32.000000
178 25 13 4.000000
118 1
52 20 18 30.000000
119 1
54 11 7 43.000000
120 1
205 22 11 40.000000
121 4
20 17 13 89.000000
21 16 13 47.500000
22 15 13 34.000000
23 14 13 3.500000
122 1
73 22 5 33.000000
123 2
60 22 14 22.000000
61 22 14 8.000000
124 3
14 18 3 21.500000
15 18 3 43.000000
16 18 3 0.500000
125 2
194 13 10 43.000000
195 12 10 1.000000
126 2
57 15 12 34.000000
58 15 12 5.000000
127 1
66 26 8 54.000000
128 1
66 16 13 33.000000
129 1
52 25 8 30.000000
130 1
61 6 9 33.000000
131 2
163 21 12 152.000000
164 21 12 3.000000
132 1
38 24 13 38.000000
133 1
42 23 13 40.000000
134 2
29 23 6 34.500000
30 23 6 6.500000
135 1
51 13 12 73.000000
136 1
230 23 14 105.000000
137 1
21 21 11 31.000000
138 1
205 7 6 45.000000
139 1
25 21 8 41.000000
140 1
82 22 14 44.000000
141 1
212 20 12 34.000000
142 2
186 16 13 47.500000
187 16 13 9.500000
143 1
60 22 15 30.000000
144 8
82 10 5 0.500000
83 10 5 1.000000
84 10 5 1.000000
85 10 5 1.000000
86 10 5 1.000000
87 10 5 0.500000
88 14 5 42.000000
89 14 5 4.000000
145 1
234 29 7 35.000000
146 1
13 19 14 31.000000
147 1
32 20 15 64.000000
148 1
43 19 14 38.000000
149 2
37 25 13 32.000000
38 25 13 3.000000
150 1
11 21 8 36.000000
151 3
58 24 14 0.500000
59 23 14 71.000000
65 22 14 9.000000
152 2
56 16 11 69.000000
57 16 11 4.000000
153 2
64 18 14 26.000000
65 18 14 12.000000
154 1
44 10 18 76.000000
155 1
54 18 11 58.000000
156 1
160 22 7 41.000000
157 1
24 18 10 35.000000
158 1
62 24 10 90.000000
159 1
44 22 8 35.000000
160 2
32 20 16 0.500000
33 19 16 43.000000
161 1
5 18 8 33.000000
162 1
43 21 9 34.000000
163 1
73 19 12 36.000000
164 1
47 9 16 41.000000
165 1
221 11 15 38.000000
166 1
195 17 11 63.000000
167 1
38 29 18 32.000000
168 1
17 15 5 49.000000
169 7
187 25 12 0.500000
188 25 12 1.000000
189 25 12 1.000000
190 25 12 1.000000
191 25 12 1.000000
192 25 12 0.500000
193 19 12 29.500000
170 1
64 22 13 34.000000
171 1
33 20 10 44.000000
172 2
28 16 4 111.000000
29 16 4 58.000000
173 1
215 20 14 42.000000
174 1
172 32 13 35.000000
175 1
14 22 15 70.000000
176 1
53 13 12 51.000000
177 1
41 11 11 35.000000
178 1
210 22 5 43.000000
179 1
8 24 8 40.000000
180 1
65 22 13 31.000000
181 1
227 25 16 48.000000
182 2
77 18 9 100.000000
78 18 9 46.000000
183 1
46 16 5 32.000000
184 5
25 21 10 43.000000
26 20 10 85.000000
28 19 10 56.500000
29 18 10 8.500000
30 17 10 45.500000
185 2
181 21 16 32.500000
182 21 16 2.500000
186 1
203 23 12 44.000000
187 2
55 17 16 45.500000
56 17 16 17.500000
188 1
25 21 11 98.000000
189 2
78 24 2 64.500000
79 24 2 111.500000
190 2
69 23 19 35.500000
70 23 19 21.500000
191 1
52 20 11 31.000000
192 1
28 14 9 44.000000
193 1
205 27 12 44.000000
194 1
60 26 13 97.000000
195 5
172 12 5 1.000000
173 12 5 1.000000
174 12 5 1.000000
175 12 5 0.500000
176 16 5 29.500000
196 1
58 7 14 48.000000
197 1
28 14 17 30.000000
198 2
44 23 15 32.500000
45 22 15 33.500000
199 1
54 18 7 32.000000
200 1
68 14 10 33.000000
201 2
81 21 16 32.500000
82 21 16 1.500000
202 1
62 23 6 34.000000
203 1
74 18 11 34.000000
204 2
8 24 6 23.500000
9 24 6 54.500000
205 1
5 11 16 133.000000
206 1
207 35 14 45.000000
207 1
19 23 8 54.000000
208 1
57 15 9 32.000000
209 1
32 21 9 37.000000
210 1
17 17 12 40.000000
211 3
180 23 9 91.000000
181 23 9 91.000000
182 23 9 4.000000
212 2
209 13 6 36.500000
210 13 6 9.500000
213 1
53 22 7 52.000000
214 1
199 15 10 37.000000
215 1
54 21 6 54.000000
216 2
43 19 10 56.500000
44 19 10 101.500000
217 1
83 9 5 36.000000
218 1
29 15 12 31.000000
219 1
43 19 16 39.000000
220 1
10 12 6 40.000000
221 1
169 23 12 33.000000
222 2
59 23 15 32.500000
60 23 15 46.500000
223 3
60 22 16 62.000000
61 22 16 124.000000
62 22 16 52.000000
224 2
29 23 15 32.500000
30 23 15 11.500000
225 2
180 12 19 39.000000
181 12 19 16.000000
226 1
212 21 8 31.000000
227 3
58 27 11 1.000000
59 26 11 30.500000
62 23 11 10.000000
228 1
27 15 8 32.000000
229 1
85 9 17 35.000000
230 2
210 22 14 22.000000
211 22 14 16.000000
231 1
73 22 13 60.000000
232 1
9 23 14 54.000000
233 2
13 9 15 20.500000
14 9 15 34.500000
234 1
12 20 9 47.000000
235 1
213 9 14 46.000000
236 1
24 30 13 33.000000
237 2
71 21 18 74.000000
72 21 18 56.000000
238 1
11 16 12 41.000000
239 1
199 17 10 31.000000
240 2
51 21 8 89.000000
52 21 8 171.000000
241 1
24 21 12 42.000000
242 1
193 24 17 36.000000
243 2
73 19 13 45.000000
74 19 13 50.000000
244 1
57 8 16 45.000000
245 2
50 22 14 22.000000
51 22 14 14.000000
246 1
30 22 13 56.000000
247 1
49 13 14 63.000000
248 1
74 22 16 34.000000
249 2
32 10 14 64.000000
33 10 14 23.000000
250 1
70 23 14 46.000000
251 1
207 19 11 47.000000
252 2
42 20 11 66.500000
43 20 11 4.500000
253 1
66 21 13 40.000000
254 1
16 16 12 39.000000
255 1
51 21 12 51.000000
256 1
73 21 12 57.000000
257 2
29 23 13 31.000000
30 23 13 2.000000
258 1
70 32 13 39.000000
259 1
180 22 10 35.000000
260 1
43 24 8 36.000000
261 1
69 23 9 33.000000
262 1
222 23 15 32.000000
263 1
30 22 11 36.000000
264 1
171 23 13 40.000000
265 2
36 16 16 24.000000
37 16 16 21.000000
266 1
194 19 13 51.000000
267 2
147 25 14 61.500000
148 25 14 7.500000
268 2
20 22 8 4.500000
21 22 8 31.500000
269 1
38 24 10 51.000000
270 1
31 21 13 52.000000
271 1
41 22 13 42.000000
272 2
28 14 13 92.000000
29 14 13 24.000000
273 1
75 18 19 46.000000
274 1
15 8 11 30.000000
275 1
81 21 12 30.000000
276 1
56 28 12 54.000000
277 1
229 17 17 35.000000
278 1
47 19 19 62.000000
279 1
158 14 7 54.000000
280 2
70 22 15 51.000000
71 22 15 31.000000
281 1
4 22 10 42.000000
282 1
10 22 13 37.000000
283 2
37 10 13 23.500000
40 12 13 52.500000
284 3
31 23 13 62.000000
32 23 13 62.000000
33 23 13 6.000000
285 2
201 21 15 43.500000
202 21 15 33.500000
286 1
201 31 14 36.000000
287 1
34 18 9 37.000000
288 2
57 15 18 25.000000
58 15 18 44.000000
289 1
41 22 9 48.000000
290 1
73 19 18 34.000000
291 1
212 10 12 61.000000
292 1
51 11 16 54.000000
293 1
191 21 7 35.000000
294 1
224 18 7 41.000000
295 1
174 22 16 35.000000
296 1
54 19 16 39.000000
297 2
70 22 10 2.000000
71 22 10 36.000000
298 2
44 18 15 39.000000
45 18 15 26.000000
299 2
31 21 15 43.500000
32 21 15 21.500000
300 2
39 23 9 45.500000
40 23 9 14.500000
301 1
51 32 9 64.000000
302 2
26 26 15 31.000000
27 26 15 23.000000
303 2
215 7 16 88.000000
216 7 16 172.000000
304 1
171 16 12 31.000000
305 1
196 20 10 116.000000
306 1
193 9 6 31.000000
307 1
3 29 10 36.000000
308 1
48 18 17 36.000000
309 1
51 26 8 33.000000
310 1
210 32 9 31.000000
311 1
14 22 8 60.000000
312 2
76 21 16 32.500000
78 19 16 1.500000
313 2
53 9 15 20.500000
54 9 15 27.500000
314 2
30 12 15 50.000000
31 12 15 7.000000
315 1
169 23 7 31.000000
316 1
174 19 9 109.000000
317 1
163 19 16 44.000000
318 2
199 23 13 31.000000
200 23 13 1.000000
319 2
223 9 9 30.000000
224 9 9 18.000000
320 1
26 16 12 38.000000
321 1
60 12 6 53.000000
322 1
59 13 9 55.000000
323 2
29 13 11 37.500000
30 13 11 32.500000
324 1
219 27 15 39.000000
325 1
219 26 13 41.000000
326 1
212 20 10 38.000000
327 1
10 32 7 32.000000
328 1
215 21 15 52.000000
329 2
2 20 7 87.000000
3 20 7 23.000000
330 2
27 15 13 34.000000
28 15 13 32.000000
331 1
76 21 12 32.000000
332 1
72 30 7 73.000000
333 1
71 21 8 43.000000
334 4
43 22 14 44.000000
44 22 14 44.000000
45 22 14 22.000000
46 19 14 18.000000
335 1
2 34 9 31.000000
336 2
57 25 13 32.000000
58 25 13 34.000000
337 1
49 14 9 33.000000
338 1
22 20 10 34.000000
339 1
166 16 9 56.000000
340 1
224 19 10 48.000000
341 1
30 16 9 67.000000
342 1
68 26 8 91.000000
343 1
17 9 13 36.000000
344 1
14 32 12 30.000000
345 2
85 21 14 85.000000
86 21 14 38.000000
346 1
3 14 11 30.000000
347 2
16 19 8 90.000000
17 19 8 7.000000
348 1
220 14 14 40.000000
349 2
177 25 10 38.500000
178 25 10 15.500000
350 1
72 20 5 38.000000
351 3
45 11 14 1.000000
46 11 14 0.500000
48 14 14 30.500000
352 2
32 25 6 28.000000
33 24 6 34.000000
353 2
190 22 9 46.000000
191 22 9 42.000000
354 2
74 18 10 50.500000
75 18 10 5.500000
355 3
19 23 18 38.500000
20 23 18 77.000000
21 23 18 7.500000
356 2
33 24 13 67.000000
34 23 13 6.000000
357 1
215 18 11 47.000000
358 1
198 17 12 33.000000
359 1
9 23 13 31.000000
360 2
67 25 13 32.000000
68 25 13 5.000000
361 1
63 19 10 34.000000
362 1
183 21 12 42.000000
363 1
58 14 6 67.000000
364 7
27 25 12 0.500000
28 25 12 1.000000
29 25 12 1.000000
30 25 12 1.000000
31 25 12 1.000000
32 25 12 0.500000
33 19 12 28.500000
365 1
194 20 13 32.000000
366 1
62 10 14 39.000000
367 2
56 16 15 26.000000
57 16 15 4.000000
368 1
62 12 4 47.000000
369 1
48 14 13 36.000000
370 1
22 12 15 32.000000
371 3
60 32 15 20.000000
61 32 15 40.000000
62 32 15 11.000000
372 1
62 20 11 34.000000
373 3
9 33 7 30.000000
10 33 7 60.000000
11 33 7 18.000000
374 1
159 17 11 45.000000
375 2
40 22 5 89.000000
41 22 5 7.000000
376 4
18 17 18 1.000000
19 17 18 1.000000
20 17 18 0.500000
22 20 18 31.500000
377 1
41 11 12 38.000000
378 1
69 23 14 54.000000
379 1
49 23 14 31.000000
380 1
41 21 8 42.000000
381 1
162 25 18 40.000000
382 1
54 20 11 37.000000
383 1
24 20 15 44.000000
384 3
25 27 11 0.500000
26 26 11 30.500000
32 30 11 6.500000
385 1
176 16 13 42.000000
386 1
187 25 13 31.000000
387 2
169 13 5 24.000000
170 13 5 14.000000
388 2
183 19 15 42.500000
184 19 15 28.500000
389 1
68 16 19 31.000000
390 1
173 19 17 32.000000
391 1
201 16 14 33.000000
392 1
219 13 15 42.000000
393 2
209 13 16 41.500000
210 13 16 12.500000
394 1
50 14 10 32.000000
395 2
234 22 7 105.000000
235 22 7 10.000000
396 1
163 32 13 43.000000
397 1
61 3 17 34.000000
398 1
177 16 10 52.000000
399 1
59 17 4 60.000000
400 1
96 18 15 37.000000
401 1
59 18 11 35.000000
402 2
21 16 16 24.000000
24 18 16 13.000000
403 2
200 27 13 38.500000
201 26 13 2.500000
404 1
55 19 10 35.000000
405 2
12 11 14 1.000000
13 10 14 26.500000
406 1
28 4 18 43.000000
407 1
18 15 10 31.000000
408 1
215 22 11 51.000000
409 1
49 8 11 51.000000
410 2
47 25 9 32.000000
48 25 9 18.000000
411 1
20 12 13 30.000000
412 1
71 21 15 33.000000
413 1
30 22 17 32.000000
414 1
61 21 8 36.000000
415 1
191 14 5 34.000000
416 1
15 8 4 68.000000
417 2
175 22 12 0.500000
178 24 12 42.500000
418 2
32 20 14 32.000000
33 20 14 43.000000
419 2
194 23 15 32.500000
197 25 15 14.500000
420 2
40 22 9 46.000000
41 22 9 6.000000
421 1
4 29 6 38.000000
422 2
33 9 15 20.500000
34 9 15 32.500000
423 2
221 6 15 61.000000
222 5 15 8.000000
424 2
7 15 18 25.000000
8 15 18 10.000000
425 1
79 23 8 53.000000
426 1
155 10 8 53.000000
427 2
80 22 15 51.000000
81 22 15 5.000000
428 1
26 17 12 42.000000
429 1
64 18 21 42.000000
430 5
39 25 12 1.000000
40 25 12 1.000000
41 25 12 1.000000
42 25 12 0.500000
43 21 12 37.500000
431 1
7 15 15 55.000000
432 1
19 24 18 40.000000
433 1
66 20 12 65.000000
434 2
43 19 18 34.500000
44 19 18 43.500000
435 1
173 23 14 35.000000
436 1
191 25 13 49.000000
437 1
42 21 6 54.000000
438 1
203 21 11 34.000000
439 2
54 18 9 50.000000
55 18 9 6.000000
440 1
49 15 10 35.000000
441 1
70 22 10 47.000000
442 1
62 30 11 38.000000
443 1
181 15 10 90.000000
444 1
184 28 11 57.000000
445 1
47 20 17 32.000000
446 1
73 19 15 30.000000
447 4
71 22 12 1.000000
72 22 12 1.000000
73 22 12 1.000000
74 19 12 46.500000
448 1
200 27 13 35.000000
449 1
8 24 8 31.000000
450 1
34 32 6 55.000000
451 1
202 10 7 34.000000
452 1
54 18 17 31.000000
453 2
15 9 15 41.000000
16 9 15 2.000000
454 1
91 13 9 50.000000
455 1
28 7 9 33.000000
456 1
70 12 16 32.000000
457 1
18 15 10 46.000000
458 1
62 10 17 38.000000
459 1
10 23 14 41.000000
460 1
32 21 15 38.000000
461 1
3 19 17 35.000000
462 1
73 12 11 37.000000
463 1
193 19 11 40.000000
464 1
69 23 12 40.000000
465 1
28 17 12 50.000000
466 1
228 17 10 56.000000
467 2
209 13 7 20.000000
210 13 7 17.000000
468 1
35 17 5 37.000000
469 1
92 20 8 34.000000
470 2
230 22 6 45.500000
231 22 6 3.500000
471 2
161 21 10 21.500000
162 21 10 9.500000
472 2
13 19 5 27.500000
14 19 5 3.500000
473 4
228 17 18 1.000000
229 17 18 1.000000
230 17 18 0.500000
231 14 18 30.500000
474 3
50 22 13 72.500000
51 22 13 145.000000
52 22 13 42.500000
475 1
60 12 14 40.000000
476 1
48 19 6 32.000000
477 1
211 21 7 39.000000
478 1
165 19 9 35.000000
479 2
152 25 9 32.000000
153 24 9 9.000000
480 1
75 18 16 59.000000
481 1
201 21 9 32.000000
482 1
209 13 7 68.000000
483 1
41 21 12 39.000000
484 1
21 31 16 35.000000
485 1
67 18 7 32.000000
486 2
214 18 8 42.500000
215 18 8 18.500000
487 1
0 33 14 44.000000
488 1
19 8 11 52.000000
489 2
189 13 17 28.000000
190 13 17 10.000000
490 1
51 31 7 33.000000
491 2
182 10 14 64.000000
183 10 14 19.000000
492 1
69 25 13 56.000000
493 1
188 25 16 48.000000
494 2
33 19 19 71.500000
34 19 19 56.500000
495 1
159 13 6 33.000000
496 2
188 24 5 65.500000
189 24 5 13.500000
497 1
29 8 17 52.000000
498 1
7 17 15 40.000000
499 1
89 18 6 53.000000
500 1
186 11 13 38.000000
501 3
14 18 12 0.500000
15 17 12 99.500000
21 16 12 25.500000
502 1
27 18 9 56.000000
503 1
29 14 16 35.000000
504 1
48 24 10 33.000000
505 4
72 20 16 0.500000
73 20 16 1.000000
74 20 16 1.000000
75 17 16 29.000000
506 4
217 15 16 0.500000
218 15 16 1.000000
219 15 16 1.000000
220 12 16 32.000000
507 1
1 22 8 44.000000
508 2
91 21 5 70.000000
92 21 5 48.000000
509 1
33 19 13 31.000000
510 1
196 21 8 30.000000
511 1
23 19 10 35.000000
512 1
207 25 8 52.000000
513 1
7 26 6 52.000000
514 1
219 23 10 34.000000
515 1
182 22 14 35.000000
516 2
222 30 10 65.500000
223 30 10 8.500000
517 1
164 11 16 31.000000
518 1
47 16 16 38.000000
519 1
55 7 16 54.000000
520 4
221 22 12 1.000000
222 22 12 1.000000
223 22 12 1.000000
224 19 12 54.500000
