1 1
7 5 15 29.000000
2 1
66 16 15 89.000000
3 2
19 19 12 110.500000
20 19 12 14.500000
4 1
78 20 8 209.000000
5 1
49 6 14 146.000000
6 2
51 7 17 109.500000
52 7 17 66.500000
7 2
121 10 8 130.500000
126 10 8 82.500000
8 1
56 21 14 199.000000
9 1
144 16 11 100.000000
10 1
31 20 8 81.000000
11 1
143 11 11 46.000000
12 1
175 21 10 129.000000
13 1
37 1 12 29.000000
14 1
46 21 14 216.000000
15 1
9 8 9 142.000000
16 1
55 17 17 181.000000
17 2
37 9 10 112.000000
38 9 10 37.000000
18 2
182 14 13 115.500000
183 14 13 41.500000
19 1
21 10 11 101.000000
20 1
7 3 16 83.000000
21 1
185 21 14 160.000000
22 1
38 21 14 74.000000
23 1
65 21 10 75.000000
24 1
131 19 21 110.000000
25 2
20 10 11 198.500000
21 10 11 21.500000
26 2
62 13 6 96.000000
67 13 6 53.000000
27 1
22 13 6 91.000000
28 2
56 8 9 61.500000
57 8 9 139.500000
29 2
143 21 14 111.000000
144 21 14 68.000000
30 1
158 14 5 73.000000
31 2
60 6 13 86.000000
61 6 13 58.000000
32 2
30 19 12 128.500000
31 19 12 56.500000
33 1
58 20 8 114.000000
34 1
42 1 10 207.000000
35 2
66 20 8 14.000000
67 20 8 201.000000
36 1
34 20 16 52.000000
37 1
136 14 13 69.000000
38 1
38 16 15 153.000000
39 2
50 10 11 16.500000
51 10 11 9.500000
40 1
61 17 14 122.000000
41 1
30 10 11 170.000000
42 1
157 21 22 38.000000
43 1
64 15 13 73.000000
44 1
121 20 21 188.000000
45 1
166 21 14 219.000000
46 2
16 22 7 117.500000
17 22 7 51.500000
47 2
36 9 10 104.000000
37 9 10 115.000000
48 2
168 17 6 105.000000
173 17 6 85.000000
49 1
3 22 10 38.000000
50 1
13 20 21 155.000000
51 1
20 22 20 36.000000
52 2
29 16 11 118.000000
34 16 11 16.000000
53 1
33 19 7 117.000000
54 2
60 10 11 16.500000
61 10 11 84.500000
55 1
7 15 20 48.000000
56 1
34 16 11 37.000000
57 1
71 10 11 103.000000
58 2
30 4 9 113.000000
31 4 9 101.000000
59 1
74 9 10 131.000000
60 1
130 19 12 93.000000
61 2
30 17 15 115.000000
35 17 15 48.000000
62 1
157 1 12 92.000000
63 1
63 12 11 32.000000
64 2
68 14 10 115.500000
69 14 10 16.500000
65 2
63 15 12 112.500000
64 15 12 78.500000
66 1
36 9 10 145.000000
67 1
47 16 11 29.000000
68 1
8 1 13 155.000000
69 1
60 16 23 104.000000
70 1
20 6 14 201.000000
71 1
122 12 16 152.000000
72 1
74 13 13 83.000000
73 2
41 7 17 109.500000
42 7 17 108.500000
74 1
64 7 17 82.000000
75 1
160 20 21 94.000000
76 1
58 1 12 47.000000
77 2
18 9 10 191.500000
23 9 10 11.500000
78 1
43 20 21 195.000000
79 1
30 16 23 46.000000
80 2
46 22 7 117.500000
47 22 7 10.500000
81 1
125 16 23 34.000000
82 1
146 20 8 140.000000
83 1
133 11 11 188.000000
84 2
43 13 13 114.500000
44 13 13 18.500000
85 1
17 4 11 81.000000
86 1
183 9 10 168.000000
87 2
64 4 7 95.000000
65 4 7 108.000000
88 1
140 8 12 139.000000
89 1
138 13 13 57.000000
90 1
153 20 21 57.000000
91 1
58 1 12 166.000000
92 2
55 13 17 119.500000
56 13 17 8.500000
93 1
175 5 7 33.000000
94 1
14 8 12 167.000000
95 1
30 20 8 74.000000
96 1
137 7 9 99.000000
97 1
64 14 13 161.000000
98 1
28 18 19 198.000000
99 1
40 20 21 132.000000
100 3
25 20 16 21.000000
30 20 16 112.000000
31 20 16 71.000000
101 2
143 5 12 129.500000
144 5 12 58.500000
102 1
164 16 11 117.000000
103 1
164 9 10 83.000000
104 2
181 17 17 104.000000
182 17 17 104.000000
105 1
61 1 12 179.000000
106 1
18 17 15 198.000000
107 1
25 20 16 91.000000
108 1
51 10 11 213.000000
109 1
21 2 7 49.000000
110 1
172 14 13 93.000000
111 1
59 7 9 135.000000
112 1
152 19 12 52.000000
113 1
52 10 11 82.000000
114 1
147 1 12 211.000000
115 1
167 17 14 73.000000
116 2
184 10 14 106.500000
185 10 14 113.500000
117 0
118 1
41 10 11 167.000000
119 1
127 13 8 74.000000
120 1
172 12 9 27.000000
121 1
20 14 10 136.000000
122 1
54 10 11 122.000000
123 2
50 13 17 119.500000
56 13 17 31.500000
124 2
43 15 7 80.000000
44 15 7 77.000000
125 2
41 15 18 112.500000
42 15 18 29.500000
126 2
145 16 23 129.500000
150 16 23 52.500000
127 2
21 15 18 112.500000
22 15 18 13.500000
128 1
152 10 11 192.000000
129 1
194 16 16 83.000000
130 1
57 1 12 214.000000
131 3
154 5 9 75.000000
159 5 9 75.000000
160 5 9 40.000000
132 1
171 10 11 41.000000
133 2
58 6 14 106.000000
59 6 14 67.000000
134 1
60 20 8 75.000000
135 1
40 15 16 95.000000
136 2
35 13 17 119.500000
36 13 17 94.500000
137 1
60 10 11 182.000000
138 2
52 16 9 186.000000
53 16 9 9.000000
139 1
174 18 5 80.000000
140 1
40 8 12 32.000000
141 1
46 8 10 94.000000
142 2
150 10 11 198.500000
151 10 11 14.500000
143 2
122 0 15 129.000000
123 0 15 20.000000
144 1
80 10 11 115.000000
145 1
27 6 7 48.000000
146 1
90 1 12 135.000000
147 1
167 20 8 146.000000
148 1
44 13 13 87.000000
149 2
16 20 8 57.000000
17 20 8 140.000000
150 1
80 10 6 97.000000
151 2
51 15 13 118.000000
52 15 13 31.000000
152 1
167 7 6 107.000000
153 1
21 10 11 28.000000
154 1
58 4 10 113.000000
155 2
164 6 11 103.500000
165 6 11 86.500000
156 2
10 6 13 86.000000
11 6 13 42.000000
157 1
175 18 10 102.000000
158 1
51 2 15 59.000000
159 2
137 7 9 16.000000
138 7 9 166.000000
160 1
31 14 10 56.000000
161 1
174 14 2 68.000000
162 1
142 12 11 75.000000
163 1
138 8 9 197.000000
164 2
133 13 8 114.000000
134 13 8 53.000000
165 1
174 13 8 213.000000
166 1
50 10 11 182.000000
167 1
47 17 11 94.000000
168 1
40 23 6 43.000000
169 1
32 12 19 34.000000
170 1
180 10 11 101.000000
171 2
58 16 19 76.000000
59 16 19 106.000000
172 2
166 19 20 172.000000
167 19 20 34.000000
173 1
141 10 11 216.000000
174 1
178 13 17 74.000000
175 1
27 7 6 55.000000
176 1
67 20 8 124.000000
177 1
37 1 12 36.000000
178 1
58 17 15 199.000000
179 1
41 20 8 40.000000
180 2
38 14 10 115.500000
39 14 10 63.500000
181 1
26 20 23 98.000000
182 2
126 18 19 111.000000
127 18 19 9.000000
183 1
32 6 14 145.000000
184 1
64 8 12 86.000000
185 1
151 20 21 105.000000
186 1
46 16 15 64.000000
187 2
49 13 15 69.000000
50 13 15 98.000000
188 2
172 12 19 113.500000
173 12 19 82.500000
189 1
14 12 8 25.000000
190 1
176 10 15 135.000000
191 1
13 10 11 183.000000
192 1
55 10 11 90.000000
193 2
43 19 10 136.000000
44 19 10 35.000000
194 1
186 15 16 135.000000
195 2
31 15 13 78.000000
32 15 13 28.000000
196 1
139 1 11 123.000000
197 1
49 12 11 52.000000
198 1
57 5 12 139.000000
199 2
26 8 9 62.500000
27 8 9 8.500000
200 2
66 16 15 29.500000
67 16 15 2.500000
201 1
43 5 12 84.000000
202 2
57 1 12 57.000000
58 1 12 50.000000
203 1
156 20 8 121.000000
204 2
47 7 9 115.000000
48 7 9 67.000000
205 2
153 5 12 129.500000
154 5 12 47.500000
206 1
21 10 11 210.000000
207 1
48 13 13 72.000000
208 1
37 1 12 193.000000
209 2
31 15 18 112.500000
32 15 18 47.500000
210 1
23 15 18 143.000000
211 1
153 14 13 98.000000
212 1
175 22 13 48.000000
213 1
20 12 10 64.000000
214 1
47 1 12 77.000000
215 1
37 9 10 156.000000
216 1
14 10 11 56.000000
217 1
69 1 12 127.000000
218 2
4 6 11 103.500000
5 6 11 92.500000
219 2
6 22 7 117.500000
7 22 7 3.500000
220 2
28 21 13 162.000000
29 21 13 37.000000
221 2
58 10 12 135.000000
59 10 12 52.000000
222 2
73 9 10 46.500000
74 9 10 36.500000
223 1
69 13 17 137.000000
224 1
172 15 15 87.000000
225 1
55 16 23 55.000000
226 1
66 20 8 156.000000
227 1
11 10 11 159.000000
228 1
43 20 21 99.000000
229 1
33 20 21 108.000000
230 2
151 19 21 124.000000
152 19 21 53.000000
231 2
62 5 15 108.500000
67 5 15 13.500000
232 1
56 13 13 180.000000
233 1
45 14 13 177.000000
234 1
21 10 11 36.000000
235 1
166 16 15 110.000000
236 2
196 8 9 138.500000
197 8 9 51.500000
237 2
168 12 11 111.000000
169 12 11 89.000000
238 1
158 22 16 36.000000
239 1
180 16 15 157.000000
240 1
173 5 12 56.000000
241 1
9 18 19 168.000000
242 1
40 8 12 98.000000
243 1
60 8 12 47.000000
244 1
34 17 8 47.000000
245 1
195 1 13 97.000000
246 1
24 8 12 30.000000
247 1
168 10 3 151.000000
248 2
70 10 11 198.500000
71 10 11 16.500000
249 1
50 20 8 121.000000
250 2
47 1 12 194.000000
48 1 12 15.000000
251 1
152 4 10 101.000000
252 2
81 16 15 118.500000
86 16 15 54.500000
253 1
38 6 14 47.000000
254 1
63 21 19 56.000000
255 1
46 10 8 61.000000
256 1
10 18 19 33.000000
257 1
170 10 6 27.000000
258 1
14 19 12 74.000000
259 1
23 10 15 219.000000
260 1
31 15 13 40.000000
261 1
33 17 16 76.000000
262 1
155 8 15 49.000000
263 1
35 7 6 148.000000
264 2
193 21 14 111.000000
194 21 14 54.000000
265 1
147 1 12 29.000000
266 1
132 4 9 65.000000
267 2
23 21 14 111.000000
24 21 14 57.000000
268 1
36 20 8 48.000000
269 2
15 7 15 73.000000
16 7 15 133.000000
270 1
19 16 15 186.000000
271 2
141 16 9 186.000000
142 16 9 21.000000
272 2
50 6 8 99.000000
51 6 8 77.000000
273 2
29 19 7 141.500000
30 19 7 3.500000
274 2
45 23 17 110.500000
46 23 17 44.500000
275 1
139 11 11 53.000000
276 1
146 9 10 161.000000
277 1
56 8 9 77.000000
278 1
166 16 11 26.000000
279 1
64 13 13 41.000000
280 1
25 14 13 173.000000
281 1
42 16 17 66.000000
282 1
0 10 11 172.000000
283 1
151 10 11 219.000000
284 1
165 17 17 35.000000
285 1
11 12 16 106.000000
286 2
53 9 10 27.500000
54 9 10 181.500000
287 1
22 10 7 110.000000
288 2
16 22 13 172.000000
17 22 13 4.000000
289 1
184 16 16 84.000000
290 1
19 13 12 206.000000
291 1
51 10 11 75.000000
292 1
59 12 16 184.000000
293 1
179 3 11 200.000000
294 1
26 5 11 185.000000
295 1
170 22 12 61.000000
296 2
29 19 12 110.500000
30 19 12 92.500000
297 1
125 14 13 89.000000
298 1
63 10 11 54.000000
299 1
60 1 12 186.000000
300 1
53 9 10 164.000000
301 1
140 16 23 94.000000
302 1
155 1 13 86.000000
303 1
61 21 5 73.000000
304 1
71 10 11 85.000000
305 1
150 16 15 120.000000
306 1
17 8 9 59.000000
307 1
20 15 9 47.000000
308 1
18 12 2 117.000000
309 1
10 12 11 79.000000
310 1
181 1 11 99.000000
311 2
185 3 12 138.000000
186 3 12 47.000000
312 1
67 1 12 84.000000
313 1
26 15 12 110.000000
314 1
73 9 10 145.000000
315 1
64 4 9 117.000000
316 1
16 3 12 182.000000
317 1
181 4 9 73.000000
318 1
36 20 8 117.000000
319 1
50 20 21 89.000000
320 1
58 13 12 173.000000
321 2
39 19 12 110.500000
40 19 12 27.500000
322 1
38 1 12 158.000000
323 1
160 10 11 80.000000
324 1
132 16 17 89.000000
325 1
169 13 6 34.000000
326 1
30 15 9 170.000000
327 2
64 13 10 113.500000
69 13 10 104.500000
328 1
22 10 11 173.000000
329 2
143 13 13 114.500000
144 13 13 2.500000
330 1
51 21 10 32.000000
331 1
9 17 4 184.000000
332 2
176 16 15 118.500000
177 16 15 53.500000
333 1
26 18 19 31.000000
334 1
16 20 8 113.000000
335 1
164 13 8 119.000000
336 1
126 2 18 116.000000
337 1
140 14 9 79.000000
338 1
25 1 13 190.000000
339 1
71 1 12 44.000000
340 1
4 7 12 106.000000
341 1
45 12 10 30.000000
342 1
188 16 15 210.000000
343 1
24 10 11 206.000000
344 2
64 16 16 115.500000
65 16 16 14.500000
345 2
36 12 12 82.000000
37 12 12 6.000000
346 2
45 20 21 159.000000
50 20 21 29.000000
347 1
160 17 14 61.000000
348 1
26 8 9 76.000000
349 1
163 9 10 84.000000
350 1
27 19 10 94.000000
351 1
73 10 11 189.000000
352 1
36 9 10 134.000000
353 1
53 19 10 78.000000
354 1
42 20 21 69.000000
355 1
141 16 15 62.000000
356 2
161 21 10 132.500000
162 21 10 26.500000
357 1
56 13 17 191.000000
358 1
43 12 9 142.000000
359 1
47 10 13 37.000000
360 1
51 6 14 33.000000
