1 4
50 11 13 45.000000
52 12 14 21.500000
53 12 14 43.000000
54 12 14 18.500000
2 1
160 2 10 32.000000
3 4
158 10 12 39.000000
159 10 12 78.000000
160 10 12 78.000000
161 10 12 7.000000
4 2
165 12 20 69.500000
166 12 22 81.500000
5 3
49 13 10 41.000000
50 13 10 82.000000
51 13 10 69.000000
6 2
39 15 24 32.500000
40 15 24 45.500000
7 1
21 6 18 52.000000
8 4
64 7 17 23.000000
65 7 17 64.000000
66 7 17 32.000000
67 7 19 83.000000
9 2
34 5 4 18.500000
35 6 2 48.500000
10 2
66 15 7 61.000000
67 15 7 23.000000
11 2
27 2 4 0.500000
28 2 3 146.500000
12 6
30 9 17 1.000000
31 9 17 1.000000
32 9 17 1.000000
33 9 17 1.000000
34 9 17 0.500000
35 9 19 27.500000
13 3
37 9 13 31.500000
38 9 13 159.000000
39 9 13 26.500000
14 2
187 12 3 104.000000
188 12 3 88.000000
15 2
73 10 2 65.000000
74 10 1 71.000000
16 5
150 12 10 0.500000
151 12 10 1.000000
152 12 10 1.000000
153 11 9 66.500000
154 11 9 98.500000
17 4
55 8 12 53.000000
56 8 11 58.000000
57 8 11 29.000000
58 8 9 25.000000
18 1
37 9 13 48.000000
19 2
50 7 8 89.000000
51 7 8 45.000000
20 2
44 6 21 67.500000
45 6 21 60.500000
21 1
162 9 12 35.000000
22 1
187 13 21 74.000000
23 9
40 25 9 1.000000
41 25 9 1.000000
42 25 9 1.000000
43 25 9 1.000000
44 25 9 0.500000
45 25 11 34.500000
46 25 11 69.000000
47 25 11 69.000000
48 25 11 54.000000
24 2
74 12 4 100.000000
75 12 4 57.000000
25 3
40 2 0 70.000000
41 2 0 140.000000
42 2 0 24.000000
26 5
52 10 16 33.000000
53 10 16 33.000000
54 10 16 33.000000
55 10 16 16.500000
56 10 18 18.500000
27 3
170 19 14 44.000000
171 18 14 30.000000
172 19 16 16.000000
28 1
169 1 1 73.000000
29 11
45 9 15 35.000000
46 9 15 35.000000
47 9 15 35.000000
48 9 15 17.500000
49 9 17 0.500000
50 9 17 1.000000
51 9 17 1.000000
52 9 17 1.000000
53 9 15 17.500000
54 9 15 35.000000
55 9 15 4.000000
30 3
22 9 23 31.000000
23 9 25 46.000000
24 9 25 13.000000
31 1
148 8 4 103.000000
32 1
48 5 6 35.000000
33 2
62 0 0 66.000000
63 0 0 43.000000
34 1
3 0 0 55.000000
35 2
27 13 11 49.000000
28 13 11 94.000000
36 1
39 3 0 101.000000
37 3
21 15 13 38.500000
22 15 13 77.000000
23 15 13 36.500000
38 1
13 6 3 64.000000
39 2
46 8 14 65.500000
47 8 14 53.500000
40 2
54 6 13 86.000000
55 6 13 15.000000
41 1
32 10 22 78.000000
42 1
67 10 14 65.000000
43 2
12 1 0 212.000000
13 1 0 2.000000
44 2
63 11 1 150.000000
64 11 1 33.000000
45 1
74 7 12 58.000000
46 5
160 10 11 18.000000
161 10 11 36.000000
162 10 11 36.000000
163 10 11 36.000000
164 10 11 34.000000
47 1
170 8 3 137.000000
48 2
11 17 17 74.000000
12 17 17 142.000000
49 2
55 17 17 148.000000
56 17 17 30.000000
50 2
198 12 3 104.000000
199 12 3 20.000000
51 6
30 14 14 22.000000
31 14 14 44.000000
32 14 14 44.000000
33 14 14 44.000000
34 14 14 44.000000
35 14 14 17.000000
52 2
3 5 3 155.000000
4 5 3 59.000000
53 2
180 16 23 85.000000
181 16 23 121.000000
54 1
42 0 0 47.000000
55 1
35 9 9 48.000000
56 1
33 7 6 24.000000
57 2
218 12 11 33.500000
219 12 11 67.000000
58 2
44 16 21 60.000000
45 16 21 44.000000
59 3
57 3 13 80.000000
58 3 13 40.000000
59 3 11 41.000000
60 2
190 10 17 177.000000
191 10 17 54.000000
61 2
24 17 17 148.000000
25 17 17 68.000000
62 2
46 4 1 77.000000
47 4 1 129.000000
63 3
183 15 17 57.000000
184 15 17 114.000000
185 15 17 55.000000
64 4
33 6 4 50.000000
34 6 3 72.000000
35 6 3 36.000000
36 6 5 27.000000
65 2
27 21 7 59.000000
28 21 7 48.000000
66 7
51 9 11 0.500000
52 9 11 1.000000
53 9 11 1.000000
54 9 11 1.000000
55 9 11 1.000000
56 9 11 0.500000
57 9 13 34.000000
67 3
156 16 15 19.000000
157 16 15 38.000000
158 16 15 34.000000
68 2
44 1 1 82.500000
45 1 0 21.500000
69 2
177 7 9 35.500000
178 7 9 12.500000
70 3
205 8 15 68.000000
206 8 15 68.000000
207 8 15 32.000000
71 6
22 12 10 1.000000
23 12 10 1.000000
24 12 10 1.000000
25 12 10 0.500000
26 12 12 67.500000
27 12 12 12.000000
72 7
145 23 17 0.500000
146 23 17 1.000000
147 23 17 1.000000
148 22 16 22.500000
149 22 16 45.000000
150 22 16 45.000000
154 23 18 59.500000
73 11
154 9 16 55.000000
155 9 16 55.000000
156 9 16 27.500000
157 9 18 0.500000
158 9 18 1.000000
159 9 18 1.000000
160 9 18 1.000000
161 9 18 1.000000
162 9 18 0.500000
163 10 16 33.000000
164 10 16 9.000000
74 2
46 12 8 126.000000
47 12 8 103.000000
75 2
10 2 0 70.000000
11 2 0 80.000000
76 1
59 4 0 69.000000
77 2
167 11 12 65.500000
168 11 12 84.500000
78 1
197 7 14 72.000000
79 2
196 12 22 89.500000
197 12 22 11.500000
80 2
200 0 1 61.000000
201 0 1 108.000000
81 1
165 17 7 59.000000
82 8
75 10 4 1.000000
76 10 4 1.000000
77 10 4 1.000000
78 10 4 1.000000
79 10 4 0.500000
80 10 6 38.500000
81 10 6 77.000000
82 10 6 18.000000
83 2
23 13 19 108.000000
24 13 19 58.000000
84 2
155 2 3 176.000000
156 2 3 20.000000
85 4
31 15 18 17.000000
32 15 18 34.000000
33 15 18 34.000000
34 15 18 15.000000
86 6
15 7 11 34.000000
16 7 11 34.000000
17 7 11 34.000000
18 7 11 17.000000
19 7 9 71.000000
20 7 9 10.000000
87 3
171 7 12 58.500000
172 7 12 117.000000
173 7 12 30.500000
88 2
52 11 7 33.500000
53 11 6 80.500000
89 1
181 18 17 131.000000
90 1
25 6 2 40.000000
91 1
31 1 0 51.000000
92 3
31 0 3 80.000000
32 0 2 129.000000
33 0 2 3.000000
93 5
64 1 11 66.000000
65 1 10 43.000000
66 1 10 21.500000
67 3 11 73.000000
68 3 11 4.500000
94 3
17 3 6 75.500000
18 3 6 151.000000
19 3 6 1.500000
95 4
189 5 9 15.500000
190 5 9 31.000000
191 5 9 31.000000
192 5 9 12.500000
96 7
200 18 13 34.000000
201 18 13 34.000000
202 18 13 34.000000
203 18 13 17.000000
204 18 11 55.000000
205 18 11 55.000000
206 18 11 7.000000
97 1
211 9 1 50.000000
98 5
190 9 9 85.500000
191 9 8 48.000000
192 9 8 24.000000
193 9 6 67.000000
194 9 6 8.500000
99 2
58 12 3 104.000000
59 12 3 44.000000
100 1
44 3 0 116.000000
101 4
24 16 8 36.000000
25 16 8 18.000000
26 16 10 40.500000
27 16 10 41.500000
102 6
174 2 4 1.000000
175 2 4 1.000000
176 2 4 1.000000
177 2 4 0.500000
178 2 6 67.000000
179 2 6 62.500000
103 1
152 4 10 133.000000
104 1
209 6 9 35.000000
105 2
191 6 18 40.500000
192 6 18 23.500000
106 2
172 4 8 77.000000
173 4 8 142.000000
107 3
8 16 15 38.000000
9 16 15 38.000000
10 16 15 10.000000
108 3
189 12 11 67.000000
190 12 11 67.000000
191 12 11 52.000000
109 1
72 6 12 47.000000
110 3
144 3 5 48.500000
146 3 7 141.000000
147 3 7 17.500000
111 2
143 5 13 40.000000
144 5 13 21.000000
112 1
50 11 16 88.000000
113 3
17 6 2 89.000000
19 7 3 28.000000
20 7 3 48.000000
114 3
10 15 16 46.500000
11 15 15 122.000000
12 15 15 23.500000
115 2
88 13 6 39.000000
89 13 6 37.000000
116 2
67 8 10 108.000000
68 8 10 18.000000
117 2
52 10 6 77.000000
53 10 6 40.000000
118 1
46 0 0 70.000000
119 2
19 5 5 151.000000
20 5 5 16.000000
120 1
207 11 8 59.000000
121 4
15 10 11 18.000000
16 10 13 22.000000
17 10 13 44.000000
18 10 13 22.000000
122 2
47 5 5 75.500000
48 5 5 97.500000
123 1
27 13 7 156.000000
124 2
77 11 7 33.500000
78 11 7 63.500000
125 2
35 13 19 108.000000
36 13 19 29.000000
126 1
86 9 5 23.000000
127 1
44 14 19 138.000000
128 1
159 24 10 42.000000
129 3
32 6 17 55.500000
33 6 17 111.000000
34 6 17 4.500000
130 2
36 16 10 40.500000
37 16 10 27.500000
131 2
30 8 7 72.500000
31 8 7 83.500000
132 1
21 3 0 233.000000
133 4
161 9 16 27.500000
162 9 16 55.000000
163 9 16 55.000000
164 9 16 46.500000
134 2
31 12 12 67.500000
32 12 14 13.500000
135 1
59 5 0 131.000000
136 6
61 9 18 1.000000
62 9 18 0.500000
63 9 16 55.000000
64 9 16 55.000000
65 9 16 55.000000
66 9 16 7.500000
137 4
69 10 14 63.000000
71 11 15 44.000000
72 11 15 88.000000
73 11 15 35.000000
138 1
62 11 6 101.000000
139 3
0 12 6 111.000000
1 12 6 111.000000
2 12 6 14.000000
140 2
61 5 3 77.500000
62 5 3 105.500000
141 2
57 20 10 56.500000
58 20 9 59.500000
142 3
57 13 16 52.000000
58 13 16 104.000000
59 13 16 37.000000
143 1
18 12 23 90.000000
144 2
214 9 7 79.000000
215 9 9 42.000000
145 1
63 19 17 41.000000
146 2
53 4 5 22.500000
54 4 4 65.500000
147 3
40 0 1 61.000000
41 0 1 122.000000
42 0 1 4.000000
148 2
5 3 7 70.500000
6 3 7 27.500000
149 2
192 7 13 137.000000
193 7 13 33.000000
150 1
87 11 17 30.000000
151 4
80 15 10 40.000000
81 15 10 40.000000
82 15 10 20.000000
83 15 12 70.000000
152 5
19 3 10 24.500000
20 3 10 49.000000
21 3 10 49.000000
22 3 10 49.000000
23 3 10 48.500000
153 1
57 7 5 126.000000
154 3
56 3 9 59.000000
57 3 8 1.000000
58 4 10 72.000000
155 1
66 13 7 120.000000
156 2
31 16 15 19.000000
32 16 14 9.000000
157 5
40 12 10 0.500000
41 12 10 1.000000
42 12 10 1.000000
43 11 9 66.500000
44 11 9 76.500000
158 1
23 7 16 43.000000
159 1
183 6 7 101.000000
160 3
188 8 18 23.500000
189 8 18 47.000000
190 8 18 23.500000
161 1
201 5 10 68.000000
162 1
14 9 7 76.000000
163 3
62 7 7 68.000000
63 7 7 68.000000
64 7 7 38.000000
164 1
192 16 23 71.000000
165 2
192 8 17 117.000000
193 8 17 68.000000
166 2
140 2 0 70.000000
141 2 0 135.000000
167 3
71 0 16 61.000000
72 0 16 61.000000
73 0 16 34.000000
168 4
36 7 11 34.000000
37 7 11 34.000000
38 7 11 17.000000
39 7 13 54.000000
169 1
47 6 0 27.000000
170 3
42 8 1 54.500000
43 8 1 109.000000
44 8 1 43.500000
171 1
47 7 0 35.000000
172 4
67 7 4 16.500000
68 7 4 33.000000
69 7 4 33.000000
70 7 4 9.500000
173 3
57 8 6 79.500000
58 8 8 37.000000
59 8 8 15.500000
174 2
6 11 10 80.000000
7 11 9 90.000000
175 1
34 10 20 30.000000
176 6
190 10 16 16.500000
191 10 16 33.000000
192 10 16 33.000000
193 10 16 33.000000
194 10 16 33.000000
195 10 16 16.500000
177 2
84 5 4 18.500000
85 5 3 132.500000
178 3
153 19 22 119.000000
154 19 22 59.500000
155 19 20 36.500000
179 2
217 4 7 116.000000
218 4 7 114.000000
180 2
36 20 13 80.500000
37 20 13 65.500000
181 2
33 11 15 88.000000
34 11 15 5.000000
182 1
74 7 12 25.000000
183 2
24 0 0 132.000000
25 0 0 12.000000
184 4
67 19 8 39.000000
68 19 8 78.000000
69 19 8 78.000000
70 19 8 23.000000
185 1
7 18 16 34.000000
186 2
188 8 9 121.000000
189 8 9 94.000000
187 2
20 9 7 158.000000
21 9 7 74.000000
188 1
36 7 17 27.000000
189 4
44 12 14 43.000000
45 12 14 43.000000
46 12 14 43.000000
47 12 14 8.000000
190 2
75 5 11 73.500000
76 5 11 109.500000
191 2
55 7 5 85.000000
56 7 5 32.000000
192 8
79 9 17 0.500000
80 9 19 33.000000
81 9 17 1.000000
82 9 17 1.000000
83 9 17 1.000000
84 9 17 0.500000
85 9 19 33.000000
86 9 19 58.000000
193 4
60 17 5 64.000000
62 18 6 29.000000
63 18 6 58.000000
64 18 6 54.000000
194 7
13 5 2 16.000000
14 5 2 32.000000
15 5 2 32.000000
16 5 2 32.000000
17 5 2 32.000000
18 5 2 16.000000
19 5 0 38.000000
195 2
65 11 13 45.000000
66 11 13 23.000000
196 4
70 9 8 48.000000
71 9 8 48.000000
72 9 8 24.000000
73 9 6 11.000000
197 4
194 9 11 1.000000
195 9 11 1.000000
196 9 9 171.000000
197 9 9 21.500000
198 2
33 15 9 105.000000
34 15 9 48.000000
199 2
20 8 12 53.000000
21 8 12 94.000000
200 2
74 6 17 111.000000
75 6 17 106.000000
201 3
20 16 18 53.500000
21 16 18 107.000000
22 16 18 29.500000
202 1
41 9 13 75.000000
203 5
23 9 15 17.500000
24 9 15 35.000000
25 9 15 35.000000
26 9 15 35.000000
27 9 15 25.500000
204 4
68 12 16 39.000000
69 12 16 78.000000
70 12 16 78.000000
71 12 16 21.000000
205 1
194 7 16 106.000000
206 2
185 9 14 55.000000
186 9 14 85.000000
207 2
190 6 18 56.500000
191 6 18 72.500000
208 3
13 17 13 72.000000
14 17 13 36.000000
15 17 15 38.000000
209 3
61 10 8 85.000000
63 11 9 66.500000
64 11 9 47.500000
210 3
28 4 0 65.000000
29 4 0 130.000000
30 4 0 30.000000
211 4
32 11 2 73.000000
33 11 4 41.500000
34 11 4 83.000000
35 11 4 25.500000
212 4
48 2 2 64.000000
49 2 2 64.000000
50 2 2 64.000000
51 2 2 30.000000
213 3
36 4 18 85.000000
37 4 18 42.500000
38 4 20 30.500000
214 3
55 16 16 91.000000
56 16 16 91.000000
57 16 16 32.000000
215 1
32 3 0 234.000000
216 2
39 12 22 179.000000
40 12 22 1.000000
217 3
27 16 10 39.500000
28 16 10 81.000000
29 16 10 80.500000
218 1
57 5 0 86.000000
219 2
18 20 19 94.000000
19 20 19 14.000000
220 1
192 1 0 27.000000
221 3
145 2 5 81.500000
146 4 6 87.500000
147 4 6 50.000000
222 2
56 6 16 174.000000
57 6 16 42.000000
223 4
5 14 19 94.000000
6 14 18 1.000000
7 14 18 0.500000
8 14 20 59.500000
224 1
141 21 5 48.000000
225 2
39 6 5 139.000000
40 6 5 58.000000
226 2
169 0 4 43.500000
170 0 3 79.500000
227 1
171 13 9 22.000000
228 2
50 0 1 61.000000
51 0 1 81.000000
229 1
39 10 9 62.000000
230 1
175 19 5 96.000000
231 2
170 0 1 61.000000
171 0 1 108.000000
232 2
32 6 2 89.000000
33 6 2 83.000000
233 1
24 1 5 81.000000
234 2
57 5 0 19.000000
58 5 0 19.000000
235 3
63 0 0 89.000000
64 0 0 132.000000
65 0 0 15.000000
236 1
6 0 0 30.000000
237 2
140 0 1 61.000000
141 0 1 60.000000
238 3
193 9 10 33.000000
194 9 10 66.000000
195 9 10 17.000000
239 1
198 10 7 83.000000
240 1
21 9 1 37.000000
241 3
200 18 7 50.500000
201 18 7 101.000000
202 18 7 64.500000
242 2
60 2 5 81.500000
61 2 5 113.500000
243 2
205 10 16 16.500000
207 11 17 35.500000
244 3
62 18 2 68.000000
63 18 2 68.000000
64 18 2 1.000000
245 3
36 18 4 22.000000
37 18 4 44.000000
38 18 4 5.000000
246 2
187 13 11 49.000000
188 13 11 64.000000
247 1
52 8 6 29.000000
248 8
63 10 0 1.000000
64 10 0 1.000000
65 10 0 1.000000
66 10 0 1.000000
67 10 0 0.500000
68 10 2 65.000000
69 10 2 130.000000
70 10 2 20.500000
249 2
30 5 1 58.500000
31 5 0 100.500000
250 1
201 8 14 42.000000
251 1
11 1 5 33.000000
252 9
141 2 2 32.000000
142 2 4 0.500000
143 2 4 1.000000
144 2 4 1.000000
145 2 4 1.000000
146 2 2 32.000000
147 2 2 64.000000
148 2 2 64.000000
149 2 2 15.000000
253 3
33 7 16 59.500000
34 7 16 119.000000
35 7 16 34.500000
254 1
195 10 9 121.000000
255 3
26 4 1 77.000000
27 4 1 154.000000
28 4 1 4.000000
256 2
59 4 2 65.000000
60 4 1 30.000000
257 2
154 14 17 92.500000
155 14 17 41.500000
258 1
149 21 11 52.000000
259 3
18 16 14 62.500000
19 16 14 125.000000
20 16 14 17.500000
260 1
137 5 0 40.000000
261 1
16 6 2 38.000000
262 2
31 7 12 58.500000
32 7 12 58.500000
263 2
37 15 5 76.000000
38 15 5 122.000000
264 2
12 0 5 70.000000
13 0 5 8.000000
265 2
86 10 18 65.000000
87 10 18 120.000000
266 2
34 10 19 58.000000
35 10 19 43.000000
267 4
24 13 20 64.000000
25 13 19 108.000000
26 13 19 54.000000
27 13 21 5.000000
268 1
154 15 3 59.000000
269 2
78 8 18 23.500000
79 8 18 10.500000
270 2
61 4 9 119.000000
62 4 9 3.000000
271 2
42 8 17 117.000000
43 8 17 84.000000
272 2
49 18 20 43.500000
50 18 19 0.500000
273 2
51 13 4 55.500000
52 13 4 32.500000
274 4
61 10 21 55.000000
62 10 21 55.000000
63 10 21 55.000000
64 10 21 7.000000
275 3
170 9 24 87.500000
171 9 23 62.000000
172 9 23 10.500000
276 1
53 15 8 49.000000
277 6
30 10 16 16.500000
31 10 16 33.000000
32 10 16 33.000000
33 10 16 33.000000
34 10 16 33.000000
35 10 16 3.500000
278 4
51 9 21 29.500000
52 9 21 59.000000
53 9 21 59.000000
54 9 21 7.500000
279 1
31 14 19 175.000000
280 3
23 7 17 64.000000
24 7 17 64.000000
25 7 17 8.000000
281 1
178 20 14 89.000000
282 1
172 8 3 36.000000
283 5
199 10 13 44.000000
200 10 13 44.000000
201 10 13 22.000000
202 10 15 39.000000
203 10 15 12.000000
284 2
68 6 24 71.000000
69 6 24 56.000000
285 2
27 1 2 34.000000
28 1 2 13.000000
286 2
18 2 1 104.000000
19 2 1 3.000000
287 2
204 16 7 131.000000
205 16 7 93.000000
288 3
53 12 6 55.500000
54 12 8 63.000000
55 12 8 8.500000
289 2
34 5 3 155.000000
35 5 3 53.000000
290 2
194 1 1 82.500000
195 1 0 71.500000
291 3
72 10 15 39.000000
73 10 15 78.000000
74 10 15 40.000000
292 3
40 10 1 41.500000
41 10 1 83.000000
42 10 1 5.500000
293 1
72 10 10 46.000000
294 1
42 11 5 33.000000
295 2
169 11 6 59.000000
170 11 6 24.000000
296 1
81 7 7 31.000000
297 2
146 13 4 55.500000
147 13 6 19.500000
298 2
33 7 1 48.000000
34 7 1 36.000000
299 5
23 5 2 16.000000
24 5 2 32.000000
25 5 2 32.000000
26 5 2 32.000000
27 5 2 29.000000
300 3
146 3 14 65.500000
147 2 14 45.000000
148 4 15 36.500000
301 2
10 0 1 61.000000
11 0 1 99.000000
302 4
33 12 16 39.000000
34 12 15 42.000000
35 12 15 21.000000
36 12 17 48.000000
303 4
31 5 13 20.000000
32 5 13 40.000000
33 5 13 40.000000
34 5 13 38.000000
304 4
177 19 10 54.000000
178 19 10 27.000000
179 19 8 78.000000
180 19 8 10.000000
305 1
22 24 13 40.000000
306 3
180 6 23 43.000000
181 6 23 86.000000
182 6 23 68.000000
307 3
157 0 0 66.000000
158 0 2 64.500000
159 0 2 30.500000
308 2
58 13 12 123.000000
59 13 12 50.000000
309 4
31 17 22 26.500000
32 17 22 53.000000
33 17 22 53.000000
34 17 22 3.500000
310 5
147 4 8 77.000000
148 3 8 0.500000
149 5 9 15.500000
150 5 9 31.000000
151 5 9 15.000000
311 3
5 7 0 42.500000
6 7 0 85.000000
7 7 0 81.500000
312 2
45 2 5 81.500000
46 4 6 61.500000
313 1
69 6 1 75.000000
314 2
68 11 9 66.500000
69 11 8 122.500000
315 4
58 12 11 33.500000
59 12 11 67.000000
60 12 11 67.000000
61 12 11 24.500000
316 1
55 9 16 36.000000
317 1
161 1 0 57.000000
318 2
64 10 9 66.000000
65 10 9 120.000000
319 3
171 15 8 40.500000
172 15 8 81.000000
173 15 8 40.500000
320 1
84 14 9 94.000000
321 5
69 7 3 28.000000
70 7 3 56.000000
71 7 3 56.000000
72 7 3 56.000000
73 7 3 44.000000
322 5
143 13 23 0.500000
144 13 23 1.000000
145 13 23 1.000000
146 12 22 89.500000
147 12 22 29.500000
323 2
145 10 14 126.000000
146 10 14 43.000000
324 2
63 7 17 64.000000
64 7 17 41.000000
325 1
186 14 17 172.000000
326 2
48 15 12 76.000000
49 15 11 98.000000
327 1
199 7 18 56.000000
328 2
198 7 1 48.000000
199 7 3 3.000000
329 3
48 5 7 46.000000
50 6 8 37.500000
51 6 8 15.500000
330 2
190 8 17 58.500000
191 8 17 64.500000
331 2
37 7 15 57.000000
38 7 15 56.000000
332 6
18 9 8 48.000000
19 9 8 48.000000
20 9 8 48.000000
21 9 8 48.000000
22 9 8 24.000000
23 9 6 2.000000
333 3
75 5 1 58.500000
76 5 1 117.000000
77 5 1 63.500000
334 3
181 18 7 101.000000
182 18 7 101.000000
183 18 7 5.000000
335 2
9 17 19 88.000000
10 17 19 8.000000
336 4
80 7 9 71.000000
81 7 9 71.000000
82 7 9 35.500000
83 7 7 28.500000
337 2
218 14 15 78.500000
219 14 15 145.500000
338 1
70 2 12 93.000000
339 1
151 12 5 46.000000
340 1
65 1 0 32.000000
341 1
65 4 2 49.000000
342 3
26 7 2 47.500000
27 7 1 96.000000
28 7 1 41.500000
343 2
35 8 15 68.000000
36 8 15 9.000000
344 1
64 1 0 93.000000
345 2
66 0 3 80.000000
67 0 3 136.000000
346 1
148 8 13 47.000000
347 2
44 17 18 82.500000
45 17 17 59.500000
348 1
86 15 7 37.000000
349 1
11 6 9 59.000000
350 3
69 13 5 34.500000
70 13 5 69.000000
71 13 5 0.500000
351 3
153 16 17 81.000000
154 16 17 81.000000
155 16 17 28.000000
352 3
194 10 14 63.000000
195 10 14 126.000000
196 10 14 12.000000
353 3
43 17 11 41.500000
44 17 11 83.000000
45 17 11 13.500000
354 2
81 17 7 79.500000
82 17 7 85.500000
355 2
171 5 18 59.000000
172 5 18 28.000000
356 2
197 9 13 79.500000
198 9 13 7.500000
357 1
78 8 13 43.000000
358 2
154 12 18 87.500000
155 12 18 51.500000
359 3
30 12 20 69.500000
31 12 20 139.000000
32 12 20 26.500000
360 6
49 9 8 48.000000
50 9 8 48.000000
51 9 8 48.000000
52 9 8 24.000000
53 9 10 33.000000
54 9 10 3.000000
361 2
20 12 10 0.500000
21 11 10 55.500000
362 2
37 8 15 68.000000
38 8 15 64.000000
363 3
190 16 18 53.500000
191 16 18 107.000000
192 16 18 52.500000
364 2
74 10 14 63.000000
75 10 14 17.000000
365 2
22 10 10 62.500000
23 10 10 101.500000
366 1
51 13 0 37.000000
367 2
3 4 0 65.000000
4 3 0 37.000000
368 2
161 3 5 97.000000
162 3 5 96.000000
369 3
147 8 11 29.000000
148 8 13 12.000000
149 8 13 31.000000
370 2
71 13 4 55.500000
72 13 4 33.500000
371 1
67 11 12 25.000000
372 2
27 8 6 79.500000
28 8 5 25.500000
373 1
21 5 0 112.000000
374 1
217 8 6 33.000000
375 1
212 21 7 29.000000
376 2
15 9 9 85.500000
16 9 9 7.500000
377 3
154 7 2 95.000000
155 7 2 95.000000
156 7 2 5.000000
378 5
33 9 15 17.500000
34 9 15 35.000000
35 9 15 35.000000
36 9 15 35.000000
37 9 15 31.500000
379 9
35 0 15 1.000000
36 0 15 1.000000
37 0 15 0.500000
38 0 17 22.000000
39 0 17 44.000000
40 0 17 44.000000
41 0 17 44.000000
42 0 17 44.000000
43 0 17 11.500000
380 1
14 4 3 60.000000
381 2
26 0 4 87.000000
27 0 4 2.000000
382 2
172 8 11 29.000000
173 8 11 51.000000
383 6
59 15 19 0.500000
60 15 19 1.000000
61 15 19 1.000000
62 15 19 1.000000
63 15 17 57.000000
64 15 17 105.000000
384 1
198 6 11 53.000000
385 4
31 9 16 27.500000
32 9 16 55.000000
33 9 16 55.000000
34 9 16 45.500000
386 2
30 17 15 44.500000
31 17 14 134.500000
387 3
23 6 13 86.000000
24 6 13 86.000000
25 6 13 27.000000
388 4
80 16 13 19.000000
81 16 13 38.000000
82 16 13 38.000000
83 16 13 24.000000
389 3
24 16 11 67.000000
25 16 11 134.000000
26 16 11 33.000000
390 1
186 0 3 21.000000
391 1
190 8 8 65.000000
392 2
17 10 9 132.000000
18 10 9 82.000000
393 4
13 2 15 55.000000
14 2 15 55.000000
15 2 15 27.500000
16 2 13 96.500000
394 2
38 16 20 64.000000
39 16 20 27.000000
395 1
64 2 3 52.000000
396 4
46 1 0 106.000000
47 1 2 34.000000
48 1 2 68.000000
49 1 2 17.000000
397 1
34 7 12 42.000000
398 1
37 8 4 84.000000
399 2
34 6 7 150.000000
35 6 7 7.000000
400 1
36 7 15 48.000000
401 2
148 9 13 159.000000
149 9 13 51.000000
402 1
77 7 15 55.000000
403 1
209 2 17 65.000000
404 1
29 8 24 40.000000
405 3
30 11 18 75.000000
31 11 20 89.000000
32 11 20 15.000000
406 3
87 12 14 21.500000
89 13 15 88.500000
90 13 15 123.000000
407 2
67 8 11 29.000000
68 8 10 74.000000
408 2
14 13 19 108.000000
15 13 19 90.000000
409 2
48 10 7 85.500000
49 10 7 63.500000
410 4
153 8 13 59.000000
154 8 12 106.000000
155 8 12 53.000000
156 8 14 2.000000
411 2
20 0 1 61.000000
21 0 1 66.000000
412 6
160 5 9 31.000000
161 5 9 31.000000
162 5 9 31.000000
163 5 9 31.000000
164 5 9 15.500000
165 5 7 70.500000
413 1
40 14 20 29.000000
414 2
78 10 17 88.500000
79 10 17 71.500000
415 3
210 6 13 43.000000
211 6 13 86.000000
212 6 13 48.000000
416 1
59 4 6 110.000000
417 2
18 2 16 84.000000
19 2 16 121.000000
418 2
40 11 11 148.000000
41 11 11 17.000000
419 1
11 15 13 35.000000
420 4
58 3 8 0.500000
59 3 7 141.000000
60 3 7 70.500000
61 3 9 22.000000
