1 0
2 0
3 0
4 2
154 172 23 36.500000
155 172 23 6.500000
5 0
6 0
7 0
8 5
24 142 161 17.500000
25 142 161 35.000000
26 142 161 35.000000
27 142 161 35.000000
28 142 161 26.500000
9 2
165 40 104 46.000000
166 40 104 22.000000
10 2
198 5 80 52.000000
199 5 80 26.000000
11 3
100 95 81 71.000000
101 95 81 71.000000
102 95 81 38.000000
12 0
13 1
188 35 179 11.000000
14 7
126 66 31 5.500000
127 66 31 11.000000
128 66 31 11.000000
129 66 31 11.000000
130 66 31 11.000000
131 66 31 5.500000
132 64 31 31.000000
15 0
16 5
128 198 147 19.000000
129 198 147 19.000000
130 198 147 9.500000
131 198 149 55.000000
132 198 149 37.500000
17 0
18 5
87 175 143 41.000000
88 175 143 41.000000
89 175 143 41.000000
90 175 143 20.500000
91 175 142 3.500000
19 0
20 3
101 25 81 79.000000
102 25 81 79.000000
103 25 81 9.000000
21 3
177 169 116 24.000000
178 169 116 12.000000
179 171 115 4.000000
22 0
23 9
177 31 182 24.000000
178 31 181 8.500000
179 31 181 17.000000
180 31 181 17.000000
181 31 181 17.000000
182 31 181 17.000000
183 31 181 8.500000
184 31 182 48.000000
185 31 182 38.000000
24 2
139 43 146 24.000000
140 43 145 10.000000
25 0
26 2
72 44 29 100.000000
73 44 29 83.000000
27 5
127 91 30 41.000000
128 91 30 41.000000
129 91 30 20.500000
130 91 31 34.000000
131 91 31 3.500000
28 0
29 1
160 85 146 21.000000
30 0
31 0
32 1
110 32 118 53.000000
33 4
128 68 163 33.500000
129 67 163 63.000000
130 67 163 63.000000
131 67 163 34.500000
34 4
97 160 124 58.000000
98 160 124 58.000000
99 160 124 29.000000
100 161 124 21.000000
35 0
36 0
37 0
38 2
67 118 130 85.000000
68 118 130 2.000000
39 0
40 0