1 0
2 0
3 0
4 2
154 172 23 36.5
155 172 23 6.5
5 0
6 0
7 0
8 5
24 142 161 17.5
25 142 161 35
26 142 161 35
27 142 161 35
28 142 161 26.5
9 2
165 40 104 46
166 40 104 22
10 2
198 5 80 52
199 5 80 26
11 3
100 95 81 71
101 95 81 71
102 95 81 38
12 0
13 1
188 35 179 11
14 7
126 66 31 5.5
127 66 31 11
128 66 31 11
129 66 31 11
130 66 31 11
131 66 31 5.5
132 64 31 31
15 0
16 5
128 198 147 19
129 198 147 19
130 198 147 9.5
131 198 149 55
132 198 149 37.5
17 0
18 5
87 175 143 41
88 175 143 41
89 175 143 41
90 175 143 20.5
91 175 142 3.5
19 0
20 3
101 25 81 79
102 25 81 79
103 25 81 9
21 3
177 169 116 24
178 169 116 12
179 171 115 4
22 0
23 9
177 31 182 24
178 31 181 8.5
179 31 181 17
180 31 181 17
181 31 181 17
182 31 181 17
183 31 181 8.5
184 31 182 48
185 31 182 38
24 2
139 43 146 24
140 43 145 10
25 0
26 2
72 44 29 100
73 44 29 83
27 5
127 91 30 41
128 91 30 41
129 91 30 20.5
130 91 31 34
131 91 31 3.5
28 0
29 1
160 85 146 21
30 0
31 0
32 1
110 32 118 53
33 4
128 68 163 33.5
129 67 163 63
130 67 163 63
131 67 163 34.5
34 4
97 160 124 58
98 160 124 58
99 160 124 29
100 161 124 21
35 0
36 0
37 0
38 2
67 118 130 85
68 118 130 2
39 0
40 0
