1 0
2 0
3 0
4 1
154 171 23 43
5 0
6 0
7 0
8 3
24 143 160 30
25 142 162 72
26 142 162 47
9 2
164 38 103 41
165 38 103 27
10 2
198 5 80 52
199 3 79 73
11 3
100 95 81 71
101 95 81 71
102 95 81 38
12 0
13 1
188 35 179 11
14 3
126 66 31 5.5
127 65 31 49
128 65 31 31.5
15 0
16 4
128 198 147 19
129 198 147 19
130 198 149 55
131 198 149 47
17 0
18 3
87 175 143 41
88 176 143 61
89 176 143 45
19 0
20 4
99 27 81 14
100 27 81 14
101 25 81 79
102 25 81 60
21 3
177 169 116 24
178 169 116 12
179 171 115 4
22 0
23 5
177 31 182 24
178 30 182 24
179 28 181 43
180 31 185 83
181 28 181 21
24 2
139 43 146 24
140 43 145 10
25 0
26 2
72 44 29 100
73 44 29 83
27 3
127 91 30 41
128 91 30 41
129 91 29 58
28 0
29 1
160 85 146 21
30 0
31 0
32 1
110 32 118 53
33 4
128 68 163 33.5
129 67 163 63
130 67 163 63
131 67 163 34.5
34 4
97 160 124 58
98 160 124 58
99 160 124 29
100 159 125 21
35 0
36 0
37 0
38 2
67 118 130 85
68 118 130 2
39 0
40 0
