1 2
123 12 38 98
124 12 38 67
2 1
1 83 29 55
3 2
94 47 48 98
95 47 48 24
4 1
129 171 22 43
5 1
0 27 68 16
6 2
118 170 125 97
119 170 125 27
7 1
75 25 71 23
8 2
9 143 161 87
10 143 161 62
9 1
32 37 106 68
10 2
109 3 79 99
110 3 79 26
11 2
27 77 75 98
28 77 75 82
12 1
122 79 50 57
13 1
150 38 179 11
14 1
34 62 36 86
15 1
81 178 154 38
16 2
10 198 152 87
11 198 152 53
17 2
98 6 68 76
99 5 74 89
18 2
33 177 136 99
34 177 136 48
19 1
131 11 50 53
20 2
2 21 82 99
3 21 82 68
21 1
67 170 117 40
22 1
94 63 30 66
23 3
78 29 185 94
79 29 189 82
80 29 189 19
24 1
139 43 145 34
25 2
122 151 25 100
123 151 25 59
26 2
3 45 27 99
4 45 27 84
27 2
68 109 30 100
69 109 30 40
28 2
118 62 32 100
119 62 32 72
29 1
2 97 154 21
30 2
131 51 26 86
132 51 26 5
31 2
1 181 134 96
2 181 134 60
32 1
62 31 118 53
33 2
89 59 173 97
90 59 173 97
34 2
23 155 126 100
24 155 126 66
35 3
48 7 64 88
49 7 64 88
50 7 64 15
36 2
65 147 130 89
66 147 130 63
37 2
110 104 152 99
111 104 152 93
38 1
26 122 133 87
39 1
105 50 59 81
40 2
118 53 99 98
119 53 99 16
