1 2
0 4 2 90.000000
1 4 2 21.000000
2 8
2 3 2 13.500000
3 3 2 27.000000
4 3 2 27.000000
5 3 2 27.000000
6 3 2 27.000000
7 3 2 27.000000
8 3 2 13.500000
12 3 2 13.000000
3 5
21 1 3 33.000000
22 1 3 33.000000
23 1 3 33.000000
24 1 3 33.000000
25 1 3 19.000000
4 2
1 2 0 39.000000
2 2 0 19.000000
5 4
25 2 3 42.000000
26 2 3 42.000000
27 2 3 42.000000
28 2 3 20.000000
6 1
30 3 4 55.000000
7 1
0 3 3 44.000000
8 2
27 2 4 97.000000
28 2 4 75.000000
9 12
22 3 0 9.500000
26 3 0 9.500000
27 3 0 19.000000
28 3 0 19.000000
29 3 0 19.000000
30 3 0 19.000000
31 3 0 19.000000
32 3 0 9.500000
36 3 0 9.500000
37 3 0 19.000000
38 3 0 19.000000
39 3 0 19.000000
10 3
5 4 2 45.000000
6 4 2 90.000000
7 4 2 14.000000
11 4
35 3 2 27.000000
36 3 2 27.000000
37 3 2 27.000000
38 3 2 13.500000
12 2
4 1 2 121.000000
5 1 2 72.000000
13 3
33 0 2 51.000000
34 0 2 51.000000
35 0 2 7.000000
14 1
23 2 3 42.000000
15 2
27 3 1 76.500000
28 3 1 43.500000
