1 1
0 4 1 111.000000
2 5
2 3 2 13.500000
3 3 2 27.000000
4 3 2 27.000000
5 3 2 27.000000
6 4 2 80.500000
3 3
21 3 3 84.000000
22 3 3 42.000000
23 2 3 25.000000
4 2
1 2 0 39.000000
2 2 0 19.000000
5 2
25 4 3 78.000000
26 4 3 68.000000
6 1
30 4 1 55.000000
7 1
0 2 2 44.000000
8 2
27 2 4 97.000000
28 2 4 75.000000
9 11
22 3 0 9.500000
27 3 0 19.000000
28 3 0 19.000000
29 3 0 19.000000
30 3 0 19.000000
31 3 0 19.000000
32 3 0 9.500000
36 3 0 9.500000
37 3 0 19.000000
38 3 0 19.000000
39 3 0 19.000000
10 2
4 1 2 121.000000
5 4 2 28.000000
11 1
35 1 2 95.000000
12 3
4 2 4 48.500000
5 1 2 121.000000
6 1 2 23.500000
13 1
33 1 2 109.000000
14 1
23 3 4 42.000000
15 3
26 3 0 9.500000
27 3 1 76.500000
28 3 1 34.000000
