1 1
43 1 2 59.000000
2 1
8 2 1 107.000000
3 1
24 2 1 63.000000
4 1
13 2 2 128.000000
5 1
14 2 0 18.000000
6 2
48 4 4 79.000000
49 4 4 11.000000
7 1
8 1 2 73.000000
8 2
23 4 3 53.500000
24 4 3 12.500000
9 7
11 0 1 15.000000
12 0 1 30.000000
13 0 1 30.000000
14 0 1 30.000000
15 0 1 30.000000
16 0 1 15.000000
17 1 2 20.000000
10 2
31 2 4 87.500000
32 2 4 57.500000
11 3
51 3 3 40.000000
52 3 3 20.000000
53 1 3 114.000000
12 3
1 1 3 57.000000
2 1 3 114.000000
3 1 3 23.000000
13 2
39 2 3 45.000000
40 2 3 15.000000
14 2
41 3 2 34.500000
42 2 2 57.500000
15 3
6 2 3 22.500000
7 2 3 45.000000
8 2 3 3.500000
16 1
50 1 4 42.000000
17 1
28 4 4 64.000000
18 2
39 1 1 57.000000
40 1 1 68.000000
19 1
37 2 0 151.000000
20 1
19 0 2 27.000000