1 1
43 1 2 59.000000
2 1
8 2 1 107.000000
3 1
24 2 1 63.000000
4 1
13 2 2 128.000000
5 1
15 2 1 18.000000
6 2
48 4 4 79.000000
49 4 4 11.000000
7 1
8 1 2 73.000000
8 1
28 4 4 66.000000
9 2
11 0 2 161.000000
12 0 2 9.000000
10 2
31 2 4 87.500000
32 2 4 57.500000
11 2
53 1 3 114.000000
54 1 3 60.000000
12 2
5 1 4 107.000000
6 1 4 87.000000
13 1
39 1 4 60.000000
14 2
42 2 2 71.000000
43 2 2 21.000000
15 2
6 1 3 57.000000
11 1 3 14.000000
16 1
50 1 4 42.000000
17 2
28 4 4 13.000000
29 4 4 51.000000
18 1
41 1 0 125.000000
19 1
37 2 0 151.000000
20 1
19 0 2 27.000000