1 10
271 278 148 5.000000
272 278 148 10.000000
273 278 148 10.000000
274 278 148 10.000000
275 278 148 10.000000
276 278 148 5.000000
277 278 147 56.000000
278 278 147 56.000000
279 278 147 28.000000
280 278 149 19.000000
2 4
364 98 145 49.000000
365 98 145 49.000000
366 98 145 49.000000
367 98 145 15.000000
3 0
4 0
5 1
313 131 277 39.000000
6 0
7 0
8 0
9 3
375 215 9 10.000000
376 215 9 20.000000
377 215 9 17.000000
10 4
212 211 277 11.000000
214 211 279 42.500000
215 211 279 85.000000
216 211 279 72.500000
11 2
282 147 177 42.000000
283 147 177 74.000000
12 1
269 187 61 15.000000
13 2
355 139 272 78.000000
356 139 272 61.000000
14 6
394 206 171 20.000000
395 206 171 40.000000
396 206 171 40.000000
397 206 171 40.000000
398 206 171 40.000000
399 206 171 3.000000
15 3
181 278 125 32.000000
182 278 125 64.000000
183 278 125 23.000000
16 7
285 103 21 38.000000
286 103 21 38.000000
287 103 21 38.000000
288 103 21 19.000000
289 103 20 40.000000
290 103 20 40.000000
291 103 20 14.000000
17 6
392 239 204 27.000000
393 239 204 27.000000
394 239 204 27.000000
395 239 204 13.500000
396 240 204 98.000000
397 240 204 86.500000
18 0
19 1
264 95 209 12.000000
20 5
328 285 106 49.000000
329 286 106 44.000000
330 286 106 44.000000
331 286 106 44.000000
332 286 106 12.000000
21 0
22 0
23 6
331 237 23 49.000000
332 237 23 49.000000
333 237 23 24.500000
334 235 23 34.000000
335 235 23 68.000000
336 235 23 19.500000
24 8
224 156 288 16.000000
225 156 288 8.000000
226 157 288 50.000000
227 157 288 50.000000
228 157 288 50.000000
229 157 288 25.000000
230 155 288 65.000000
231 155 288 22.000000
25 4
345 215 160 24.500000
346 215 160 49.000000
347 215 160 49.000000
348 215 160 33.500000
26 0
27 0
28 0
29 1
244 74 120 28.000000
30 4
357 286 135 34.000000
358 286 135 68.000000
359 286 135 68.000000
360 286 135 10.000000
31 5
159 96 76 73.000000
160 96 76 36.500000
161 96 75 18.000000
162 96 75 9.000000
163 96 72 44.500000
32 3
349 204 19 40.500000
350 204 19 81.000000
351 204 19 51.500000
33 2
284 193 170 80.000000
285 193 170 6.000000
34 8
167 25 83 17.000000
168 25 83 34.000000
169 25 83 34.000000
170 25 83 34.000000
171 25 83 34.000000
172 25 83 17.000000
173 25 82 72.000000
174 25 82 24.000000
35 0
36 0
37 0
38 2
325 86 164 74.000000
326 86 164 32.000000
39 0
40 0
41 2
282 64 232 30.000000
283 64 232 1.000000
42 0
43 5
97 19 125 68.000000
98 19 125 34.000000
99 19 124 82.000000
100 19 124 82.000000
101 19 124 24.000000
44 0
45 0
46 0
47 1
399 186 149 10.500000
48 0
49 0
50 5
224 96 217 40.500000
225 95 217 41.500000
226 95 217 83.000000
227 95 217 83.000000
228 95 217 2.000000
51 0
52 0
53 5
240 129 43 40.000000
241 129 43 40.000000
242 129 43 40.000000
243 129 43 20.000000
244 130 43 41.000000
54 2
253 244 240 60.000000
254 244 240 36.000000
55 8
301 177 68 14.000000
302 177 68 14.000000
303 177 68 14.000000
304 177 68 14.000000
305 177 68 7.000000
306 177 66 70.000000
307 177 66 70.000000
308 177 66 29.000000
56 3
172 148 146 94.000000
173 148 146 94.000000
174 148 146 68.000000
57 0
58 3
252 60 267 26.000000
253 60 267 13.000000
254 60 269 8.000000
59 0
60 0
61 1
338 73 123 62.000000
62 0
63 0
64 0
65 8
298 71 155 20.000000
299 71 155 40.000000
300 71 155 40.000000
301 71 155 40.000000
302 71 155 40.000000
303 71 155 20.000000
304 71 154 31.000000
305 71 154 11.000000
66 0
67 0
68 6
291 155 75 85.000000
292 155 75 85.000000
293 155 75 42.500000
294 155 77 13.500000
295 155 77 27.000000
296 155 77 17.000000
69 1
258 60 33 25.000000
70 0
71 4
341 59 178 59.000000
342 59 178 29.500000
343 58 179 82.000000
344 58 179 9.500000
72 2
375 31 55 50.000000
376 31 55 14.000000
73 0
74 7
367 53 42 45.000000
368 53 42 45.000000
369 53 42 45.000000
370 53 42 22.500000
371 53 41 56.000000
372 53 41 56.000000
373 53 41 7.500000
75 0
76 0
77 0
78 5
140 237 37 70.000000
141 237 37 35.000000
142 236 37 11.000000
143 236 37 22.000000
144 236 37 18.000000
79 10
183 113 76 13.000000
184 113 76 13.000000
185 113 76 6.500000
186 113 78 62.000000
187 113 78 62.000000
188 113 78 62.000000
189 113 78 31.000000
190 113 76 6.500000
191 113 76 13.000000
192 113 76 10.000000
80 0
81 8
254 10 152 40.500000
255 11 151 11.000000
256 11 151 22.000000
257 11 151 22.000000
258 11 151 22.000000
259 11 151 22.000000
260 11 151 11.000000
261 10 152 23.500000
82 0
83 0
84 0
85 0
86 2
338 24 128 66.000000
339 24 128 40.000000
87 5
311 88 64 30.000000
312 88 64 60.000000
313 88 64 60.000000
314 88 64 60.000000
315 88 64 2.000000
88 0
89 4
370 237 106 24.000000
371 237 106 24.000000
372 237 106 12.000000
373 237 108 3.000000
90 12
322 226 14 17.000000
323 226 14 17.000000
324 226 14 8.500000
325 225 14 35.000000
326 225 14 35.000000
327 225 14 35.000000
328 225 14 35.000000
329 225 14 17.500000
330 226 14 17.000000
331 226 14 17.000000
332 226 14 17.000000
333 226 14 9.000000
91 3
382 116 232 18.000000
383 115 231 49.000000
384 115 231 86.000000
92 0
93 0
94 0
95 7
348 290 107 24.500000
349 290 107 49.000000
350 290 107 49.000000
351 290 107 49.000000
352 290 107 49.000000
353 290 107 24.500000
354 290 108 21.000000
96 0
97 5
126 99 115 65.000000
127 99 115 32.500000
128 99 116 27.500000
129 99 116 55.000000
130 99 116 30.000000
98 3
300 242 158 67.000000
301 242 158 67.000000
302 242 158 31.000000
99 0
100 4
261 283 126 93.000000
262 283 126 46.500000
263 283 125 49.000000
264 283 125 58.500000
101 8
126 264 155 5.000000
127 264 155 10.000000
128 264 155 10.000000
129 264 155 10.000000
130 264 155 10.000000
131 264 155 5.000000
132 266 155 39.500000
133 266 155 19.500000
102 4
217 90 35 11.000000
218 90 35 5.500000
219 89 34 75.000000
220 89 34 33.500000
103 0
104 0
105 0
106 3
327 56 82 48.000000
328 56 82 48.000000
329 56 82 26.000000
107 8
113 60 155 20.000000
114 60 155 20.000000
115 60 155 10.000000
116 59 155 23.000000
117 59 155 23.000000
118 59 155 23.000000
119 59 155 23.000000
120 59 155 9.000000
108 0
109 1
384 219 157 18.000000
110 8
236 244 149 28.000000
237 244 150 25.000000
238 244 150 25.000000
239 244 150 25.000000
240 244 150 25.000000
241 244 150 12.500000
242 244 149 56.000000
243 244 149 13.500000
111 5
263 0 110 45.000000
264 0 110 45.000000
265 0 110 45.000000
266 0 110 22.500000
267 0 111 24.500000
112 1
340 221 286 41.000000
113 8
392 264 119 15.000000
393 264 119 30.000000
394 264 119 30.000000
395 264 119 30.000000
396 264 119 30.000000
397 264 119 15.000000
398 264 118 36.500000
399 264 118 42.500000
114 3
391 201 89 48.500000
392 201 89 97.000000
393 201 89 0.500000
115 2
321 134 144 96.000000
322 134 144 2.000000
116 6
364 83 287 33.000000
365 83 287 33.000000
366 83 287 16.500000
367 84 288 84.000000
368 84 288 42.000000
369 84 289 30.500000
117 0
118 0
119 4
324 147 217 64.000000
325 147 217 64.000000
326 147 217 64.000000
327 147 217 3.000000
120 4
284 235 114 41.500000
285 236 114 20.500000
286 236 114 41.000000
287 236 114 30.000000
121 0
122 0
123 7
234 69 162 34.000000
235 69 162 34.000000
236 69 162 34.000000
237 69 162 17.000000
238 69 163 44.000000
239 69 163 44.000000
240 69 163 39.000000
124 0
125 4
180 155 121 63.000000
181 155 121 31.500000
182 155 120 24.500000
183 155 120 38.000000
126 1
399 221 263 47.500000
127 5
294 153 153 24.000000
295 153 153 48.000000
296 153 153 48.000000
297 153 153 48.000000
298 153 153 17.000000
128 0
129 5
308 214 290 41.500000
309 214 290 83.000000
310 214 290 83.000000
311 214 290 83.000000
312 214 290 4.500000
130 3
236 143 53 84.000000
237 143 53 42.000000
238 143 52 27.000000
131 2
140 267 243 84.000000
141 267 243 13.000000
132 7
145 100 269 10.000000
146 100 269 10.000000
147 100 269 5.000000
148 99 269 18.000000
149 99 269 18.000000
150 99 269 18.000000
151 99 269 2.000000
133 0
134 0
135 5
334 296 72 10.000000
335 296 72 5.000000
336 294 72 11.000000
337 294 72 11.000000
338 294 72 8.000000
136 0
137 8
355 186 20 8.000000
356 186 20 16.000000
357 186 20 16.000000
358 186 20 16.000000
359 186 20 16.000000
360 186 20 8.000000
361 184 20 78.000000
362 184 20 63.000000
138 2
360 77 268 88.000000
361 77 268 22.000000
139 3
194 117 57 38.000000
195 117 57 76.000000
196 117 57 27.000000
140 0
141 0
142 5
370 198 182 26.000000
371 198 182 26.000000
372 198 182 13.000000
373 199 182 40.500000
374 199 182 40.500000
143 0
144 0
145 7
209 283 297 7.500000
210 283 297 15.000000
211 283 297 15.000000
212 283 297 15.000000
213 283 297 15.000000
214 283 297 7.500000
215 284 297 16.000000
146 0
147 0
148 0
149 4
90 240 213 47.000000
91 240 213 94.000000
92 240 213 94.000000
93 240 213 49.000000
150 7
190 140 289 5.500000
191 140 290 8.500000
192 139 289 36.500000
193 139 289 73.000000
194 139 289 73.000000
195 139 289 73.000000
196 139 289 11.500000
151 8
142 193 100 11.500000
143 193 100 23.000000
144 193 100 23.000000
145 193 100 23.000000
146 193 100 23.000000
147 193 100 11.500000
148 194 100 95.000000
149 194 100 46.000000
152 0
153 0
154 13
329 110 278 22.500000
332 110 276 7.500000
333 110 276 15.000000
334 110 276 15.000000
335 110 276 15.000000
336 110 276 15.000000
337 110 276 7.500000
338 111 276 32.000000
339 111 276 32.000000
340 111 276 32.000000
341 111 276 32.000000
342 110 276 7.500000
343 110 276 5.000000
155 0
156 0
157 0
158 0
159 7
81 122 240 22.000000
82 122 240 22.000000
83 122 240 22.000000
84 122 240 11.000000
85 122 239 46.500000
86 122 239 93.000000
87 122 239 37.500000
160 4
309 247 222 25.500000
310 247 222 51.000000
311 247 222 51.000000
312 247 222 9.500000
161 5
364 55 286 18.500000
365 55 287 42.000000
366 55 287 42.000000
367 55 287 42.000000
368 55 287 31.500000
162 0
163 0
164 3
218 239 77 98.000000
219 239 77 98.000000
220 239 77 53.000000
165 0
166 0
167 5
355 102 46 91.000000
356 102 46 91.000000
357 102 46 45.500000
358 102 45 31.000000
359 102 45 15.500000
168 3
330 126 129 14.000000
331 126 129 28.000000
332 126 129 22.000000
169 0
170 3
334 126 152 86.000000
335 126 152 86.000000
336 126 152 74.000000
171 0
172 0
173 0
174 6
93 64 232 30.000000
94 64 232 30.000000
95 64 232 30.000000
96 64 232 15.000000
97 66 232 31.500000
98 66 232 52.500000
175 0
176 2
325 43 164 45.000000
326 43 164 37.000000
177 1
317 32 195 26.000000
178 0
179 10
240 155 53 10.000000
241 155 53 20.000000
242 155 53 20.000000
243 155 53 20.000000
244 155 53 20.000000
245 155 53 10.000000
246 156 52 18.000000
247 156 52 18.000000
248 156 52 9.000000
249 155 55 3.000000
180 7
240 146 69 10.500000
241 146 69 21.000000
242 146 69 21.000000
243 146 69 21.000000
244 146 69 21.000000
245 146 69 10.500000
246 147 69 4.000000
181 0
182 0
183 0
184 4
391 259 138 46.500000
392 259 137 70.000000
393 259 137 70.000000
394 259 137 60.500000
185 0
186 0
187 7
297 251 95 12.500000
298 251 95 25.000000
299 251 95 25.000000
300 251 95 25.000000
301 251 95 25.000000
302 251 95 12.500000
303 252 94 29.000000
188 0
189 2
335 125 67 49.000000
336 125 67 57.000000
190 2
378 43 184 93.000000
379 43 184 58.000000
191 0
192 0
193 0
194 3
259 223 58 21.000000
260 223 58 21.000000
261 223 58 8.000000
195 2
246 251 242 76.000000
247 251 242 52.000000
196 0
197 0
198 3
397 26 242 11.500000
398 26 242 23.000000
399 26 242 23.000000
199 5
142 199 275 34.500000
143 199 275 69.000000
144 199 275 69.000000
145 199 275 69.000000
146 199 275 56.500000
200 0