1 10
271 278 148 5
272 278 148 10
273 278 148 10
274 278 148 10
275 278 148 10
276 278 148 5
277 278 147 56
278 278 147 56
279 278 147 28
280 278 149 19
2 4
364 98 145 49
365 98 145 49
366 98 145 49
367 98 145 15
3 0
4 0
5 1
313 131 277 39
6 0
7 0
8 0
9 3
375 215 9 10
376 215 9 20
377 215 9 17
10 4
212 211 277 11
214 211 279 42.5
215 211 279 85
216 211 279 72.5
11 2
282 147 177 42
283 147 177 74
12 1
269 187 61 15
13 2
355 139 272 78
356 139 272 61
14 6
394 206 171 20
395 206 171 40
396 206 171 40
397 206 171 40
398 206 171 40
399 206 171 3
15 3
181 278 125 32
182 278 125 64
183 278 125 23
16 7
285 103 21 38
286 103 21 38
287 103 21 38
288 103 21 19
289 103 20 40
290 103 20 40
291 103 20 14
17 6
392 239 204 27
393 239 204 27
394 239 204 27
395 239 204 13.5
396 240 204 98
397 240 204 86.5
18 0
19 1
264 95 209 12
20 5
328 285 106 49
329 286 106 44
330 286 106 44
331 286 106 44
332 286 106 12
21 0
22 0
23 6
331 237 23 49
332 237 23 49
333 237 23 24.5
334 235 23 34
335 235 23 68
336 235 23 19.5
24 8
224 156 288 16
225 156 288 8
226 157 288 50
227 157 288 50
228 157 288 50
229 157 288 25
230 155 288 65
231 155 288 22
25 4
345 215 160 24.5
346 215 160 49
347 215 160 49
348 215 160 33.5
26 0
27 0
28 0
29 1
244 74 120 28
30 4
357 286 135 34
358 286 135 68
359 286 135 68
360 286 135 10
31 5
159 96 76 73
160 96 76 36.5
161 96 75 18
162 96 75 9
163 96 72 44.5
32 3
349 204 19 40.5
350 204 19 81
351 204 19 51.5
33 2
284 193 170 80
285 193 170 6
34 8
167 25 83 17
168 25 83 34
169 25 83 34
170 25 83 34
171 25 83 34
172 25 83 17
173 25 82 72
174 25 82 24
35 0
36 0
37 0
38 2
325 86 164 74
326 86 164 32
39 0
40 0
41 2
282 64 232 30
283 64 232 1
42 0
43 5
97 19 125 68
98 19 125 34
99 19 124 82
100 19 124 82
101 19 124 24
44 0
45 0
46 0
47 1
399 186 149 10.5
48 0
49 0
50 5
224 96 217 40.5
225 95 217 41.5
226 95 217 83
227 95 217 83
228 95 217 2
51 0
52 0
53 5
240 129 43 40
241 129 43 40
242 129 43 40
243 129 43 20
244 130 43 41
54 2
253 244 240 60
254 244 240 36
55 8
301 177 68 14
302 177 68 14
303 177 68 14
304 177 68 14
305 177 68 7
306 177 66 70
307 177 66 70
308 177 66 29
56 3
172 148 146 94
173 148 146 94
174 148 146 68
57 0
58 3
252 60 267 26
253 60 267 13
254 60 269 8
59 0
60 0
61 1
338 73 123 62
62 0
63 0
64 0
65 8
298 71 155 20
299 71 155 40
300 71 155 40
301 71 155 40
302 71 155 40
303 71 155 20
304 71 154 31
305 71 154 11
66 0
67 0
68 6
291 155 75 85
292 155 75 85
293 155 75 42.5
294 155 77 13.5
295 155 77 27
296 155 77 17
69 1
258 60 33 25
70 0
71 4
341 59 178 59
342 59 178 29.5
343 58 179 82
344 58 179 9.5
72 2
375 31 55 50
376 31 55 14
73 0
74 7
367 53 42 45
368 53 42 45
369 53 42 45
370 53 42 22.5
371 53 41 56
372 53 41 56
373 53 41 7.5
75 0
76 0
77 0
78 5
140 237 37 70
141 237 37 35
142 236 37 11
143 236 37 22
144 236 37 18
79 10
183 113 76 13
184 113 76 13
185 113 76 6.5
186 113 78 62
187 113 78 62
188 113 78 62
189 113 78 31
190 113 76 6.5
191 113 76 13
192 113 76 10
80 0
81 8
254 10 152 40.5
255 11 151 11
256 11 151 22
257 11 151 22
258 11 151 22
259 11 151 22
260 11 151 11
261 10 152 23.5
82 0
83 0
84 0
85 0
86 2
338 24 128 66
339 24 128 40
87 5
311 88 64 30
312 88 64 60
313 88 64 60
314 88 64 60
315 88 64 2
88 0
89 4
370 237 106 24
371 237 106 24
372 237 106 12
373 237 108 3
90 12
322 226 14 17
323 226 14 17
324 226 14 8.5
325 225 14 35
326 225 14 35
327 225 14 35
328 225 14 35
329 225 14 17.5
330 226 14 17
331 226 14 17
332 226 14 17
333 226 14 9
91 3
382 116 232 18
383 115 231 49
384 115 231 86
92 0
93 0
94 0
95 7
348 290 107 24.5
349 290 107 49
350 290 107 49
351 290 107 49
352 290 107 49
353 290 107 24.5
354 290 108 21
96 0
97 5
126 99 115 65
127 99 115 32.5
128 99 116 27.5
129 99 116 55
130 99 116 30
98 3
300 242 158 67
301 242 158 67
302 242 158 31
99 0
100 4
261 283 126 93
262 283 126 46.5
263 283 125 49
264 283 125 58.5
101 8
126 264 155 5
127 264 155 10
128 264 155 10
129 264 155 10
130 264 155 10
131 264 155 5
132 266 155 39.5
133 266 155 19.5
102 4
217 90 35 11
218 90 35 5.5
219 89 34 75
220 89 34 33.5
103 0
104 0
105 0
106 3
327 56 82 48
328 56 82 48
329 56 82 26
107 8
113 60 155 20
114 60 155 20
115 60 155 10
116 59 155 23
117 59 155 23
118 59 155 23
119 59 155 23
120 59 155 9
108 0
109 1
384 219 157 18
110 8
236 244 149 28
237 244 150 25
238 244 150 25
239 244 150 25
240 244 150 25
241 244 150 12.5
242 244 149 56
243 244 149 13.5
111 5
263 0 110 45
264 0 110 45
265 0 110 45
266 0 110 22.5
267 0 111 24.5
112 1
340 221 286 41
113 8
392 264 119 15
393 264 119 30
394 264 119 30
395 264 119 30
396 264 119 30
397 264 119 15
398 264 118 36.5
399 264 118 42.5
114 3
391 201 89 48.5
392 201 89 97
393 201 89 0.5
115 2
321 134 144 96
322 134 144 2
116 6
364 83 287 33
365 83 287 33
366 83 287 16.5
367 84 288 84
368 84 288 42
369 84 289 30.5
117 0
118 0
119 4
324 147 217 64
325 147 217 64
326 147 217 64
327 147 217 3
120 4
284 235 114 41.5
285 236 114 20.5
286 236 114 41
287 236 114 30
121 0
122 0
123 7
234 69 162 34
235 69 162 34
236 69 162 34
237 69 162 17
238 69 163 44
239 69 163 44
240 69 163 39
124 0
125 4
180 155 121 63
181 155 121 31.5
182 155 120 24.5
183 155 120 38
126 1
399 221 263 47.5
127 5
294 153 153 24
295 153 153 48
296 153 153 48
297 153 153 48
298 153 153 17
128 0
129 5
308 214 290 41.5
309 214 290 83
310 214 290 83
311 214 290 83
312 214 290 4.5
130 3
236 143 53 84
237 143 53 42
238 143 52 27
131 2
140 267 243 84
141 267 243 13
132 7
145 100 269 10
146 100 269 10
147 100 269 5
148 99 269 18
149 99 269 18
150 99 269 18
151 99 269 2
133 0
134 0
135 5
334 296 72 10
335 296 72 5
336 294 72 11
337 294 72 11
338 294 72 8
136 0
137 8
355 186 20 8
356 186 20 16
357 186 20 16
358 186 20 16
359 186 20 16
360 186 20 8
361 184 20 78
362 184 20 63
138 2
360 77 268 88
361 77 268 22
139 3
194 117 57 38
195 117 57 76
196 117 57 27
140 0
141 0
142 5
370 198 182 26
371 198 182 26
372 198 182 13
373 199 182 40.5
374 199 182 40.5
143 0
144 0
145 7
209 283 297 7.5
210 283 297 15
211 283 297 15
212 283 297 15
213 283 297 15
214 283 297 7.5
215 284 297 16
146 0
147 0
148 0
149 4
90 240 213 47
91 240 213 94
92 240 213 94
93 240 213 49
150 7
190 140 289 5.5
191 140 290 8.5
192 139 289 36.5
193 139 289 73
194 139 289 73
195 139 289 73
196 139 289 11.5
151 8
142 193 100 11.5
143 193 100 23
144 193 100 23
145 193 100 23
146 193 100 23
147 193 100 11.5
148 194 100 95
149 194 100 46
152 0
153 0
154 13
329 110 278 22.5
332 110 276 7.5
333 110 276 15
334 110 276 15
335 110 276 15
336 110 276 15
337 110 276 7.5
338 111 276 32
339 111 276 32
340 111 276 32
341 111 276 32
342 110 276 7.5
343 110 276 5
155 0
156 0
157 0
158 0
159 7
81 122 240 22
82 122 240 22
83 122 240 22
84 122 240 11
85 122 239 46.5
86 122 239 93
87 122 239 37.5
160 4
309 247 222 25.5
310 247 222 51
311 247 222 51
312 247 222 9.5
161 5
364 55 286 18.5
365 55 287 42
366 55 287 42
367 55 287 42
368 55 287 31.5
162 0
163 0
164 3
218 239 77 98
219 239 77 98
220 239 77 53
165 0
166 0
167 5
355 102 46 91
356 102 46 91
357 102 46 45.5
358 102 45 31
359 102 45 15.5
168 3
330 126 129 14
331 126 129 28
332 126 129 22
169 0
170 3
334 126 152 86
335 126 152 86
336 126 152 74
171 0
172 0
173 0
174 6
93 64 232 30
94 64 232 30
95 64 232 30
96 64 232 15
97 66 232 31.5
98 66 232 52.5
175 0
176 2
325 43 164 45
326 43 164 37
177 1
317 32 195 26
178 0
179 10
240 155 53 10
241 155 53 20
242 155 53 20
243 155 53 20
244 155 53 20
245 155 53 10
246 156 52 18
247 156 52 18
248 156 52 9
249 155 55 3
180 7
240 146 69 10.5
241 146 69 21
242 146 69 21
243 146 69 21
244 146 69 21
245 146 69 10.5
246 147 69 4
181 0
182 0
183 0
184 4
391 259 138 46.5
392 259 137 70
393 259 137 70
394 259 137 60.5
185 0
186 0
187 7
297 251 95 12.5
298 251 95 25
299 251 95 25
300 251 95 25
301 251 95 25
302 251 95 12.5
303 252 94 29
188 0
189 2
335 125 67 49
336 125 67 57
190 2
378 43 184 93
379 43 184 58
191 0
192 0
193 0
194 3
259 223 58 21
260 223 58 21
261 223 58 8
195 2
246 251 242 76
247 251 242 52
196 0
197 0
198 3
397 26 242 11.5
398 26 242 23
399 26 242 23
199 5
142 199 275 34.5
143 199 275 69
144 199 275 69
145 199 275 69
146 199 275 56.5
200 0
