1 2
56 11 5 58.500000
57 11 7 47.500000
2 1
15 13 13 34.000000
3 1
42 4 8 26.000000
4 1
45 11 9 56.000000
5 2
195 25 6 51.000000
196 25 6 71.000000
6 1
68 24 15 22.000000
7 1
196 8 9 63.000000
8 2
3 9 5 31.000000
4 9 5 2.000000
9 1
174 24 7 32.000000
10 3
185 12 8 62.000000
186 12 8 62.000000
187 12 8 57.000000
11 1
158 14 15 25.000000
12 1
28 8 13 25.000000
13 1
21 22 10 38.000000
14 1
162 16 12 20.000000
15 2
204 16 12 45.000000
205 16 12 5.000000
16 1
30 10 6 33.000000
17 3
68 22 11 26.000000
69 22 11 52.000000
70 22 11 28.000000
18 1
40 5 11 24.000000
19 1
37 13 13 31.000000
20 1
53 14 8 32.000000
21 6
44 17 13 49.000000
45 19 14 35.000000
46 19 14 70.000000
47 19 14 70.000000
48 19 14 70.000000
49 19 14 56.000000
22 4
56 3 8 1.000000
57 3 8 1.000000
58 3 8 0.500000
59 3 10 21.500000
23 2
190 20 11 62.000000
191 20 11 15.000000
24 1
172 24 13 22.000000
25 1
177 4 6 33.000000
26 2
77 10 5 88.500000
78 9 5 8.500000
27 1
183 22 6 29.000000
28 2
31 15 8 62.000000
32 15 8 49.000000
29 2
38 5 7 44.500000
39 5 9 18.500000
30 2
196 11 18 66.000000
197 11 18 20.000000
31 1
161 0 6 29.000000
32 1
57 0 4 35.000000
33 1
188 8 3 30.000000
34 1
74 19 6 72.000000
35 1
41 5 8 36.000000
36 1
74 14 14 26.000000
37 2
45 18 6 66.000000
46 18 6 21.000000
38 1
17 22 13 34.000000
39 2
213 12 11 0.500000
215 13 12 47.500000
40 3
25 3 12 33.500000
26 3 12 67.000000
27 3 12 59.500000
41 1
30 11 8 22.000000
42 1
39 14 12 24.000000
43 1
42 21 12 23.000000
44 1
138 29 8 32.000000
45 2
29 14 12 29.500000
30 14 11 19.500000
46 1
41 9 12 23.000000
47 1
53 11 9 37.000000
48 1
47 11 12 35.000000
49 1
58 26 10 100.000000
50 1
66 22 12 27.000000
51 1
31 22 6 32.000000
52 46
174 27 7 1.000000
175 27 7 1.000000
176 27 7 0.500000
177 27 9 0.500000
178 27 9 1.000000
179 27 9 1.000000
180 27 9 1.000000
181 27 7 0.500000
182 27 7 1.000000
183 27 7 1.000000
184 27 7 1.000000
185 27 7 1.000000
186 27 7 0.500000
187 27 9 0.500000
188 27 9 1.000000
189 27 9 1.000000
190 27 9 1.000000
191 27 7 0.500000
192 27 7 1.000000
193 27 7 1.000000
194 27 7 1.000000
195 27 7 1.000000
196 27 7 0.500000
197 27 9 0.500000
198 27 9 1.000000
199 27 9 1.000000
200 27 9 1.000000
201 27 7 0.500000
202 27 7 1.000000
203 27 7 1.000000
204 27 7 1.000000
205 27 7 1.000000
206 27 7 0.500000
207 27 9 0.500000
208 27 9 1.000000
209 27 9 1.000000
210 27 9 1.000000
211 27 7 0.500000
212 27 7 1.000000
213 27 7 1.000000
214 27 7 1.000000
215 27 7 1.000000
216 27 7 0.500000
217 27 9 0.500000
218 27 9 1.000000
219 27 9 1.000000
53 2
201 23 14 86.500000
202 23 14 132.500000
54 1
12 5 5 53.000000
55 2
163 13 8 43.500000
164 13 8 25.500000
56 2
23 9 5 31.000000
24 9 5 60.000000
57 1
75 12 5 30.000000
58 2
40 14 14 40.000000
41 14 14 2.000000
59 2
197 15 10 23.000000
198 15 10 27.000000
60 1
69 7 10 23.000000
61 2
65 25 6 51.000000
66 25 6 3.000000
62 1
195 3 12 24.000000
63 1
34 19 15 24.000000
64 1
191 13 14 31.000000
65 1
191 5 13 44.000000
66 2
55 6 6 32.500000
56 6 6 16.500000
67 1
31 6 5 23.000000
68 1
186 14 7 45.000000
69 1
145 5 16 32.000000
70 1
24 10 10 48.000000
71 1
28 14 5 40.000000
72 1
41 4 16 22.000000
73 1
24 22 13 54.000000
74 1
12 7 9 89.000000
75 2
168 7 6 25.000000
169 7 8 3.000000
76 1
16 6 5 21.000000
77 1
37 5 5 52.000000
78 1
77 19 13 37.000000
79 2
72 14 10 124.000000
73 14 10 9.000000
80 1
38 19 3 25.000000
81 1
11 21 10 33.000000
82 1
74 18 10 27.000000
83 1
11 5 13 39.000000
84 1
164 21 5 43.000000
85 2
11 3 14 65.000000
12 3 14 108.000000
86 1
16 18 9 32.000000
87 1
31 9 7 28.000000
88 1
54 19 12 43.000000
89 1
42 8 6 46.000000
90 1
17 5 15 40.000000
91 1
15 28 12 59.000000
92 1
46 7 12 27.000000
93 1
135 28 2 42.000000
94 6
75 13 8 87.000000
76 13 8 87.000000
77 13 8 87.000000
78 13 8 43.500000
79 13 10 37.500000
80 13 10 8.000000
95 1
45 5 6 50.000000
96 1
6 10 10 33.000000
97 1
51 12 12 21.000000
98 2
12 9 12 203.000000
13 9 12 59.000000
99 1
58 20 8 52.000000
100 2
52 13 6 20.500000
53 13 5 5.500000
101 2
200 6 3 65.000000
201 6 3 19.000000
102 1
59 12 2 35.000000
103 1
29 19 13 49.000000
104 1
45 0 11 36.000000
105 1
21 15 8 34.000000
106 1
26 14 6 22.000000
107 1
156 9 9 53.000000
108 2
163 12 11 0.500000
164 12 10 21.500000
109 1
176 2 7 49.000000
110 1
164 9 12 51.000000
111 1
67 14 6 22.000000
112 2
198 12 6 30.000000
199 12 6 8.000000
113 1
41 12 5 24.000000
114 5
54 6 11 0.500000
55 6 11 1.000000
56 6 11 1.000000
57 6 11 1.000000
58 6 9 46.000000
115 2
3 5 7 44.500000
4 5 7 4.500000
116 3
177 15 12 1.000000
178 15 12 0.500000
179 15 10 23.500000
117 2
154 20 9 79.000000
155 20 9 11.000000
118 1
169 7 13 20.000000
119 2
144 26 11 52.500000
145 26 11 8.500000
120 1
14 15 17 25.000000
121 1
33 15 7 30.000000
122 1
164 8 15 27.000000
123 1
54 3 10 24.000000
124 1
38 7 5 72.000000
125 2
58 14 10 62.000000
59 14 10 9.000000
126 4
24 16 11 51.500000
25 16 11 103.000000
26 16 11 103.000000
27 16 11 92.500000
127 2
169 27 13 68.500000
170 27 13 62.500000
128 1
188 11 12 92.000000
129 1
15 27 5 44.000000
130 1
144 2 5 20.000000
131 5
56 6 2 102.000000
57 6 2 51.000000
58 6 4 35.500000
59 6 4 71.000000
60 6 4 5.500000
132 1
215 25 6 29.000000
133 1
40 11 3 33.000000
134 1
61 23 10 24.000000
135 1
198 9 14 36.000000
136 1
49 10 13 50.000000
137 1
31 24 9 23.000000
138 2
35 20 11 62.000000
36 20 10 81.000000
139 5
166 6 11 1.000000
167 6 11 1.000000
168 6 11 1.000000
169 6 11 0.500000
170 6 13 65.500000
140 1
79 7 10 23.000000
141 1
198 12 6 42.000000
142 1
57 24 7 20.000000
143 1
20 3 7 28.000000
144 2
140 6 8 31.000000
141 6 8 20.000000
145 1
164 14 12 26.000000
146 1
56 2 12 29.000000
147 1
31 11 10 50.000000
148 2
148 15 12 0.500000
149 17 13 27.500000
149 1
29 21 7 33.000000
150 1
43 10 15 20.000000
151 1
59 29 12 27.000000
152 2
74 9 11 89.000000
75 9 11 4.000000
153 1
189 5 9 28.000000
154 2
27 6 12 37.000000
28 6 14 10.000000
155 1
53 21 11 38.000000
156 1
13 19 5 22.000000
157 1
22 5 15 24.000000
158 1
54 24 12 21.000000
159 1
21 13 14 75.000000
160 1
20 19 12 33.000000
161 1
36 25 13 34.000000
162 1
197 8 15 21.000000
163 1
195 8 10 58.000000
164 2
45 11 8 51.000000
46 11 8 46.000000
165 1
33 25 12 21.000000
166 1
53 8 8 31.000000
167 1
211 20 12 26.000000
168 2
34 21 10 165.000000
35 21 10 15.000000
169 1
210 17 13 36.000000
170 1
195 23 13 20.000000
171 1
28 1 3 27.000000
172 1
200 16 8 20.000000
173 2
27 28 11 93.500000
28 27 11 7.500000
174 2
11 7 13 88.000000
12 7 13 24.000000
175 6
72 20 5 0.500000
73 20 7 22.000000
74 20 5 1.000000
75 20 5 1.000000
76 20 5 1.000000
77 20 5 0.500000
176 1
69 4 12 28.000000
177 1
158 8 13 38.000000
178 1
11 8 8 24.000000
179 1
29 21 6 36.000000
180 1
57 14 16 34.000000
181 1
14 10 16 56.000000
182 2
33 7 11 30.500000
34 7 11 9.500000
183 2
65 15 7 175.000000
66 15 7 12.000000
184 1
161 4 5 24.000000
185 1
214 9 10 22.000000
186 1
29 12 16 35.000000
187 1
26 19 5 42.000000
188 1
21 17 18 24.000000
189 1
12 18 11 26.000000
190 1
2 8 6 24.000000
191 1
51 3 9 28.000000
192 1
60 12 15 22.000000
193 1
150 9 12 28.000000
194 1
22 10 11 45.000000
195 1
29 22 13 25.000000
196 1
37 22 12 23.000000
197 3
31 13 9 38.000000
32 13 9 76.000000
33 13 9 23.000000
198 5
71 11 6 1.000000
72 11 6 1.000000
73 11 6 1.000000
74 11 6 0.500000
75 11 8 18.500000
199 1
78 11 13 31.000000
200 1
19 8 10 22.000000
201 1
66 7 10 140.000000
202 1
182 7 3 21.000000
203 2
57 6 12 37.000000
58 8 13 32.000000
204 1
19 11 16 22.000000
205 1
160 17 13 49.000000
206 2
11 15 8 62.000000
12 15 8 4.000000
207 1
27 10 8 36.000000
208 1
139 10 14 24.000000
209 1
62 13 9 25.000000
210 1
1 9 7 38.000000
211 1
6 13 8 31.000000
212 1
82 7 7 29.000000
213 1
38 16 9 37.000000
214 2
176 24 6 21.500000
177 24 6 2.500000
215 1
43 17 8 29.000000
216 1
25 7 5 22.000000
217 1
11 26 5 22.000000
218 2
36 17 7 25.000000
37 17 6 4.000000
219 1
46 18 9 61.000000
220 1
148 6 9 22.000000
221 2
23 18 8 0.500000
24 18 10 21.500000
222 1
22 20 10 42.000000
223 6
150 20 6 0.500000
151 20 7 26.500000
154 20 6 1.000000
155 20 6 0.500000
156 20 5 1.000000
157 20 5 0.500000
224 1
182 9 12 28.000000
225 1
45 23 2 29.000000
226 1
165 11 8 27.000000
227 1
16 17 12 30.000000
228 2
139 24 12 24.500000
140 24 11 59.500000
229 1
39 22 12 24.000000
230 2
170 12 15 62.000000
171 12 15 52.000000
231 2
74 12 13 33.500000
75 12 13 81.500000
232 1
28 8 3 29.000000
233 2
15 5 6 99.000000
16 5 6 83.000000
234 1
32 23 4 65.000000
235 4
182 11 6 1.000000
183 11 6 1.000000
184 11 6 0.500000
185 11 8 19.500000
236 1
31 15 14 21.000000
237 2
29 12 8 31.000000
30 12 7 16.000000
238 1
46 19 10 25.000000
239 2
138 10 7 28.500000
139 10 7 10.500000
240 4
150 0 11 68.500000
151 0 11 137.000000
152 0 11 137.000000
153 0 11 7.500000
241 2
72 8 6 65.000000
73 8 6 29.000000
242 2
10 22 15 85.500000
11 22 15 32.500000
243 1
48 22 8 38.000000
244 1
15 5 11 59.000000
245 1
55 8 11 21.000000
246 1
66 6 10 22.000000
247 2
53 19 10 51.000000
54 19 10 18.000000
248 7
4 14 12 29.500000
5 14 12 59.000000
6 14 12 59.000000
7 14 12 59.000000
8 14 12 59.000000
9 14 12 29.500000
10 13 11 55.000000
249 4
192 7 19 46.500000
193 9 20 61.000000
194 9 20 122.000000
195 9 20 120.500000
250 1
60 8 9 24.000000
251 1
53 23 10 23.000000
252 2
70 10 12 46.000000
71 10 12 5.000000
253 1
138 22 6 54.000000
254 1
45 5 13 49.000000
255 2
52 6 12 37.000000
53 6 12 56.000000
256 1
53 29 5 76.000000
257 1
177 6 6 41.000000
258 1
41 5 10 20.000000
259 1
18 3 16 43.000000
260 1
30 14 16 27.000000
261 1
63 9 15 25.000000
262 1
189 10 9 64.000000
263 1
64 4 12 56.000000
264 1
52 7 7 44.000000
265 6
61 14 4 1.000000
62 14 4 1.000000
63 14 4 1.000000
64 14 4 1.000000
65 14 4 0.500000
66 14 6 15.500000
266 1
77 11 12 34.000000
267 3
31 17 12 69.000000
32 17 12 138.000000
33 17 12 28.000000
268 2
24 18 6 66.000000
25 18 6 27.000000
269 1
141 6 14 85.000000
270 1
65 29 5 38.000000
271 1
16 21 5 38.000000
272 1
21 15 13 44.000000
273 1
170 20 11 56.000000
274 1
55 16 13 34.000000
275 1
55 6 12 25.000000
276 2
55 4 4 84.500000
56 4 6 36.500000
277 1
182 3 6 35.000000
278 1
25 9 10 21.000000
279 2
45 16 8 50.500000
46 16 10 14.500000
280 1
57 11 12 70.000000
281 2
167 8 11 87.500000
168 8 10 41.500000
282 1
23 6 14 64.000000
283 1
38 19 10 33.000000
284 1
29 16 9 35.000000
285 1
63 21 14 33.000000
286 1
63 20 12 52.000000
287 3
9 17 10 1.000000
10 17 10 0.500000
11 17 12 20.500000
288 1
66 10 13 35.000000
289 1
19 20 12 24.000000
290 2
63 18 8 0.500000
64 18 7 30.500000
291 1
62 13 9 33.000000
292 1
30 13 5 44.000000
293 1
26 13 13 99.000000
294 1
67 6 5 22.000000
295 1
66 16 5 46.000000
296 1
33 17 16 73.000000
297 1
143 6 7 23.000000
298 1
154 16 11 49.000000
299 1
160 25 10 43.000000
300 1
174 3 5 21.000000
301 1
43 12 6 42.000000
302 5
51 11 6 1.000000
52 11 6 1.000000
53 11 6 1.000000
54 11 6 0.500000
55 11 8 26.500000
303 1
46 12 7 39.000000
304 1
10 4 14 22.000000
305 1
142 6 7 27.000000
306 1
67 17 9 31.000000
307 1
63 12 5 28.000000
308 1
167 17 4 31.000000
309 1
67 21 12 24.000000
310 5
60 20 6 0.500000
61 20 6 1.000000
62 20 6 1.000000
63 20 6 1.000000
64 20 4 44.000000
311 1
59 7 8 42.000000
312 1
69 5 20 28.000000
313 1
28 23 7 54.000000
314 1
48 17 9 66.000000
315 1
172 8 11 25.000000
316 3
220 19 4 64.500000
221 19 6 77.000000
222 19 6 1.500000
317 1
49 14 17 22.000000
318 1
23 20 12 25.000000
319 2
7 5 5 78.000000
8 5 5 53.000000
320 6
43 3 8 0.500000
44 3 10 21.000000
45 3 8 1.000000
46 3 8 1.000000
47 3 8 1.000000
48 3 8 0.500000
321 2
154 4 13 60.000000
155 4 13 3.000000
322 2
54 6 6 38.500000
55 6 6 44.500000
323 1
59 7 3 41.000000
324 1
173 12 9 24.000000
325 1
67 10 8 95.000000
326 3
20 16 8 50.500000
21 16 8 101.000000
22 16 8 85.500000
327 1
57 20 13 59.000000
328 1
45 1 9 50.000000
329 6
23 15 12 0.500000
24 15 14 41.000000
25 15 12 1.000000
26 15 12 1.000000
27 15 12 1.000000
28 15 12 0.500000
330 2
205 8 7 24.000000
206 7 7 66.000000
331 1
33 4 10 21.000000
332 5
20 14 4 0.500000
21 14 4 1.000000
22 14 4 1.000000
23 13 3 89.000000
24 13 3 28.000000
333 1
29 6 14 27.000000
334 1
62 17 9 42.000000
335 1
28 19 14 45.000000
336 1
33 14 5 23.000000
337 1
2 7 8 22.000000
338 1
198 25 5 44.000000
339 1
56 22 8 40.000000
340 1
11 17 9 89.000000
341 4
47 6 11 1.000000
48 6 11 1.000000
49 6 11 0.500000
50 6 13 28.500000
342 4
204 12 8 31.000000
205 12 8 62.000000
206 12 8 62.000000
207 12 8 20.000000
343 1
172 7 4 43.000000
344 1
159 8 4 27.000000
345 1
12 24 9 40.000000
346 1
46 19 11 50.000000
347 1
201 13 9 25.000000
348 1
9 7 3 43.000000
349 1
59 6 10 33.000000
350 1
4 3 9 39.000000
351 1
29 11 12 30.000000
352 1
196 24 11 23.000000
353 1
41 8 14 34.000000
354 2
156 6 10 67.500000
157 6 10 29.500000
355 1
152 6 13 21.000000
356 2
20 20 11 62.000000
21 20 11 1.000000
357 1
65 1 8 32.000000
358 1
146 4 12 27.000000
359 2
14 24 12 24.500000
15 24 12 12.500000
360 1
51 10 12 27.000000
361 1
66 16 15 25.000000
362 1
34 12 8 28.000000
363 1
178 14 5 30.000000
364 1
49 16 11 28.000000
365 1
12 11 7 43.000000
366 2
56 22 7 27.000000
57 22 7 11.000000
367 1
75 17 11 22.000000
368 1
59 9 12 63.000000
369 1
163 5 12 50.000000
370 1
191 13 9 24.000000
371 2
64 1 11 23.500000
65 1 13 36.500000
372 1
7 26 10 44.000000
373 1
12 17 8 23.000000
374 2
187 12 8 5.000000
188 12 8 16.000000
375 1
43 14 3 30.000000
376 1
47 12 13 23.000000
377 3
51 12 7 43.000000
53 13 8 43.500000
54 13 8 37.500000
378 1
47 6 6 24.000000
379 1
35 6 7 138.000000
380 1
23 15 7 25.000000
381 1
41 14 11 24.000000
382 1
20 10 11 23.000000
383 1
6 13 8 42.000000
384 1
48 4 10 30.000000
385 1
72 12 9 44.000000
386 1
31 13 14 80.000000
387 1
36 6 10 62.000000
388 1
6 17 12 25.000000
389 1
142 6 7 22.000000
390 1
67 7 9 26.000000
391 1
13 23 8 35.000000
392 1
145 18 10 24.000000
393 1
57 22 12 38.000000
394 5
61 9 6 27.000000
62 9 6 54.000000
63 9 6 54.000000
64 9 6 54.000000
65 9 6 3.000000
395 7
169 11 6 0.500000
170 11 8 51.000000
171 11 6 1.000000
172 11 6 1.000000
173 11 6 1.000000
174 11 6 0.500000
175 11 8 2.000000
396 1
154 13 14 72.000000
397 2
34 2 13 71.000000
35 2 13 18.000000
398 2
74 7 11 61.000000
75 7 11 35.000000
399 1
28 19 8 42.000000
400 1
28 29 10 47.000000
401 1
186 10 13 41.000000
402 1
34 10 11 33.000000
403 1
146 19 11 27.000000
404 3
48 8 15 85.000000
49 8 15 42.500000
50 8 13 6.500000
405 1
89 25 9 32.000000
406 7
40 20 6 0.500000
41 20 6 1.000000
42 20 6 1.000000
43 20 6 1.000000
44 20 6 1.000000
45 20 6 0.500000
46 20 8 31.000000
407 1
74 12 13 25.000000
408 1
166 7 11 27.000000
409 1
62 9 13 44.000000
410 1
5 23 12 34.000000
411 1
5 14 3 21.000000
412 1
138 7 10 28.000000
413 1
156 10 14 20.000000
414 1
50 19 8 24.000000
415 1
156 10 8 39.000000
416 2
84 7 8 45.000000
85 7 7 153.000000
417 1
3 23 10 23.000000
418 1
37 5 6 77.000000
419 1
63 22 10 48.000000
420 2
155 23 12 54.000000
156 23 12 2.000000
421 6
17 24 8 24.500000
18 24 7 162.000000
19 24 7 81.000000
20 24 9 25.000000
21 24 9 50.000000
22 24 9 7.500000
422 1
67 23 7 23.000000
423 2
26 25 7 50.000000
27 25 7 8.000000
424 1
162 14 19 34.000000
425 1
189 17 8 21.000000
426 1
55 2 8 66.000000
427 2
19 10 14 86.000000
21 11 15 5.000000
428 1
26 13 9 20.000000
429 1
27 8 10 21.000000
430 1
40 6 9 72.000000
431 1
50 15 10 31.000000
432 1
167 7 6 33.000000
433 1
61 25 13 42.000000
434 1
63 18 3 35.000000
435 1
56 20 8 42.000000
436 1
182 14 13 55.000000
437 1
56 29 11 21.000000
438 1
62 12 9 21.000000
439 2
52 13 11 31.000000
53 13 10 21.000000
440 1
200 10 7 54.000000
441 1
50 19 13 35.000000
442 1
184 0 10 22.000000
443 1
37 29 9 89.000000
444 1
53 10 2 60.000000
445 1
28 8 8 34.000000
446 2
63 29 10 97.000000
64 29 10 58.000000
447 1
30 13 12 22.000000
448 3
49 17 10 1.000000
50 17 10 0.500000
51 17 12 27.500000
449 1
42 10 5 22.000000
450 1
204 6 6 24.000000
451 2
184 18 5 89.000000
185 18 5 18.000000
452 1
60 7 10 30.000000
453 1
72 10 7 24.000000
454 1
160 22 15 26.000000
455 1
13 24 10 38.000000
456 5
39 15 9 0.500000
40 15 9 1.000000
41 15 9 1.000000
42 15 9 1.000000
43 15 7 24.000000
457 1
58 24 12 44.000000
458 1
11 25 10 94.000000
459 1
64 29 6 40.000000
460 1
24 3 13 21.000000
461 1
28 22 6 31.000000
462 1
16 15 8 28.000000
463 1
34 22 8 21.000000
464 2
157 5 10 30.000000
158 5 10 22.000000
465 1
60 10 12 21.000000
466 2
200 8 7 24.000000
201 8 7 30.000000
467 1
60 22 10 49.000000
468 1
21 19 6 27.000000
469 1
18 23 8 32.000000
470 1
54 26 11 25.000000
471 1
14 10 14 62.000000
472 1
167 11 7 24.000000
473 1
31 5 8 27.000000
474 1
44 24 4 28.000000
475 2
64 5 13 136.000000
65 5 13 128.000000
476 1
159 10 8 38.000000
477 1
28 6 14 32.000000
478 1
70 15 10 20.000000
479 1
39 22 6 57.000000
480 12
20 15 9 1.000000
21 14 9 65.000000
22 14 9 65.000000
23 14 9 14.000000
26 15 11 1.000000
27 15 11 1.000000
28 15 11 1.000000
29 15 11 1.000000
36 15 11 1.000000
37 15 11 1.000000
38 15 11 1.000000
39 15 11 1.000000
