1 1
24 21 10 36.000000
2 1
187 15 25 32.000000
3 1
49 9 19 48.000000
4 1
153 18 21 57.000000
5 1
36 3 19 75.000000
6 2
75 13 22 22.500000
76 13 22 11.500000
7 1
148 13 18 38.000000
8 2
149 13 20 35.000000
150 13 20 8.000000
9 2
57 14 18 80.000000
58 14 17 36.000000
10 1
194 8 20 36.000000
11 1
68 15 16 31.000000
12 1
203 11 20 33.000000
13 3
186 8 15 1.000000
187 8 15 1.000000
188 8 13 50.500000
14 1
189 10 23 30.000000
15 1
170 14 19 32.000000
16 1
35 13 17 36.000000
17 6
6 8 19 0.500000
7 8 19 1.000000
8 8 19 1.000000
9 8 19 1.000000
10 8 17 25.000000
11 8 17 3.000000
18 19
168 8 9 1.000000
169 8 9 1.000000
170 8 9 1.000000
171 8 9 0.500000
172 10 10 27.000000
173 10 10 54.000000
174 10 10 1.500000
178 8 9 1.000000
179 8 9 1.000000
180 8 9 1.000000
181 8 9 0.500000
188 8 9 1.000000
189 8 9 1.000000
190 8 9 1.000000
191 8 9 0.500000
198 8 9 1.000000
199 8 9 1.000000
200 8 9 1.000000
201 8 9 0.500000
19 1
36 9 14 38.000000
20 1
194 10 14 31.000000
21 1
42 21 27 35.000000
22 1
193 10 20 36.000000
23 1
13 1 15 34.000000
24 1
75 15 18 33.000000
25 2
70 10 16 27.500000
71 10 16 7.500000
26 1
204 12 13 31.000000
27 1
18 13 22 35.000000
28 1
156 14 21 55.000000
29 2
44 19 27 0.500000
45 19 26 45.500000
30 1
176 8 21 37.000000
31 2
145 8 17 25.000000
146 10 18 35.000000
32 1
26 13 17 57.000000
33 1
10 18 27 33.000000
34 1
49 7 14 33.000000
35 1
3 23 9 40.000000
36 1
3 13 8 47.000000
37 1
23 14 10 46.000000
38 1
164 2 19 32.000000
39 6
177 23 16 0.500000
178 23 18 30.000000
179 23 16 1.000000
180 23 16 1.000000
181 23 16 1.000000
182 23 16 0.500000
40 2
72 14 18 80.000000
73 14 18 52.000000
41 2
191 9 21 32.000000
192 9 21 3.000000
42 2
60 20 6 40.000000
61 20 6 8.000000
43 1
52 8 21 40.000000
44 5
207 15 20 0.500000
208 15 20 1.000000
209 15 20 1.000000
210 15 20 1.000000
211 15 18 63.000000
45 1
154 8 20 43.000000
46 1
20 14 19 37.000000
47 1
52 5 8 34.000000
48 1
45 13 13 32.000000
49 1
183 8 21 57.000000
50 1
7 19 24 32.000000
51 2
49 15 9 27.000000
50 15 9 50.000000
52 1
27 10 23 36.000000
53 1
57 7 14 42.000000
54 1
60 14 21 36.000000
55 1
133 22 24 31.000000
56 4
49 8 14 1.000000
50 8 14 1.000000
51 8 14 0.500000
52 8 16 31.500000
57 1
69 10 19 38.000000
58 1
178 18 18 31.000000
59 3
40 8 14 1.000000
41 8 14 0.500000
42 8 16 37.500000
60 5
35 3 13 29.500000
39 3 12 1.000000
40 3 12 0.500000
41 3 11 1.000000
42 3 11 0.500000
61 5
25 7 10 0.500000
26 7 10 1.000000
27 7 10 1.000000
28 7 10 1.000000
29 7 8 34.000000
62 6
41 9 16 0.500000
42 9 16 1.000000
43 9 16 1.000000
44 9 16 1.000000
45 9 14 90.500000
46 9 14 35.500000
63 1
60 14 19 31.000000
64 1
3 10 17 37.000000
65 1
44 18 25 35.000000
66 1
67 12 13 39.000000
67 1
66 14 11 37.000000
68 1
4 7 16 31.000000
69 1
21 2 21 32.000000
70 3
185 17 21 1.000000
186 17 21 1.000000
187 17 19 50.500000
71 1
42 8 12 32.000000
72 1
26 16 15 55.000000
73 1
195 16 16 75.000000
74 1
69 4 16 34.000000
75 2
61 15 23 33.000000
62 15 23 9.000000
76 1
49 6 19 31.000000
77 2
61 14 21 33.000000
62 14 23 1.000000
78 1
185 18 26 40.000000
79 1
18 4 20 35.000000
80 2
39 16 11 0.500000
40 16 10 36.500000
81 1
32 6 17 39.000000
82 2
17 11 17 50.000000
18 11 17 10.000000
83 1
58 14 21 38.000000
84 2
25 11 18 30.000000
26 11 18 5.000000
85 1
16 15 18 32.000000
86 1
42 23 15 65.000000
87 1
19 8 10 33.000000
88 3
57 7 20 1.000000
58 7 20 1.000000
59 7 18 27.500000
89 1
64 14 12 50.000000
90 1
16 4 13 42.000000
91 1
62 8 21 43.000000
92 3
157 22 22 87.000000
158 22 22 87.000000
159 22 22 86.000000
93 4
198 15 20 1.000000
199 15 20 1.000000
200 15 20 1.000000
201 15 18 26.500000
94 2
156 6 15 32.000000
157 6 15 26.000000
95 1
74 6 17 54.000000
96 1
204 9 17 40.000000
97 2
206 16 5 41.000000
207 16 5 23.000000
98 1
184 14 19 30.000000
99 1
153 7 18 32.000000
100 1
60 9 17 30.000000
101 1
16 12 17 34.000000
102 1
10 13 20 34.000000
103 5
194 9 17 60.000000
195 9 16 1.000000
196 9 16 0.500000
197 11 17 50.000000
198 11 17 50.500000
104 5
38 17 26 26.000000
39 19 27 0.500000
40 19 27 1.000000
41 19 27 1.000000
42 19 27 1.000000
105 1
156 15 23 31.000000
106 1
175 12 18 32.000000
107 1
37 10 20 37.000000
108 1
67 15 15 32.000000
109 1
191 10 21 33.000000
110 1
58 12 8 44.000000
111 1
57 14 21 78.000000
112 1
22 8 13 56.000000
113 1
51 13 14 32.000000
114 1
27 15 16 31.000000
115 1
69 11 11 59.000000
116 2
43 11 19 32.000000
44 11 19 14.000000
117 2
194 14 22 86.000000
195 14 22 117.000000
118 1
64 5 12 40.000000
119 1
187 6 12 36.000000
120 1
201 15 18 35.000000
121 1
7 18 19 76.000000
122 3
75 8 15 1.000000
76 8 15 1.000000
77 7 14 31.500000
123 1
158 17 15 66.000000
124 1
66 11 19 48.000000
125 4
44 3 15 45.500000
45 3 14 1.000000
46 3 14 0.500000
47 5 15 21.000000
126 1
9 6 21 31.000000
127 1
200 2 10 50.000000
128 1
41 7 17 35.000000
129 2
75 8 17 25.000000
76 10 18 9.000000
130 1
11 8 13 32.000000
131 1
25 16 12 32.000000
132 1
35 15 21 61.000000
133 1
158 12 11 44.000000
134 1
148 4 20 44.000000
135 2
199 11 21 66.500000
200 11 21 16.500000
136 3
60 8 17 25.000000
61 8 17 50.000000
62 8 17 6.000000
137 1
27 16 10 78.000000
138 1
22 10 20 30.000000
139 1
44 8 25 38.000000
140 2
147 7 19 1.000000
148 7 19 33.000000
141 1
164 13 10 31.000000
142 1
158 10 17 47.000000
143 1
31 11 21 45.000000
144 1
66 15 18 70.000000
145 2
44 13 20 35.000000
45 13 19 28.000000
146 1
20 16 18 32.000000
147 1
151 15 14 33.000000
148 1
196 26 5 38.000000
149 1
48 5 17 32.000000
150 1
133 10 21 50.000000
151 1
32 4 18 35.000000
152 1
173 10 21 41.000000
153 1
139 18 18 75.000000
154 2
143 14 20 26.500000
144 14 19 12.500000
155 1
194 10 20 30.000000
156 2
24 14 17 21.000000
25 14 17 18.000000
157 1
201 16 18 53.000000
158 1
205 15 21 59.000000
159 8
51 13 9 0.500000
52 13 9 1.000000
53 13 9 1.000000
54 13 9 1.000000
55 13 9 1.000000
56 13 9 0.500000
57 13 11 76.000000
58 13 11 16.000000
160 1
39 13 10 44.000000
161 2
62 11 15 130.000000
63 11 15 24.000000
162 1
22 22 19 39.000000
163 2
186 9 21 32.000000
187 9 20 32.000000
164 2
19 13 15 38.000000
20 13 15 14.000000
165 2
188 16 9 41.500000
189 16 9 3.500000
166 1
193 10 22 36.000000
167 1
61 15 19 42.000000
168 1
169 21 23 79.000000
169 1
24 6 21 51.000000
170 1
174 16 16 49.000000
171 1
67 15 16 49.000000
172 1
161 13 19 45.000000
173 2
200 13 17 90.000000
201 13 19 76.000000
174 2
184 19 22 21.000000
185 19 21 10.000000
175 1
26 5 16 39.000000
176 2
3 24 20 73.500000
4 24 22 7.500000
177 1
47 11 17 31.000000
178 1
213 11 24 40.000000
179 1
164 10 19 49.000000
180 1
43 24 8 39.000000
181 6
18 10 13 1.000000
19 10 13 1.000000
20 10 13 1.000000
21 10 13 0.500000
22 10 15 45.000000
23 10 15 73.500000
182 1
2 22 26 36.000000
183 1
203 14 9 41.000000
184 1
24 15 14 35.000000
185 1
22 10 11 36.000000
186 1
53 3 13 45.000000
187 1
34 12 18 31.000000
188 2
2 15 20 0.500000
3 15 19 41.500000
189 77
152 12 19 0.500000
153 12 19 1.000000
154 12 19 1.000000
155 12 19 1.000000
156 12 19 1.000000
157 12 19 0.500000
158 12 21 0.500000
159 12 21 1.000000
160 12 21 1.000000
161 12 21 1.000000
162 12 19 0.500000
163 12 19 1.000000
164 12 19 1.000000
165 12 19 1.000000
166 12 19 1.000000
167 12 19 0.500000
168 12 21 0.500000
169 12 21 1.000000
170 12 21 1.000000
171 12 21 1.000000
172 12 19 0.500000
173 12 19 1.000000
174 12 19 1.000000
175 12 19 1.000000
176 12 19 1.000000
177 12 19 0.500000
178 12 21 0.500000
179 12 21 1.000000
180 12 21 1.000000
181 12 21 1.000000
182 12 19 0.500000
183 12 19 1.000000
184 12 19 1.000000
185 12 19 1.000000
186 12 19 1.000000
187 12 19 0.500000
188 12 21 0.500000
189 12 21 1.000000
190 12 21 1.000000
191 12 21 1.000000
192 12 19 0.500000
193 12 19 1.000000
194 12 19 1.000000
195 12 19 1.000000
196 12 19 1.000000
197 12 19 0.500000
198 12 21 0.500000
199 12 21 1.000000
200 12 21 1.000000
201 12 21 1.000000
202 12 19 0.500000
203 12 19 1.000000
204 12 19 1.000000
205 12 19 1.000000
206 12 19 1.000000
207 12 19 0.500000
208 12 21 0.500000
209 12 21 1.000000
210 12 21 1.000000
211 12 21 1.000000
212 12 19 0.500000
213 12 19 1.000000
214 12 19 1.000000
215 12 19 1.000000
216 12 19 1.000000
217 12 19 0.500000
218 12 21 0.500000
219 12 21 1.000000
220 12 21 1.000000
221 12 21 1.000000
222 12 19 0.500000
223 12 19 1.000000
224 12 19 1.000000
225 12 19 1.000000
226 12 19 1.000000
228 12 21 0.500000
229 12 21 0.500000
190 1
42 12 24 31.000000
191 2
5 14 8 59.000000
6 14 8 29.000000
192 1
172 14 18 48.000000
193 1
139 17 23 30.000000
194 7
10 23 25 1.000000
11 23 25 1.000000
12 23 25 1.000000
13 23 25 1.000000
14 23 25 0.500000
15 23 27 51.500000
16 23 27 36.000000
195 2
146 18 14 88.500000
147 18 14 66.500000
196 1
200 10 11 31.000000
197 2
65 13 12 45.000000
66 13 12 19.000000
198 1
62 17 12 48.000000
199 2
28 17 21 0.500000
29 17 23 51.500000
200 1
52 25 8 33.000000
201 1
158 11 17 31.000000
202 2
38 10 12 28.000000
39 10 12 6.000000
203 5
213 12 21 0.500000
214 12 20 1.000000
215 12 20 0.500000
216 12 22 49.000000
217 12 22 42.000000
204 1
193 10 15 55.000000
205 2
40 19 22 42.000000
41 19 22 3.000000
206 1
180 13 15 34.000000
207 1
8 10 9 41.000000
208 1
159 11 18 54.000000
209 7
67 15 20 0.500000
68 15 22 33.000000
69 15 20 1.000000
70 15 20 1.000000
71 15 20 1.000000
72 15 20 0.500000
73 15 22 11.000000
210 4
202 8 11 0.500000
203 8 11 1.000000
204 8 10 46.500000
205 8 10 0.500000
211 1
54 15 12 31.000000
212 2
43 11 14 78.000000
44 11 14 10.000000
213 1
37 14 6 44.000000
214 2
184 10 19 72.500000
185 10 19 7.500000
215 10
60 19 27 1.000000
61 20 27 16.000000
64 19 27 0.500000
65 19 25 1.000000
66 19 25 1.000000
67 19 25 1.000000
74 19 27 0.500000
75 19 25 1.000000
76 19 25 1.000000
77 19 25 1.000000
216 2
28 7 21 25.500000
29 7 23 13.500000
217 1
39 12 16 33.000000
218 1
173 19 15 32.000000
219 6
20 9 12 1.000000
21 9 13 35.000000
23 9 12 1.000000
24 9 12 0.500000
25 8 11 1.000000
26 8 11 1.000000
220 5
27 8 15 1.000000
28 8 15 1.000000
29 8 15 0.500000
30 8 17 25.000000
31 8 17 3.500000
221 6
153 7 11 0.500000
154 7 11 1.000000
155 7 11 1.000000
156 7 11 1.000000
157 7 9 68.500000
158 7 9 134.500000
222 2
186 13 24 0.500000
187 13 26 59.500000
223 1
166 11 10 35.000000
224 1
162 9 18 30.000000
225 1
45 22 14 35.000000
226 1
56 4 18 123.000000
227 1
51 12 12 46.000000
228 3
65 19 24 40.500000
66 19 24 81.000000
67 19 24 18.500000
229 1
168 15 17 68.000000
230 1
33 16 22 39.000000
231 2
30 12 15 26.000000
31 12 15 46.000000
232 1
58 15 11 38.000000
233 2
54 4 17 106.000000
55 4 17 14.000000
234 2
16 15 23 33.000000
17 15 22 14.000000
235 1
159 18 25 34.000000
236 2
183 15 22 33.000000
184 15 22 18.000000
237 1
29 15 15 36.000000
238 5
197 23 16 0.500000
198 23 16 1.000000
199 23 16 1.000000
200 23 16 1.000000
201 23 14 25.000000
239 1
138 11 17 44.000000
240 1
43 7 16 32.000000
241 2
33 7 16 112.500000
34 7 16 1.500000
242 2
13 15 22 33.000000
14 15 22 11.000000
243 1
167 11 22 62.000000
244 5
30 6 9 1.000000
31 6 9 1.000000
32 6 9 1.000000
33 6 9 0.500000
34 6 11 31.500000
245 1
150 16 14 68.000000
246 1
61 21 27 45.000000
247 2
21 8 19 0.500000
22 8 18 30.500000
248 1
54 12 13 75.000000
249 4
3 12 10 1.000000
4 12 10 1.000000
5 12 10 0.500000
6 12 12 28.500000
250 1
69 18 19 46.000000
251 2
18 11 19 32.000000
19 11 18 34.000000
252 1
50 6 20 41.000000
253 1
198 13 18 31.000000
254 1
76 12 22 32.000000
255 1
63 12 16 32.000000
256 1
141 13 14 49.000000
257 3
203 15 13 1.000000
204 15 13 1.000000
205 15 11 27.500000
258 1
161 17 12 73.000000
259 2
195 10 16 27.500000
196 10 15 21.500000
260 1
33 15 23 63.000000
261 1
143 18 27 30.000000
262 2
52 10 15 45.000000
53 10 15 28.000000
263 2
149 14 17 21.000000
151 15 18 31.000000
264 1
197 14 13 36.000000
265 1
68 16 9 37.000000
266 1
182 11 10 35.000000
267 7
69 9 13 89.000000
70 9 13 89.000000
71 9 13 74.500000
73 9 12 1.000000
74 9 12 0.500000
75 8 11 1.000000
76 8 11 1.000000
268 1
30 7 13 35.000000
269 1
42 15 18 34.000000
270 2
33 5 12 22.500000
34 5 12 24.500000
271 1
177 14 13 31.000000
272 1
49 16 19 54.000000
273 1
189 2 13 47.000000
274 1
161 14 10 46.000000
275 1
32 17 14 49.000000
276 6
61 15 13 0.500000
62 15 15 27.000000
63 15 13 1.000000
64 15 13 1.000000
65 15 13 1.000000
66 15 13 0.500000
277 1
183 9 20 31.000000
278 2
40 9 4 24.500000
41 8 4 7.500000
279 1
35 13 17 33.000000
280 1
69 12 17 36.000000
281 1
142 16 18 51.000000
282 30
42 8 11 0.500000
43 8 11 1.000000
44 8 11 1.000000
45 8 11 1.000000
46 8 11 1.000000
47 8 11 0.500000
48 8 9 1.000000
49 8 9 1.000000
50 8 9 1.000000
51 8 9 0.500000
52 8 11 0.500000
53 8 11 1.000000
54 8 11 1.000000
55 8 11 1.000000
56 8 11 1.000000
57 8 11 0.500000
58 8 9 1.000000
59 8 9 1.000000
60 8 9 1.000000
61 8 9 0.500000
62 8 11 0.500000
63 8 11 1.000000
64 8 11 1.000000
65 8 11 1.000000
66 8 11 1.000000
67 8 11 0.500000
68 8 9 1.000000
69 8 9 1.000000
70 8 9 1.000000
71 9 11 9.000000
283 1
21 16 18 38.000000
284 1
79 8 13 34.000000
285 1
11 9 17 45.000000
286 32
13 12 19 1.000000
14 12 19 1.000000
15 12 19 1.000000
16 12 19 1.000000
17 12 19 0.500000
18 12 21 0.500000
19 12 21 1.000000
20 12 21 1.000000
21 12 21 1.000000
22 12 19 0.500000
23 12 19 1.000000
24 12 19 1.000000
25 12 19 1.000000
26 12 19 1.000000
27 12 19 0.500000
28 12 21 0.500000
29 12 21 1.000000
30 12 21 1.000000
31 12 21 1.000000
32 12 19 0.500000
33 12 19 1.000000
34 12 19 1.000000
35 12 19 1.000000
36 12 19 1.000000
37 12 19 0.500000
38 12 21 0.500000
39 12 21 1.000000
40 12 21 1.000000
41 12 21 1.000000
42 12 19 0.500000
43 12 19 1.000000
44 12 19 1.000000
287 1
30 22 16 52.000000
288 1
46 4 16 32.000000
289 1
40 4 16 50.000000
290 5
144 3 13 28.500000
149 4 12 0.500000
150 3 11 1.000000
151 3 11 1.000000
152 3 11 0.500000
291 1
50 8 12 32.000000
292 5
188 8 19 1.000000
189 8 19 1.000000
190 8 19 1.000000
191 8 19 0.500000
192 8 21 31.500000
293 1
64 13 19 47.000000
294 1
167 6 17 31.000000
295 1
159 13 17 38.000000
296 1
204 12 18 30.000000
297 1
29 16 15 32.000000
298 1
37 7 14 39.000000
299 2
169 6 16 0.500000
170 6 15 46.500000
300 3
8 4 12 1.000000
9 4 12 0.500000
10 4 14 35.500000
301 1
194 20 24 31.000000
302 1
164 18 27 49.000000
303 1
178 7 16 34.000000
304 1
21 3 21 64.000000
305 3
194 14 17 21.000000
195 14 17 42.000000
196 14 17 17.000000
306 2
3 5 18 80.000000
4 5 18 5.000000
307 6
74 21 20 1.000000
75 21 20 1.000000
76 21 20 0.500000
77 21 22 49.000000
78 21 22 98.000000
79 21 22 4.500000
308 2
198 12 16 96.000000
199 12 16 48.000000
309 2
25 10 26 39.500000
26 12 27 0.500000
310 1
45 7 15 30.000000
311 1
27 14 16 34.000000
312 1
65 14 12 63.000000
313 1
145 11 19 32.000000
314 1
175 11 13 31.000000
315 1
185 15 21 34.000000
316 1
78 14 10 34.000000
317 1
57 18 20 30.000000
318 2
14 4 22 35.000000
15 4 22 11.000000
319 2
39 23 10 27.500000
40 23 10 16.500000
320 4
46 17 11 1.000000
47 17 11 1.000000
48 17 11 0.500000
49 17 13 30.500000
321 1
198 8 18 45.000000
322 7
39 9 12 0.500000
40 9 12 1.000000
41 9 11 48.000000
47 9 10 1.000000
48 9 10 0.500000
49 9 12 0.500000
50 9 12 1.000000
323 3
207 24 13 0.500000
208 23 13 0.500000
209 24 15 40.000000
324 1
66 18 19 51.000000
325 2
38 14 25 71.000000
39 14 25 47.000000
326 2
7 7 19 33.000000
8 7 19 37.000000
327 2
68 14 20 26.500000
69 14 20 18.500000
328 2
44 13 5 0.500000
45 15 6 56.500000
329 1
3 17 22 31.000000
330 1
68 9 13 37.000000
331 4
23 7 11 0.500000
24 7 11 1.000000
25 7 11 1.000000
26 6 10 26.000000
332 1
44 16 12 42.000000
333 2
73 19 6 148.000000
74 19 6 112.000000
334 2
18 17 16 33.500000
19 17 18 30.500000
335 1
141 6 13 68.000000
336 1
69 11 21 47.000000
337 2
5 16 13 32.500000
6 16 12 33.500000
338 1
22 6 18 56.000000
339 1
180 7 14 47.000000
340 1
50 9 9 31.000000
341 1
27 11 17 35.000000
342 2
61 10 12 124.000000
62 10 12 1.000000
343 2
136 9 20 143.000000
137 9 20 117.000000
344 2
40 14 19 45.000000
41 14 19 2.000000
345 1
54 23 19 38.000000
346 1
159 11 23 52.000000
347 1
193 15 17 55.000000
348 1
50 13 21 38.000000
349 1
48 5 11 48.000000
350 5
14 6 16 0.500000
15 6 16 1.000000
16 6 16 1.000000
17 6 16 1.000000
18 6 14 25.000000
351 1
62 13 16 35.000000
352 4
56 10 13 0.500000
57 10 13 1.000000
58 10 12 57.000000
61 10 13 0.500000
353 1
56 20 24 35.000000
354 1
11 10 16 37.000000
355 3
30 9 19 55.000000
31 9 21 32.000000
32 9 21 15.000000
356 6
33 7 11 0.500000
34 7 13 43.000000
35 7 11 1.000000
36 7 11 1.000000
37 7 11 1.000000
38 7 11 0.500000
357 1
65 12 14 30.000000
358 1
176 13 12 36.000000
359 1
137 9 9 32.000000
360 1
56 22 13 32.000000
361 1
192 7 9 40.000000
362 2
54 20 14 29.000000
55 20 14 56.000000
363 1
147 7 19 32.000000
364 6
175 8 17 25.000000
176 8 19 0.500000
177 8 19 1.000000
178 8 19 1.000000
179 8 19 1.000000
180 8 17 4.000000
365 1
150 11 11 36.000000
366 1
29 14 15 36.000000
367 1
72 12 24 59.000000
368 2
19 19 7 64.500000
20 19 7 22.500000
369 7
154 16 11 0.500000
155 16 11 1.000000
156 16 11 1.000000
157 16 11 1.000000
158 16 11 1.000000
159 16 11 0.500000
160 16 13 25.000000
370 1
178 2 11 40.000000
371 1
138 6 20 32.000000
372 2
55 14 17 20.000000
56 14 17 42.000000
373 1
164 10 14 40.000000
374 1
64 11 21 37.000000
375 2
0 16 23 44.500000
1 16 23 33.500000
376 1
73 5 7 34.000000
377 1
47 23 27 39.000000
378 2
35 13 17 21.000000
36 13 17 11.000000
379 1
32 10 12 31.000000
380 2
28 10 22 42.500000
29 10 22 22.500000
381 1
14 17 22 36.000000
382 1
63 10 22 30.000000
383 1
143 13 19 59.000000
384 1
51 21 27 43.000000
385 1
36 14 1 43.000000
386 1
39 7 15 59.000000
387 4
147 20 9 1.000000
148 20 9 1.000000
149 20 9 0.500000
150 20 11 61.500000
388 1
10 9 17 34.000000
389 1
79 21 17 32.000000
390 3
185 10 6 0.500000
186 9 6 20.500000
187 11 7 33.000000
391 1
203 13 20 31.000000
392 1
36 20 25 59.000000
393 1
146 9 14 33.000000
394 1
25 15 22 38.000000
395 1
49 16 10 59.000000
396 3
66 14 21 69.000000
67 14 21 138.000000
68 14 21 53.000000
397 3
170 8 14 1.000000
171 8 14 0.500000
172 8 16 69.500000
398 1
47 6 10 44.000000
399 3
203 14 15 23.500000
204 14 17 21.000000
205 14 17 7.500000
400 1
166 8 10 49.000000
401 1
179 11 21 39.000000
402 1
50 9 13 31.000000
403 2
69 13 20 35.000000
70 13 20 11.000000
404 1
46 12 12 39.000000
405 1
26 18 14 41.000000
406 1
67 11 13 33.000000
407 1
13 6 12 40.000000
408 1
202 17 19 34.000000
409 1
69 12 11 49.000000
410 1
38 10 12 34.000000
411 2
157 11 19 64.000000
158 11 19 22.000000
412 4
35 3 14 1.000000
36 3 14 0.500000
37 3 16 30.000000
38 3 16 0.500000
413 1
51 13 19 38.000000
414 1
28 11 22 41.000000
415 2
54 14 17 21.000000
55 14 17 22.000000
416 1
155 14 14 33.000000
417 1
47 14 18 41.000000
418 1
55 14 24 31.000000
419 2
17 12 18 77.000000
18 12 18 8.000000
420 1
64 12 23 49.000000
421 1
148 16 16 68.000000
422 1
195 20 14 45.000000
423 1
56 12 22 33.000000
424 1
20 6 20 39.000000
425 1
26 17 16 34.000000
426 3
21 15 20 1.000000
22 15 20 0.500000
23 15 18 30.500000
427 1
61 20 13 54.000000
428 2
8 16 19 28.000000
9 16 19 10.000000
429 1
20 9 19 47.000000
430 7
67 15 10 0.500000
68 15 12 52.000000
69 15 10 1.000000
70 15 10 1.000000
71 15 10 1.000000
72 15 10 0.500000
73 15 12 18.000000
431 1
20 18 17 31.000000
432 2
60 6 18 79.000000
61 6 18 5.000000
433 1
61 14 21 36.000000
434 1
47 9 13 30.000000
435 7
179 17 8 0.500000
180 17 8 1.000000
181 17 8 1.000000
182 17 8 1.000000
183 17 8 1.000000
184 17 8 0.500000
185 17 10 31.000000
436 1
168 8 18 34.000000
437 1
186 10 20 37.000000
438 1
28 17 15 32.000000
439 1
41 19 26 44.000000
440 1
138 6 15 52.000000
441 2
135 23 22 24.500000
136 23 22 11.500000
442 1
177 11 17 33.000000
443 1
161 20 26 42.000000
444 2
201 17 17 22.000000
202 17 17 29.000000
445 2
65 14 17 42.000000
66 14 17 2.000000
446 4
54 9 12 0.500000
55 9 11 167.000000
56 9 11 83.500000
57 9 13 9.000000
447 1
31 7 22 44.000000
448 1
165 17 15 44.000000
449 1
12 15 19 99.000000
450 1
86 18 5 70.000000
451 1
64 17 18 32.000000
452 1
71 23 21 59.000000
453 2
146 4 21 45.500000
147 4 21 6.500000
454 1
47 16 10 36.000000
455 1
193 7 16 34.000000
456 6
53 7 11 0.500000
54 7 11 1.000000
55 7 11 1.000000
56 6 10 27.000000
57 6 10 54.000000
58 6 10 12.000000
457 1
24 8 20 83.000000
458 1
73 10 20 48.000000
459 1
37 15 26 43.000000
460 2
153 6 18 158.000000
154 6 18 98.000000
461 1
49 6 15 46.000000
462 2
179 6 21 93.500000
180 6 20 0.500000
463 1
58 22 21 35.000000
464 2
152 6 12 55.000000
153 6 12 21.000000
465 2
12 16 22 43.000000
13 16 22 8.000000
466 2
71 8 19 0.500000
72 8 18 31.500000
467 1
148 15 21 32.000000
468 1
64 3 13 35.000000
469 1
68 15 17 48.000000
470 2
64 9 12 0.500000
65 11 13 36.500000
471 3
192 12 21 1.000000
193 12 21 0.500000
194 12 23 33.500000
472 1
39 14 11 42.000000
473 1
70 7 18 39.000000
474 1
52 8 22 32.000000
475 1
10 11 17 32.000000
476 1
51 9 13 31.000000
477 1
35 24 9 43.000000
478 1
59 12 22 35.000000
479 1
167 18 16 45.000000
480 4
200 9 24 0.500000
201 9 23 1.000000
202 9 23 0.500000
203 9 21 34.000000
481 2
60 14 19 14.000000
61 14 19 16.000000
482 1
154 18 25 41.000000
483 2
20 8 17 25.000000
21 8 17 36.000000
484 1
72 18 17 38.000000
485 1
43 18 26 33.000000
486 1
31 7 8 36.000000
487 1
33 13 15 34.000000
488 2
23 16 19 28.000000
24 16 18 4.000000
489 1
57 8 26 46.000000
490 1
145 5 6 31.000000
491 1
44 21 26 37.000000
492 1
149 11 21 44.000000
493 1
199 15 19 30.000000
494 1
29 13 15 36.000000
495 1
61 14 16 36.000000
496 1
54 10 9 35.000000
497 3
43 22 16 31.000000
44 21 16 0.500000
45 23 17 0.500000
498 2
63 15 22 33.000000
64 15 22 46.000000
499 1
152 18 21 53.000000
500 2
45 15 21 69.500000
46 15 21 21.500000
