1 1
18 6 2 60.000000
2 2
21 7 11 77.000000
22 7 11 64.000000
3 1
85 2 3 46.000000
4 2
33 4 0 68.000000
34 4 0 6.000000
5 2
7 9 8 95.000000
8 9 8 15.000000
6 2
69 7 2 47.000000
70 7 2 11.000000
7 1
65 3 5 50.000000
8 1
15 7 11 34.000000
9 2
56 8 0 52.500000
57 8 0 50.500000
10 3
92 5 7 42.000000
93 5 7 42.000000
94 5 7 2.000000
11 1
88 5 4 81.000000
12 2
91 3 3 99.000000
92 3 3 14.000000
13 1
69 6 8 61.000000
14 1
45 8 8 43.000000
15 2
67 5 0 56.000000
68 5 0 39.000000
16 3
35 3 1 42.000000
36 3 1 42.000000
37 3 1 5.000000
17 2
55 9 7 44.000000
56 9 7 14.000000
18 1
26 5 4 128.000000
19 3
22 4 6 66.000000
23 4 6 33.000000
24 5 5 37.000000
20 2
40 2 7 22.000000
41 3 7 10.000000
21 1
65 3 2 65.000000
22 2
35 6 6 91.000000
36 6 6 43.000000
23 2
89 6 9 29.000000
90 6 8 46.000000
24 1
10 3 8 38.000000
25 1
88 6 11 92.000000
26 2
36 6 4 39.000000
37 6 4 74.000000
27 3
50 5 6 16.500000
51 5 6 33.000000
52 5 6 16.500000
28 1
0 3 3 43.000000
29 1
40 3 7 79.000000
30 3
44 6 6 45.500000
45 6 6 91.000000
46 6 6 9.500000
31 2
91 8 6 104.000000
92 8 6 45.000000
32 1
97 6 6 78.000000
33 1
58 5 4 32.000000
34 1
68 7 3 43.000000
35 1
36 7 6 72.000000
36 1
84 7 3 70.000000
37 1
18 6 11 23.000000
38 2
41 6 5 71.000000
42 6 5 22.000000
39 4
43 5 6 33.000000
44 5 6 33.000000
45 5 6 16.500000
46 6 6 54.500000
40 1
12 2 4 56.000000
41 2
35 5 5 96.000000
36 5 5 51.000000
42 1
52 8 9 97.000000
43 2
50 3 3 49.500000
51 3 3 71.500000
44 1
47 4 4 36.000000
45 1
15 2 4 33.000000
46 2
40 6 8 52.000000
41 6 7 16.000000
47 1
26 8 8 40.000000
48 1
68 7 7 32.000000
49 1
87 5 5 86.000000
50 1
82 3 8 61.000000
51 2
64 6 3 48.000000
65 6 3 7.000000
52 1
55 6 6 86.000000
53 1
46 5 4 35.000000
54 2
38 3 7 114.000000
39 3 7 4.000000
55 1
7 3 2 128.000000
56 1
14 6 7 77.000000
57 1
6 3 10 20.000000
58 2
41 4 3 100.000000
42 4 3 31.000000
59 1
34 5 7 20.000000
60 2
63 7 3 60.000000
64 7 3 20.000000
61 3
63 2 0 40.000000
64 2 0 80.000000
65 2 0 7.000000
62 3
8 7 7 48.000000
9 7 7 48.000000
10 7 7 10.000000
63 1
73 7 3 37.000000
64 1
37 4 5 47.000000
65 1
51 6 1 33.000000
66 4
60 5 6 16.500000
61 5 6 33.000000
62 5 6 33.000000
63 5 6 17.500000
67 3
90 3 4 40.000000
91 3 4 40.000000
92 3 4 36.000000
68 2
58 3 4 20.000000
59 3 4 31.000000
69 1
16 8 7 32.000000
70 1
5 6 10 125.000000
71 3
36 8 4 34.000000
37 8 4 34.000000
38 8 4 1.000000
72 1
90 4 2 101.000000
73 2
59 1 7 81.000000
60 1 7 37.000000
74 2
21 8 11 67.500000
22 8 11 12.500000
75 1
69 6 2 70.000000
76 1
75 5 9 103.000000
77 2
55 3 2 128.000000
56 3 2 19.000000
78 1
87 7 4 51.000000
79 3
36 4 5 56.000000
37 4 5 9.000000
38 4 5 2.000000
80 2
31 5 1 145.000000
32 5 1 4.000000
