1 2
97 7 11 134.000000
98 7 11 126.000000
2 3
55 4 3 50.500000
56 4 3 101.000000
57 4 3 13.500000
3 4
116 0 1 45.500000
117 0 1 91.000000
118 0 1 91.000000
119 0 1 42.500000
4 2
73 6 8 119.500000
74 6 9 45.500000
5 1
22 5 2 60.000000
6 2
69 7 6 224.000000
70 7 6 62.000000
7 1
78 8 7 43.000000
8 1
114 6 3 172.000000
9 4
120 5 6 36.500000
121 5 6 73.000000
122 5 6 73.000000
123 5 6 17.500000
10 1
141 8 8 48.000000
11 1
143 7 3 266.000000
12 2
141 3 0 85.500000
142 3 0 11.500000
13 2
51 11 5 72.000000
52 11 5 117.000000
14 2
54 7 14 173.000000
55 7 14 112.000000
15 1
44 7 3 226.000000
16 1
70 9 9 31.000000
17 2
139 9 8 58.000000
140 9 7 165.000000
18 2
96 10 10 162.000000
97 10 10 110.000000
19 3
35 14 3 54.000000
36 13 3 134.000000
37 13 3 99.000000
20 1
105 5 5 109.000000
21 2
85 9 10 156.000000
86 9 10 123.000000
22 1
36 4 5 81.000000
23 2
96 3 2 156.000000
97 3 2 94.000000
24 1
127 5 0 103.000000
25 1
142 6 3 110.000000
26 2
98 8 6 166.000000
99 8 6 111.000000
27 2
102 8 0 167.000000
103 8 0 3.000000
28 2
92 9 5 79.000000
93 9 5 63.000000
29 1
114 5 4 47.000000
30 1
50 10 7 132.000000
31 3
80 8 10 84.000000
81 8 10 84.000000
82 8 10 35.000000
32 2
108 17 7 68.000000
109 17 7 8.000000
33 1
96 7 5 85.000000
34 2
120 5 2 97.000000
121 5 2 87.000000
35 1
36 9 8 79.000000
36 3
39 11 6 110.000000
40 11 6 110.000000
41 11 6 22.000000
37 2
120 11 7 146.000000
121 11 7 4.000000
38 2
30 6 3 133.500000
31 6 3 4.500000
39 1
68 14 13 65.000000
40 2
38 1 0 54.000000
39 1 1 42.000000
41 1
10 6 3 119.000000
42 4
103 10 8 55.500000
104 9 8 58.000000
105 9 8 116.000000
106 9 8 62.500000
43 1
121 12 9 45.000000
44 4
28 5 3 31.000000
29 5 3 62.000000
30 5 3 62.000000
31 5 3 39.000000
45 3
98 10 5 73.000000
99 10 5 73.000000
100 10 5 34.000000
46 2
66 3 6 179.000000
67 3 6 71.000000
47 1
32 10 7 190.000000
48 1
32 7 3 73.000000
49 2
88 10 5 73.000000
89 10 5 19.000000
50 1
105 4 9 83.000000
51 2
108 13 8 52.500000
109 13 8 35.500000
52 2
23 11 10 138.000000
24 11 10 28.000000
53 1
36 16 6 102.000000
54 2
96 7 5 55.000000
97 7 5 134.000000
55 3
74 3 4 66.000000
75 3 4 132.000000
76 3 4 58.000000
56 1
110 4 5 86.000000
57 3
60 10 5 73.000000
61 10 5 36.500000
62 9 5 74.500000
58 2
39 7 2 145.000000
40 6 3 79.000000
59 2
11 10 6 218.000000
12 10 6 47.000000
60 4
32 10 9 34.000000
33 10 8 55.500000
34 10 10 81.000000
35 10 10 66.500000
61 1
111 11 2 84.000000
62 1
87 8 5 116.000000
63 3
40 10 9 68.000000
41 10 9 68.000000
42 10 9 14.000000
64 4
136 10 5 36.500000
137 10 5 73.000000
138 11 6 55.000000
139 11 6 102.500000
65 1
78 6 4 170.000000
66 2
74 0 0 47.500000
75 0 0 21.500000
67 2
52 5 5 122.000000
53 5 5 72.000000
68 2
47 5 9 31.500000
48 5 9 18.500000
69 1
90 10 6 56.000000
70 1
38 8 7 200.000000
71 2
22 9 3 125.000000
23 9 3 63.000000
72 3
112 11 5 144.000000
113 11 5 144.000000
114 11 5 2.000000
73 2
59 11 6 110.000000
60 11 6 35.000000
74 1
93 5 0 97.000000
75 1
122 9 5 52.000000
76 3
138 10 5 73.000000
139 10 5 73.000000
140 10 5 6.000000
77 2
72 10 7 195.000000
73 10 7 30.000000
78 4
21 9 5 39.500000
22 9 5 79.000000
23 9 5 79.000000
24 9 5 78.500000
79 2
137 14 14 57.000000
138 14 14 48.000000
80 3
105 6 3 133.500000
106 6 4 129.000000
107 6 4 24.500000
81 1
38 6 8 100.000000
82 1
76 4 7 140.000000
83 1
125 7 4 62.000000
84 2
5 9 8 116.000000
6 9 8 94.000000
85 4
152 15 8 57.500000
153 15 8 115.000000
154 15 8 115.000000
155 15 8 1.500000
86 1
92 7 3 64.000000
87 3
48 11 6 55.000000
49 11 6 110.000000
50 11 6 102.000000
88 2
85 4 1 125.000000
86 4 1 8.000000
89 2
151 9 7 232.000000
152 9 7 40.000000
90 3
35 4 3 50.500000
36 4 3 101.000000
37 4 3 66.500000
91 2
94 6 3 267.000000
95 6 3 28.000000
92 1
83 7 1 82.000000
93 2
113 9 2 89.500000
114 9 2 119.500000
94 2
109 4 14 157.000000
110 4 14 135.000000
95 2
115 15 11 153.000000
116 15 11 73.000000
96 3
99 6 5 111.000000
100 6 5 111.000000
101 6 5 11.000000
97 1
99 6 4 90.000000
98 1
62 9 4 92.000000
99 3
81 14 2 78.000000
82 14 2 78.000000
83 14 2 51.000000
100 2
136 5 5 61.000000
137 4 5 83.000000
101 5
96 2 11 50.000000
97 2 11 50.000000
98 2 11 50.000000
99 2 11 25.000000
100 3 11 94.000000
102 3
108 11 6 55.000000
109 11 6 110.000000
110 11 6 74.000000
103 2
39 4 5 25.000000
40 4 5 98.000000
104 2
83 5 5 122.000000
84 5 5 23.000000
105 2
39 5 4 141.000000
40 5 4 44.000000
106 1
8 8 1 71.000000
107 2
17 13 9 196.000000
18 13 9 88.000000
108 1
121 8 8 67.000000
109 2
86 4 5 96.000000
87 4 5 97.000000
110 1
119 4 0 92.000000
111 3
42 12 6 56.000000
43 12 6 112.000000
44 12 6 29.000000
112 2
79 10 7 97.500000
80 10 7 186.500000
113 2
73 4 4 198.000000
74 4 4 85.000000
114 3
70 6 2 106.000000
71 6 2 106.000000
72 6 2 5.000000
115 1
75 5 5 67.000000
116 2
89 8 1 165.000000
90 8 1 52.000000
117 2
133 5 3 31.000000
134 6 3 232.000000
118 3
100 10 5 39.000000
101 11 5 72.000000
102 11 5 72.000000
119 3
31 6 1 70.000000
32 6 1 140.000000
33 6 1 33.000000
120 2
124 6 2 53.000000
125 7 2 64.000000
121 2
33 7 6 112.000000
34 7 7 15.000000
122 1
129 10 7 61.000000
123 1
137 6 9 205.000000
124 1
84 11 4 145.000000
125 1
92 8 8 170.000000
126 3
22 14 10 58.500000
23 14 10 117.000000
24 14 10 1.500000
127 1
138 7 7 168.000000
128 1
61 11 5 56.000000
129 3
44 3 4 66.000000
45 3 4 132.000000
46 3 4 40.000000
130 1
83 3 14 60.000000
131 2
18 4 5 192.000000
19 4 5 41.000000
132 3
86 9 14 75.000000
87 9 14 150.000000
88 9 14 37.000000
133 2
131 9 9 160.000000
132 9 9 1.000000
134 3
117 6 5 111.000000
118 6 5 111.000000
119 6 5 71.000000
135 1
74 9 6 33.000000
136 3
15 9 5 79.000000
16 9 5 39.500000
17 8 5 44.500000
137 5
109 10 9 68.000000
110 10 9 68.000000
111 10 9 68.000000
112 10 9 34.000000
113 11 10 49.000000
138 1
123 3 0 108.000000
139 2
71 8 8 117.000000
72 8 8 39.000000
140 2
16 6 4 129.000000
17 6 4 159.000000
141 3
54 10 3 163.000000
55 10 3 81.500000
56 11 3 35.500000
142 2
14 9 7 116.000000
15 9 6 150.000000
143 2
12 2 0 158.000000
13 2 0 88.000000
144 2
80 8 1 165.000000
81 8 1 74.000000
145 1
107 8 7 222.000000
146 1
40 14 11 144.000000
147 1
107 10 10 147.000000
148 1
109 4 0 38.000000
149 2
13 4 4 198.000000
14 4 4 37.000000
150 1
84 5 8 151.000000
151 1
112 7 3 283.000000
152 2
96 6 7 52.500000
97 6 7 71.500000
153 3
19 7 12 55.000000
20 7 12 110.000000
21 7 12 76.000000
154 2
96 4 6 55.000000
97 4 6 22.000000
155 3
55 5 6 36.500000
56 5 7 75.000000
57 5 7 29.500000
156 3
62 0 3 54.000000
63 0 3 54.000000
64 0 3 26.000000
157 1
67 8 5 214.000000
158 2
69 5 4 141.000000
70 5 4 78.000000
159 2
39 9 4 60.000000
40 9 4 70.000000
160 2
125 8 4 182.000000
126 8 4 99.000000
161 1
145 4 2 60.000000
162 1
43 6 6 34.000000
163 1
6 9 6 33.000000
164 1
8 8 7 287.000000
165 1
68 6 4 211.000000
166 2
87 4 3 101.000000
88 4 3 44.000000
167 1
15 13 10 34.000000
168 1
143 11 4 51.000000
169 1
8 3 4 121.000000
170 1
78 10 2 113.000000
171 2
132 5 5 122.000000
133 5 5 85.000000
172 3
8 10 5 73.000000
9 10 5 73.000000
10 10 5 23.000000
173 1
99 11 6 73.000000
174 1
100 4 0 192.000000
175 2
22 5 5 122.000000
23 5 5 3.000000
176 3
84 12 5 58.500000
85 12 6 112.000000
86 12 6 56.500000
177 2
147 4 6 110.000000
148 4 6 6.000000
178 2
44 6 6 184.000000
45 6 6 68.000000
179 2
117 6 0 70.000000
118 6 0 14.000000
180 2
119 9 7 116.000000
120 9 7 85.000000
181 2
89 11 11 41.500000
90 11 11 78.500000
182 3
101 5 9 63.000000
102 5 9 31.500000
103 8 9 78.500000
183 2
15 14 8 91.000000
16 14 8 175.000000
184 2
137 1 4 85.000000
138 1 4 16.000000
185 2
116 11 3 200.000000
117 11 3 75.000000
186 1
33 11 5 85.000000
187 2
111 9 5 39.500000
112 9 5 44.500000
188 2
40 11 13 111.000000
41 11 13 95.000000
189 4
39 5 3 62.000000
40 5 3 62.000000
41 5 3 62.000000
42 5 3 22.000000
190 1
81 6 3 64.000000
191 2
62 3 5 182.000000
63 3 5 112.000000
192 2
51 7 8 114.000000
52 7 8 11.000000
193 3
119 4 6 110.000000
120 4 6 110.000000
121 4 6 9.000000
194 2
41 2 3 77.000000
42 2 3 48.000000
195 3
101 11 9 109.000000
102 11 9 109.000000
103 11 9 12.000000
196 1
38 7 5 190.000000
197 1
107 7 2 100.000000
198 2
42 5 8 104.000000
43 5 8 176.000000
199 2
42 11 10 69.000000
43 11 10 60.000000
200 1
28 4 5 45.000000
201 4
129 6 7 105.000000
130 6 7 105.000000
131 6 7 52.500000
132 6 6 28.500000
202 2
56 6 4 129.000000
57 6 4 118.000000
203 4
71 3 12 71.000000
72 3 12 71.000000
73 3 12 35.500000
74 4 12 30.500000
204 1
48 9 11 101.000000
205 1
88 8 5 179.000000
206 2
86 8 11 72.500000
87 8 11 21.500000
207 1
39 4 5 167.000000
208 4
73 5 6 73.000000
74 5 6 73.000000
75 5 6 36.500000
76 4 6 35.500000
209 1
96 6 14 62.000000
210 1
87 8 7 96.000000
211 1
33 8 0 110.000000
212 2
43 5 8 32.000000
44 5 8 138.000000
213 3
107 10 1 47.000000
108 10 1 94.000000
109 10 1 45.000000
214 1
127 0 1 69.000000
215 4
36 6 7 52.500000
37 6 7 105.000000
38 6 7 105.000000
39 6 7 11.500000
216 1
97 8 5 98.000000
217 1
89 1 3 139.000000
218 2
37 4 3 34.500000
38 4 3 58.500000
219 2
26 4 3 101.000000
27 4 3 56.000000
220 2
133 10 6 218.000000
134 10 6 72.000000
221 1
108 7 5 87.000000
222 3
100 9 4 120.000000
101 9 4 120.000000
102 9 4 5.000000
223 1
17 2 0 37.000000
224 2
111 9 7 232.000000
112 9 7 3.000000
225 2
41 7 1 68.000000
42 7 1 129.000000
226 1
69 4 4 74.000000
227 1
16 11 8 100.000000
228 2
100 12 2 91.500000
101 12 1 2.500000
229 1
22 14 11 164.000000
230 2
54 17 5 113.000000
55 17 5 47.000000
231 2
121 3 0 85.500000
122 3 0 130.500000
232 2
82 9 3 125.000000
83 9 3 32.000000
233 2
50 5 4 282.000000
51 5 4 5.000000
234 4
17 1 12 104.000000
18 1 12 104.000000
19 1 12 52.000000
20 2 12 8.000000
235 2
78 7 6 112.000000
79 7 6 42.000000
236 1
38 17 7 33.000000
237 3
11 3 16 64.500000
12 3 16 129.000000
13 3 16 28.500000
238 2
20 10 17 66.500000
21 10 17 35.500000
239 2
28 9 6 237.000000
29 9 6 51.000000
240 4
76 5 7 75.000000
77 5 7 75.000000
78 5 7 37.500000
79 6 7 3.500000
241 2
31 3 3 78.000000
33 4 4 31.000000
242 3
119 4 3 101.000000
120 4 3 50.500000
121 4 4 35.500000
243 1
19 8 11 140.000000
244 3
28 4 8 67.500000
29 3 8 83.500000
30 3 7 32.000000
245 1
92 4 1 78.000000
246 3
108 5 2 48.500000
109 5 2 97.000000
110 5 2 74.500000
247 2
27 3 10 84.000000
28 3 10 47.000000
248 3
110 4 5 106.000000
111 4 5 96.000000
112 5 5 30.000000
249 2
116 4 1 74.000000
117 4 2 32.000000
250 3
26 10 4 67.000000
27 10 5 73.000000
28 10 5 33.000000
251 2
93 4 7 111.500000
94 4 7 163.500000
252 1
82 12 15 45.000000
253 1
28 7 4 156.000000
254 3
45 9 5 79.000000
46 9 5 39.500000
47 10 5 32.500000
255 2
41 11 13 16.000000
42 11 13 110.000000
256 3
13 5 5 122.000000
14 5 5 122.000000
15 5 5 55.000000
257 2
6 3 0 85.500000
7 4 2 19.500000
258 1
35 5 8 202.000000
259 1
53 8 8 212.000000
260 1
53 7 10 30.000000
261 2
38 8 6 166.000000
39 8 6 118.000000
262 5
88 5 3 31.000000
89 5 3 62.000000
90 5 3 62.000000
91 5 3 62.000000
92 5 3 41.000000
263 3
120 16 6 100.000000
121 16 7 98.000000
122 16 7 56.000000
264 1
66 4 2 113.000000
265 4
44 1 1 44.000000
45 1 1 88.000000
46 1 1 88.000000
47 1 1 2.000000
266 1
117 9 6 114.000000
267 2
144 5 5 122.000000
145 5 5 43.000000
268 1
41 9 7 57.000000
269 2
78 5 3 31.000000
79 5 3 48.000000
270 3
137 10 12 174.000000
138 10 12 87.000000
139 11 13 19.000000
271 1
114 9 5 52.000000
272 1
47 12 4 79.000000
273 2
144 9 6 118.500000
145 9 6 154.500000
274 1
136 6 9 105.000000
275 1
10 6 4 246.000000
276 2
79 12 15 69.500000
80 12 15 123.500000
277 3
8 7 10 75.500000
9 7 10 151.000000
10 7 10 70.500000
278 3
30 4 6 110.000000
31 4 6 55.000000
32 5 6 11.000000
279 1
48 11 3 171.000000
280 2
124 9 4 60.000000
125 10 4 107.000000
281 3
39 5 11 68.000000
40 5 11 68.000000
41 5 11 47.000000
282 1
119 8 5 138.000000
283 2
19 15 3 143.000000
20 15 3 46.000000
284 2
18 6 4 258.000000
19 6 4 5.000000
285 1
31 12 9 45.000000
286 2
104 9 10 78.000000
105 9 10 128.000000
287 2
66 4 6 55.000000
67 4 6 90.000000
288 2
42 0 6 94.500000
43 0 6 23.500000
289 1
99 8 6 208.000000
290 5
11 8 10 84.000000
12 8 10 84.000000
13 8 10 42.000000
14 9 10 78.000000
15 9 10 3.000000
291 2
84 4 1 148.000000
85 4 1 23.000000
292 1
89 4 6 101.000000
293 1
87 3 3 143.000000
294 1
77 7 2 79.000000
295 2
58 11 3 200.000000
59 11 3 11.000000
296 3
31 7 8 114.000000
32 7 8 114.000000
33 7 8 42.000000
297 4
108 5 3 31.000000
109 5 3 62.000000
110 5 3 62.000000
111 5 3 27.000000
298 1
80 10 2 122.000000
299 3
86 15 2 45.000000
87 15 2 90.000000
88 15 2 2.000000
300 4
116 5 7 75.000000
117 5 7 75.000000
118 5 7 37.500000
119 3 7 86.500000
