1 1
36 38 11 39.000000
2 2
48 48 28 29.000000
49 48 28 3.000000
3 1
109 24 15 52.000000
4 1
244 10 19 31.000000
5 1
91 17 7 31.000000
6 2
55 33 27 54.000000
56 33 27 8.000000
7 1
92 20 10 32.000000
8 1
32 46 19 74.000000
9 1
38 35 25 30.000000
10 1
129 47 23 32.000000
11 1
65 15 17 35.000000
12 1
24 12 19 43.000000
13 1
57 8 20 43.000000
14 2
73 17 26 88.000000
74 17 26 163.000000
15 1
81 16 29 32.000000
16 1
74 46 16 45.000000
17 1
33 39 20 52.000000
18 1
47 40 20 33.000000
19 1
61 11 20 34.000000
20 1
128 41 7 64.000000
21 1
60 6 9 34.000000
22 1
263 33 23 38.000000
23 1
67 17 9 30.000000
24 2
53 47 23 177.000000
54 47 23 7.000000
25 1
236 2 17 37.000000
26 1
49 7 3 33.000000
27 1
30 9 19 38.000000
28 4
66 18 29 37.000000
67 18 29 74.000000
68 18 29 74.000000
69 18 29 48.000000
29 1
82 5 10 37.000000
30 1
195 13 14 33.000000
31 1
72 8 21 44.000000
32 1
78 38 8 32.000000
33 1
79 37 23 42.000000
34 1
45 17 17 120.000000
35 1
57 13 12 83.000000
36 1
70 20 3 39.000000
37 2
41 8 24 0.500000
42 8 23 39.500000
38 1
25 31 20 36.000000
39 1
199 9 22 35.000000
40 1
99 20 14 49.000000
41 1
85 31 13 35.000000
42 7
275 35 6 0.500000
276 35 6 1.000000
277 35 6 1.000000
278 35 6 1.000000
279 35 6 1.000000
280 35 6 0.500000
281 35 8 29.000000
43 1
265 13 4 32.000000
44 1
40 2 5 32.000000
45 1
265 19 19 47.000000
46 1
182 15 23 36.000000
47 1
88 18 5 38.000000
48 1
96 13 13 32.000000
49 1
10 10 26 33.000000
50 1
110 9 9 47.000000
51 1
259 25 20 46.000000
52 1
91 7 12 54.000000
53 1
43 13 8 49.000000
54 1
89 24 21 46.000000
55 2
25 16 18 35.000000
26 15 18 9.000000
56 1
29 56 21 36.000000
57 1
89 27 18 32.000000
58 1
63 26 13 39.000000
59 1
53 5 19 74.000000
60 1
58 12 17 36.000000
61 1
90 37 5 54.000000
62 1
225 25 13 54.000000
63 3
59 11 11 81.500000
60 11 11 163.000000
61 11 11 35.500000
64 1
193 32 15 49.000000
65 1
40 17 13 30.000000
66 2
67 16 12 69.000000
68 16 11 69.000000
67 1
47 3 16 77.000000
68 4
71 25 23 26.000000
72 25 23 52.000000
73 25 23 52.000000
74 25 23 13.000000
69 1
41 10 26 45.000000
70 1
253 39 16 44.000000
71 1
175 21 28 44.000000
72 1
32 19 23 39.000000
73 1
61 41 20 31.000000
74 2
37 47 4 33.500000
38 47 4 53.500000
75 2
79 16 21 58.500000
81 17 22 32.500000
76 2
37 21 17 75.500000
38 21 17 4.500000
77 1
106 18 16 92.000000
78 2
38 14 10 36.000000
39 14 10 7.000000
79 1
265 16 26 44.000000
80 1
9 12 3 35.000000
81 1
52 51 15 40.000000
82 1
72 31 20 32.000000
83 1
53 13 25 32.000000
84 1
36 14 28 68.000000
85 1
73 19 20 39.000000
86 1
35 19 9 34.000000
87 1
5 3 22 39.000000
88 1
10 20 18 32.000000
89 1
96 34 18 36.000000
90 2
41 37 7 50.500000
42 37 7 4.500000
91 2
247 8 21 76.500000
248 8 23 70.500000
92 1
90 40 18 32.000000
93 1
250 21 16 31.000000
94 1
30 27 28 66.000000
95 2
17 23 11 53.000000
18 23 11 13.000000
96 3
60 6 8 23.500000
61 6 8 47.000000
62 6 8 1.500000
97 1
60 1 11 65.000000
98 1
29 8 18 89.000000
99 1
34 12 18 31.000000
100 1
50 20 21 39.000000
101 1
81 35 8 60.000000
102 1
71 4 20 39.000000
103 2
198 16 14 37.000000
199 16 14 19.000000
104 1
70 9 19 39.000000
105 2
215 10 26 64.500000
216 10 25 18.500000
106 1
91 45 18 31.000000
107 2
70 13 17 79.500000
71 13 16 8.500000
108 1
16 44 16 31.000000
109 1
258 12 16 38.000000
110 1
50 30 16 35.000000
111 1
97 25 21 37.000000
112 1
44 43 25 39.000000
113 1
82 44 28 35.000000
114 1
77 30 18 33.000000
115 0
116 1
96 34 21 35.000000
117 2
61 12 27 36.500000
62 14 28 7.500000
118 2
226 48 9 22.000000
227 48 9 21.000000
119 5
248 14 21 1.000000
249 14 21 1.000000
250 14 21 1.000000
251 14 21 0.500000
252 14 23 31.500000
120 1
23 21 15 40.000000
121 1
31 19 1 38.000000
122 1
244 17 18 54.000000
123 1
63 4 24 34.000000
124 1
27 11 14 37.000000
125 1
222 4 18 38.000000
126 1
87 9 20 34.000000
127 1
66 11 23 33.000000
128 2
68 7 11 55.000000
69 7 13 2.000000
129 1
11 20 21 46.000000
130 2
104 28 5 30.500000
105 28 5 4.500000
131 1
62 14 4 48.000000
132 1
37 6 7 31.000000
133 1
51 9 11 63.000000
134 1
30 30 16 31.000000
135 1
86 21 15 42.000000
136 5
257 39 9 1.000000
258 39 9 1.000000
259 39 9 1.000000
260 39 9 0.500000
261 39 11 33.500000
137 1
34 14 27 33.000000
138 1
46 12 27 35.000000
139 1
272 17 13 51.000000
140 1
262 8 26 49.000000
141 2
42 23 16 0.500000
43 23 15 34.500000
142 2
95 26 16 122.000000
96 26 16 23.000000
143 1
17 15 20 38.000000
144 1
43 13 25 52.000000
145 2
50 16 28 52.500000
51 16 28 31.500000
146 1
18 12 21 63.000000
147 1
248 20 27 108.000000
148 1
54 19 10 58.000000
149 1
82 14 18 35.000000
150 1
276 21 19 157.000000
151 2
72 29 17 56.000000
73 29 17 13.000000
152 1
34 24 12 35.000000
153 1
234 8 17 45.000000
154 1
256 40 9 70.000000
155 1
1 11 5 48.000000
156 1
25 25 11 38.000000
157 2
273 28 22 53.000000
274 28 22 38.000000
158 2
200 13 21 81.000000
201 13 21 6.000000
159 2
50 11 18 36.000000
51 11 20 21.000000
160 3
195 11 23 47.000000
196 11 23 94.000000
197 11 23 16.000000
161 2
185 7 20 27.500000
186 7 20 22.500000
162 5
43 9 1 1.000000
44 9 1 1.000000
45 9 1 1.000000
46 9 1 0.500000
47 9 3 58.500000
163 1
24 4 9 34.000000
164 1
219 45 21 34.000000
165 1
232 13 24 67.000000
166 2
297 44 18 47.500000
299 44 20 1.500000
167 6
3 6 24 66.000000
4 6 26 0.500000
5 6 26 1.000000
6 6 26 1.000000
7 6 26 1.000000
8 6 24 6.500000
168 1
240 7 29 47.000000
169 1
39 41 1 36.000000
170 1
1 15 13 31.000000
171 1
246 40 28 38.000000
172 2
48 14 10 36.000000
49 14 10 65.000000
173 2
101 45 18 40.500000
102 45 18 55.500000
174 2
41 27 22 33.000000
42 27 22 2.000000
175 1
14 4 22 42.000000
176 1
96 7 12 38.000000
177 1
73 29 1 41.000000
178 1
29 21 23 41.000000
179 5
37 23 16 0.500000
38 23 16 1.000000
39 23 16 1.000000
40 22 15 79.500000
41 22 15 4.000000
180 2
45 11 28 35.000000
46 11 28 41.000000
181 1
45 10 26 32.000000
182 2
25 11 18 36.000000
26 11 18 2.000000
183 3
54 7 8 49.500000
55 7 7 54.000000
56 7 7 16.500000
184 1
273 21 19 35.000000
185 1
251 51 12 126.000000
186 1
239 12 23 31.000000
187 1
49 13 10 30.000000
188 2
30 11 18 36.000000
31 10 18 4.000000
189 1
78 32 17 46.000000
190 1
86 17 12 50.000000
191 1
122 22 10 32.000000
192 2
4 3 24 53.000000
5 3 24 35.000000
193 1
101 21 7 72.000000
194 2
48 7 29 192.000000
49 7 29 75.000000
195 4
107 27 29 25.000000
108 27 29 50.000000
109 27 29 50.000000
110 27 29 1.000000
196 2
36 25 13 87.500000
37 24 13 30.500000
197 1
59 7 25 33.000000
198 1
245 51 8 34.000000
199 1
47 14 17 35.000000
200 1
199 11 17 77.000000
201 1
269 11 16 71.000000
202 1
211 7 12 33.000000
203 2
66 0 9 87.000000
67 0 9 4.000000
204 2
59 36 26 33.000000
60 36 25 53.000000
205 1
48 16 9 36.000000
206 1
80 46 18 36.000000
207 1
229 13 21 33.000000
208 1
1 13 25 31.000000
209 1
217 41 12 50.000000
210 1
57 13 11 34.000000
211 1
90 31 17 46.000000
212 2
227 26 20 47.000000
228 26 20 3.000000
213 2
28 34 25 29.000000
29 34 25 6.000000
214 1
73 43 9 45.000000
215 1
39 28 15 33.000000
216 2
47 45 10 30.500000
48 45 10 8.500000
217 1
43 33 23 35.000000
218 2
79 47 18 23.500000
80 47 18 7.500000
219 1
211 14 5 33.000000
220 1
79 33 25 31.000000
221 1
66 31 18 87.000000
222 1
260 9 19 39.000000
223 1
84 10 25 33.000000
224 1
74 17 27 103.000000
225 2
245 27 5 52.500000
246 27 5 26.500000
226 1
98 40 23 40.000000
227 1
268 8 13 35.000000
228 1
22 14 23 60.000000
229 1
191 17 12 38.000000
230 1
62 53 26 33.000000
231 2
297 44 23 31.000000
298 46 24 20.000000
232 1
94 30 19 31.000000
233 1
258 46 19 30.000000
234 2
47 46 12 62.000000
48 45 12 9.000000
235 1
239 41 11 31.000000
236 1
28 14 15 36.000000
237 1
246 27 16 32.000000
238 1
12 10 22 45.000000
239 1
210 17 15 34.000000
240 1
128 12 16 31.000000
241 2
42 25 15 33.000000
43 25 17 2.000000
242 1
51 9 12 36.000000
243 5
79 41 16 0.500000
80 41 16 1.000000
81 41 16 1.000000
82 41 16 1.000000
83 41 14 45.500000
244 1
86 15 21 31.000000
245 1
255 21 23 41.000000
246 2
12 13 16 79.500000
13 13 15 14.500000
247 1
231 11 25 32.000000
248 1
38 8 3 36.000000
249 1
40 19 27 34.000000
250 1
227 19 18 33.000000
251 1
70 19 13 41.000000
252 1
40 18 17 43.000000
253 1
249 39 27 31.000000
254 1
52 11 26 32.000000
255 1
58 8 18 35.000000
256 1
195 34 24 33.000000
257 1
225 16 13 53.000000
258 2
73 16 9 77.000000
74 16 8 9.000000
259 1
239 23 26 64.000000
260 2
222 40 20 46.500000
223 40 20 0.500000
261 1
94 8 25 43.000000
262 1
54 17 8 36.000000
263 1
53 35 23 48.000000
264 1
74 22 23 32.000000
265 1
112 34 20 31.000000
266 1
61 5 8 41.000000
267 1
44 11 16 30.000000
268 1
232 12 24 34.000000
269 2
56 20 8 27.000000
57 20 8 9.000000
270 1
286 11 18 31.000000
271 1
117 34 13 34.000000
272 1
72 16 29 33.000000
273 1
94 23 8 81.000000
274 1
94 34 12 37.000000
275 1
47 17 20 44.000000
276 1
229 11 26 57.000000
277 2
95 19 24 75.000000
96 19 24 74.000000
278 1
31 0 17 51.000000
279 1
37 11 23 35.000000
280 2
88 47 21 30.000000
89 47 20 1.000000
281 1
246 16 12 32.000000
282 1
52 2 24 30.000000
283 1
65 15 8 33.000000
284 1
252 17 9 67.000000
285 2
94 45 14 28.000000
96 46 15 15.000000
286 1
108 22 23 33.000000
287 1
65 50 21 63.000000
288 1
207 1 14 32.000000
289 1
60 5 25 47.000000
290 1
224 38 11 56.000000
291 1
52 7 4 33.000000
292 1
96 44 11 33.000000
293 6
45 18 25 1.000000
46 18 25 1.000000
47 18 25 1.000000
48 18 25 1.000000
49 18 25 0.500000
50 18 27 50.500000
294 1
19 11 21 44.000000
295 1
38 10 9 38.000000
296 2
81 28 22 53.000000
82 28 22 47.000000
297 1
76 9 5 44.000000
298 2
48 11 9 56.500000
49 13 10 20.500000
299 1
61 10 21 52.000000
300 2
291 25 23 26.000000
292 25 23 10.000000
301 2
40 16 28 52.500000
41 16 28 15.500000
302 1
291 30 22 40.000000
303 1
16 46 17 65.000000
304 1
55 3 12 31.000000
305 1
65 24 19 42.000000
306 2
25 26 12 69.000000
26 26 12 57.000000
307 1
107 12 14 39.000000
308 3
48 6 26 1.000000
49 6 26 0.500000
50 6 28 36.500000
309 1
183 18 16 31.000000
310 1
241 10 17 31.000000
311 2
210 8 7 28.000000
211 8 7 16.000000
312 1
43 6 18 48.000000
313 1
59 13 15 44.000000
314 1
246 18 29 36.000000
315 1
206 15 18 35.000000
316 2
46 8 19 36.500000
47 8 19 9.500000
317 1
183 18 28 38.000000
318 2
55 15 6 40.000000
56 15 6 11.000000
319 2
284 47 18 23.500000
285 47 17 13.500000
320 1
29 12 11 32.000000
321 1
73 22 10 32.000000
322 1
73 9 15 53.000000
323 1
215 1 10 114.000000
324 2
89 17 28 60.000000
90 17 28 49.000000
325 1
65 31 28 41.000000
326 2
261 27 22 33.000000
262 27 22 3.000000
327 1
95 11 13 31.000000
328 1
16 23 18 31.000000
329 1
79 25 19 31.000000
330 1
48 31 19 63.000000
331 1
60 31 17 40.000000
332 2
63 35 22 27.000000
64 35 22 12.000000
333 1
25 24 9 36.000000
334 1
46 36 16 47.000000
335 1
199 45 10 58.000000
336 1
60 32 5 34.000000
337 1
7 4 26 44.000000
338 2
20 8 7 28.000000
21 8 7 23.000000
339 1
52 9 18 59.000000
340 1
228 8 23 43.000000
341 1
68 16 6 31.000000
342 1
68 13 18 35.000000
343 1
90 22 15 48.000000
344 1
260 37 10 30.000000
345 2
54 11 11 81.500000
55 11 13 33.500000
346 2
249 45 14 28.000000
250 45 14 17.000000
347 2
31 9 26 75.500000
32 9 26 69.500000
348 1
84 26 11 30.000000
349 2
32 44 13 74.000000
33 44 13 19.000000
350 1
87 15 17 145.000000
351 1
49 7 18 40.000000
352 1
182 10 15 30.000000
353 3
91 15 10 87.000000
92 15 10 43.500000
93 15 8 26.500000
354 1
12 41 10 32.000000
355 1
27 9 28 36.000000
356 1
61 7 12 48.000000
357 1
265 11 10 82.000000
358 1
30 8 13 30.000000
359 1
213 2 19 114.000000
360 1
46 3 19 31.000000
361 5
186 14 26 0.500000
187 14 26 1.000000
188 14 26 1.000000
189 14 26 1.000000
190 14 24 26.500000
362 1
81 24 26 30.000000
363 1
42 18 16 36.000000
364 2
283 51 9 21.500000
284 51 9 13.500000
365 0
366 1
264 2 14 59.000000
367 1
265 13 17 52.000000
368 1
97 17 20 40.000000
369 1
62 8 26 36.000000
370 1
44 15 12 38.000000
371 2
75 28 17 0.500000
76 27 17 29.500000
372 1
201 41 20 32.000000
373 2
224 9 17 0.500000
225 9 16 32.500000
374 1
8 16 11 38.000000
375 1
257 8 4 32.000000
376 2
72 13 26 25.500000
73 13 25 31.500000
377 1
43 21 14 43.000000
378 1
57 37 20 32.000000
379 1
29 18 10 42.000000
380 1
44 28 26 30.000000
381 3
50 17 19 1.000000
51 17 19 1.000000
52 17 17 29.000000
382 1
53 16 18 31.000000
383 1
280 25 10 35.000000
384 1
214 13 24 40.000000
385 1
226 2 8 54.000000
386 2
24 6 1 23.500000
25 6 1 17.500000
387 1
86 13 8 43.000000
388 1
105 8 12 33.000000
389 1
72 4 28 31.000000
390 1
122 22 15 108.000000
391 1
18 16 24 37.000000
392 1
78 4 25 34.000000
393 2
63 3 28 71.000000
64 3 28 59.000000
394 1
24 9 27 32.000000
395 1
34 13 23 41.000000
396 1
269 46 21 58.000000
397 1
54 8 10 65.000000
398 2
251 44 21 58.000000
252 44 20 36.000000
399 1
85 12 18 36.000000
400 1
190 6 25 55.000000
401 1
253 16 27 43.000000
402 2
87 15 10 43.500000
88 15 10 51.500000
403 1
63 24 9 51.000000
404 8
56 14 26 0.500000
57 14 26 1.000000
58 14 26 1.000000
59 14 26 1.000000
60 14 24 31.500000
61 14 24 63.000000
62 14 24 63.000000
63 14 24 1.000000
405 1
54 4 7 36.000000
406 1
53 44 9 45.000000
407 1
57 21 22 62.000000
408 1
91 10 23 37.000000
409 2
11 28 12 109.000000
12 28 12 90.000000
410 1
230 45 19 45.000000
411 2
250 34 14 27.500000
251 34 14 15.500000
412 1
22 17 23 33.000000
413 2
60 22 25 30.000000
61 22 25 48.000000
414 1
113 13 18 61.000000
415 1
73 11 15 32.000000
416 1
285 15 11 43.000000
417 1
98 28 5 54.000000
418 2
247 0 10 54.500000
248 0 9 12.500000
419 1
249 18 9 39.000000
420 1
263 15 19 66.000000
421 2
232 14 19 83.000000
233 14 19 64.000000
422 1
23 32 9 57.000000
423 1
216 15 28 38.000000
424 2
98 20 17 44.000000
99 20 17 22.000000
425 2
96 40 8 28.000000
97 40 8 10.000000
426 1
61 7 17 52.000000
427 1
54 40 19 30.000000
428 2
67 11 22 41.000000
68 11 22 8.000000
429 2
89 23 21 102.000000
90 23 21 8.000000
430 1
194 15 23 49.000000
431 2
185 14 24 31.500000
186 14 23 47.500000
432 1
61 39 21 34.000000
433 1
26 15 26 45.000000
434 1
249 9 12 33.000000
435 1
46 16 25 35.000000
436 1
56 11 18 31.000000
437 1
41 9 23 36.000000
438 1
234 4 19 30.000000
439 1
53 8 13 35.000000
440 1
236 10 25 36.000000
441 2
63 1 4 76.000000
64 1 4 29.000000
442 1
47 29 25 66.000000
443 1
199 35 25 47.000000
444 1
100 30 11 59.000000
445 1
51 6 19 72.000000
446 1
45 33 12 42.000000
447 1
68 24 26 37.000000
448 2
55 41 13 31.000000
56 41 13 2.000000
449 1
24 8 20 30.000000
450 1
250 2 20 31.000000
451 1
260 17 5 54.000000
452 2
34 10 19 31.000000
35 10 19 1.000000
453 2
61 19 26 127.000000
62 19 26 77.000000
454 1
187 11 17 60.000000
455 1
72 50 17 39.000000
456 1
127 24 21 32.000000
457 2
250 7 25 36.500000
251 7 24 49.500000
458 1
243 47 11 35.000000
459 1
232 32 15 31.000000
460 2
73 0 20 47.000000
74 0 20 32.000000
461 1
117 16 16 31.000000
462 1
85 12 23 42.000000
463 1
224 29 11 35.000000
464 1
44 12 25 36.000000
465 1
294 50 20 31.000000
466 2
57 21 22 3.500000
58 21 22 40.500000
467 3
280 8 17 34.500000
281 8 17 69.000000
282 8 17 18.500000
468 1
238 37 21 31.000000
469 3
115 34 22 69.000000
116 34 22 69.000000
117 34 22 23.000000
470 1
229 37 18 40.000000
471 2
115 27 20 52.500000
116 27 20 12.500000
472 1
51 15 24 44.000000
473 1
52 4 3 50.000000
474 2
243 15 12 21.000000
244 15 12 13.000000
475 1
34 14 12 33.000000
476 1
263 7 21 56.000000
477 1
95 11 23 43.000000
478 1
108 7 11 35.000000
479 1
227 9 13 64.000000
480 1
66 28 19 37.000000
481 1
30 33 26 33.000000
482 1
256 13 23 34.000000
483 1
42 16 19 32.000000
484 1
63 12 15 32.000000
485 1
38 46 19 63.000000
486 2
111 13 19 23.000000
112 13 19 10.000000
487 1
60 32 15 33.000000
488 1
39 4 5 42.000000
489 1
48 16 24 32.000000
490 1
71 7 12 51.000000
491 1
260 18 18 46.000000
492 0
493 4
16 16 17 1.000000
17 16 17 0.500000
18 16 15 95.000000
19 16 15 88.500000
494 2
231 19 6 29.000000
232 19 6 29.000000
495 1
92 55 18 44.000000
496 4
217 14 26 1.000000
218 14 26 1.000000
219 14 26 1.000000
220 14 24 31.000000
497 1
62 31 22 56.000000
498 1
10 9 24 47.000000
499 1
5 4 19 75.000000
500 1
212 40 10 32.000000
501 2
46 24 26 41.000000
47 24 26 10.000000
502 1
94 26 6 33.000000
503 1
117 39 3 41.000000
504 1
19 13 16 32.000000
505 1
67 16 5 40.000000
506 1
46 14 23 38.000000
507 1
242 16 19 94.000000
508 1
260 30 21 35.000000
509 1
21 24 29 45.000000
510 1
26 4 21 31.000000
511 1
86 10 19 47.000000
512 1
239 17 13 31.000000
513 2
189 3 15 41.500000
190 3 15 65.500000
514 1
252 8 26 49.000000
515 1
40 32 20 40.000000
516 1
198 44 25 32.000000
517 2
31 43 24 25.000000
32 43 24 25.000000
518 1
39 12 21 33.000000
519 1
68 12 22 37.000000
520 1
89 8 18 102.000000
521 2
101 27 22 33.000000
102 27 22 15.000000
522 1
30 2 17 60.000000
523 1
218 37 20 33.000000
524 1
239 23 20 31.000000
525 1
14 20 14 43.000000
526 2
45 17 25 31.500000
46 17 25 10.500000
527 1
51 32 15 42.000000
528 1
54 7 13 76.000000
529 1
28 14 15 41.000000
530 1
56 23 23 36.000000
531 2
98 21 9 25.500000
100 22 10 8.500000
532 5
215 18 25 1.000000
216 18 25 1.000000
217 18 25 1.000000
218 18 23 27.000000
219 18 23 4.000000
533 1
254 39 21 41.000000
534 1
53 13 10 30.000000
535 1
227 3 27 49.000000
536 2
190 15 24 101.000000
191 15 24 20.000000
537 1
264 24 14 30.000000
538 1
59 20 14 48.000000
539 1
17 2 9 42.000000
540 1
124 18 20 37.000000
541 2
255 14 24 31.500000
256 14 23 57.500000
542 3
45 15 21 21.500000
46 15 21 43.000000
47 15 21 22.500000
543 1
14 7 17 33.000000
544 6
102 16 17 0.500000
103 16 19 52.000000
104 16 17 1.000000
105 16 17 1.000000
106 16 17 1.000000
107 16 17 0.500000
545 1
14 16 18 32.000000
546 1
52 43 6 45.000000
547 1
67 44 11 47.000000
548 1
196 3 3 85.000000
549 1
46 41 19 32.000000
550 2
223 7 11 55.000000
224 7 11 99.000000
551 2
74 33 20 31.500000
75 33 19 26.500000
552 1
64 12 3 32.000000
553 1
98 35 17 31.000000
554 2
231 20 13 26.500000
232 20 12 7.500000
555 1
31 11 7 58.000000
556 1
11 18 24 33.000000
557 7
24 6 26 0.500000
25 6 26 1.000000
26 6 26 1.000000
27 6 26 1.000000
28 6 24 66.000000
29 6 24 132.000000
30 6 24 78.500000
558 1
238 10 24 30.000000
559 1
16 6 20 83.000000
560 1
189 49 13 41.000000
561 1
228 37 16 31.000000
562 1
51 8 23 60.000000
563 1
45 10 19 40.000000
564 1
73 8 18 41.000000
565 1
12 41 20 64.000000
566 1
9 17 29 46.000000
567 1
208 9 20 34.000000
568 1
41 5 14 31.000000
569 1
38 0 18 80.000000
570 2
216 18 19 29.500000
217 18 19 6.500000
571 2
239 10 9 39.500000
240 10 11 7.500000
572 1
66 10 19 40.000000
573 1
273 19 20 31.000000
574 1
28 26 24 30.000000
575 4
58 5 15 1.000000
59 5 15 1.000000
60 5 15 1.000000
61 5 13 49.000000
576 1
71 17 18 42.000000
577 1
91 6 15 35.000000
578 1
232 15 13 31.000000
579 2
200 16 13 96.500000
201 16 13 16.500000
580 1
256 19 9 44.000000
581 1
215 13 18 46.000000
582 1
229 48 25 31.000000
583 1
55 20 21 47.000000
584 3
14 28 22 53.000000
15 28 22 26.500000
16 28 20 18.500000
585 1
270 7 18 76.000000
586 2
251 14 26 0.500000
252 14 25 41.500000
587 1
60 22 22 46.000000
588 1
88 14 20 61.000000
589 2
105 49 9 63.500000
106 49 9 41.500000
590 1
60 13 21 37.000000
591 1
82 16 18 36.000000
592 1
85 13 17 78.000000
593 1
53 30 21 35.000000
594 1
18 14 17 45.000000
595 2
237 11 22 41.000000
238 11 22 5.000000
596 1
38 16 19 40.000000
597 1
229 38 24 39.000000
598 1
258 10 17 33.000000
599 1
63 13 18 42.000000
600 2
71 30 8 43.500000
72 30 7 2.500000
601 1
47 39 8 47.000000
602 1
15 8 17 34.000000
603 1
4 22 29 38.000000
604 1
78 39 5 42.000000
605 1
69 22 8 31.000000
606 1
193 19 15 44.000000
607 1
230 16 29 81.000000
608 1
44 18 20 53.000000
609 1
230 19 8 78.000000
610 2
224 25 19 32.500000
225 25 18 21.500000
611 1
92 16 22 48.000000
612 1
82 35 18 84.000000
613 1
26 21 10 34.000000
614 1
232 10 20 35.000000
615 2
84 4 17 28.500000
85 4 17 12.500000
616 1
81 13 29 32.000000
617 1
97 25 20 36.000000
618 2
51 13 9 84.000000
52 13 9 78.000000
619 1
6 4 6 85.000000
620 1
47 37 9 32.000000
621 1
223 22 21 33.000000
622 1
25 9 21 81.000000
623 2
90 38 23 137.000000
91 38 23 36.000000
624 1
84 42 8 32.000000
625 1
92 14 19 42.000000
626 1
33 13 18 38.000000
627 2
276 13 14 21.000000
277 12 14 21.000000
628 1
55 34 23 73.000000
629 1
214 14 9 54.000000
630 1
69 25 29 37.000000
631 2
68 57 16 95.000000
69 57 15 28.000000
632 1
197 24 12 36.000000
633 1
83 23 18 37.000000
634 1
225 36 17 41.000000
635 2
29 10 19 31.000000
30 12 20 1.000000
636 3
43 13 20 152.000000
44 13 20 76.000000
45 13 22 33.000000
637 1
65 7 12 46.000000
638 0
639 2
213 21 24 23.500000
214 21 24 9.500000
640 1
39 20 14 53.000000
641 1
230 36 10 61.000000
642 2
40 9 19 43.000000
41 8 19 19.000000
643 1
92 14 23 34.000000
644 2
7 14 22 53.000000
8 14 22 16.000000
645 2
81 17 17 78.000000
82 17 17 33.000000
646 2
248 2 11 53.500000
249 2 11 49.500000
647 1
241 13 9 57.000000
648 1
199 13 25 42.000000
649 1
109 43 6 50.000000
650 1
8 20 19 31.000000
651 1
19 12 17 30.000000
652 2
205 11 18 36.000000
206 11 18 45.000000
653 1
66 15 8 43.000000
654 1
248 15 27 32.000000
655 2
62 30 10 22.500000
63 30 10 16.500000
656 1
27 9 19 64.000000
657 1
211 20 21 36.000000
658 2
73 52 11 91.000000
74 52 13 32.000000
659 1
20 13 22 42.000000
660 1
63 12 25 38.000000
661 2
85 15 26 24.000000
86 15 26 19.000000
662 2
256 35 23 43.500000
257 37 24 18.500000
663 1
59 32 8 33.000000
664 1
22 17 28 32.000000
665 1
91 13 16 77.000000
666 2
229 17 8 38.500000
230 17 8 63.500000
667 1
72 8 26 32.000000
668 2
78 0 12 36.000000
79 0 12 3.000000
669 2
98 28 23 34.500000
99 28 23 6.500000
670 2
53 8 17 69.000000
54 8 17 1.000000
671 2
264 11 19 64.000000
265 11 19 25.000000
672 2
83 12 26 44.500000
84 12 25 48.500000
673 2
32 35 19 117.000000
33 35 19 33.000000
674 1
38 20 22 34.000000
675 1
58 37 24 37.000000
676 3
46 20 8 27.000000
47 20 8 54.000000
48 20 8 16.000000
677 2
217 30 20 29.500000
218 30 19 19.500000
678 2
85 16 28 52.500000
86 16 27 11.500000
679 1
7 9 18 40.000000
680 1
58 15 2 90.000000
681 2
252 36 12 22.500000
253 36 12 14.500000
682 1
231 9 18 97.000000
683 2
96 16 20 26.500000
97 16 20 23.500000
684 1
282 8 18 39.000000
685 1
32 33 21 57.000000
686 1
252 1 27 33.000000
687 1
50 10 11 61.000000
688 1
88 15 25 40.000000
689 1
57 19 20 81.000000
690 1
221 16 19 86.000000
691 1
60 30 18 134.000000
692 1
52 2 9 36.000000
693 1
223 8 16 30.000000
694 1
265 14 13 34.000000
695 2
127 35 20 21.500000
128 35 20 10.500000
696 2
30 14 14 26.000000
31 14 14 27.000000
697 1
74 30 24 60.000000
698 1
208 15 25 34.000000
699 1
30 18 22 66.000000
700 1
11 8 9 48.000000
701 1
63 23 8 31.000000
702 1
68 10 22 67.000000
703 1
76 6 10 35.000000
704 1
98 24 15 50.000000
705 1
208 15 17 33.000000
706 1
40 4 14 53.000000
707 1
54 12 23 32.000000
708 1
224 42 4 32.000000
709 1
29 25 14 31.000000
710 1
239 15 21 39.000000
711 1
46 47 20 36.000000
712 1
63 45 17 32.000000
713 1
70 27 20 32.000000
714 1
20 9 22 47.000000
715 1
269 19 17 31.000000
716 3
270 28 12 54.500000
271 28 12 109.000000
272 28 12 18.500000
717 1
287 12 12 49.000000
718 2
64 10 19 31.000000
65 10 19 3.000000
719 4
246 15 23 47.000000
247 15 25 33.000000
248 15 25 66.000000
249 15 25 13.000000
720 1
194 1 16 48.000000
721 2
286 25 18 55.000000
287 25 20 7.000000
722 1
259 8 25 37.000000
723 1
41 11 11 60.000000
724 2
69 47 18 23.500000
70 47 18 22.500000
725 1
59 8 20 32.000000
726 1
286 30 18 47.000000
727 2
184 19 22 0.500000
185 19 21 33.500000
728 1
254 11 11 41.000000
729 1
4 17 16 45.000000
730 2
73 3 13 28.000000
74 3 13 20.000000
731 7
214 4 12 0.500000
215 4 12 1.000000
216 4 12 1.000000
217 4 12 1.000000
218 4 12 1.000000
219 4 12 0.500000
220 4 14 49.000000
732 3
60 15 16 42.000000
61 14 16 50.000000
62 15 18 4.000000
733 5
77 17 19 0.500000
78 17 19 1.000000
79 17 19 1.000000
80 16 18 35.000000
81 16 18 30.500000
734 1
210 16 20 41.000000
735 1
8 6 20 34.000000
736 1
239 22 13 41.000000
737 1
266 28 19 74.000000
738 1
35 9 14 32.000000
739 4
77 18 25 1.000000
78 18 25 1.000000
79 18 23 54.000000
80 18 23 6.000000
740 1
49 17 18 37.000000
741 2
266 33 19 31.000000
267 35 20 17.000000
742 6
13 15 22 0.500000
14 15 22 1.000000
15 15 22 1.000000
16 15 22 1.000000
17 15 20 51.000000
18 15 20 108.500000
743 2
51 35 13 33.500000
52 35 13 20.500000
744 2
38 8 18 66.500000
39 8 18 1.500000
745 1
33 39 15 35.000000
746 2
55 15 21 21.500000
56 15 21 10.500000
747 1
71 8 19 34.000000
748 2
42 8 11 35.000000
43 8 11 6.000000
749 1
44 29 10 37.000000
750 4
209 13 21 81.000000
210 13 21 81.000000
211 13 21 81.000000
212 13 21 27.000000
751 1
250 3 22 44.000000
752 1
58 10 14 37.000000
753 1
81 13 5 36.000000
754 4
50 14 21 1.000000
51 14 21 0.500000
52 14 23 60.000000
53 14 23 30.500000
755 1
54 9 21 37.000000
756 3
66 27 26 131.000000
67 27 26 131.000000
68 27 26 18.000000
757 3
197 9 29 125.000000
198 9 29 125.000000
199 9 29 14.000000
758 1
245 37 10 41.000000
759 1
10 0 22 33.000000
760 1
73 54 15 35.000000
761 1
42 3 4 36.000000
762 1
74 46 16 31.000000
763 1
77 25 21 128.000000
764 1
106 10 14 53.000000
765 1
91 9 8 51.000000
766 1
249 7 10 39.000000
767 1
51 16 18 45.000000
768 1
14 20 25 34.000000
769 2
74 50 19 28.500000
75 50 19 51.500000
770 1
19 25 21 93.000000
771 1
37 12 18 39.000000
772 2
57 29 23 34.500000
58 29 23 43.500000
773 1
234 9 10 36.000000
774 1
99 29 22 70.000000
775 2
20 37 15 31.500000
21 37 17 21.500000
776 1
76 11 20 40.000000
777 1
45 22 24 32.000000
778 1
230 1 23 50.000000
779 1
202 9 11 35.000000
780 1
231 8 27 59.000000
781 1
228 12 16 39.000000
782 2
45 47 15 22.000000
46 47 15 29.000000
783 1
10 8 27 47.000000
784 1
26 16 26 42.000000
785 1
38 16 19 32.000000
786 1
34 10 16 33.000000
787 2
62 2 19 85.500000
63 2 19 17.500000
788 1
289 42 13 31.000000
789 1
33 16 18 31.000000
790 1
60 19 7 36.000000
791 1
41 21 25 50.000000
792 1
79 7 18 44.000000
793 1
214 16 22 36.000000
794 1
67 26 16 31.000000
795 1
275 46 7 31.000000
796 1
56 34 21 37.000000
797 1
226 2 17 32.000000
798 1
51 8 28 56.000000
799 1
56 19 26 64.000000
800 2
84 10 19 31.000000
85 10 19 29.000000
801 1
178 3 7 36.000000
802 1
46 9 26 35.000000
803 1
44 2 8 48.000000
804 1
37 5 10 35.000000
805 1
16 11 20 36.000000
806 2
82 8 2 55.000000
83 8 2 4.000000
807 1
20 9 9 57.000000
808 5
220 14 29 0.500000
221 14 29 1.000000
222 14 29 1.000000
223 14 29 1.000000
224 14 27 59.500000
809 1
71 35 18 32.000000
810 1
33 38 13 31.000000
811 1
255 9 19 30.000000
812 1
99 23 0 31.000000
813 1
48 38 20 43.000000
814 1
186 8 29 38.000000
815 1
90 46 8 30.000000
816 1
210 26 23 31.000000
817 1
187 23 11 45.000000
818 1
203 19 5 32.000000
819 1
255 19 15 32.000000
820 1
52 20 20 36.000000
821 5
72 18 26 0.500000
73 18 26 1.000000
74 18 26 1.000000
75 18 26 1.000000
76 18 24 30.500000
822 1
184 22 20 43.000000
823 1
228 8 18 49.000000
824 1
274 25 18 34.000000
825 1
52 15 10 33.000000
826 1
79 10 22 162.000000
827 3
251 9 6 45.500000
252 9 6 91.000000
253 9 6 2.500000
828 2
49 39 17 51.500000
50 39 17 27.500000
829 2
97 35 10 93.000000
98 35 10 94.000000
830 1
94 26 16 34.000000
831 1
83 13 25 89.000000
832 1
88 12 17 46.000000
833 1
64 23 13 32.000000
834 1
231 15 28 42.000000
835 1
211 9 21 32.000000
836 1
240 11 27 37.000000
837 1
11 4 19 39.000000
838 2
109 31 21 81.500000
110 31 21 2.500000
839 1
259 13 0 31.000000
840 3
46 14 8 1.000000
47 14 8 0.500000
48 14 6 39.500000
841 2
281 15 23 47.000000
282 15 23 5.000000
842 4
197 17 29 44.500000
198 17 29 89.000000
199 17 29 89.000000
200 17 29 53.500000
843 1
86 7 17 30.000000
844 1
41 11 22 36.000000
845 2
98 40 27 31.000000
99 40 27 21.000000
846 1
205 5 11 44.000000
847 1
249 39 12 32.000000
848 5
269 27 23 37.000000
270 27 23 74.000000
271 27 23 74.000000
272 27 23 74.000000
273 27 23 5.000000
849 1
11 10 26 31.000000
850 2
51 13 19 23.000000
52 13 19 21.000000
851 1
254 16 11 34.000000
852 1
17 21 14 74.000000
853 2
6 38 9 74.500000
7 38 9 5.500000
854 1
86 13 27 30.000000
855 1
90 16 15 32.000000
856 1
105 46 12 48.000000
857 1
56 3 28 31.000000
858 1
87 38 14 33.000000
859 1
56 28 29 37.000000
860 5
38 41 19 24.500000
39 43 20 48.000000
40 43 20 96.000000
41 43 20 96.000000
42 43 20 15.500000
861 1
193 24 20 46.000000
862 1
82 25 20 32.000000
863 1
78 18 18 50.000000
864 1
29 23 15 42.000000
865 1
27 19 18 31.000000
866 1
35 12 18 31.000000
867 1
208 25 25 43.000000
868 1
78 14 15 35.000000
869 1
36 6 20 42.000000
870 2
11 39 16 24.500000
12 39 16 19.500000
871 1
102 10 2 36.000000
872 1
198 22 23 67.000000
873 1
13 20 12 30.000000
874 1
86 22 14 34.000000
875 2
97 35 15 21.500000
98 35 15 13.500000
876 1
46 21 15 45.000000
877 1
72 9 23 37.000000
878 3
34 10 9 39.500000
35 10 9 79.000000
36 10 9 32.500000
879 2
74 0 19 28.500000
75 0 19 5.500000
880 1
192 13 21 34.000000
881 2
210 7 20 27.500000
211 6 20 11.500000
882 2
87 7 14 24.000000
88 7 14 25.000000
883 2
216 6 10 41.000000
217 6 10 11.000000
884 3
237 27 1 1.000000
238 27 1 0.500000
239 27 3 56.500000
885 2
15 7 20 27.500000
16 7 20 29.500000
886 2
52 21 12 30.000000
53 21 11 17.000000
887 1
72 18 21 32.000000
888 1
132 11 15 44.000000
889 1
81 15 13 37.000000
890 1
47 29 8 35.000000
891 2
186 12 27 36.500000
187 12 27 4.500000
892 1
225 36 7 47.000000
893 2
246 1 0 65.000000
247 0 0 11.000000
894 1
273 36 23 91.000000
895 2
222 35 25 24.000000
223 35 24 32.000000
896 1
82 11 11 41.000000
897 1
36 33 27 105.000000
898 1
214 28 15 36.000000
899 1
71 1 10 37.000000
900 1
101 27 14 49.000000
