1 1
39 1 2 59.0
2 1
8 2 1 107.0
3 1
24 2 1 63.0
4 3
12 3 2 34.5
16 3 2 34.5
17 3 2 59.0
5 1
14 2 0 18.0
6 2
47 3 4 58.0
51 3 4 32.0
7 1
8 1 2 73.0
8 2
23 4 3 53.5
24 4 3 12.5
9 7
11 0 1 15.0
12 0 1 30.0
13 0 1 30.0
14 0 1 30.0
15 0 1 30.0
16 0 1 30.0
17 0 1 5.0
10 2
31 2 4 87.5
32 2 4 57.5
11 6
51 3 3 40.0
52 3 3 40.0
53 3 3 20.0
57 3 3 20.0
58 3 3 40.0
59 3 3 14.0
12 3
1 1 3 57.0
2 1 3 114.0
3 1 3 23.0
13 1
41 2 4 60.0
14 2
41 3 2 69.0
42 3 2 23.0
15 3
6 2 3 22.5
7 2 3 45.0
8 2 3 3.5
16 1
50 1 4 42.0
17 1
28 4 4 64.0
18 2
39 1 1 57.0
40 1 1 68.0
19 1
37 2 0 151.0
20 1
19 0 2 27.0
