1 1
239 7 20 38.000000
2 2
226 6 16 20.000000
227 6 16 19.000000
3 1
164 23 19 42.000000
4 0
5 1
167 5 11 53.000000
6 2
190 6 0 122.000000
191 6 0 13.000000
7 0
8 1
191 2 22 41.000000
9 0
10 1
210 7 15 38.000000
11 1
219 23 19 74.000000
12 1
232 13 8 30.000000
13 1
176 20 10 33.000000
14 1
180 7 19 32.000000
15 1
182 21 18 60.000000
16 1
213 14 12 39.000000
17 1
178 7 0 50.000000
18 1
223 12 16 34.000000
19 0
20 0
21 1
182 4 4 33.000000
22 1
171 1 6 44.000000
23 1
181 5 0 31.000000
24 1
213 24 24 32.000000
25 0
26 0
27 1
192 10 16 41.000000
28 1
216 6 0 33.000000
29 3
191 5 4 1.000000
192 5 4 0.500000
194 8 4 32.500000
30 1
186 6 10 39.000000
31 1
174 20 27 47.000000
32 0
33 2
229 13 9 31.000000
230 13 9 2.000000
34 1
189 13 21 44.000000
35 2
232 10 5 46.000000
233 10 5 30.000000
36 1
196 16 17 32.000000
37 1
194 10 2 56.000000
38 2
238 4 7 34.000000
239 4 7 25.000000
39 1
232 10 4 32.000000
40 1
179 23 20 38.000000
41 1
191 5 13 70.000000
42 2
220 22 9 39.500000
221 22 9 3.500000
43 1
191 11 6 34.000000
44 2
229 13 7 27.500000
230 13 7 2.500000
45 1
208 6 6 55.000000
46 1
222 10 7 34.000000
47 2
229 13 4 53.500000
230 13 4 13.500000
48 0
49 1
187 17 7 51.000000
50 1
216 7 0 33.000000
51 4
188 24 25 43.000000
189 24 25 86.000000
190 24 25 86.000000
191 24 25 45.000000
52 1
226 16 20 33.000000
53 1
166 9 2 52.000000
54 1
202 10 18 42.000000
55 2
180 2 12 25.500000
181 2 12 6.500000
56 1
216 19 21 30.000000
57 2
200 12 11 45.500000
201 12 11 4.500000
58 2
174 8 0 0.500000
175 7 0 27.000000
59 1
218 4 4 37.000000
60 1
194 18 13 36.000000
61 1
218 7 7 37.000000
62 1
238 8 7 31.000000
63 1
176 6 1 44.000000
64 2
173 3 5 86.000000
174 3 5 14.000000
65 1
203 11 6 33.000000
66 4
177 18 25 1.000000
178 18 25 1.000000
179 18 25 0.500000
180 15 25 29.500000
67 2
192 4 3 1.000000
193 3 3 30.500000
68 1
235 17 20 31.000000
69 2
154 18 19 25.000000
155 18 19 7.000000
70 1
178 4 0 36.000000
71 0
72 2
222 21 17 52.000000
223 21 17 23.000000
73 5
223 9 15 0.500000
224 9 15 1.000000
225 9 15 1.000000
226 6 15 24.500000
227 6 15 4.500000
74 2
231 21 7 26.500000
232 21 7 18.500000
75 1
190 5 9 59.000000
76 1
225 17 17 31.000000
77 1
219 6 21 66.000000
78 2
173 9 3 37.000000
174 9 3 15.000000
79 2
234 13 8 34.000000
235 12 8 28.000000
80 7
224 11 10 1.000000
225 11 10 1.000000
226 11 10 0.500000
227 8 10 1.000000
228 8 10 1.000000
229 8 10 0.500000
230 5 10 27.000000
81 1
215 7 21 32.000000
82 2
195 10 11 51.000000
196 10 11 8.000000
83 0
84 1
180 6 12 36.000000
85 1
195 17 17 30.000000
86 1
239 13 19 34.000000
87 1
213 0 4 37.000000
88 0
89 2
159 13 25 26.500000
160 13 25 18.500000
90 1
186 6 7 32.000000
91 1
234 19 23 39.000000
92 7
219 13 16 0.500000
220 13 16 1.000000
221 15 16 25.500000
223 13 16 1.000000
224 13 16 0.500000
225 11 16 1.000000
226 11 16 0.500000
93 1
177 5 3 35.000000
94 0
95 2
235 27 27 28.500000
236 27 27 9.500000
96 1
151 13 13 40.000000
97 1
217 5 0 30.000000
98 1
196 6 8 37.000000
99 1
190 12 20 35.000000
100 1
201 11 6 40.000000
101 2
231 11 7 42.000000
232 11 7 3.000000
102 1
157 5 1 31.000000
103 1
206 11 9 44.000000
104 1
196 26 23 36.000000
105 1
239 4 0 37.000000
106 1
214 11 11 33.000000
107 1
188 24 21 65.000000
108 4
225 11 12 60.000000
226 11 12 30.000000
228 14 12 40.000000
229 14 12 66.000000
109 0
110 0
111 1
213 13 8 45.000000
112 4
184 19 10 1.000000
185 19 10 1.000000
186 19 10 1.000000
187 16 10 74.500000
113 1
227 5 0 31.000000
114 4
170 12 4 0.500000
171 12 4 1.000000
172 12 4 1.000000
173 9 4 26.000000
115 1
227 18 21 34.000000
116 1
204 21 16 33.000000
117 0
118 1
218 14 9 35.000000
119 1
168 24 27 75.000000
120 1
206 6 9 32.000000
121 1
205 10 17 34.000000
122 2
177 5 0 32.500000
178 5 0 5.500000
123 1
218 4 0 40.000000
124 1
190 12 17 32.000000
125 1
189 6 1 35.000000
126 1
212 15 18 63.000000
127 1
209 17 26 43.000000
128 0
129 1
215 7 0 32.000000
130 3
219 8 15 41.500000
222 10 15 54.000000
223 10 15 5.500000
131 1
219 27 23 33.000000
132 1
200 5 0 39.000000
133 1
224 23 26 58.000000
134 2
230 17 21 22.000000
233 19 21 10.000000
135 1
176 26 24 32.000000
136 2
162 10 0 0.500000
163 9 0 29.000000
137 4
205 11 14 1.000000
206 11 14 0.500000
208 14 14 23.000000
209 14 14 5.500000
138 3
227 15 8 69.000000
228 15 8 138.000000
229 15 8 6.000000
139 1
220 7 0 49.000000
140 0
141 2
197 9 7 173.000000
198 9 7 40.000000
142 2
185 17 19 37.000000
186 17 19 25.000000
143 1
222 20 6 32.000000
144 1
192 5 3 49.000000
145 2
220 22 18 78.500000
221 22 18 26.500000
146 1
192 21 20 55.000000
147 2
223 23 18 1.000000
224 22 18 38.500000
148 1
159 6 9 44.000000
149 0
150 1
191 12 7 31.000000
151 1
206 20 20 34.000000
152 1
167 6 9 40.000000
153 1
195 7 0 33.000000
154 1
237 5 10 34.000000
155 1
237 17 16 51.000000
156 5
235 19 7 1.000000
236 19 7 1.000000
237 19 7 1.000000
238 19 7 0.500000
239 23 7 33.500000
157 1
230 22 27 41.000000
158 2
191 1 0 0.500000
192 0 0 34.000000
159 2
189 15 16 130.000000
190 15 16 130.000000
160 2
155 27 27 28.500000
156 27 27 9.500000
161 2
214 18 27 0.500000
215 17 27 28.000000
162 2
237 15 20 33.000000
238 15 20 10.000000
163 0
164 1
185 21 16 47.000000
165 1
155 19 24 34.000000
166 2
188 4 6 31.500000
189 4 6 4.500000
167 1
174 8 21 36.000000
168 1
224 11 4 34.000000
169 1
169 14 21 34.000000
170 2
192 10 0 0.500000
193 9 0 73.000000
171 1
211 12 16 37.000000
172 1
194 10 5 33.000000
173 1
207 5 1 40.000000
174 3
160 12 4 0.500000
161 11 4 19.500000
162 11 4 12.500000
175 1
184 0 0 64.000000
176 2
214 8 0 0.500000
215 7 0 42.000000
177 1
209 13 8 32.000000
178 1
171 1 8 49.000000
179 1
182 21 21 46.000000
180 1
199 26 21 33.000000
181 1
161 11 4 46.000000
182 2
195 17 16 41.500000
196 17 16 0.500000
183 8
190 12 6 0.500000
191 12 6 1.000000
192 12 6 1.000000
193 12 6 1.000000
194 12 6 1.000000
195 12 6 0.500000
196 16 6 60.000000
197 16 6 31.000000
184 1
195 17 8 30.000000
185 1
234 21 17 50.000000
186 0
187 1
164 3 10 42.000000
188 1
169 3 0 34.000000
189 0
190 1
209 3 4 35.000000
191 4
197 17 13 1.000000
198 17 13 1.000000
199 17 13 1.000000
200 14 13 33.500000
192 1
160 3 3 34.000000
193 1
194 20 23 32.000000
194 1
174 8 11 56.000000
195 5
227 5 4 0.500000
228 5 4 1.000000
229 5 4 1.000000
230 2 4 44.000000
231 2 4 8.000000
196 2
236 21 23 27.000000
239 24 23 1.000000
197 1
222 10 10 32.000000
198 2
223 12 1 41.000000
224 12 1 9.000000
199 2
214 8 1 58.000000
215 8 1 3.000000
200 1
182 10 9 44.000000
201 1
186 27 23 32.000000
202 1
159 3 5 32.000000
203 1
210 22 22 38.000000
204 7
165 7 8 0.500000
166 7 8 1.000000
167 7 8 1.000000
168 7 8 1.000000
169 7 8 1.000000
170 7 8 0.500000
171 11 8 29.000000
205 1
174 8 19 30.000000
206 0
207 0
208 6
186 8 18 1.000000
187 8 18 1.000000
188 8 18 1.000000
189 8 18 0.500000
190 12 18 23.500000
191 12 18 4.000000
209 2
200 12 10 48.000000
201 12 10 22.000000
210 2
229 13 5 40.500000
230 13 5 2.500000
211 2
184 8 0 0.500000
185 7 0 29.000000
212 3
229 5 8 1.000000
230 4 8 44.500000
234 8 8 1.000000
213 2
180 22 18 78.500000
181 22 18 68.500000
214 1
175 27 23 63.000000
215 1
185 17 20 30.000000
216 2
214 18 20 74.500000
215 18 20 147.500000
217 1
227 26 21 54.000000
218 1
202 10 21 33.000000
219 2
196 6 0 61.000000
197 6 0 5.000000
220 2
231 16 16 24.000000
234 18 16 27.000000
221 1
189 3 10 71.000000
222 1
214 13 3 43.000000
223 0
224 2
177 5 3 31.500000
178 5 3 113.500000
225 7
216 6 2 0.500000
217 6 2 1.000000
218 6 2 1.000000
219 6 2 1.000000
220 6 2 1.000000
221 6 2 0.500000
222 10 2 31.000000
226 0
227 2
151 1 0 0.500000
152 0 0 29.000000
228 1
163 1 4 41.000000
229 2
188 19 7 0.500000
189 18 7 35.500000
230 1
208 18 21 31.000000
231 2
204 13 6 29.500000
207 15 6 25.500000
232 1
159 4 20 36.000000
233 1
168 7 10 43.000000
234 1
238 24 11 30.000000
235 2
156 6 0 18.000000
157 6 0 13.000000
236 7
230 16 4 91.000000
231 16 4 45.500000
233 19 4 0.500000
234 19 4 1.000000
235 19 4 1.000000
236 16 4 45.500000
237 16 4 45.500000
237 2
176 6 3 43.500000
177 6 3 0.500000
238 1
193 0 0 38.000000
239 2
210 12 7 20.500000
211 12 7 15.500000
240 1
225 21 27 41.000000
241 2
169 13 7 27.500000
170 13 7 7.500000
242 1
189 18 21 30.000000
243 1
189 13 8 33.000000
244 0
245 7
212 5 4 0.500000
215 7 4 0.500000
216 9 4 23.500000
219 7 4 1.000000
220 5 4 1.000000
221 5 4 1.000000
222 5 4 0.500000
246 1
212 10 5 32.000000
247 0
248 1
214 10 6 34.000000
249 2
236 6 0 61.000000
237 6 0 72.000000
250 1
186 6 3 31.000000
251 0
252 2
236 16 16 24.000000
237 16 16 10.000000
253 2
189 13 23 24.000000
190 13 23 8.000000
254 4
187 5 8 0.500000
188 5 8 1.000000
189 5 8 1.000000
190 2 8 32.000000
255 0
256 1
174 22 22 65.000000
257 2
200 12 8 32.000000
201 12 8 10.000000
258 1
194 20 20 38.000000
259 1
226 8 3 93.000000
260 1
201 11 4 31.000000
261 4
191 11 21 0.500000
192 11 21 1.000000
193 11 21 1.000000
194 8 21 29.000000
262 1
186 11 0 42.000000
263 1
219 23 6 30.000000
264 1
223 19 5 31.000000
265 5
166 18 27 1.000000
167 18 27 1.000000
168 18 27 1.000000
169 18 27 0.500000
170 22 27 29.500000
266 4
225 17 11 0.500000
226 17 11 1.000000
227 17 11 1.000000
228 14 11 32.000000
267 1
160 22 25 41.000000
268 0
269 1
198 4 5 60.000000
270 2
191 11 6 53.500000
192 11 6 43.500000
271 1
223 10 7 44.000000
272 1
213 4 1 33.000000
273 1
209 16 11 33.000000
274 1
192 3 14 32.000000
275 2
237 8 24 49.000000
238 8 24 11.000000
276 1
186 18 10 35.000000
277 0
278 1
227 26 27 31.000000
279 1
162 4 0 31.000000
280 1
169 16 16 36.000000
281 2
221 21 23 27.000000
222 21 23 7.000000
282 4
226 7 4 1.000000
227 7 4 1.000000
228 7 4 1.000000
229 4 4 26.500000
283 1
215 21 23 33.000000
284 1
198 4 17 30.000000
285 1
223 9 0 62.000000
286 1
178 8 21 35.000000
287 1
201 13 7 33.000000
288 0
289 4
212 10 0 0.500000
213 10 0 1.000000
214 10 0 1.000000
215 7 0 33.000000
290 0
291 2
187 5 0 32.500000
188 5 0 61.500000
292 0
293 1
207 25 26 32.000000
294 1
207 6 13 39.000000
295 1
178 4 4 67.000000
296 1
202 10 12 39.000000
297 1
186 8 9 45.000000
298 1
203 23 19 77.000000
299 1
195 7 9 31.000000
300 1
232 10 9 32.000000
301 2
205 7 6 34.000000
206 7 6 4.000000
302 1
192 14 12 40.000000
303 2
171 1 0 0.500000
172 0 0 43.000000
304 1
164 20 16 35.000000
305 1
213 13 9 32.000000
306 4
166 6 11 0.500000
167 6 11 1.000000
168 4 11 81.000000
169 4 11 151.000000
307 1
202 24 25 31.000000
308 2
171 11 24 88.000000
172 11 24 10.000000
309 1
214 13 4 40.000000
310 2
192 24 11 77.000000
193 24 11 21.000000
311 2
200 5 9 83.000000
201 5 9 16.000000
312 1
150 7 0 57.000000
313 0
314 1
224 8 14 30.000000
315 2
215 27 25 0.500000
216 26 25 38.000000
316 1
150 7 0 36.000000
317 3
200 12 2 0.500000
201 11 2 39.000000
207 15 2 38.000000
318 1
191 21 20 37.000000
319 0
320 0
321 3
221 11 5 25.000000
222 11 5 50.000000
223 11 5 36.000000
322 2
197 16 12 113.000000
198 16 12 4.000000
323 1
220 6 0 44.000000
324 2
180 12 26 36.000000
181 12 26 12.000000
325 1
213 20 20 32.000000
326 1
223 3 12 54.000000
327 1
193 13 8 49.000000
328 1
224 12 20 31.000000
329 1
227 5 1 78.000000
330 2
208 14 13 27.000000
209 14 13 14.000000
331 0
332 1
205 8 2 50.000000
333 1
201 24 25 39.000000
334 0
335 3
212 10 11 25.500000
213 10 11 51.000000
214 10 11 29.500000
336 7
201 11 10 0.500000
202 11 10 1.000000
203 11 10 1.000000
204 11 10 1.000000
205 11 10 1.000000
206 11 10 0.500000
207 5 10 34.500000
337 1
193 9 4 32.000000
338 0
339 0
340 1
219 23 5 32.000000
341 0
342 1
220 5 6 57.000000
343 1
174 8 1 34.000000
344 2
193 19 22 24.500000
194 19 22 18.500000
345 1
154 11 3 38.000000
346 1
204 18 20 47.000000
347 0
348 1
227 19 24 32.000000
349 3
199 23 18 0.500000
200 23 18 1.000000
201 21 18 42.000000
350 3
161 3 11 73.000000
162 3 11 73.000000
163 3 11 33.000000
351 1
161 11 2 37.000000
352 0
353 1
214 11 2 32.000000
354 1
171 4 5 31.000000
355 1
174 11 11 45.000000
356 1
183 10 9 35.000000
357 1
229 5 3 72.000000
358 1
234 13 8 36.000000
359 3
177 5 11 54.000000
178 5 11 108.000000
179 5 11 19.000000
360 1
189 13 4 44.000000
361 1
172 21 17 39.000000
362 2
212 12 9 164.000000
213 12 9 6.000000
363 1
156 6 0 43.000000
364 1
239 17 26 50.000000
365 0
366 1
187 18 22 82.000000
367 0
368 2
164 18 21 30.000000
165 18 21 5.000000
369 1
173 9 24 35.000000
370 2
191 11 11 29.000000
192 11 11 8.000000
371 7
194 18 15 0.500000
195 18 15 1.000000
196 18 15 1.000000
197 18 15 1.000000
198 18 15 1.000000
199 18 15 0.500000
200 22 15 25.000000
372 0
373 2
202 20 5 30.000000
203 20 5 48.000000
374 1
189 25 18 50.000000
375 0
376 1
238 9 8 24.000000
377 1
202 20 20 52.000000
378 1
212 0 0 32.000000
379 1
194 22 22 57.000000
380 1
189 13 15 30.000000
381 0
382 1
232 13 9 33.000000
383 1
180 6 19 30.000000
384 1
223 10 10 43.000000
385 1
225 11 4 66.000000
386 1
239 7 15 31.000000
387 2
181 11 7 42.000000
182 11 7 1.000000
388 1
212 4 5 43.000000
389 1
210 17 17 35.000000
390 1
198 19 18 44.000000
391 0
392 8
197 5 8 0.500000
198 5 8 1.000000
199 5 8 1.000000
200 5 8 1.000000
201 5 8 1.000000
202 5 8 0.500000
203 9 8 24.000000
204 9 8 34.000000
393 1
171 13 15 34.000000
394 1
177 5 6 41.000000
395 1
212 10 6 38.000000
396 1
225 10 22 57.000000
397 1
159 4 0 31.000000
398 1
180 2 8 45.000000
399 2
183 19 20 68.000000
184 19 20 12.000000
400 3
195 7 8 0.500000
196 6 8 37.500000
197 6 8 2.500000
401 1
232 5 9 40.000000
402 1
208 24 27 68.000000
403 1
192 5 5 34.000000
404 1
177 6 21 32.000000
405 1
204 19 22 45.000000
406 1
161 12 8 53.000000
407 0
408 0
409 1
233 11 5 31.000000
410 1
163 9 7 33.000000
411 1
193 23 8 31.000000
412 2
207 5 0 32.500000
208 5 0 22.500000
413 2
221 21 21 27.000000
222 21 21 18.000000
414 2
217 5 4 0.500000
218 4 4 34.500000
415 2
195 17 12 25.500000
196 17 12 10.500000
416 1
234 18 22 34.000000
417 1
177 9 0 35.000000
418 0
419 4
233 22 26 61.000000
234 22 26 61.000000
235 22 26 30.500000
236 19 26 36.500000
420 2
187 7 4 1.000000
188 6 4 55.500000
421 1
168 6 0 34.000000
422 1
159 23 24 65.000000
423 1
212 20 24 36.000000
424 5
216 21 21 27.000000
217 20 21 67.500000
218 19 21 47.500000
219 23 21 64.000000
220 23 21 54.000000
425 1
235 7 19 35.000000
426 1
178 24 27 79.000000
427 3
177 5 4 0.500000
178 5 4 1.000000
179 3 4 43.000000
428 1
151 3 3 33.000000
429 2
211 13 6 59.000000
212 13 6 14.000000
430 0
431 4
229 6 2 1.000000
230 6 2 1.000000
231 6 2 0.500000
233 9 2 29.500000
432 1
219 13 0 31.000000
433 1
157 6 6 41.000000
434 1
158 6 3 33.000000
435 1
168 6 14 40.000000
436 1
208 4 5 51.000000
437 1
205 7 7 40.000000
438 2
214 18 6 78.000000
215 18 6 95.000000
439 1
238 7 19 51.000000
440 1
152 22 15 69.000000
441 1
236 6 9 33.000000
442 4
216 6 11 0.500000
217 6 11 1.000000
218 6 11 1.000000
219 3 11 32.000000
443 0
444 1
166 1 1 40.000000
445 1
154 21 26 64.000000
446 6
158 8 10 1.000000
159 7 10 42.000000
161 11 10 0.500000
162 11 10 1.000000
163 11 10 1.000000
164 11 10 1.000000
447 0
448 2
169 6 2 1.000000
170 5 2 28.500000
449 2
200 22 13 20.000000
201 22 13 16.000000
450 1
189 13 14 33.000000
451 0
452 1
188 18 21 40.000000
453 0
454 1
178 15 4 46.000000
455 0
456 4
223 12 13 1.000000
224 12 13 1.000000
225 12 13 0.500000
227 15 13 51.500000
457 2
157 8 0 1.000000
158 7 0 28.500000
458 0
459 1
163 21 21 36.000000
460 1
185 20 16 46.000000
461 2
211 21 17 26.000000
212 21 17 23.000000
462 1
207 9 18 33.000000
463 2
236 21 21 27.000000
239 24 21 9.000000
464 1
174 23 2 33.000000
465 1
222 11 9 35.000000
466 0
467 1
180 5 5 40.000000
468 4
172 23 25 1.000000
173 23 25 1.000000
174 23 25 0.500000
175 20 25 84.500000
469 1
190 6 6 34.000000
470 11
207 20 17 0.500000
210 22 17 0.500000
211 24 17 36.500000
214 22 17 1.000000
215 22 17 0.500000
216 26 17 0.500000
217 26 17 1.000000
224 20 17 1.000000
225 20 17 1.000000
226 20 17 1.000000
227 20 17 0.500000
471 1
218 6 10 30.000000
472 3
208 19 23 35.000000
211 21 23 27.000000
212 21 23 37.000000
473 0
474 2
186 6 6 55.000000
187 6 6 60.000000
475 1
202 10 8 43.000000
476 0
477 2
231 6 5 0.500000
232 5 5 45.500000
478 1
195 7 0 33.000000
479 0
480 1
161 11 0 37.000000
481 1
188 24 27 32.000000
482 1
235 10 4 71.000000
483 3
237 5 0 32.500000
238 5 0 65.000000
239 5 0 0.500000
484 1
156 26 27 35.000000
485 1
226 16 21 35.000000
486 1
236 9 13 31.000000
487 1
202 10 9 37.000000
488 1
236 6 4 35.000000
489 1
238 24 5 31.000000
490 0
491 2
204 8 0 0.500000
205 7 0 25.000000
492 1
214 8 7 45.000000
493 2
190 22 16 28.000000
191 22 16 25.000000
494 0
495 1
199 4 10 42.000000
496 1
164 19 20 47.000000
497 0
498 1
205 7 0 36.000000
499 3
217 17 20 124.000000
218 17 20 124.000000
219 17 20 12.000000
500 1
156 27 26 31.000000
