1 1
219 3 0 180.000000
2 1
212 23 20 184.000000
3 2
186 12 22 80.000000
187 12 22 73.000000
4 2
205 12 23 156.000000
206 12 23 37.000000
5 2
235 13 17 94.500000
236 13 17 63.500000
6 1
209 20 22 136.000000
7 1
132 16 18 118.000000
8 1
223 15 27 111.000000
9 1
192 10 2 62.000000
10 2
210 6 8 96.000000
211 6 8 117.000000
11 2
164 10 9 16.500000
165 10 9 43.500000
12 1
166 8 9 74.000000
13 1
156 14 11 41.000000
14 0
15 1
158 15 5 87.000000
16 2
190 19 24 61.000000
195 19 24 56.000000
17 1
176 24 22 103.000000
18 2
201 25 8 98.000000
202 25 8 49.000000
19 1
214 20 20 23.000000
20 1
217 18 9 92.000000
21 2
212 12 9 91.000000
213 12 9 127.000000
22 0
23 1
185 20 26 34.000000
24 2
195 21 25 197.000000
196 21 25 10.000000
25 1
208 24 22 140.000000
26 1
158 16 16 181.000000
27 2
186 17 21 158.000000
187 17 21 58.000000
28 2
194 15 27 56.000000
195 15 27 84.000000
29 0
30 1
231 3 0 53.000000
31 1
145 20 20 41.000000
32 1
237 23 12 113.000000
33 1
157 15 27 93.000000
34 1
158 23 12 73.000000
35 0
36 2
179 23 20 123.000000
180 23 20 12.000000
37 1
135 16 16 128.000000
38 1
206 4 11 23.000000
39 1
192 3 0 57.000000
40 1
143 21 14 59.000000
41 1
182 21 21 146.000000
42 0
43 0
44 1
174 20 14 89.000000
45 1
185 17 22 160.000000
46 2
193 15 27 62.000000
194 15 27 115.000000
47 2
180 23 20 157.000000
181 23 20 58.000000
48 0
49 2
184 16 6 95.000000
185 16 6 120.000000
50 0
51 1
171 12 7 28.000000
52 1
188 16 6 33.000000
53 1
239 11 8 183.000000
54 1
238 3 3 100.000000
55 1
143 18 12 128.000000
56 1
209 4 11 124.000000
57 1
208 15 27 178.000000
58 0
59 0
60 2
217 25 21 130.000000
218 25 21 44.000000
61 1
237 12 3 172.000000
62 1
164 10 9 74.000000
63 1
216 24 22 96.000000
64 0
65 3
143 20 22 82.000000
148 20 22 82.000000
149 20 22 40.000000
66 1
190 18 27 37.000000
67 2
196 22 12 78.000000
197 22 12 86.000000
68 2
196 18 9 98.000000
197 18 9 116.000000
69 2
169 15 19 88.500000
170 15 19 81.500000
70 1
238 8 5 149.000000
71 1
214 20 14 49.000000
72 0
73 1
203 13 9 153.000000
74 2
214 20 14 43.000000
215 20 14 47.000000
75 1
217 14 27 27.000000
76 2
167 17 11 168.000000
168 17 11 5.000000
77 2
237 20 15 11.000000
239 20 17 168.000000
78 2
162 20 20 1.000000
163 20 20 56.000000
79 1
237 24 21 195.000000
80 1
234 15 27 42.000000
81 1
143 9 12 90.000000
82 1
136 12 3 29.000000
83 1
213 7 11 75.000000
84 1
195 11 8 74.000000
85 1
235 17 11 94.000000
86 2
217 20 14 184.000000
218 20 14 23.000000
87 2
191 17 22 92.000000
192 17 22 70.000000
88 0
89 2
153 7 11 92.500000
154 7 11 93.500000
90 1
188 14 11 27.000000
91 2
195 10 21 95.000000
200 10 21 11.000000
92 0
93 2
153 16 19 87.000000
158 16 19 3.000000
94 2
238 18 20 93.000000
239 18 20 25.000000
95 1
239 21 18 32.000000
96 1
197 8 14 183.000000
97 1
132 14 15 92.000000
98 3
157 12 24 95.500000
162 12 24 95.500000
163 12 24 12.000000
99 1
233 18 17 79.000000
100 0
101 2
188 20 17 84.000000
189 20 17 84.000000
102 2
190 10 21 95.000000
191 10 21 5.000000
103 2
184 3 0 199.000000
189 3 0 4.000000
104 2
159 3 10 98.500000
160 3 10 3.500000
105 1
195 15 27 174.000000
106 1
194 15 27 193.000000
107 2
132 6 7 67.500000
133 6 7 132.500000
108 1
197 0 3 63.000000
109 1
173 13 18 40.000000
110 2
165 17 22 184.000000
166 17 22 33.000000
111 0
112 3
229 17 15 127.000000
230 17 15 63.500000
235 17 15 8.500000
113 2
134 22 23 54.000000
135 22 23 32.000000
114 1
197 15 27 82.000000
115 1
189 1 1 33.000000
116 1
139 3 0 26.000000
117 1
160 12 20 38.000000
118 2
237 17 25 82.000000
238 17 25 80.000000
119 1
209 23 20 81.000000
120 1
199 15 19 30.000000
121 2
232 27 19 81.500000
237 27 19 41.500000
122 2
230 12 25 68.000000
231 12 25 110.000000
123 1
209 10 12 179.000000
124 2
169 23 20 95.000000
170 23 20 48.000000
125 1
158 15 27 31.000000
126 1
215 10 4 65.000000
127 2
191 19 6 87.000000
192 19 6 86.000000
128 2
204 6 17 124.000000
205 6 17 26.000000
129 2
197 17 19 61.000000
198 17 19 119.000000
130 2
224 10 24 97.500000
225 10 24 7.500000
131 2
219 16 16 91.500000
224 16 16 61.500000
132 1
153 15 27 52.000000
133 2
218 20 22 82.000000
219 20 22 136.000000
134 0
135 2
144 14 27 143.000000
145 14 27 69.000000
136 2
123 26 17 162.000000
124 26 17 47.000000
137 2
153 21 14 76.500000
154 21 14 24.500000
138 2
226 10 4 156.000000
227 10 4 53.000000
139 1
214 27 16 55.000000
140 1
182 18 3 52.000000
141 2
157 26 6 161.000000
158 26 6 51.000000
142 2
221 11 16 171.000000
222 11 16 8.000000
143 3
126 15 3 76.500000
131 15 3 76.500000
132 15 3 59.000000
144 1
193 17 22 113.000000
145 2
173 13 18 39.000000
174 13 18 150.000000
146 2
226 5 3 82.500000
231 5 3 52.500000
147 2
191 23 20 105.000000
192 23 20 106.000000
148 2
163 12 16 99.000000
168 12 16 9.000000
149 1
164 26 17 22.000000
150 1
196 4 11 64.000000
151 2
184 20 14 92.000000
185 20 14 63.000000
152 2
133 11 19 77.500000
134 11 19 84.500000
153 1
215 17 21 60.000000
154 2
174 9 10 170.000000
175 9 10 10.000000
155 1
162 23 20 174.000000
156 0
157 1
187 8 9 26.000000
158 0
159 2
199 23 20 123.000000
200 23 20 70.000000
160 2
133 14 15 98.500000
138 14 15 29.500000
161 0
162 1
234 20 14 71.000000
163 1
201 17 22 92.000000
164 0
165 2
218 18 13 98.000000
219 18 13 28.000000
166 0
167 3
185 8 7 76.000000
190 8 7 76.000000
191 8 7 16.000000
168 2
227 25 20 96.500000
228 25 20 106.500000
169 2
135 23 12 84.000000
136 23 12 33.000000
170 1
156 15 27 139.000000
171 1
152 10 15 20.000000
172 0
173 2
208 16 19 87.000000
209 16 19 98.000000
174 3
123 16 24 62.500000
128 16 24 62.500000
129 16 24 38.000000
175 0
176 2
132 17 22 184.000000
133 17 22 29.000000
177 1
231 17 22 57.000000
178 2
159 15 24 104.000000
160 15 24 13.000000
179 1
130 4 5 121.000000
180 2
158 6 5 179.000000
159 6 5 39.000000
181 1
201 15 18 80.000000
182 1
216 13 17 149.000000
183 1
199 3 0 55.000000
184 1
217 16 16 54.000000
185 3
237 18 21 69.000000
238 18 23 38.500000
239 18 20 29.000000
186 2
162 6 22 77.000000
163 6 22 46.000000
187 2
235 11 13 97.500000
236 11 13 10.500000
188 2
233 25 17 68.500000
234 25 17 108.500000
189 2
166 8 9 16.500000
167 8 9 135.500000
190 1
140 10 22 69.000000
191 0
192 2
201 23 15 124.000000
202 23 15 53.000000
193 1
231 18 12 60.000000
194 1
236 22 2 37.000000
195 2
233 15 22 85.000000
234 15 22 13.000000
196 1
158 18 13 87.000000
197 3
224 8 5 8.500000
225 8 5 159.000000
226 8 5 26.500000
198 1
228 10 22 41.000000
199 0
200 2
201 6 5 89.500000
206 6 5 43.500000
201 1
189 3 0 23.000000
202 1
195 1 0 70.000000
203 2
211 25 18 114.500000
212 25 18 67.500000
204 1
238 2 16 37.000000
205 2
153 23 18 94.000000
154 23 18 38.000000
206 1
165 19 9 88.000000
207 1
137 21 14 60.000000
208 2
174 16 16 91.500000
175 16 16 49.500000
209 1
208 21 18 67.000000
210 2
127 5 0 112.500000
128 5 0 8.500000
211 2
210 15 19 166.000000
211 15 19 20.000000
212 2
153 10 21 190.000000
154 10 21 9.000000
213 2
199 19 17 91.500000
200 19 17 27.500000
214 0
215 3
189 10 9 90.500000
194 10 9 90.500000
195 10 9 16.000000
216 2
147 15 5 99.500000
148 15 5 108.500000
217 1
173 23 18 93.000000
218 1
203 3 0 189.000000
219 0
220 2
203 10 15 92.500000
204 10 15 39.500000
221 1
221 3 0 169.000000
222 1
187 10 15 57.000000
223 2
207 19 23 67.000000
208 19 23 103.000000
224 3
186 2 14 99.000000
187 2 14 49.500000
192 2 14 11.500000
225 2
168 10 22 97.000000
169 10 22 55.000000
226 3
206 20 23 54.500000
207 20 23 109.000000
208 20 23 37.500000
227 1
141 5 9 31.000000
228 0
229 2
209 23 17 150.000000
210 23 17 39.000000
230 2
188 17 21 79.000000
193 17 21 51.000000
231 1
173 15 27 21.000000
232 1
193 15 27 92.000000
233 2
136 2 12 93.500000
137 2 12 94.500000
234 1
177 4 11 51.000000
235 1
192 3 0 195.000000
236 1
206 16 16 90.000000
237 1
134 17 22 177.000000
238 1
185 23 7 87.000000
239 1
217 16 16 91.000000
240 3
234 18 20 54.000000
235 18 20 108.000000
236 18 20 26.000000
241 0
242 2
174 10 24 97.500000
175 10 24 9.500000
243 2
182 20 10 95.000000
183 20 10 81.000000
244 0
245 1
239 7 8 61.000000
246 2
219 20 22 28.000000
220 20 22 70.000000
247 2
214 11 19 155.000000
215 11 19 41.000000
248 2
194 20 14 50.000000
195 20 14 22.000000
249 2
228 15 22 85.000000
234 15 22 41.000000
250 0
251 1
155 20 14 140.000000
252 1
133 12 16 23.000000
253 1
224 20 20 78.000000
254 2
207 9 13 87.500000
208 9 13 49.500000
255 2
159 9 12 85.000000
160 9 12 99.000000
256 1
203 11 25 38.000000
257 1
185 12 23 91.000000
258 1
189 3 0 33.000000
259 3
191 8 14 99.500000
196 8 14 99.500000
197 8 14 16.000000
260 1
132 1 1 83.000000
261 1
237 19 19 23.000000
262 0
263 1
228 16 6 190.000000
264 2
195 13 17 94.500000
196 13 17 38.500000
265 0
266 1
185 14 27 134.000000
267 2
160 7 0 81.000000
165 7 0 44.000000
268 0
269 2
215 11 19 114.000000
216 11 19 30.000000
270 1
209 3 0 113.000000
271 0
272 1
203 15 27 91.000000
273 0
274 2
223 17 21 79.000000
224 17 21 87.000000
275 1
208 5 0 55.000000
276 1
225 12 18 86.000000
277 1
168 25 15 141.000000
278 2
203 11 19 77.500000
204 11 19 94.500000
279 1
141 1 5 35.000000
280 2
199 3 0 144.000000
200 3 0 34.000000
281 1
234 6 1 73.000000
282 1
160 11 8 55.000000
283 2
223 13 18 79.000000
224 13 18 87.000000
284 1
183 21 21 77.000000
285 1
158 22 21 38.000000
286 2
130 17 15 63.500000
135 17 15 31.500000
287 1
212 17 22 36.000000
288 1
200 14 15 59.000000
289 1
211 3 0 148.000000
290 1
171 27 19 119.000000
291 1
180 23 20 77.000000
292 1
150 8 3 168.000000
293 1
167 15 5 70.000000
294 1
211 23 16 87.000000
295 1
132 20 22 106.000000
296 1
143 10 21 89.000000
297 1
145 16 16 75.000000
298 0
299 2
236 13 23 84.000000
237 13 23 26.000000
300 1
178 16 6 79.000000
301 3
237 19 19 73.000000
238 19 19 96.000000
239 19 19 2.000000
302 2
177 13 21 82.500000
178 13 21 51.500000
303 0
304 1
179 24 6 110.000000
305 1
189 10 27 37.000000
306 1
234 15 27 74.000000
307 0
308 2
214 23 14 98.000000
215 23 14 39.000000
309 2
189 20 14 92.000000
194 20 14 42.000000
310 1
224 8 5 71.000000
311 1
178 20 18 61.000000
312 1
190 3 0 192.000000
313 3
189 23 20 123.000000
190 23 20 60.000000
191 23 20 18.000000
314 1
220 16 19 129.000000
315 1
170 15 24 171.000000
316 1
166 15 27 139.000000
317 1
225 23 12 45.000000
318 2
156 22 12 78.000000
157 22 12 118.000000
319 1
143 20 20 96.000000
320 1
190 8 14 166.000000
321 1
168 20 22 54.000000
322 3
236 12 27 43.500000
237 12 27 87.000000
238 12 27 81.500000
323 1
223 17 1 67.000000
324 1
160 23 20 80.000000
325 1
170 13 21 144.000000
326 1
133 15 27 170.000000
327 2
216 6 5 89.500000
217 6 5 17.500000
328 2
238 12 17 92.000000
239 12 17 35.000000
329 1
229 13 17 55.000000
330 0
331 1
208 10 12 28.000000
332 1
170 10 22 56.000000
333 2
178 0 7 98.500000
179 0 7 46.500000
334 1
145 15 27 25.000000
335 1
207 27 19 54.000000
336 1
180 20 22 89.000000
337 2
205 16 16 183.000000
206 16 16 1.000000
338 2
204 10 15 153.500000
205 10 15 11.500000
339 2
147 5 0 112.500000
148 5 0 88.500000
340 2
224 16 16 30.000000
225 16 16 136.000000
341 1
191 23 20 49.000000
342 0
343 2
221 7 12 70.500000
222 7 12 103.500000
344 1
230 11 16 157.000000
345 2
234 20 14 21.000000
235 20 14 58.000000
346 1
189 23 15 61.000000
347 0
348 1
238 20 22 42.000000
349 1
191 3 0 102.000000
350 1
124 10 24 89.000000
351 1
191 10 21 22.000000
352 0
353 1
175 16 6 67.000000
354 1
201 8 3 84.000000
355 1
209 13 12 89.000000
356 1
223 17 16 59.000000
357 1
207 16 6 100.000000
358 2
228 5 21 104.000000
229 5 21 100.000000
359 1
193 15 27 28.000000
360 1
131 1 1 63.000000
361 2
159 23 20 123.000000
160 23 20 32.000000
362 1
179 3 0 127.000000
363 1
147 11 8 44.000000
364 2
229 4 11 188.000000
230 4 11 26.000000
365 2
202 10 15 96.500000
203 10 15 100.500000
366 3
204 15 19 88.500000
209 15 19 88.500000
210 15 19 11.000000
367 1
164 10 21 186.000000
368 2
209 23 20 42.000000
210 23 20 40.000000
369 0
370 3
219 4 7 75.500000
224 4 7 75.500000
225 4 7 46.000000
371 1
161 23 20 34.000000
372 1
205 20 20 92.000000
373 0
374 1
215 13 17 24.000000
375 1
162 20 20 75.000000
376 1
188 13 17 143.000000
377 1
173 23 20 38.000000
378 2
130 18 12 99.000000
131 18 12 29.000000
379 1
203 15 27 52.000000
380 2
220 20 22 94.000000
221 20 22 39.000000
381 1
137 23 16 34.000000
382 1
196 14 11 30.000000
383 1
138 11 13 84.000000
384 1
213 15 27 22.000000
385 2
187 25 15 100.500000
188 25 15 48.500000
386 2
168 10 2 98.500000
169 10 2 110.500000
387 1
234 16 16 41.000000
388 2
234 8 5 79.500000
235 8 5 25.500000
389 2
151 19 26 83.500000
152 19 26 60.500000
390 1
223 20 20 81.000000
391 1
220 20 18 31.000000
392 1
136 8 9 39.000000
393 1
141 20 17 144.000000
394 2
196 4 11 30.000000
197 4 11 176.000000
395 1
151 9 17 62.000000
396 1
197 20 14 170.000000
397 1
153 17 16 64.000000
398 2
213 17 16 81.500000
214 17 16 73.500000
399 0
400 1
213 15 27 128.000000
401 1
176 13 17 110.000000
402 1
218 22 12 28.000000
403 2
219 13 0 99.000000
220 13 0 42.000000
404 1
208 8 3 49.000000
405 0
406 2
234 2 3 92.500000
235 2 3 115.500000
407 2
159 19 17 91.500000
160 19 17 21.500000
408 1
153 3 0 45.000000
409 1
200 3 0 53.000000
410 1
225 25 11 71.000000
411 2
130 16 18 83.000000
131 16 18 76.000000
412 1
151 25 18 33.000000
413 3
236 18 20 82.000000
237 18 20 108.000000
238 18 20 15.000000
414 1
195 19 6 51.000000
415 0
416 1
143 21 19 74.000000
417 1
219 12 16 179.000000
418 1
194 6 8 62.000000
419 2
158 10 12 92.500000
159 10 12 58.500000
420 1
239 19 22 17.500000
421 2
142 10 15 96.500000
143 10 15 100.500000
422 3
193 16 19 87.000000
198 16 19 87.000000
199 16 19 36.000000
423 2
234 10 24 97.500000
235 10 24 35.500000
424 1
220 15 19 33.000000
425 1
149 8 9 137.000000
426 1
237 20 18 111.000000
427 1
216 11 19 78.000000
428 2
217 18 9 104.000000
218 18 9 78.000000
429 1
198 17 21 56.000000
430 1
205 13 17 92.000000
431 2
191 1 0 80.500000
192 1 0 61.500000
432 1
159 11 8 95.000000
433 1
191 23 20 74.000000
434 1
208 20 14 35.000000
435 2
235 19 9 89.000000
236 19 9 53.000000
436 0
437 1
181 13 9 39.000000
438 2
175 17 22 184.000000
182 17 22 32.000000
439 0
440 1
190 18 13 191.000000
441 0
442 2
126 20 14 184.000000
127 20 14 7.000000
443 1
155 10 21 56.000000
444 1
230 19 23 91.000000
445 0
446 2
185 11 13 97.500000
186 11 13 24.500000
447 1
235 8 16 78.000000
448 0
449 1
238 11 8 173.000000
450 1
184 16 16 91.000000
451 0
452 2
224 5 9 81.000000
229 5 9 72.000000
453 2
233 7 11 92.500000
234 7 11 19.500000
454 2
178 10 2 98.500000
179 10 2 34.500000
455 0
456 2
135 18 20 108.000000
136 18 20 55.000000
457 1
184 23 20 31.000000
458 2
206 6 5 46.000000
207 6 5 13.000000
459 1
174 17 22 135.000000
460 0
461 0
462 2
203 8 18 80.500000
208 8 18 27.500000
463 3
176 17 22 92.000000
181 17 22 92.000000
182 17 22 16.000000
464 3
216 16 15 71.000000
217 16 15 142.000000
218 16 15 7.000000
465 1
200 18 27 39.000000
466 1
236 26 21 44.000000
467 2
203 23 13 46.500000
204 23 13 22.500000
468 1
161 23 20 172.000000
469 0
470 0
471 1
214 15 27 181.000000
472 1
165 13 17 22.000000
473 2
204 20 14 92.000000
205 20 14 36.000000
474 1
190 24 20 153.000000
475 0
476 1
190 13 21 29.000000
477 1
169 23 20 28.000000
478 0
479 1
221 25 18 82.000000
480 1
218 16 19 68.000000
481 2
168 8 3 99.500000
169 8 3 47.500000
482 1
206 1 5 48.000000
483 3
182 13 21 82.500000
187 13 21 82.500000
188 13 21 8.000000
484 2
236 4 11 94.000000
237 4 11 62.000000
485 2
235 19 24 61.000000
236 19 24 40.000000
486 1
179 21 21 71.000000
487 1
162 3 10 166.000000
488 2
171 4 5 175.000000
172 4 5 15.000000
489 2
201 1 0 80.500000
202 1 0 21.500000
490 1
147 11 13 93.000000
491 0
492 2
214 12 3 89.500000
215 12 3 121.500000
493 0
494 1
188 16 16 128.000000
495 2
204 10 9 90.500000
205 10 9 53.500000
496 1
157 4 11 40.000000
497 1
142 18 17 23.000000
498 0
499 1
159 3 0 126.000000
500 1
204 17 21 93.000000
501 2
200 16 18 83.000000
201 16 18 97.000000
502 0
503 1
177 23 12 28.000000
504 1
146 13 12 144.000000
505 1
145 15 27 120.000000
506 1
138 24 21 185.000000
507 0
508 1
205 22 0 75.000000
509 3
207 18 19 90.000000
208 18 19 90.000000
209 18 19 13.000000
510 1
237 10 24 49.000000
511 1
185 13 17 70.000000
512 1
237 16 16 74.000000
513 1
190 23 20 186.000000
514 2
176 6 5 89.500000
177 6 5 45.500000
515 2
234 18 25 48.500000
235 18 25 42.500000
516 1
227 15 5 60.000000
517 3
196 16 20 33.500000
197 16 20 67.000000
198 16 20 0.500000
518 2
225 16 16 47.000000
226 16 16 111.000000
519 1
226 16 10 33.000000
520 4
236 12 17 46.000000
237 12 17 92.000000
238 11 13 23.000000
239 12 17 57.000000
