1 1
48 24 11 186.000000
2 2
66 20 18 113.000000
67 20 18 118.000000
3 2
48 24 15 100.000000
49 24 15 88.000000
4 1
77 28 15 134.000000
5 2
44 21 16 117.500000
49 21 16 28.500000
6 1
209 21 16 106.000000
7 1
35 19 14 89.000000
8 1
83 24 15 34.000000
9 2
59 15 9 104.000000
60 15 9 46.000000
10 2
216 20 18 113.000000
217 20 18 25.000000
11 1
53 3 18 53.000000
12 2
59 24 15 200.000000
60 24 15 8.000000
13 1
29 21 22 54.000000
14 2
26 24 11 157.000000
27 24 11 63.000000
15 2
49 26 11 146.000000
54 26 11 6.000000
16 1
70 17 23 97.000000
17 1
186 21 8 206.000000
18 1
34 20 1 39.000000
19 1
114 6 21 98.000000
20 3
77 22 24 95.500000
82 22 24 95.500000
83 22 24 25.000000
21 1
240 18 29 116.000000
22 1
199 18 29 158.000000
23 2
44 16 11 99.500000
45 16 11 26.500000
24 2
20 22 15 98.500000
21 22 15 107.500000
25 1
11 19 23 62.000000
26 1
86 24 11 39.000000
27 2
44 10 15 166.000000
45 10 15 92.000000
28 1
69 24 6 91.000000
29 2
27 25 25 94.500000
28 25 25 131.500000
30 2
195 23 17 84.000000
196 23 17 9.000000
31 2
83 29 30 152.000000
84 29 30 28.000000
32 1
56 20 18 45.000000
33 1
119 12 11 139.000000
34 2
90 24 19 117.500000
91 24 19 0.500000
35 3
39 24 12 78.000000
44 24 12 78.000000
45 24 12 64.000000
36 2
44 22 13 99.500000
45 22 13 101.500000
37 1
79 11 16 88.000000
38 3
30 20 26 51.500000
31 20 26 103.000000
32 20 26 81.500000
39 1
194 26 11 27.000000
40 1
30 24 15 124.000000
41 2
15 23 22 104.000000
16 23 22 88.000000
42 1
26 24 6 174.000000
43 2
9 26 11 146.000000
14 26 11 32.000000
44 1
65 21 28 39.000000
45 1
41 17 19 210.000000
46 2
43 21 19 122.000000
44 21 19 34.000000
47 2
241 25 8 112.000000
242 25 8 25.000000
48 3
170 31 23 59.000000
175 31 23 59.000000
176 31 23 58.000000
49 2
74 22 15 197.000000
75 22 15 38.000000
50 1
55 23 24 130.000000
51 2
48 19 23 187.000000
49 19 23 11.000000
52 2
54 26 11 140.000000
55 26 11 44.000000
53 1
14 28 15 80.000000
54 2
36 24 11 157.000000
37 24 11 11.000000
55 1
71 24 6 124.000000
56 2
199 22 13 99.500000
204 22 13 41.500000
57 2
59 21 16 117.500000
60 21 16 56.500000
58 1
231 19 16 69.000000
59 2
105 17 15 105.500000
106 17 15 66.500000
60 2
29 13 6 165.000000
30 13 6 81.000000
61 1
38 20 18 77.000000
62 1
43 10 20 52.000000
63 1
48 2 6 79.000000
64 1
198 19 8 76.000000
65 2
71 21 16 24.000000
72 21 16 114.000000
66 1
219 24 11 229.000000
67 1
201 19 22 95.000000
68 1
196 23 17 36.000000
69 2
69 29 27 97.000000
70 29 27 65.000000
70 1
197 22 28 110.000000
71 1
239 20 18 162.000000
72 1
107 3 18 157.000000
73 2
100 17 8 190.000000
101 17 8 5.000000
74 2
62 22 24 95.500000
63 22 24 132.500000
75 2
67 24 11 47.000000
68 24 11 36.000000
76 2
86 14 21 103.500000
87 14 21 5.500000
77 2
27 25 21 208.000000
28 25 21 50.000000
78 2
76 24 11 157.000000
77 24 11 28.000000
79 2
29 18 4 185.000000
30 18 4 9.000000
80 2
246 22 13 199.000000
247 22 13 12.000000
81 2
18 12 18 159.000000
19 12 18 5.000000
82 1
26 18 15 104.000000
83 1
83 29 30 29.000000
84 2
207 25 25 94.500000
208 25 25 24.500000
85 1
87 24 6 246.000000
86 1
61 7 19 113.000000
87 2
27 9 23 102.000000
28 9 23 93.000000
88 1
69 24 11 84.000000
89 1
236 13 8 32.000000
90 1
56 21 28 30.000000
91 1
43 29 30 133.000000
92 1
35 25 21 51.000000
93 2
60 14 21 207.000000
61 14 21 8.000000
94 2
209 21 16 11.500000
210 21 16 106.500000
95 2
96 25 21 207.000000
97 25 21 7.000000
96 1
72 17 19 74.000000
97 1
27 24 11 147.000000
98 1
185 22 28 101.000000
99 1
192 24 8 104.000000
100 2
54 22 13 99.500000
55 22 13 0.500000
101 1
50 24 6 256.000000
102 2
70 22 15 98.500000
71 22 15 7.500000
103 1
198 25 26 93.000000
104 2
96 24 11 157.000000
97 24 11 99.000000
105 1
63 19 16 166.000000
106 1
236 22 13 60.000000
107 2
66 25 16 161.000000
67 25 16 36.000000
108 1
33 14 25 39.000000
109 1
65 17 15 101.000000
110 1
19 24 11 154.000000
111 1
226 26 16 37.000000
112 2
218 24 30 86.000000
219 24 30 153.000000
113 2
66 24 6 46.000000
67 24 6 101.000000
114 2
62 26 23 117.000000
63 26 23 35.000000
115 1
62 31 20 208.000000
116 1
73 24 19 62.000000
117 2
56 26 15 44.500000
57 26 15 167.500000
118 2
12 10 16 170.000000
13 10 16 51.000000
119 1
63 11 16 141.000000
120 2
177 19 15 195.000000
178 19 15 59.000000
121 1
188 24 11 109.000000
122 2
204 16 11 99.500000
205 16 11 97.500000
123 2
40 17 15 105.500000
45 17 15 42.500000
124 1
90 7 13 102.000000
125 1
92 23 24 128.000000
126 1
29 26 11 90.000000
127 1
77 15 31 186.000000
128 2
234 16 6 86.500000
235 16 6 117.500000
129 1
2 29 27 83.000000
130 1
87 24 11 188.000000
131 1
65 29 29 108.000000
132 2
241 11 10 103.500000
242 11 10 2.500000
133 2
190 22 15 41.000000
191 22 15 136.000000
134 1
48 23 22 46.000000
135 2
21 22 15 89.500000
22 22 15 73.500000
136 2
226 24 11 157.000000
227 24 11 61.000000
137 1
61 11 16 151.000000
138 1
168 24 6 248.000000
139 2
84 9 7 100.000000
89 9 7 89.000000
140 1
57 17 19 47.000000
141 2
188 12 11 104.500000
189 12 11 105.500000
142 1
24 26 11 141.000000
143 2
39 17 23 103.500000
40 17 23 128.500000
144 2
57 21 7 95.000000
58 21 7 84.000000
145 1
233 29 10 51.000000
146 1
23 17 23 64.000000
147 1
69 26 11 68.000000
148 1
40 10 21 34.000000
149 2
64 24 19 45.000000
65 24 19 63.000000
150 1
48 23 22 57.000000
151 2
255 27 15 90.000000
256 27 15 96.000000
152 1
66 24 6 100.000000
153 2
69 9 7 100.000000
70 9 7 57.000000
154 2
67 20 18 108.000000
68 20 18 80.000000
155 1
11 24 5 173.000000
156 2
227 21 8 216.000000
228 21 8 14.000000
157 2
173 26 17 167.000000
174 26 17 48.000000
158 1
32 10 26 199.000000
159 1
30 24 11 39.000000
160 2
26 22 13 199.000000
27 22 13 46.000000
161 2
183 15 9 208.000000
184 15 9 49.000000
162 2
27 19 8 102.000000
28 19 8 4.000000
163 2
193 25 12 84.000000
194 25 12 146.000000
164 2
184 10 24 95.000000
185 10 24 151.000000
165 2
61 25 18 93.000000
62 25 18 40.000000
166 2
21 21 25 76.500000
22 21 25 7.500000
167 2
61 24 11 157.000000
66 24 11 21.000000
168 2
21 15 28 102.500000
22 15 28 71.500000
169 2
196 24 6 175.000000
197 24 6 67.000000
170 1
13 27 11 98.000000
171 2
75 29 14 77.000000
76 29 14 130.000000
172 1
50 14 16 114.000000
173 2
87 24 6 76.000000
88 24 6 84.000000
174 1
53 24 19 122.000000
175 1
226 19 14 164.000000
176 2
67 23 17 168.000000
68 23 17 19.000000
177 1
58 16 10 94.000000
178 2
78 24 15 100.000000
79 24 15 119.000000
179 2
87 21 22 112.500000
88 21 22 32.500000
180 1
203 20 2 42.000000
181 2
211 21 10 98.000000
212 21 10 127.000000
182 2
217 21 22 112.500000
218 21 22 76.500000
183 1
91 23 24 58.000000
184 2
14 26 17 167.000000
15 26 17 4.000000
185 1
109 24 6 126.000000
186 1
213 30 31 111.000000
187 2
74 12 13 84.500000
75 12 13 120.500000
188 2
218 24 26 145.000000
219 24 26 45.000000
189 1
57 24 11 175.000000
190 2
66 26 15 108.500000
67 26 15 2.500000
191 1
56 26 15 64.000000
192 1
73 22 6 40.000000
193 2
57 27 19 77.000000
58 27 19 94.000000
194 2
61 24 6 175.000000
66 24 6 29.000000
195 1
12 24 13 73.000000
196 1
107 24 6 200.000000
197 1
22 22 19 42.000000
198 1
235 17 15 91.000000
199 2
31 17 27 101.500000
32 17 27 37.500000
200 1
245 16 11 29.000000
201 1
224 30 31 171.000000
202 1
42 17 8 152.000000
203 1
77 25 25 76.000000
204 2
189 15 19 90.000000
190 15 19 82.000000
205 2
197 17 19 109.500000
198 17 19 126.500000
206 1
218 24 31 70.000000
207 2
217 19 8 102.000000
218 19 8 94.000000
208 1
34 7 1 27.000000
209 1
237 21 22 46.000000
210 1
20 26 8 70.000000
211 2
206 25 28 95.500000
211 25 28 31.500000
212 1
234 22 13 27.000000
213 1
256 24 6 30.000000
214 1
257 18 15 112.000000
215 1
43 17 17 79.000000
216 2
34 28 15 96.000000
35 28 15 6.000000
217 1
37 21 22 57.000000
218 2
43 22 15 197.000000
44 22 15 57.000000
219 2
51 13 30 209.000000
52 13 30 16.000000
220 1
71 21 16 211.000000
221 2
31 21 17 190.000000
32 21 17 25.000000
222 1
27 17 20 89.000000
223 2
9 21 16 117.500000
10 21 16 17.500000
224 2
236 30 28 112.500000
237 30 28 113.500000
225 1
81 30 31 47.000000
226 1
27 24 11 38.000000
227 1
91 9 7 99.000000
228 1
26 19 15 161.000000
229 1
89 12 11 129.000000
230 2
178 16 26 158.000000
179 16 26 53.000000
231 1
82 22 4 39.000000
232 2
221 11 16 198.000000
222 11 16 27.000000
233 2
203 12 15 153.000000
204 12 15 38.000000
234 2
39 16 11 99.500000
45 16 11 127.500000
235 2
35 21 9 179.000000
36 21 9 66.000000
236 2
55 17 20 101.500000
56 17 20 6.500000
237 1
50 14 21 65.000000
238 1
80 24 19 100.000000
239 2
84 19 15 130.500000
85 19 15 82.500000
240 1
239 21 16 52.000000
241 1
217 24 6 197.000000
242 2
66 24 11 136.000000
67 24 11 20.000000
243 1
52 21 16 204.000000
244 2
14 28 15 16.000000
15 28 15 176.000000
245 1
184 23 24 195.000000
246 2
31 19 16 102.000000
32 19 16 1.000000
247 2
64 26 11 56.000000
65 26 11 102.000000
248 2
204 22 13 58.000000
205 22 13 137.000000
249 2
214 26 6 101.000000
215 26 6 48.000000
250 1
68 24 6 48.000000
251 1
67 26 11 31.000000
252 2
256 16 10 93.000000
257 16 10 46.000000
253 2
234 24 22 100.500000
235 24 22 22.500000
254 1
234 30 31 125.000000
255 1
10 24 11 258.000000
256 1
19 21 8 90.000000
257 2
232 0 20 95.500000
233 0 20 89.500000
258 2
7 25 25 94.500000
8 25 25 52.500000
259 3
225 20 1 103.000000
230 20 1 103.000000
231 20 1 42.000000
260 1
246 24 6 125.000000
261 2
74 26 11 146.000000
75 26 11 103.000000
262 1
52 23 24 107.000000
263 2
216 26 15 108.500000
217 26 15 111.500000
264 1
47 24 6 139.000000
265 2
78 29 30 38.000000
83 29 30 20.000000
266 1
61 22 15 176.000000
267 2
81 19 16 102.000000
82 19 16 86.000000
268 1
74 19 15 57.000000
269 2
84 26 11 146.000000
85 26 11 77.000000
270 1
237 23 13 158.000000
271 2
214 21 16 117.500000
219 21 16 16.500000
272 1
11 21 22 137.000000
273 1
82 8 21 69.000000
274 2
98 8 13 90.000000
99 8 13 63.000000
275 3
55 19 19 54.000000
56 19 19 108.000000
57 19 19 82.000000
276 1
46 23 7 58.000000
277 2
2 24 13 86.000000
3 24 13 130.000000
278 2
235 25 21 77.000000
236 25 21 60.000000
279 2
75 21 8 108.000000
76 21 8 85.000000
280 1
38 24 6 37.000000
281 1
197 24 6 201.000000
282 2
247 7 11 193.000000
248 7 11 7.000000
283 3
70 17 20 101.500000
75 17 20 101.500000
76 17 20 54.000000
284 1
240 17 23 168.000000
285 2
12 26 29 104.000000
13 26 29 15.000000
286 1
68 24 11 170.000000
287 2
177 15 21 185.000000
178 15 21 2.000000
288 1
217 24 11 58.000000
289 1
51 24 19 228.000000
290 1
56 26 27 103.000000
291 1
70 22 21 47.000000
292 1
77 24 11 45.000000
293 2
50 14 25 173.000000
51 14 25 45.000000
294 2
72 26 17 83.500000
73 26 17 100.500000
295 1
9 29 17 48.000000
296 2
87 14 21 201.500000
88 14 21 42.500000
297 2
49 11 16 99.000000
50 11 16 155.000000
298 1
108 24 11 253.000000
299 2
195 27 10 100.000000
196 27 10 131.000000
300 3
226 21 15 77.000000
231 21 15 77.000000
232 21 15 95.000000
301 1
68 11 19 44.000000
302 2
75 26 11 189.000000
76 26 11 60.000000
303 2
219 17 8 95.000000
220 17 8 143.000000
304 1
47 9 28 44.000000
305 2
15 21 8 108.000000
16 21 8 145.000000
306 1
18 16 11 183.000000
307 2
163 25 8 224.000000
164 25 8 15.000000
308 1
197 24 6 52.000000
309 2
20 30 31 113.000000
21 30 31 40.000000
310 1
20 21 16 211.000000
311 2
216 24 6 175.000000
217 24 6 23.000000
312 2
44 6 21 102.000000
45 6 21 66.000000
313 1
39 19 8 137.000000
314 1
78 25 21 175.000000
315 2
25 27 15 90.000000
26 27 15 82.000000
316 1
36 17 15 166.000000
317 2
86 24 6 175.000000
87 24 6 28.000000
318 2
207 29 3 71.500000
208 29 3 119.500000
319 3
239 28 15 96.000000
244 28 15 96.000000
245 28 15 28.000000
320 1
37 26 15 153.000000
321 2
97 9 23 102.000000
98 9 23 155.000000
322 2
88 24 11 125.000000
89 24 11 125.000000
323 1
23 21 16 227.000000
324 1
67 26 11 186.000000
325 1
34 26 11 88.000000
326 2
220 20 12 191.000000
221 20 12 46.000000
327 1
62 9 23 85.000000
328 1
74 24 19 114.000000
329 1
94 11 10 90.000000
330 1
16 28 15 132.000000
331 2
87 24 11 112.000000
88 24 11 105.000000
332 2
97 21 22 112.500000
98 21 22 106.500000
333 1
68 23 17 129.000000
334 1
246 23 22 97.000000
335 2
31 25 3 78.500000
32 25 3 20.500000
336 2
59 13 25 89.500000
60 13 25 169.500000
337 1
89 26 15 152.000000
338 2
72 25 18 186.000000
73 25 18 35.000000
339 2
53 24 9 176.000000
54 24 9 48.000000
340 1
24 21 10 118.000000
341 1
213 29 7 69.000000
342 2
49 21 16 89.000000
50 21 16 100.000000
343 1
82 10 15 45.000000
344 1
94 29 30 72.000000
345 2
225 26 6 202.000000
226 26 6 25.000000
346 2
22 26 8 174.000000
23 26 8 57.000000
347 2
182 19 16 204.000000
183 19 16 56.000000
348 3
181 23 24 15.500000
182 23 24 205.000000
183 23 24 32.500000
349 1
235 25 21 27.000000
350 2
37 27 19 77.000000
38 27 19 33.000000
351 1
33 7 16 25.000000
352 1
33 29 30 45.000000
353 1
217 23 22 137.000000
354 1
90 21 16 152.000000
355 2
25 10 16 85.000000
30 10 16 55.000000
356 2
214 20 4 101.500000
215 20 4 80.500000
357 1
64 24 19 190.000000
358 2
24 26 11 5.000000
25 26 11 83.000000
359 1
59 24 6 127.000000
360 2
61 19 16 102.000000
62 19 16 96.000000
361 2
39 20 12 191.000000
40 20 12 22.000000
362 1
70 21 7 62.000000
363 1
66 29 30 202.000000
364 2
77 17 19 109.500000
78 17 19 53.500000
365 1
63 24 19 128.000000
366 1
53 29 30 178.000000
367 1
47 21 8 214.000000
368 2
12 28 1 90.500000
13 28 1 82.500000
369 2
207 17 19 109.500000
208 17 19 43.500000
370 1
30 23 17 74.000000
371 2
96 26 15 108.500000
97 26 15 119.500000
372 1
232 21 7 42.000000
373 1
47 29 30 100.000000
374 2
52 17 8 190.000000
53 17 8 5.000000
375 2
29 21 16 117.500000
30 21 16 63.500000
376 2
12 20 12 191.000000
13 20 12 64.000000
377 2
76 26 11 129.000000
77 26 11 31.000000
378 3
52 27 14 77.500000
57 27 14 77.500000
58 27 14 75.000000
379 1
85 17 15 76.000000
380 1
249 25 25 176.000000
381 2
77 19 14 182.000000
78 19 14 68.000000
382 1
78 29 30 163.000000
383 1
67 17 19 109.000000
384 2
24 25 24 101.000000
29 25 24 63.000000
385 1
64 26 11 90.000000
386 1
40 21 16 39.000000
387 2
179 27 23 93.000000
180 27 23 136.000000
388 4
221 31 10 24.500000
222 31 10 49.000000
223 31 10 49.000000
224 31 10 36.500000
389 1
211 26 18 26.000000
390 1
6 15 21 120.000000
391 2
69 24 15 200.000000
70 24 15 23.000000
392 1
225 17 25 27.000000
393 1
29 9 7 56.000000
394 1
32 24 15 124.000000
395 2
52 25 5 114.500000
57 25 5 47.500000
396 1
210 24 15 76.000000
397 2
234 28 15 96.000000
235 28 15 106.000000
398 2
50 29 7 204.000000
51 29 7 47.000000
399 1
43 10 21 102.000000
400 2
242 16 22 92.000000
243 16 22 93.000000
401 1
35 23 24 55.000000
402 1
28 24 11 74.000000
403 2
95 25 21 104.000000
96 25 21 1.000000
404 1
219 25 16 147.000000
405 2
17 25 25 94.500000
18 25 25 106.500000
406 1
65 21 8 73.000000
407 2
71 31 20 104.000000
72 31 20 115.000000
408 2
41 15 3 105.000000
42 15 3 38.000000
409 1
180 20 18 27.000000
410 2
238 24 30 86.000000
239 24 30 113.000000
411 2
56 30 20 124.000000
57 30 20 21.000000
412 1
22 24 19 193.000000
413 1
31 24 1 74.000000
414 1
59 26 15 54.000000
415 2
241 29 11 92.000000
242 29 11 55.000000
416 2
197 25 20 70.000000
198 25 20 100.000000
417 2
178 12 11 104.500000
179 12 11 80.500000
418 1
59 25 24 76.000000
419 1
220 17 15 82.000000
420 1
84 13 8 142.000000
421 1
53 23 13 69.000000
422 3
47 24 11 60.000000
48 24 11 128.000000
49 24 11 63.000000
423 2
200 22 15 98.500000
201 22 15 113.500000
424 1
248 27 19 115.000000
425 2
169 12 11 209.000000
170 12 11 10.000000
426 2
65 17 15 4.500000
66 17 15 124.500000
427 1
73 21 16 94.000000
428 1
220 24 6 232.000000
429 1
181 21 17 179.000000
430 1
46 16 6 88.000000
431 1
69 21 28 205.000000
432 1
223 22 15 37.000000
433 1
196 29 30 125.000000
434 1
236 21 8 211.000000
435 1
42 21 16 210.000000
436 1
67 24 11 247.000000
437 1
228 17 15 149.000000
438 1
252 17 17 63.000000
439 2
43 7 16 96.000000
44 7 16 85.000000
440 3
74 29 7 102.000000
79 29 7 102.000000
80 29 7 54.000000
441 1
67 26 15 152.000000
442 1
196 26 11 200.000000
443 1
63 21 16 110.000000
444 1
70 24 6 158.000000
445 1
80 10 21 54.000000
446 1
40 24 6 150.000000
447 2
60 17 14 90.000000
61 17 14 90.000000
448 2
228 20 12 95.500000
229 20 12 129.500000
449 2
218 20 27 86.500000
219 20 27 170.500000
450 2
99 17 23 103.500000
100 17 23 122.500000
451 1
67 23 7 119.000000
452 1
57 23 17 149.000000
453 1
12 23 24 65.000000
454 2
54 22 28 99.500000
55 22 28 124.500000
455 2
83 19 15 97.500000
84 19 15 64.500000
456 1
33 17 23 72.000000
457 1
74 10 21 33.000000
458 2
23 7 11 96.500000
24 7 11 27.500000
459 1
49 21 8 26.000000
460 1
84 29 30 117.000000
461 1
203 29 30 170.000000
462 2
28 20 12 95.500000
29 20 12 47.500000
463 1
33 21 16 114.000000
464 2
33 25 18 186.000000
34 25 18 18.000000
465 1
76 26 11 103.000000
466 1
204 26 11 125.000000
467 1
37 20 4 40.000000
468 2
174 16 11 99.500000
175 16 11 126.500000
469 2
46 24 11 157.000000
47 24 11 102.000000
470 1
200 27 23 184.000000
471 1
187 9 23 56.000000
472 1
230 24 11 138.000000
473 2
228 16 9 94.500000
229 16 9 106.500000
474 2
199 24 15 200.000000
200 24 15 3.000000
475 2
50 24 24 69.000000
51 24 24 39.000000
476 1
56 29 26 80.000000
477 1
90 24 6 152.000000
478 1
219 31 12 116.000000
479 3
23 21 16 8.000000
24 21 16 117.500000
30 21 16 9.500000
480 2
88 12 13 169.000000
89 12 13 52.000000
481 1
66 25 26 50.000000
482 1
17 27 11 138.000000
483 2
40 24 6 200.000000
41 24 6 1.000000
484 1
81 24 11 106.000000
485 1
211 25 25 77.000000
486 1
226 7 25 59.000000
487 1
57 26 15 36.000000
488 1
77 24 11 127.000000
489 2
24 26 6 101.000000
25 26 6 64.000000
490 1
77 29 30 93.000000
491 2
97 24 11 215.000000
98 24 11 2.000000
492 1
79 4 22 85.000000
493 2
175 17 15 105.500000
176 17 15 71.500000
494 2
40 14 21 207.000000
41 14 21 8.000000
495 1
37 24 11 221.000000
496 1
181 23 24 87.000000
497 2
72 22 19 104.000000
73 22 19 11.000000
498 2
87 19 8 102.000000
88 19 8 70.000000
499 3
82 27 19 77.000000
87 27 19 77.000000
88 27 19 60.000000
500 2
33 7 16 71.000000
34 7 16 188.000000
501 2
79 21 16 117.500000
80 21 16 129.500000
502 2
55 5 16 69.500000
56 5 16 21.500000
503 1
75 7 11 190.000000
504 1
5 25 18 73.000000
505 1
86 26 11 210.000000
506 1
55 22 13 33.000000
507 1
80 24 11 259.000000
508 2
235 20 10 160.000000
236 20 10 81.000000
509 2
20 24 19 117.500000
21 24 19 24.500000
510 1
256 24 11 44.000000
511 2
186 16 10 93.000000
187 16 10 24.000000
512 2
18 16 11 16.000000
19 16 11 16.000000
513 2
186 24 6 175.000000
187 24 6 62.000000
514 2
204 11 10 207.000000
205 11 10 20.000000
515 1
57 18 15 106.000000
516 1
35 19 15 98.000000
517 1
97 26 15 34.000000
518 1
57 21 28 76.000000
519 1
41 23 24 44.000000
520 1
47 24 11 152.000000
521 2
54 24 22 100.500000
55 24 22 134.500000
522 1
75 15 6 63.000000
523 1
47 20 18 131.000000
524 1
58 7 19 62.000000
525 2
241 25 18 93.000000
242 25 18 98.000000
526 1
221 24 6 77.000000
527 2
37 27 24 76.500000
38 27 24 135.500000
528 2
241 19 16 102.000000
242 19 16 115.000000
529 1
49 29 14 141.000000
530 2
91 15 9 208.000000
92 15 9 27.000000
531 1
194 7 11 140.000000
532 2
226 24 26 72.500000
227 24 26 34.500000
533 2
7 29 3 71.500000
8 29 3 15.500000
534 2
42 25 24 202.000000
43 25 24 40.000000
535 1
56 24 8 83.000000
536 3
80 24 11 55.000000
81 24 11 51.000000
88 24 11 84.000000
537 1
71 25 8 69.000000
538 2
213 20 12 95.500000
218 20 12 19.500000
539 1
238 21 8 145.000000
540 2
235 25 16 80.500000
236 25 16 54.500000
541 1
58 17 19 167.000000
542 1
170 22 21 62.000000
543 1
81 24 6 65.000000
544 1
27 24 6 127.000000
545 2
46 24 6 175.000000
47 24 6 18.000000
546 2
59 8 13 180.000000
60 8 13 77.000000
547 1
190 24 11 231.000000
548 1
81 17 23 42.000000
549 1
78 24 30 44.000000
550 2
195 23 22 104.000000
196 23 22 94.000000
551 2
225 19 15 195.000000
226 19 15 8.000000
552 2
86 24 11 118.000000
87 24 11 14.000000
553 2
230 29 17 185.000000
231 29 17 32.000000
554 2
258 16 9 94.500000
259 16 9 120.500000
555 1
59 24 6 119.000000
556 3
46 11 10 103.500000
51 11 10 103.500000
52 11 10 37.000000
557 1
77 17 15 49.000000
558 2
73 21 19 122.000000
74 21 19 13.000000
559 2
50 11 16 43.000000
51 11 16 174.000000
560 2
59 23 11 168.000000
60 23 11 85.000000
561 2
254 24 22 100.500000
255 24 22 17.500000
562 1
49 31 11 25.000000
563 1
210 9 7 48.000000
564 1
196 10 20 151.000000
565 1
96 24 6 124.000000
566 1
33 10 21 60.000000
567 1
176 24 11 54.000000
568 2
172 17 27 203.000000
173 17 27 3.000000
569 1
243 30 17 34.000000
570 2
26 24 13 172.000000
27 24 13 64.000000
571 1
10 21 16 198.000000
572 2
82 24 8 127.000000
83 24 8 72.000000
573 1
28 17 15 194.000000
574 2
186 14 21 103.500000
187 14 21 23.500000
575 2
174 26 11 146.000000
175 26 11 30.000000
576 1
226 23 22 87.000000
577 2
185 22 15 98.500000
190 22 15 57.500000
578 2
171 18 17 162.000000
172 18 17 4.000000
579 1
172 20 12 77.000000
580 1
68 20 18 135.000000
581 2
96 14 21 103.500000
97 14 21 95.500000
582 1
101 10 26 133.000000
583 1
93 29 30 128.000000
584 1
52 15 9 65.000000
585 2
218 24 15 100.000000
219 24 15 20.000000
586 2
249 23 15 87.000000
250 23 15 57.000000
587 1
82 9 22 59.000000
588 1
57 24 22 29.000000
589 1
77 24 11 61.000000
590 1
30 25 21 42.000000
591 2
33 26 2 141.000000
34 26 2 107.000000
592 2
248 23 17 168.000000
249 23 17 90.000000
593 2
225 27 10 100.000000
226 27 10 130.000000
594 2
40 24 19 117.500000
41 24 19 41.500000
595 1
77 26 15 112.000000
596 2
25 21 28 105.000000
26 21 28 31.000000
597 3
28 29 25 77.500000
33 29 25 77.500000
34 29 25 31.000000
598 1
60 22 11 40.000000
599 1
29 24 11 213.000000
600 2
202 24 8 127.000000
203 24 8 35.000000
