1 1
68 7 12 37.000000
2 1
201 11 4 52.000000
3 8
80 8 14 0.500000
81 8 14 1.000000
82 8 14 1.000000
83 8 14 1.000000
84 8 14 1.000000
85 8 14 0.500000
86 7 13 25.000000
87 7 13 13.000000
4 1
59 15 15 30.000000
5 2
16 10 10 34.000000
17 10 10 9.000000
6 2
151 10 19 69.000000
152 10 19 62.000000
7 4
61 14 11 24.000000
62 14 11 48.000000
63 14 11 48.000000
64 14 11 8.000000
8 1
63 21 9 31.000000
9 2
168 20 15 74.500000
169 20 15 16.500000
10 1
158 6 8 33.000000
11 2
222 15 11 51.000000
223 15 11 10.000000
12 1
14 12 9 58.000000
13 1
229 13 18 51.000000
14 1
53 11 19 38.000000
15 1
83 7 18 108.000000
16 2
190 18 23 48.500000
191 18 23 23.500000
17 1
68 23 8 38.000000
18 3
168 18 20 21.000000
169 18 20 42.000000
170 18 20 21.000000
19 2
186 3 7 109.000000
187 3 7 8.000000
20 1
79 24 16 31.000000
21 1
42 14 23 41.000000
22 1
80 1 9 32.000000
23 3
75 17 6 131.000000
76 17 6 131.000000
77 17 6 38.000000
24 2
21 11 25 42.000000
22 11 25 14.000000
25 1
185 18 21 33.000000
26 1
85 20 14 54.000000
27 1
12 3 16 81.000000
28 2
93 18 20 21.000000
94 17 20 19.000000
29 1
40 17 22 45.000000
30 1
88 16 19 42.000000
31 1
226 12 3 72.000000
32 1
35 16 17 30.000000
33 1
223 9 9 33.000000
34 1
14 9 11 33.000000
35 1
78 22 11 59.000000
36 1
199 12 15 30.000000
37 2
23 17 12 53.500000
24 17 12 52.500000
38 7
17 23 8 27.500000
18 23 8 55.000000
19 23 8 55.000000
20 23 8 55.000000
21 23 8 55.000000
22 23 8 27.500000
23 22 8 3.000000
39 2
83 7 17 38.000000
84 7 17 7.000000
40 1
66 5 2 66.000000
41 1
184 24 5 43.000000
42 2
52 18 9 1.000000
53 18 10 53.500000
43 1
22 9 16 45.000000
44 3
87 17 13 59.500000
88 17 12 53.500000
89 18 13 6.000000
45 2
57 12 10 29.000000
58 12 10 3.000000
46 1
92 10 8 30.000000
47 1
10 15 9 45.000000
48 4
162 11 7 43.000000
163 11 7 86.000000
164 11 7 86.000000
165 11 7 85.000000
49 1
52 13 9 33.000000
50 1
54 3 9 36.000000
51 1
11 13 13 31.000000
52 1
168 11 10 61.000000
53 1
57 28 25 41.000000
54 2
13 4 20 47.000000
14 4 20 34.000000
55 1
37 4 9 33.000000
56 2
48 14 18 21.000000
49 14 18 40.000000
57 1
14 20 16 71.000000
58 1
186 8 12 43.000000
59 1
39 15 8 44.000000
60 1
54 14 4 38.000000
61 1
17 13 2 47.000000
62 1
180 12 7 31.000000
63 1
29 15 18 37.000000
64 1
81 10 12 75.000000
65 1
204 13 14 72.000000
66 2
31 10 24 1.000000
32 9 24 49.500000
67 1
34 12 14 30.000000
68 1
56 8 8 40.000000
69 1
174 21 17 48.000000
70 4
11 7 9 44.000000
12 7 9 22.000000
13 9 9 77.500000
14 9 9 134.500000
71 2
33 12 19 59.000000
34 12 18 39.000000
72 2
29 18 13 20.000000
30 18 13 23.000000
73 1
30 16 14 32.000000
74 2
48 21 8 37.000000
49 21 8 9.000000
75 1
163 14 3 33.000000
76 1
53 18 14 35.000000
77 2
16 14 9 38.000000
17 14 9 8.000000
78 1
37 16 1 35.000000
79 1
221 20 13 70.000000
80 1
168 25 11 32.000000
81 1
226 8 19 31.000000
82 1
67 7 19 47.000000
83 1
71 4 9 42.000000
84 5
9 8 11 0.500000
10 8 11 1.000000
11 8 11 1.000000
12 8 11 1.000000
13 8 10 34.000000
85 2
6 11 11 141.000000
7 11 11 70.000000
86 1
232 13 16 37.000000
87 1
18 13 13 42.000000
88 1
70 12 7 48.000000
89 1
55 8 24 30.000000
90 1
37 23 23 41.000000
91 1
73 8 12 31.000000
92 1
18 17 3 31.000000
93 1
161 21 29 32.000000
94 1
42 21 19 38.000000
95 3
166 9 4 173.000000
167 9 4 86.500000
168 9 5 40.500000
96 2
196 2 17 26.500000
197 2 18 23.500000
97 1
88 7 3 54.000000
98 1
203 9 9 68.000000
99 1
181 6 11 57.000000
100 1
27 2 16 35.000000
101 1
196 11 20 40.000000
102 1
60 11 25 42.000000
103 1
52 13 16 38.000000
104 2
237 9 14 34.500000
238 9 14 68.500000
105 1
69 8 15 67.000000
106 2
64 20 5 29.500000
65 19 5 27.500000
107 1
47 11 16 99.000000
108 1
71 6 1 36.000000
109 4
46 10 9 38.000000
47 10 9 57.000000
48 10 9 28.500000
49 10 11 2.500000
110 1
75 13 28 33.000000
111 1
185 4 15 31.000000
112 1
169 0 7 76.000000
113 4
37 8 7 0.500000
38 8 7 1.000000
39 8 7 1.000000
40 8 6 26.000000
114 1
14 11 27 49.000000
115 1
58 19 0 40.000000
116 1
177 14 16 34.000000
117 1
45 0 17 33.000000
118 1
30 1 13 66.000000
119 1
196 18 14 39.000000
120 5
10 10 26 22.000000
12 9 26 0.500000
13 9 26 1.000000
14 9 26 1.000000
15 10 26 16.000000
121 1
37 12 11 44.000000
122 1
162 3 7 34.000000
123 7
77 8 7 0.500000
78 8 7 1.000000
79 8 7 1.000000
80 8 7 1.000000
81 8 7 1.000000
82 8 7 0.500000
83 9 9 38.000000
124 1
51 23 12 38.000000
125 3
74 5 13 59.000000
75 5 13 59.000000
76 5 13 5.000000
126 1
215 0 12 36.000000
127 1
170 18 8 43.000000
128 1
57 12 16 38.000000
129 1
217 15 12 36.000000
130 3
40 11 8 60.500000
41 11 8 121.000000
42 11 8 22.500000
131 1
179 12 9 53.000000
132 2
43 4 5 22.500000
44 3 5 55.500000
133 1
44 10 9 40.000000
134 1
204 6 13 74.000000
135 1
236 12 11 89.000000
136 1
71 24 14 35.000000
137 1
26 10 16 37.000000
138 1
4 19 8 67.000000
139 1
204 6 22 82.000000
140 1
40 5 11 36.000000
141 1
179 11 24 67.000000
142 1
192 23 16 34.000000
143 1
16 2 14 47.000000
144 2
54 18 12 36.500000
55 18 12 1.500000
145 1
37 1 20 47.000000
146 1
35 13 5 31.000000
147 2
231 25 17 31.000000
232 25 17 1.000000
148 2
77 17 11 23.000000
78 17 11 14.000000
149 1
27 16 15 41.000000
150 3
219 24 12 0.500000
220 23 12 39.500000
221 23 12 4.000000
151 1
55 6 14 38.000000
152 5
215 10 15 37.000000
216 10 15 74.000000
217 10 15 74.000000
218 10 15 74.000000
219 10 15 41.000000
153 1
38 5 12 66.000000
154 1
51 14 7 35.000000
155 2
214 8 11 0.500000
215 8 10 60.500000
156 1
219 6 8 47.000000
157 1
156 12 16 31.000000
158 2
230 14 18 42.000000
231 14 18 4.000000
159 1
185 12 25 39.000000
160 1
5 4 11 37.000000
161 1
58 0 7 67.000000
162 3
163 14 9 19.000000
164 14 9 38.000000
165 14 9 7.000000
163 1
1 23 5 104.000000
164 1
207 10 15 30.000000
165 1
42 8 6 31.000000
166 1
184 8 12 58.000000
167 1
53 9 9 74.000000
168 1
77 23 13 39.000000
169 1
44 12 14 47.000000
170 1
22 17 15 42.000000
171 1
175 7 19 36.000000
172 1
7 13 7 34.000000
173 1
38 6 11 41.000000
174 1
14 17 0 37.000000
175 1
49 7 7 34.000000
176 1
196 14 12 32.000000
177 3
26 6 14 126.000000
27 6 14 126.000000
28 6 14 38.000000
178 2
13 15 15 25.500000
14 15 14 7.500000
179 1
11 12 15 31.000000
180 1
6 18 10 49.000000
181 1
3 3 15 37.000000
182 1
52 12 14 38.000000
183 1
40 6 17 39.000000
184 1
36 10 25 54.000000
185 2
43 14 9 19.000000
44 14 9 12.000000
186 1
157 8 5 32.000000
187 1
59 4 18 51.000000
188 1
234 5 15 56.000000
189 5
14 9 10 30.500000
15 9 10 61.000000
16 9 10 61.000000
17 9 10 61.000000
18 9 10 25.500000
190 1
34 15 29 53.000000
191 3
72 11 9 38.000000
73 10 9 28.500000
74 10 9 0.500000
192 1
171 20 2 69.000000
193 1
82 17 14 47.000000
194 1
71 5 5 79.000000
195 1
236 13 23 60.000000
196 1
216 24 14 36.000000
197 1
66 20 14 46.000000
198 1
65 14 25 81.000000
199 1
52 2 15 31.000000
200 2
151 4 11 65.500000
152 4 11 15.500000
201 1
29 10 6 31.000000
202 1
62 4 7 83.000000
203 1
205 10 9 37.000000
204 1
210 4 16 35.000000
205 1
21 5 14 42.000000
206 1
21 11 27 39.000000
207 1
211 13 6 30.000000
208 1
67 7 14 39.000000
209 1
93 10 22 40.000000
210 1
90 12 7 40.000000
211 7
52 4 14 0.500000
53 4 14 1.000000
54 4 14 1.000000
55 4 14 1.000000
56 4 14 1.000000
57 5 14 24.500000
58 5 14 8.500000
212 1
203 8 23 38.000000
213 1
190 13 12 32.000000
214 1
215 13 9 53.000000
215 1
29 16 14 30.000000
216 1
10 21 18 33.000000
217 1
45 7 8 36.000000
218 1
62 20 19 31.000000
219 4
25 21 12 59.000000
26 21 12 118.000000
27 21 12 118.000000
28 21 12 5.000000
220 1
9 11 29 33.000000
221 1
57 18 12 32.000000
222 1
203 12 12 36.000000
223 1
70 17 15 34.000000
224 1
80 11 8 42.000000
225 1
51 11 4 44.000000
226 1
75 9 16 43.000000
227 1
49 3 19 31.000000
228 1
58 18 24 31.000000
229 1
165 1 18 37.000000
230 1
44 16 8 60.000000
231 2
71 7 13 25.000000
72 8 13 37.000000
232 1
231 13 16 42.000000
233 1
75 12 7 44.000000
234 1
183 23 5 35.000000
235 1
72 3 16 31.000000
236 1
38 18 14 38.000000
237 1
41 11 20 41.000000
238 3
17 15 14 130.000000
18 15 14 65.000000
19 16 14 105.000000
239 2
15 11 15 40.500000
16 11 15 8.500000
240 1
157 0 19 39.000000
241 1
50 6 13 40.000000
242 2
31 5 16 36.000000
32 5 16 52.000000
243 1
214 15 21 49.000000
244 2
42 22 13 18.500000
43 22 12 17.500000
245 1
168 7 12 46.000000
246 1
21 12 21 54.000000
247 1
53 18 22 45.000000
248 1
195 11 4 37.000000
249 1
36 7 7 52.000000
250 1
60 10 22 39.000000
251 5
67 8 7 0.500000
68 8 7 1.000000
69 8 7 1.000000
70 8 6 31.000000
71 8 6 27.000000
252 2
225 11 15 40.500000
226 11 15 6.500000
253 1
27 6 11 38.000000
254 1
175 11 12 46.000000
255 1
62 8 12 34.000000
256 1
49 15 9 52.000000
257 2
22 5 8 36.000000
23 5 8 5.000000
258 1
181 14 18 39.000000
259 3
194 16 24 162.000000
195 16 24 81.000000
196 16 23 57.000000
260 1
198 10 11 40.000000
261 1
60 6 14 32.000000
262 1
43 0 17 36.000000
263 2
32 17 14 58.000000
33 17 14 35.000000
264 1
43 13 16 38.000000
265 6
218 8 10 21.500000
219 8 11 0.500000
220 8 11 1.000000
221 8 11 1.000000
222 8 11 1.000000
223 8 10 47.500000
266 2
175 16 13 88.000000
176 16 13 8.000000
267 59
201 8 7 1.000000
202 8 7 0.500000
203 8 9 0.500000
204 8 9 1.000000
205 8 9 1.000000
206 8 9 1.000000
207 8 7 0.500000
208 8 7 1.000000
209 8 7 1.000000
210 8 7 1.000000
211 8 7 1.000000
212 8 7 0.500000
213 8 9 0.500000
214 8 9 1.000000
215 8 9 1.000000
216 8 9 1.000000
217 8 7 0.500000
218 8 7 1.000000
219 8 7 1.000000
220 8 7 1.000000
221 8 7 1.000000
222 8 7 0.500000
223 8 9 0.500000
224 8 9 1.000000
225 8 9 1.000000
226 8 9 1.000000
227 8 7 0.500000
228 8 7 1.000000
229 8 7 1.000000
230 8 7 1.000000
231 8 7 1.000000
232 8 7 0.500000
233 8 9 0.500000
234 8 9 1.000000
235 8 9 1.000000
236 8 9 1.000000
237 8 7 0.500000
238 8 7 1.000000
239 8 7 1.000000
240 8 7 1.000000
241 8 7 1.000000
242 8 7 0.500000
243 8 9 0.500000
244 8 9 1.000000
245 8 9 1.000000
246 8 9 1.000000
247 8 7 0.500000
248 8 7 1.000000
249 8 7 1.000000
250 8 7 1.000000
251 8 7 1.000000
252 8 7 0.500000
253 8 9 0.500000
254 8 9 1.000000
255 8 9 1.000000
256 8 9 1.000000
257 8 7 0.500000
258 8 7 1.000000
259 8 7 0.500000
268 2
208 16 9 71.500000
209 16 9 18.500000
269 1
24 14 17 35.000000
270 1
83 22 10 100.000000
271 3
38 8 23 41.000000
39 7 23 57.000000
40 7 23 24.000000
272 1
94 7 7 32.000000
273 1
10 1 11 31.000000
274 1
22 17 14 51.000000
275 3
17 12 17 22.500000
18 12 17 45.000000
19 12 17 0.500000
276 1
23 13 17 33.000000
277 2
80 13 16 32.500000
81 13 16 8.500000
278 2
48 10 10 34.000000
49 10 10 6.000000
279 3
51 15 15 51.000000
52 15 15 51.000000
53 15 15 18.000000
280 4
33 10 12 173.000000
34 10 12 86.500000
35 10 10 17.000000
36 10 10 23.500000
281 1
33 10 11 38.000000
282 2
78 10 9 28.500000
79 10 8 13.500000
283 1
65 13 9 74.000000
284 2
86 18 15 69.000000
87 18 15 107.000000
285 1
19 10 17 35.000000
286 2
37 14 16 118.000000
38 14 16 13.000000
287 1
201 18 11 31.000000
288 1
67 0 17 59.000000
289 1
67 1 20 31.000000
290 2
73 12 25 31.500000
74 12 25 11.500000
291 2
49 24 12 0.500000
50 24 13 94.500000
292 7
43 6 9 0.500000
44 5 9 42.500000
45 6 9 1.000000
46 6 9 1.000000
47 6 9 1.000000
48 6 9 0.500000
49 5 9 8.500000
293 1
223 15 11 30.000000
294 1
183 9 16 36.000000
295 1
44 0 19 40.000000
296 1
86 18 11 31.000000
297 5
29 3 20 0.500000
30 3 20 1.000000
31 3 20 1.000000
32 3 20 1.000000
33 4 20 27.000000
298 1
9 12 8 46.000000
299 1
66 8 17 34.000000
300 3
197 20 7 142.000000
198 20 7 142.000000
199 20 7 16.000000
301 2
195 19 19 70.000000
196 19 19 26.000000
302 5
40 12 17 45.000000
41 12 17 45.000000
42 12 17 22.500000
43 13 17 66.500000
44 13 17 121.000000
303 2
219 22 19 51.500000
220 22 20 5.500000
304 1
21 17 19 36.000000
305 1
15 5 15 32.000000
306 2
72 11 7 43.000000
73 11 7 20.000000
307 2
201 7 13 25.000000
202 8 13 9.000000
308 1
160 3 9 34.000000
309 2
35 11 16 21.000000
36 11 16 74.000000
310 1
212 10 7 48.000000
311 6
219 10 10 34.000000
220 10 10 17.000000
221 10 8 37.000000
222 10 8 37.000000
223 10 8 37.000000
224 10 8 5.000000
312 1
13 19 8 38.000000
313 1
197 18 10 32.000000
314 1
47 0 13 38.000000
315 2
33 14 9 19.000000
34 14 9 30.000000
316 1
177 12 8 44.000000
317 1
170 12 17 33.000000
318 1
59 19 24 32.000000
319 1
10 3 16 34.000000
320 1
36 12 16 93.000000
321 1
53 16 4 40.000000
322 1
205 20 16 37.000000
323 1
224 15 12 42.000000
324 1
30 13 18 33.000000
325 1
68 11 17 54.000000
326 1
89 14 23 35.000000
327 1
185 19 9 44.000000
328 1
215 4 15 34.000000
329 1
85 15 12 66.000000
330 2
36 8 5 25.000000
37 8 5 44.000000
331 2
64 18 7 50.500000
65 18 7 72.500000
332 1
22 10 14 34.000000
333 2
23 2 17 53.000000
24 2 17 46.000000
334 2
29 6 18 32.500000
30 5 18 13.500000
335 1
178 7 16 32.000000
336 1
200 12 17 32.000000
337 1
41 9 16 37.000000
338 3
2 19 14 26.500000
3 20 14 63.000000
4 20 14 11.500000
339 1
211 17 11 33.000000
340 1
46 12 11 64.000000
341 1
29 8 15 59.000000
342 3
25 11 15 40.500000
26 11 15 81.000000
27 11 15 2.500000
343 1
229 17 8 37.000000
344 1
49 12 1 33.000000
345 1
57 22 19 60.000000
346 1
209 11 17 39.000000
347 1
34 9 9 81.000000
348 1
4 9 9 56.000000
349 1
58 7 12 38.000000
350 3
180 9 13 18.500000
181 9 13 37.000000
182 9 13 11.500000
351 2
81 14 18 42.000000
82 14 18 1.000000
352 2
162 5 16 72.000000
163 5 16 7.000000
353 1
71 14 14 31.000000
354 1
18 13 13 31.000000
355 2
41 5 25 57.000000
42 5 25 55.000000
356 1
45 6 6 33.000000
357 1
193 18 10 54.000000
358 1
40 20 5 31.000000
359 2
30 8 13 29.500000
31 8 13 10.500000
360 3
81 13 16 56.500000
82 13 16 65.000000
83 13 16 10.500000
361 2
179 3 9 62.000000
180 3 9 46.000000
362 1
227 19 11 34.000000
363 2
20 8 13 29.500000
21 8 13 3.500000
364 2
190 15 6 39.000000
191 15 6 9.000000
365 1
44 2 10 42.000000
366 6
2 7 9 22.000000
3 8 9 0.500000
4 8 9 1.000000
5 8 9 1.000000
6 8 9 1.000000
7 7 9 6.000000
367 1
18 7 0 49.000000
368 2
203 1 16 35.500000
204 1 16 8.500000
369 1
48 13 21 60.000000
370 1
34 8 13 59.000000
371 6
162 7 9 22.000000
163 8 9 0.500000
164 8 9 1.000000
165 8 9 1.000000
166 8 9 1.000000
167 7 9 5.000000
372 1
207 13 15 40.000000
373 1
24 11 5 32.000000
374 1
24 16 24 79.000000
375 1
38 3 16 36.000000
376 1
21 1 15 83.000000
377 1
48 1 8 34.000000
378 1
24 16 8 51.000000
379 3
89 4 6 66.500000
90 4 6 133.000000
91 4 6 100.500000
380 1
177 18 21 48.000000
381 2
191 2 15 32.000000
192 2 15 26.000000
382 1
171 11 8 32.000000
383 1
34 6 15 48.000000
384 2
67 3 12 50.000000
68 3 12 18.000000
385 1
16 13 9 45.000000
386 2
41 15 24 147.000000
42 15 24 31.000000
387 1
71 18 16 64.000000
388 1
33 5 13 31.000000
389 1
13 9 13 33.000000
390 2
37 7 6 63.000000
38 7 6 100.000000
391 1
201 15 15 33.000000
392 2
60 16 11 3.500000
61 16 11 28.500000
393 2
37 15 8 38.500000
38 15 8 29.500000
394 2
42 16 9 143.000000
43 16 9 16.000000
395 1
43 16 20 61.000000
396 1
14 22 7 34.000000
397 2
197 5 14 24.500000
198 5 14 11.500000
398 1
215 6 14 40.000000
399 1
71 12 7 32.000000
400 1
34 16 22 30.000000
401 1
57 19 20 63.000000
402 1
219 16 9 36.000000
403 1
19 4 9 95.000000
404 1
42 11 21 36.000000
405 2
60 8 15 145.000000
61 8 15 7.000000
406 1
0 10 11 34.000000
407 4
43 10 8 37.000000
44 10 8 18.500000
45 11 7 86.000000
46 11 7 24.500000
408 1
207 18 14 67.000000
409 1
59 8 25 41.000000
410 1
183 9 9 54.000000
411 5
169 3 20 0.500000
170 3 20 1.000000
171 3 20 1.000000
172 3 20 1.000000
173 4 20 35.000000
412 1
4 9 16 50.000000
413 2
204 6 18 32.500000
205 6 18 16.500000
414 2
177 11 7 43.000000
178 10 7 139.000000
415 2
69 13 27 37.000000
70 13 27 1.000000
416 1
69 10 14 33.000000
417 1
80 15 16 68.000000
418 1
170 4 9 37.000000
419 1
59 15 18 32.000000
420 1
172 5 15 56.000000
421 1
23 3 13 32.000000
422 1
28 13 17 45.000000
423 3
107 6 9 1.000000
108 6 9 0.500000
109 5 9 42.500000
424 2
185 9 13 18.500000
186 11 14 12.500000
425 1
58 1 20 47.000000
426 1
47 9 6 35.000000
427 1
179 23 18 32.000000
428 6
227 10 25 73.000000
228 10 25 2.000000
229 10 24 1.000000
230 10 24 1.000000
231 10 24 1.000000
232 10 24 0.500000
429 1
27 13 15 40.000000
430 1
198 10 15 40.000000
431 1
8 13 15 141.000000
432 1
201 0 23 31.000000
433 1
223 6 13 57.000000
434 1
97 13 15 43.000000
435 1
64 10 16 39.000000
436 1
87 16 15 53.000000
437 1
40 15 9 53.000000
438 1
216 5 15 36.000000
439 1
56 14 10 32.000000
440 1
31 21 19 93.000000
441 2
61 14 5 45.000000
62 14 5 8.000000
442 1
228 12 20 50.000000
443 1
26 5 16 31.000000
444 2
41 5 16 36.000000
42 5 16 22.000000
445 1
76 13 7 40.000000
446 1
195 21 25 37.000000
447 1
42 20 24 40.000000
448 1
60 2 9 36.000000
449 1
217 15 25 85.000000
450 1
180 7 6 32.000000
451 1
47 6 17 39.000000
452 5
170 17 21 32.000000
171 17 21 64.000000
172 17 21 64.000000
173 17 21 64.000000
174 17 21 13.000000
453 1
55 11 26 39.000000
454 1
201 10 16 31.000000
455 1
5 0 16 32.000000
456 1
18 15 4 75.000000
457 1
59 21 18 32.000000
458 2
61 7 13 25.000000
62 8 13 52.000000
459 1
79 10 7 32.000000
460 2
94 15 25 84.500000
95 15 25 2.500000
461 1
32 10 7 36.000000
462 1
70 4 12 53.000000
463 1
230 10 7 35.000000
464 2
76 16 7 32.500000
77 16 7 10.500000
465 1
192 10 16 36.000000
466 1
35 0 22 48.000000
467 1
45 13 3 35.000000
468 2
18 9 14 69.000000
19 9 14 22.000000
469 2
58 4 5 22.500000
59 4 5 39.500000
470 2
182 24 9 59.500000
183 24 9 48.500000
471 2
52 12 12 177.000000
53 12 12 32.000000
472 2
53 16 12 93.000000
54 16 12 23.000000
473 4
174 11 5 90.000000
175 11 5 90.000000
176 11 5 90.000000
177 11 5 30.000000
474 2
235 12 22 33.000000
236 12 22 24.000000
475 1
175 19 29 39.000000
476 3
44 10 9 17.000000
45 10 9 57.000000
46 10 9 19.000000
477 2
77 11 7 43.000000
78 10 7 14.000000
478 1
81 11 12 46.000000
479 1
56 18 17 93.000000
480 2
219 12 19 118.000000
220 12 19 33.000000
481 1
70 15 17 32.000000
482 1
163 10 25 32.000000
483 2
185 10 10 17.000000
186 10 10 17.000000
484 1
37 7 8 165.000000
485 1
185 14 16 36.000000
486 1
60 19 10 31.000000
487 2
18 19 9 147.000000
19 19 9 77.000000
488 1
42 12 15 61.000000
489 4
27 6 9 1.000000
28 6 9 0.500000
29 5 9 42.500000
30 5 9 40.000000
490 1
219 9 18 35.000000
491 1
173 0 17 34.000000
492 1
10 7 9 32.000000
493 2
220 16 11 43.500000
221 16 11 6.500000
494 2
47 11 16 39.000000
48 11 16 31.000000
495 1
26 14 12 35.000000
496 2
173 0 17 19.500000
174 0 17 18.500000
497 1
195 17 24 33.000000
498 1
34 14 25 30.000000
499 3
52 10 13 41.000000
53 10 13 41.000000
54 10 13 11.000000
500 1
61 6 12 32.000000
501 1
6 19 9 88.000000
502 2
188 10 11 57.000000
189 10 11 40.000000
503 2
32 10 18 29.500000
33 10 18 13.500000
504 1
27 16 3 34.000000
505 2
52 12 17 22.500000
53 11 17 15.500000
506 3
41 7 23 57.000000
42 7 23 57.000000
43 7 23 26.000000
507 1
28 9 14 32.000000
508 1
170 3 17 32.000000
509 1
74 11 19 57.000000
510 2
70 23 4 30.000000
71 23 4 7.000000
511 1
21 13 13 114.000000
512 1
79 12 8 48.000000
513 1
51 10 21 40.000000
514 1
69 17 15 36.000000
515 1
45 20 14 55.000000
516 1
188 5 0 52.000000
517 1
61 9 12 43.000000
518 1
162 17 20 60.000000
519 1
187 14 19 40.000000
520 1
65 10 20 33.000000
521 1
187 6 15 30.000000
522 2
178 7 16 53.000000
179 7 16 4.000000
523 1
62 3 16 34.000000
524 1
214 10 18 33.000000
525 1
73 9 16 51.000000
526 1
36 2 16 37.000000
527 2
191 22 10 81.500000
192 22 10 87.500000
528 1
59 6 14 80.000000
529 1
152 1 3 39.000000
530 1
8 9 8 34.000000
531 1
19 11 15 65.000000
532 1
45 15 22 41.000000
533 2
31 0 8 46.000000
32 0 8 14.000000
534 1
79 9 8 46.000000
535 1
205 1 10 63.000000
536 1
61 9 18 81.000000
537 1
37 14 10 40.000000
538 1
18 5 23 62.000000
539 1
35 10 16 41.000000
540 2
213 7 17 38.000000
214 7 17 1.000000
541 1
50 9 8 38.000000
542 1
58 17 12 33.000000
543 1
75 14 15 47.000000
544 1
68 3 14 42.000000
545 1
152 16 10 106.000000
546 2
14 21 11 27.000000
15 21 10 7.000000
547 1
182 16 11 37.000000
548 5
188 18 7 27.000000
190 19 7 1.000000
191 19 7 1.000000
192 19 7 1.000000
193 19 7 0.500000
549 3
66 9 8 28.000000
67 9 8 56.000000
68 9 8 28.000000
550 2
15 14 8 108.000000
16 14 8 43.000000
551 1
205 15 22 38.000000
552 1
70 18 11 70.000000
553 1
17 21 13 38.000000
554 84
43 8 9 0.500000
44 8 9 1.000000
45 8 9 1.000000
46 8 9 1.000000
47 8 9 1.000000
48 8 9 0.500000
49 8 11 0.500000
50 8 11 1.000000
51 8 11 1.000000
52 8 11 1.000000
53 8 9 0.500000
54 8 9 1.000000
55 8 9 1.000000
56 8 9 1.000000
57 8 9 1.000000
58 8 9 0.500000
59 8 11 0.500000
60 8 11 1.000000
61 8 11 1.000000
62 8 11 1.000000
63 8 9 0.500000
64 8 9 1.000000
65 8 9 1.000000
66 8 9 1.000000
67 8 9 1.000000
68 8 9 0.500000
69 8 11 0.500000
70 8 11 1.000000
71 8 11 1.000000
72 8 11 1.000000
73 8 9 0.500000
74 8 9 1.000000
75 8 9 1.000000
76 8 9 1.000000
77 8 9 1.000000
78 8 9 0.500000
79 8 11 0.500000
80 8 11 1.000000
81 8 11 1.000000
82 8 11 1.000000
83 8 9 0.500000
84 8 9 1.000000
85 8 9 1.000000
86 8 9 1.000000
87 8 9 1.000000
88 8 9 0.500000
89 8 11 0.500000
90 8 11 1.000000
91 8 11 1.000000
92 8 11 1.000000
93 8 9 0.500000
94 8 9 1.000000
95 8 9 1.000000
96 8 9 1.000000
97 8 9 1.000000
98 8 9 0.500000
99 8 11 0.500000
100 8 11 1.000000
101 8 11 1.000000
102 8 11 1.000000
103 8 9 0.500000
104 8 9 1.000000
105 8 9 1.000000
106 8 9 1.000000
107 8 9 1.000000
108 8 9 0.500000
109 8 11 0.500000
110 8 11 1.000000
111 8 11 1.000000
112 8 11 1.000000
113 8 9 0.500000
114 8 9 1.000000
115 8 9 1.000000
116 8 9 1.000000
117 8 9 1.000000
118 8 9 0.500000
119 8 11 0.500000
120 8 11 1.000000
121 8 11 1.000000
122 8 11 1.000000
123 8 9 0.500000
124 8 9 1.000000
125 8 9 1.000000
126 8 9 1.000000
555 3
76 4 17 50.000000
77 4 17 25.000000
78 4 16 25.000000
556 1
36 15 13 32.000000
557 2
226 2 17 26.500000
227 2 18 8.500000
558 1
217 4 10 34.000000
559 1
53 22 10 39.000000
560 2
11 4 22 34.000000
12 4 22 27.000000
561 2
164 7 17 76.000000
165 7 17 14.000000
562 1
35 9 16 33.000000
563 2
170 10 10 17.000000
171 10 11 22.000000
564 6
153 6 9 0.500000
154 5 9 34.000000
155 6 9 1.000000
156 6 9 1.000000
157 6 9 1.000000
158 6 9 0.500000
565 1
63 5 15 55.000000
566 1
216 11 5 32.000000
567 1
79 8 4 41.000000
568 2
188 7 22 143.000000
189 7 22 31.000000
569 2
28 18 20 21.000000
29 18 20 24.000000
570 2
165 7 16 42.500000
166 7 16 2.500000
571 2
27 8 5 50.000000
28 8 5 4.000000
572 2
57 4 23 1.000000
58 4 24 31.500000
573 2
221 11 13 50.000000
222 11 13 21.000000
574 2
60 9 2 82.000000
61 9 2 4.000000
575 1
238 11 23 48.000000
576 2
78 1 13 37.500000
79 1 13 15.500000
577 1
203 16 10 41.000000
578 1
11 13 24 43.000000
579 1
196 13 7 51.000000
580 1
179 14 24 34.000000
581 1
172 8 6 47.000000
582 1
14 21 14 33.000000
583 1
42 17 10 69.000000
584 2
59 7 24 82.000000
60 7 24 26.000000
585 2
171 16 2 89.000000
172 16 3 12.000000
586 1
197 17 14 56.000000
587 2
202 22 26 71.500000
203 22 26 9.500000
588 1
35 11 16 48.000000
589 1
28 12 8 31.000000
590 2
87 17 11 23.000000
88 17 11 7.000000
591 1
3 20 26 43.000000
592 2
156 16 7 32.500000
157 16 7 7.500000
593 2
35 6 8 32.000000
36 6 8 41.000000
594 2
216 11 14 25.500000
217 11 14 18.500000
595 1
42 13 13 32.000000
596 1
57 12 10 31.000000
597 3
74 3 24 63.000000
75 3 24 63.000000
76 3 24 30.000000
598 1
52 3 9 103.000000
599 2
209 10 13 20.500000
210 10 13 22.500000
600 1
28 6 23 30.000000
601 1
30 7 13 40.000000
602 1
59 18 18 77.000000
603 1
73 5 15 57.000000
604 1
76 12 18 43.000000
605 1
49 9 10 30.000000
606 1
59 5 9 31.000000
607 1
38 12 2 38.000000
608 1
59 10 19 43.000000
609 1
24 15 7 33.000000
610 1
60 16 11 40.000000
611 3
204 10 8 18.500000
206 9 8 28.000000
207 9 8 41.500000
612 1
169 15 16 55.000000
613 1
33 18 25 51.000000
614 1
96 14 25 74.000000
615 1
25 17 17 32.000000
616 2
73 8 11 1.000000
74 8 10 37.500000
617 1
206 11 16 68.000000
618 1
59 9 7 49.000000
619 1
84 14 19 40.000000
620 2
18 14 9 19.000000
19 15 9 21.000000
621 3
71 22 13 37.000000
72 22 13 18.500000
73 22 12 21.500000
622 1
151 10 22 38.000000
623 3
8 11 14 51.000000
9 11 14 51.000000
10 11 14 6.000000
624 1
173 8 18 39.000000
625 1
48 23 18 41.000000
626 2
201 14 23 99.000000
202 14 23 5.000000
627 1
11 11 4 32.000000
628 1
13 7 17 32.000000
629 1
76 11 6 44.000000
630 2
74 6 18 32.500000
75 6 18 8.500000
631 1
204 0 21 31.000000
632 1
27 16 19 51.000000
633 2
226 18 12 73.000000
227 18 12 28.000000
634 1
54 6 12 46.000000
635 1
215 2 9 41.000000
636 1
31 13 16 32.000000
637 2
9 14 18 42.000000
10 14 18 28.000000
638 2
21 0 4 101.000000
22 0 4 78.000000
639 1
76 12 16 37.000000
640 1
169 10 7 45.000000
641 4
79 10 8 5.000000
80 10 8 37.000000
81 10 8 37.000000
82 10 8 13.000000
642 1
61 12 2 36.000000
643 1
241 10 17 36.000000
644 1
52 11 13 36.000000
645 1
97 17 6 41.000000
646 1
224 2 10 69.000000
647 1
44 11 11 33.000000
648 1
195 14 9 35.000000
649 1
49 11 9 45.000000
650 1
27 9 8 38.000000
651 1
192 18 13 30.000000
652 1
45 17 14 37.000000
653 1
69 16 26 32.000000
654 1
17 15 13 53.000000
655 1
77 14 12 33.000000
656 3
24 4 10 40.000000
25 4 10 40.000000
26 4 10 24.000000
657 2
28 13 24 22.000000
29 13 24 9.000000
658 2
23 0 17 53.500000
24 0 17 7.500000
659 1
29 12 10 33.000000
660 2
87 9 14 34.500000
88 9 14 19.500000
661 1
48 1 19 42.000000
662 1
50 12 16 32.000000
663 1
196 4 17 38.000000
664 1
65 5 15 43.000000
665 1
53 11 27 104.000000
666 1
152 11 3 33.000000
667 1
52 7 18 33.000000
668 1
183 16 14 45.000000
669 1
81 12 12 94.000000
670 2
24 15 6 19.500000
25 15 7 11.500000
671 1
172 0 8 53.000000
672 1
49 4 18 43.000000
673 1
14 14 11 30.000000
674 2
52 13 5 61.000000
53 13 5 41.000000
675 1
89 8 8 78.000000
676 1
68 3 14 35.000000
677 1
30 14 7 66.000000
678 4
67 27 15 36.500000
68 27 15 73.000000
69 27 15 73.000000
70 27 15 15.500000
679 4
6 6 9 1.000000
7 6 9 1.000000
8 6 9 0.500000
9 5 9 30.500000
680 1
35 15 22 35.000000
681 1
163 21 11 40.000000
682 1
222 8 12 33.000000
683 1
39 5 1 40.000000
684 1
76 9 18 32.000000
685 1
65 1 12 41.000000
686 1
24 25 12 38.000000
687 1
50 1 19 53.000000
688 1
51 3 16 49.000000
689 2
27 17 19 21.500000
28 17 19 22.500000
690 1
55 21 14 60.000000
691 1
69 14 13 36.000000
692 1
25 23 9 33.000000
693 1
66 14 21 36.000000
694 1
214 7 7 34.000000
695 2
191 8 13 59.000000
192 8 13 18.000000
696 1
162 18 5 158.000000
697 1
206 4 11 36.000000
698 1
218 8 10 35.000000
699 2
74 15 6 19.500000
75 15 5 12.500000
700 2
32 4 5 45.000000
33 4 5 9.000000
