1 1
4 276 14 32
2 2
14 140 181 100
15 140 181 91
3 1
35 74 286 42
4 2
10 138 113 88
11 138 113 69
5 1
111 55 20 95
6 1
53 226 275 67
7 3
49 10 44 97
50 10 44 97
51 10 44 1
8 2
53 179 11 89
54 179 11 76
9 1
131 275 6 50
10 1
40 59 246 67
11 1
104 47 92 92
12 2
12 66 54 99
13 66 54 37
13 2
65 99 200 100
66 99 200 28
14 2
122 94 123 89
123 94 123 26
15 1
133 281 257 27
16 2
10 139 55 99
11 139 55 90
17 1
12 211 133 20
18 1
120 244 200 60
19 2
110 183 178 100
111 183 178 54
20 1
36 20 49 61
21 2
32 118 279 99
33 118 279 61
22 1
51 39 179 59
23 1
97 167 34 90
24 1
11 177 95 84
25 1
8 172 13 12
26 2
92 186 16 90
93 186 16 81
27 3
103 168 52 100
104 168 52 50
105 180 55 3
28 1
56 41 284 26
29 1
34 255 190 40
30 2
26 61 49 90
27 61 49 48
31 2
89 121 38 150
90 121 38 28
32 1
55 295 150 55
33 1
134 239 96 88
34 1
77 108 298 67
35 2
13 27 213 99
14 27 213 17
36 2
4 206 271 98
5 206 271 21
37 1
89 131 127 13
38 2
76 177 264 98
77 177 264 67
39 1
74 298 121 90
40 5
56 117 222 21
57 117 222 42
58 117 222 42
59 117 222 42
60 117 222 19
41 2
109 234 141 98
110 234 141 72
42 2
149 124 194 94
150 124 194 82
43 2
141 150 171 98
142 150 171 84
44 1
120 68 119 30
45 2
107 196 37 100
108 196 37 11
46 1
24 232 128 25
47 2
69 150 38 99
70 150 38 80
48 2
35 167 10 97
36 167 10 47
49 2
57 273 183 98
58 273 183 68
50 1
149 109 284 96
51 3
148 290 162 98
149 290 162 49
150 292 164 10
52 1
47 292 140 27
53 1
14 220 72 25
54 2
56 89 44 100
57 89 44 23
55 2
22 28 151 93
23 28 151 11
56 1
83 168 7 40
57 1
35 36 187 55
58 1
13 187 177 84
59 2
32 288 101 97
33 288 101 54
60 1
108 266 255 80
61 2
71 166 150 89
72 166 150 72
62 2
69 247 250 98
70 247 250 65
63 2
53 81 223 81
54 81 223 45
64 1
75 173 295 42
65 2
103 132 181 97
104 132 181 8
66 2
39 201 292 98
40 201 292 17
67 2
114 267 132 100
115 267 132 5
68 3
36 189 183 100
37 189 186 85
38 189 186 10
69 2
95 168 130 99
96 168 130 59
70 1
7 203 157 51
71 2
117 123 39 110
118 123 39 40
72 3
86 110 87 34
87 113 87 40.5
88 113 87 39.5
73 2
57 139 237 85
58 139 237 42
74 1
101 79 268 109
75 2
2 253 87 100
3 253 87 5
76 1
147 154 88 49
77 2
85 80 95 98
86 80 95 88
78 2
24 191 259 66
25 191 259 58
79 1
134 268 62 74
80 1
109 50 92 76
81 2
13 289 251 100
14 289 251 59
82 2
49 280 59 97
50 280 59 8
83 2
92 136 149 100
93 136 149 77
84 2
26 93 88 98
27 93 88 5
85 1
129 28 91 16
86 2
37 8 14 83
38 8 14 12
87 1
61 108 65 53
88 2
96 288 268 100
97 288 268 43
89 1
13 90 245 16
90 1
121 94 211 55
91 2
130 224 198 89
131 224 198 77
92 6
35 238 263 19
36 238 263 38
37 238 263 38
38 238 263 38
39 238 263 38
40 238 263 17
93 1
67 201 205 57
94 1
40 62 134 82
95 2
146 228 90 100
147 228 90 5
96 1
61 245 252 41
97 6
101 254 205 6
102 254 205 12
103 254 205 12
104 254 205 12
105 254 205 12
106 254 205 1
98 2
51 261 247 101
52 261 247 71
99 2
136 46 95 96
137 46 95 12
100 2
42 74 123 100
43 74 123 53
