1 2
275 276 17 23.000000
276 276 17 9.000000
2 4
175 140 182 57.000000
176 140 182 57.000000
177 140 182 57.000000
178 140 182 20.000000
3 2
268 79 286 16.000000
269 79 286 26.000000
4 9
68 141 112 28.000000
69 141 112 14.000000
70 141 113 10.500000
71 141 113 21.000000
72 141 113 21.000000
73 141 113 21.000000
74 141 113 21.000000
75 141 113 10.500000
76 141 112 10.000000
5 0
6 2
293 226 268 35.000000
294 226 268 32.000000
7 3
314 9 44 48.000000
315 10 42 98.000000
316 10 42 49.000000
8 8
96 179 5 7.000000
97 179 5 14.000000
98 179 5 14.000000
99 179 5 14.000000
100 179 5 14.000000
101 179 5 7.000000
102 179 2 32.000000
103 179 2 63.000000
9 0
10 1
308 67 249 67.000000
11 2
210 56 89 75.000000
211 56 89 17.000000
12 3
343 67 60 39.500000
344 67 60 79.000000
345 67 60 17.500000
13 3
297 104 200 46.000000
298 103 200 43.000000
299 103 200 39.000000
14 7
371 95 123 18.000000
372 95 123 18.000000
373 95 123 18.000000
374 95 123 18.000000
375 95 123 9.000000
376 93 123 11.500000
377 93 123 22.500000
15 1
355 280 260 27.000000
16 7
144 133 54 18.500000
145 133 54 37.000000
146 133 54 37.000000
147 133 54 37.000000
148 133 54 37.000000
149 133 54 18.500000
150 133 55 4.000000
17 1
138 216 139 20.000000
18 2
314 244 200 36.000000
315 245 200 24.000000
19 3
258 173 171 41.500000
259 173 171 83.000000
260 173 171 29.500000
20 2
360 22 51 22.500000
361 22 51 38.500000
21 3
372 123 277 75.000000
373 123 277 75.000000
374 123 277 10.000000
22 2
84 37 182 41.000000
85 37 182 18.000000
23 2
228 164 47 61.000000
229 164 47 29.000000
24 2
224 173 99 46.500000
225 173 99 37.500000
25 1
227 181 13 12.000000
26 3
211 181 16 37.500000
212 181 15 93.000000
213 181 15 40.500000
27 2
307 183 56 99.000000
308 183 56 54.000000
28 1
373 41 282 26.000000
29 2
223 254 186 36.000000
224 254 186 4.000000
30 5
33 58 48 19.000000
34 58 48 19.000000
35 58 48 9.500000
36 58 47 48.000000
37 58 47 42.500000
31 4
322 130 39 7.500000
323 130 38 64.000000
324 130 38 64.000000
325 130 38 42.500000
32 1
395 292 151 55.000000
33 2
310 226 99 34.500000
311 226 99 53.500000
34 3
151 108 283 9.000000
153 107 284 25.500000
154 107 284 32.500000
35 3
43 29 223 48.500000
44 29 222 24.000000
45 29 222 43.500000
36 3
268 206 271 49.000000
269 207 271 64.000000
270 207 271 6.000000
37 1
136 128 128 13.000000
38 5
244 168 263 19.500000
245 168 263 39.000000
246 168 263 39.000000
247 168 263 39.000000
248 168 263 28.500000
39 3
184 296 118 28.500000
185 296 118 57.000000
186 296 118 4.500000
40 6
292 117 221 17.000000
296 117 222 21.000000
297 117 222 42.000000
298 117 222 42.000000
299 117 222 42.000000
300 117 222 2.000000
41 4
223 233 137 32.500000
225 233 138 37.000000
226 233 138 74.000000
227 233 138 26.500000
42 4
213 123 186 45.000000
214 123 186 45.000000
215 123 186 45.000000
216 123 186 41.000000
43 4
183 149 163 34.000000
184 149 163 68.000000
185 149 163 68.000000
186 149 163 12.000000
44 1
342 77 119 30.000000
45 2
336 195 39 76.000000
337 195 39 35.000000
46 3
270 232 125 14.000000
271 232 125 7.000000
272 232 126 4.000000
47 5
242 159 39 14.500000
243 158 39 52.000000
244 158 39 52.000000
245 158 39 52.000000
246 158 39 8.500000
48 2
184 164 12 93.000000
185 164 12 51.000000
49 2
145 275 177 94.000000
146 275 177 72.000000
50 0
51 6
349 290 164 11.000000
350 290 164 11.000000
351 290 164 11.000000
352 290 164 5.500000
353 290 165 66.000000
354 290 165 52.500000
52 1
190 291 138 27.000000
53 1
184 205 73 25.000000
54 2
287 89 47 81.000000
288 89 47 42.000000
55 2
170 28 151 46.500000
171 28 151 57.500000
56 2
182 168 23 37.500000
184 169 22 2.500000
57 2
273 36 178 41.000000
276 36 181 14.000000
58 2
217 180 180 43.000000
218 180 180 41.000000
59 5
338 274 101 22.000000
339 274 101 22.000000
340 274 101 22.000000
341 274 101 11.000000
342 275 100 74.000000
60 2
302 267 243 62.000000
303 267 243 18.000000
61 5
97 169 149 13.000000
98 169 149 13.000000
99 169 149 6.500000
100 170 149 81.000000
101 170 149 47.500000
62 0
63 3
133 84 223 53.000000
134 84 223 53.000000
135 84 223 20.000000
64 2
265 170 294 36.000000
266 170 294 6.000000
65 4
232 122 181 31.000000
233 122 181 31.000000
234 122 181 15.500000
235 123 181 27.500000
66 3
118 203 284 40.000000
119 202 284 56.000000
120 202 284 19.000000
67 2
207 278 142 35.000000
208 278 142 70.000000
68 5
145 189 190 39.000000
146 189 190 39.000000
147 189 190 39.000000
148 189 190 19.500000
149 189 191 58.500000
69 3
169 169 146 75.000000
170 169 146 75.000000
171 169 146 8.000000
70 5
139 203 163 7.000000
140 203 163 14.000000
141 203 163 14.000000
142 203 163 14.000000
143 203 163 2.000000
71 0
72 2
393 110 87 68.000000
394 110 87 46.000000
73 2
115 139 237 85.000000
116 139 237 42.000000
74 2
190 85 276 42.000000
191 85 276 67.000000
75 2
244 251 87 32.500000
245 251 86 72.500000
76 1
377 147 95 49.000000
77 3
268 83 96 62.000000
269 83 96 62.000000
270 83 96 62.000000
78 3
89 180 259 27.000000
90 180 259 54.000000
91 180 259 43.000000
79 1
263 272 72 74.000000
80 2
133 51 91 55.000000
134 51 91 21.000000
81 7
361 287 237 22.000000
362 287 237 22.000000
363 287 237 22.000000
364 287 237 22.000000
365 287 237 11.000000
366 288 237 51.000000
367 288 237 9.000000
82 0
83 4
148 135 153 60.000000
149 135 153 30.000000
150 135 152 69.000000
151 135 152 18.000000
84 3
205 95 88 25.500000
206 95 88 51.000000
207 95 88 26.500000
85 2
236 29 94 10.000000
237 29 94 6.000000
86 5
245 8 26 10.000000
246 8 26 10.000000
247 8 26 10.000000
248 8 26 5.000000
249 8 27 60.000000
87 1
348 119 77 53.000000
88 3
349 283 261 42.000000
350 283 261 84.000000
351 283 261 17.000000
89 1
211 90 234 16.000000
90 2
357 87 211 44.000000
358 87 211 11.000000
91 5
272 222 198 32.000000
273 223 198 45.000000
274 223 198 45.000000
275 223 198 22.500000
276 223 199 21.500000
92 5
207 238 263 38.000000
208 238 263 38.000000
209 238 263 38.000000
210 238 263 19.000000
211 237 263 55.000000
93 3
203 200 196 20.000000
204 200 196 20.000000
205 200 196 17.000000
94 2
213 71 150 71.000000
214 71 150 11.000000
95 0
96 1
295 226 242 41.000000
97 6
113 253 205 11.000000
114 253 205 11.000000
115 253 205 11.000000
116 253 205 11.000000
117 253 205 5.500000
121 254 205 5.500000
98 0
99 2
227 46 93 66.000000
228 46 93 42.000000
100 3
94 71 124 62.000000
95 71 124 62.000000
96 71 124 29.000000