1 2
275 276 17 23
276 276 17 9
2 4
175 140 182 57
176 140 182 57
177 140 182 57
178 140 182 20
3 2
268 79 286 16
269 79 286 26
4 9
68 141 112 28
69 141 112 14
70 141 113 10.5
71 141 113 21
72 141 113 21
73 141 113 21
74 141 113 21
75 141 113 10.5
76 141 112 10
5 0
6 2
293 226 268 35
294 226 268 32
7 3
314 9 44 48
315 10 42 98
316 10 42 49
8 8
96 179 5 7
97 179 5 14
98 179 5 14
99 179 5 14
100 179 5 14
101 179 5 7
102 179 2 32
103 179 2 63
9 0
10 1
308 67 249 67
11 2
210 56 89 75
211 56 89 17
12 3
343 67 60 39.5
344 67 60 79
345 67 60 17.5
13 3
297 104 200 46
298 103 200 43
299 103 200 39
14 7
371 95 123 18
372 95 123 18
373 95 123 18
374 95 123 18
375 95 123 9
376 93 123 11.5
377 93 123 22.5
15 1
355 280 260 27
16 7
144 133 54 18.5
145 133 54 37
146 133 54 37
147 133 54 37
148 133 54 37
149 133 54 18.5
150 133 55 4
17 1
138 216 139 20
18 2
314 244 200 36
315 245 200 24
19 3
258 173 171 41.5
259 173 171 83
260 173 171 29.5
20 2
360 22 51 22.5
361 22 51 38.5
21 3
372 123 277 75
373 123 277 75
374 123 277 10
22 2
84 37 182 41
85 37 182 18
23 2
228 164 47 61
229 164 47 29
24 2
224 173 99 46.5
225 173 99 37.5
25 1
227 181 13 12
26 3
211 181 16 37.5
212 181 15 93
213 181 15 40.5
27 2
307 183 56 99
308 183 56 54
28 1
373 41 282 26
29 2
223 254 186 36
224 254 186 4
30 5
33 58 48 19
34 58 48 19
35 58 48 9.5
36 58 47 48
37 58 47 42.5
31 4
322 130 39 7.5
323 130 38 64
324 130 38 64
325 130 38 42.5
32 1
395 292 151 55
33 2
310 226 99 34.5
311 226 99 53.5
34 3
151 108 283 9
153 107 284 25.5
154 107 284 32.5
35 3
43 29 223 48.5
44 29 222 24
45 29 222 43.5
36 3
268 206 271 49
269 207 271 64
270 207 271 6
37 1
136 128 128 13
38 5
244 168 263 19.5
245 168 263 39
246 168 263 39
247 168 263 39
248 168 263 28.5
39 3
184 296 118 28.5
185 296 118 57
186 296 118 4.5
40 6
292 117 221 17
296 117 222 21
297 117 222 42
298 117 222 42
299 117 222 42
300 117 222 2
41 4
223 233 137 32.5
225 233 138 37
226 233 138 74
227 233 138 26.5
42 4
213 123 186 45
214 123 186 45
215 123 186 45
216 123 186 41
43 4
183 149 163 34
184 149 163 68
185 149 163 68
186 149 163 12
44 1
342 77 119 30
45 2
336 195 39 76
337 195 39 35
46 3
270 232 125 14
271 232 125 7
272 232 126 4
47 5
242 159 39 14.5
243 158 39 52
244 158 39 52
245 158 39 52
246 158 39 8.5
48 2
184 164 12 93
185 164 12 51
49 2
145 275 177 94
146 275 177 72
50 0
51 6
349 290 164 11
350 290 164 11
351 290 164 11
352 290 164 5.5
353 290 165 66
354 290 165 52.5
52 1
190 291 138 27
53 1
184 205 73 25
54 2
287 89 47 81
288 89 47 42
55 2
170 28 151 46.5
171 28 151 57.5
56 2
182 168 23 37.5
184 169 22 2.5
57 2
273 36 178 41
276 36 181 14
58 2
217 180 180 43
218 180 180 41
59 5
338 274 101 22
339 274 101 22
340 274 101 22
341 274 101 11
342 275 100 74
60 2
302 267 243 62
303 267 243 18
61 5
97 169 149 13
98 169 149 13
99 169 149 6.5
100 170 149 81
101 170 149 47.5
62 0
63 3
133 84 223 53
134 84 223 53
135 84 223 20
64 2
265 170 294 36
266 170 294 6
65 4
232 122 181 31
233 122 181 31
234 122 181 15.5
235 123 181 27.5
66 3
118 203 284 40
119 202 284 56
120 202 284 19
67 2
207 278 142 35
208 278 142 70
68 5
145 189 190 39
146 189 190 39
147 189 190 39
148 189 190 19.5
149 189 191 58.5
69 3
169 169 146 75
170 169 146 75
171 169 146 8
70 5
139 203 163 7
140 203 163 14
141 203 163 14
142 203 163 14
143 203 163 2
71 0
72 2
393 110 87 68
394 110 87 46
73 2
115 139 237 85
116 139 237 42
74 2
190 85 276 42
191 85 276 67
75 2
244 251 87 32.5
245 251 86 72.5
76 1
377 147 95 49
77 3
268 83 96 62
269 83 96 62
270 83 96 62
78 3
89 180 259 27
90 180 259 54
91 180 259 43
79 1
263 272 72 74
80 2
133 51 91 55
134 51 91 21
81 7
361 287 237 22
362 287 237 22
363 287 237 22
364 287 237 22
365 287 237 11
366 288 237 51
367 288 237 9
82 0
83 4
148 135 153 60
149 135 153 30
150 135 152 69
151 135 152 18
84 3
205 95 88 25.5
206 95 88 51
207 95 88 26.5
85 2
236 29 94 10
237 29 94 6
86 5
245 8 26 10
246 8 26 10
247 8 26 10
248 8 26 5
249 8 27 60
87 1
348 119 77 53
88 3
349 283 261 42
350 283 261 84
351 283 261 17
89 1
211 90 234 16
90 2
357 87 211 44
358 87 211 11
91 5
272 222 198 32
273 223 198 45
274 223 198 45
275 223 198 22.5
276 223 199 21.5
92 5
207 238 263 38
208 238 263 38
209 238 263 38
210 238 263 19
211 237 263 55
93 3
203 200 196 20
204 200 196 20
205 200 196 17
94 2
213 71 150 71
214 71 150 11
95 0
96 1
295 226 242 41
97 6
113 253 205 11
114 253 205 11
115 253 205 11
116 253 205 11
117 253 205 5.5
121 254 205 5.5
98 0
99 2
227 46 93 66
228 46 93 42
100 3
94 71 124 62
95 71 124 62
96 71 124 29
