1 1
158 16 216 43.000000
2 1
56 16 231 22.000000
3 1
204 219 71 27.000000
4 1
233 229 84 47.000000
5 1
228 66 193 40.000000
6 0
7 0
8 1
243 80 21 27.000000
9 1
174 178 240 22.000000
10 1
241 41 217 35.000000
11 0
12 1
127 147 12 36.000000
13 0
14 0
15 0
16 1
248 169 40 49.000000
17 1
83 103 119 22.000000
18 1
199 197 131 20.000000
19 1
90 142 185 26.000000
20 1
48 116 185 38.000000
21 0
22 0
23 1
192 223 35 31.000000
24 2
185 107 40 89.000000
186 107 40 8.000000
25 1
153 100 202 22.000000
26 1
215 169 31 33.000000
27 1
247 75 204 25.000000
28 0
29 0
30 1
168 164 244 22.000000
31 0
32 0
33 1
172 104 152 74.000000
34 1
234 113 209 39.000000
35 1
225 39 130 41.000000
36 0
37 0
38 1
231 91 141 23.000000
39 1
164 28 214 53.000000
40 1
43 59 16 24.000000
41 0
42 0
43 1
201 133 226 38.000000
44 1
92 114 204 40.000000
45 0
46 1
207 139 219 26.000000
47 0
48 1
237 116 203 77.000000
49 0
50 0
51 1
164 21 20 22.000000
52 0
53 0
54 1
56 50 205 26.000000
55 2
168 114 225 88.500000
169 114 225 4.500000
56 1
120 73 159 22.000000
57 1
130 76 179 23.000000
58 1
236 128 219 65.000000
59 1
198 104 152 28.000000
60 1
149 164 39 74.000000
61 1
101 24 216 21.000000
62 1
66 136 223 29.000000
63 0
64 0
65 0
66 0
67 1
187 89 122 23.000000
68 1
201 96 206 20.000000
69 1
246 96 39 47.000000
70 1
144 118 181 27.000000
71 0
72 0
73 0
74 1
235 107 229 81.000000
75 0
76 0
77 1
118 156 51 43.000000
78 1
83 154 59 54.000000
79 1
183 102 238 23.000000
80 1
198 156 241 21.000000
81 0
82 0
83 0
84 0
85 0
86 1
117 166 169 20.000000
87 1
216 77 49 33.000000
88 1
199 125 101 23.000000
89 0
90 0
91 0
92 0
93 2
111 26 204 88.000000
116 26 204 11.000000
94 0
95 1
225 87 207 47.000000
96 0
97 1
157 216 171 25.000000
98 1
179 183 163 41.000000
99 1
211 191 200 51.000000
100 1
186 191 130 25.000000
101 1
16 86 156 24.000000
102 0
103 1
101 71 24 27.000000
104 1
102 152 215 26.000000
105 0
106 1
209 215 60 21.000000
107 0
108 1
227 85 140 24.000000
109 1
167 70 145 22.000000
110 1
122 163 228 37.000000
111 0
112 1
107 76 183 26.000000
113 0
114 0
115 1
164 140 59 41.000000
116 1
118 97 207 20.000000
117 1
206 89 193 52.000000
118 1
90 172 75 83.000000
119 0
120 0
121 1
175 119 109 36.000000
122 0
123 1
226 206 71 35.000000
124 0
125 0
126 1
41 74 10 20.000000
127 0
128 1
235 130 201 46.000000
129 1
166 16 221 31.000000
130 1
222 53 51 22.000000
131 0
132 1
155 77 150 86.000000
133 1
179 146 166 20.000000
134 0
135 1
114 232 132 23.000000
136 0
137 0
138 1
175 87 133 44.000000
139 1
154 198 30 20.000000
140 0
141 0
142 0
143 1
61 81 7 21.000000
144 0
145 1
211 152 41 26.000000
146 1
86 98 209 33.000000
147 1
97 75 227 25.000000
148 0
149 0
150 1
112 140 59 23.000000
151 1
175 170 213 29.000000
152 1
200 216 50 24.000000
153 0
154 1
62 200 117 24.000000
155 0
156 1
233 79 139 24.000000
157 0
158 1
194 51 33 50.000000
159 0
160 1
229 74 54 49.000000
161 0
162 1
209 184 244 22.000000
163 0
164 0
165 1
234 138 214 28.000000
166 0
167 0
168 1
148 37 226 147.000000
169 0
170 1
194 110 141 27.000000
171 1
213 139 187 24.000000
172 0
173 0
174 1
41 201 54 21.000000
175 1
205 180 200 21.000000
176 0
177 0
178 0
179 1
148 68 159 29.000000
180 1
100 115 218 49.000000
181 0
182 1
113 149 190 50.000000
183 0
184 1
213 179 85 45.000000
185 1
189 97 145 30.000000
186 1
205 210 26 34.000000
187 1
241 25 227 46.000000
188 0
189 1
249 34 214 1.000000
190 1
110 144 31 96.000000
191 1
225 97 145 73.000000
192 0
193 1
213 112 106 24.000000
194 0
195 1
49 107 211 20.000000
196 1
44 72 193 38.000000
197 1
64 168 92 80.000000
198 0
199 0
200 0
201 1
243 139 187 46.000000
202 0
203 1
141 91 205 38.000000
204 0
205 0
206 0
207 0
208 1
233 79 52 43.000000
209 1
218 94 145 57.000000
210 0
211 1
127 28 222 29.000000
212 1
97 118 168 55.000000
213 0
214 1
190 215 60 26.000000
215 1
197 76 141 21.000000
216 1
238 175 37 26.000000
217 1
9 113 209 49.000000
218 1
111 92 198 29.000000
219 1
73 219 71 38.000000
220 0
221 0
222 2
205 87 207 90.000000
206 87 207 2.000000
223 0
224 1
225 51 111 25.000000
225 0
226 0
227 1
140 216 50 23.000000
228 0
229 1
202 90 99 33.000000
230 1
233 129 165 30.000000
231 1
220 163 228 20.000000
232 1
209 107 40 56.000000
233 1
126 77 208 21.000000
234 2
241 151 130 90.000000
242 151 130 5.000000
235 0
236 1
145 98 39 32.000000
237 1
244 99 119 26.000000
238 1
165 148 145 28.000000
239 0
240 1
6 121 226 39.000000
241 1
127 219 25 28.000000
242 1
194 98 209 23.000000
243 1
175 59 118 38.000000
244 1
206 80 159 21.000000
245 0
246 0
247 1
198 28 214 23.000000
248 0
249 1
190 84 36 23.000000
250 0
251 0
252 1
115 159 27 35.000000
253 1
92 135 143 21.000000
254 0
255 1
193 120 215 27.000000
256 1
207 37 245 134.000000
257 0
258 0
259 1
154 78 131 36.000000
260 0
261 0
262 1
145 210 49 43.000000
263 2
169 45 32 178.000000
170 45 32 42.000000
264 0
265 0
266 0
267 0
268 1
135 98 39 28.000000
269 0
270 0
271 0
272 1
189 143 36 31.000000
273 0
274 1
78 188 223 28.000000
275 0
276 0
277 1
202 24 216 34.000000
278 1
174 38 70 28.000000
279 1
17 135 210 25.000000
280 1
125 87 96 26.000000
281 0
282 0
283 0
284 0
285 1
202 54 57 27.000000
286 1
118 167 111 30.000000
287 0
288 1
247 147 32 20.000000
289 0
290 1
163 149 231 23.000000
291 0
292 0
293 0
294 1
212 124 199 26.000000
295 0
296 0
297 0
298 1
183 121 83 26.000000
299 1
61 84 4 62.000000
300 0
301 1
115 202 131 43.000000
302 1
220 173 163 30.000000
303 1
214 222 64 22.000000
304 1
230 92 207 22.000000
305 1
188 165 229 22.000000
306 0
307 1
95 119 194 40.000000
308 1
154 72 149 34.000000
309 0
310 1
109 107 24 41.000000
311 0
312 1
61 144 28 39.000000
313 1
151 104 126 37.000000
314 1
248 186 147 74.000000
315 1
71 23 27 42.000000
316 0
317 1
183 162 233 42.000000
318 0
319 1
77 160 44 31.000000
320 0
321 0
322 1
58 84 162 30.000000
323 0
324 1
151 191 200 42.000000
325 1
53 82 31 75.000000
326 0
327 1
232 90 208 28.000000
328 1
152 61 201 65.000000
329 0
330 1
184 88 161 21.000000
331 0
332 0
333 0
334 1
124 103 119 26.000000
335 0
336 0
337 0
338 1
167 87 138 28.000000
339 1
204 98 53 47.000000
340 1
205 60 71 33.000000
341 0
342 1
120 103 210 37.000000
343 0
344 1
126 191 119 20.000000
345 1
148 148 21 24.000000
346 1
24 111 211 21.000000
347 0
348 1
219 116 203 36.000000
349 1
179 63 136 25.000000
350 0
351 1
221 102 123 24.000000
352 1
227 158 232 62.000000
353 1
70 56 115 21.000000
354 1
237 35 219 22.000000
355 1
229 74 7 49.000000
356 0
357 1
128 168 218 30.000000
358 0
359 0
360 1
205 148 27 35.000000
361 1
125 160 220 22.000000
362 1
224 112 209 89.000000
363 0
364 1
238 144 175 53.000000
365 0
366 0
367 0
368 0
369 1
178 18 211 24.000000
370 1
65 57 216 26.000000
371 1
100 145 230 57.000000
372 0
373 0
374 1
42 110 226 35.000000
375 2
182 175 174 88.000000
187 175 174 6.000000
376 0
377 1
238 148 159 23.000000
378 0
379 0
380 0
381 0
382 0
383 1
166 91 29 46.000000
384 1
242 100 44 61.000000
385 1
167 229 157 31.000000
386 1
238 74 29 23.000000
387 0
388 0
389 0
390 0
391 0
392 0
393 0
394 0
395 1
177 89 125 25.000000
396 0
397 0
398 1
137 110 87 64.000000
399 1
185 110 213 41.000000
400 0
401 0
402 1
155 18 227 20.000000
403 1
35 87 207 27.000000
404 1
166 88 176 49.000000
405 0
406 1
220 105 215 22.000000
407 0
408 1
123 120 169 20.000000
409 1
123 59 118 23.000000
410 1
50 115 218 27.000000
411 0
412 0
413 1
154 80 199 49.000000
414 1
81 156 246 25.000000
415 0
416 0
417 1
61 74 203 20.000000
418 1
103 162 233 28.000000
419 0
420 0
421 1
198 98 142 86.000000
422 1
178 104 27 22.000000
423 1
193 82 199 21.000000
424 1
181 214 54 155.000000
425 1
165 88 161 29.000000
426 0
427 0
428 0
429 0
430 0
431 1
153 91 47 26.000000
432 0
433 0
434 1
167 127 202 49.000000
435 0
436 0
437 1
228 195 194 46.000000
438 0
439 1
101 75 216 38.000000
440 1
171 105 109 23.000000
441 1
39 115 218 45.000000
442 1
224 108 149 21.000000
443 0
444 0
445 0
446 1
168 128 209 25.000000
447 1
193 42 77 89.000000
448 1
77 68 16 20.000000
449 0
450 0
451 1
189 34 107 40.000000
452 1
233 50 77 23.000000
453 1
201 132 219 150.000000
454 1
180 87 207 31.000000
455 0
456 0
457 1
59 83 153 33.000000
458 0
459 1
105 132 41 49.000000
460 1
61 181 15 21.000000
461 0
462 0
463 1
215 137 158 26.000000
464 1
228 165 87 33.000000
465 1
128 149 34 27.000000
466 1
225 18 229 24.000000
467 0
468 0
469 1
241 91 136 21.000000
470 0
471 0
472 0
473 1
127 148 145 40.000000
474 1
248 115 202 35.000000
475 1
90 92 207 25.000000
476 1
160 155 35 31.000000
477 1
157 200 77 34.000000
478 0
479 1
182 111 204 21.000000
480 1
12 150 136 30.000000
481 0
482 0
483 2
88 74 36 87.500000
89 74 36 132.500000
484 0
485 0
486 1
228 97 203 27.000000
487 1
109 85 19 90.000000
488 1
243 99 214 23.000000
489 0
490 1
88 89 79 73.000000
491 1
246 146 42 28.000000
492 1
185 21 148 76.000000
493 1
31 102 214 42.000000
494 0
495 0
496 0
497 1
54 88 14 55.000000
498 1
149 216 26 34.000000
499 1
215 97 49 30.000000
500 1
118 94 220 26.000000
501 0
502 1
123 194 24 40.000000
503 1
65 71 32 33.000000
504 0
505 0
506 0
507 1
171 222 49 30.000000
508 0
509 1
75 80 27 112.000000
510 0
511 1
192 125 156 30.000000
512 1
232 80 27 42.000000
513 1
246 176 223 27.000000
514 1
42 84 190 21.000000
515 0
516 1
248 14 229 30.000000
517 1
158 138 24 24.000000
518 1
115 28 222 20.000000
519 0
520 1
143 172 140 23.000000
521 0
522 1
219 233 44 32.000000
523 1
85 97 215 54.000000
524 0
525 1
168 125 101 30.000000
526 1
124 63 184 23.000000
527 1
94 118 219 65.000000
528 0
529 1
217 79 18 82.000000
530 0
531 1
81 153 226 29.000000
532 1
82 140 202 25.000000
533 1
181 215 60 22.000000
534 1
218 166 226 28.000000
535 1
59 28 214 27.000000
536 1
245 187 135 23.000000
537 1
86 176 208 43.000000
538 1
175 151 235 156.000000
539 0
540 1
12 100 223 22.000000
541 0
542 1
81 114 225 25.000000
543 1
52 120 202 21.000000
544 1
134 212 40 53.000000
545 0
546 0
547 0
548 0
549 1
68 14 220 75.000000
550 1
204 102 130 95.000000
551 0
552 1
105 80 19 21.000000
553 2
201 91 205 85.500000
202 91 205 7.500000
554 1
150 104 27 51.000000
555 1
184 159 169 25.000000
556 0
557 1
214 188 56 60.000000
558 0
559 0
560 1
124 158 232 23.000000
561 2
132 111 204 177.000000
133 111 204 1.000000
562 1
142 104 35 24.000000
563 1
172 182 131 95.000000
564 0
565 1
186 98 209 37.000000
566 0
567 1
91 53 131 20.000000
568 1
60 102 130 27.000000
569 1
235 120 123 26.000000
570 0
571 1
220 112 206 57.000000
572 1
56 170 36 62.000000
573 1
237 20 213 31.000000
574 1
163 92 198 41.000000
575 2
222 90 154 84.500000
223 90 154 20.500000
576 0
577 1
189 57 97 39.000000
578 0
579 1
40 162 249 27.000000
580 1
186 120 215 39.000000
581 0
582 0
583 1
40 92 207 29.000000
584 1
181 104 210 29.000000
585 1
201 194 215 26.000000
586 1
153 82 132 23.000000
587 1
108 208 222 31.000000
588 0
589 1
125 121 106 24.000000
590 1
226 158 240 24.000000
591 1
166 159 234 32.000000
592 1
221 131 213 71.000000
593 0
594 1
74 98 29 25.000000
595 1
192 112 206 36.000000
596 1
164 19 41 30.000000
597 1
161 96 206 27.000000
598 0
599 1
218 94 184 21.000000
600 0
601 1
100 114 214 24.000000
602 1
105 109 143 20.000000
603 1
232 191 137 26.000000
604 0
605 1
170 112 231 40.000000
606 1
238 34 166 20.000000
607 0
608 1
125 91 47 21.000000
609 1
154 59 112 24.000000
610 0
611 1
241 214 57 81.000000
612 2
153 74 85 87.000000
158 74 85 3.000000
613 1
222 181 33 52.000000
614 1
180 216 70 23.000000
615 0
616 0
617 1
154 153 109 72.000000
618 0
619 0
620 0
621 1
139 105 145 39.000000
622 1
35 78 143 47.000000
623 0
624 0
625 0
626 1
213 144 159 48.000000
627 0
628 1
42 70 196 26.000000
629 0
630 0
631 1
176 229 163 62.000000
632 1
82 70 1 20.000000
633 1
156 220 51 34.000000
634 0
635 2
14 138 35 62.000000
15 138 35 18.000000
636 0
637 0
638 0
639 1
192 12 240 35.000000
640 1
183 80 27 33.000000
641 1
228 137 24 24.000000
642 0
643 1
204 162 145 26.000000
644 1
249 134 215 46.000000
645 1
226 77 208 27.000000
646 0
647 1
192 104 148 30.000000
648 1
133 74 187 29.000000
649 0
650 1
126 156 35 29.000000
651 0
652 1
226 167 220 24.000000
653 0
654 0
655 0
656 1
70 73 45 32.000000
657 0
658 1
199 107 40 22.000000
659 1
70 4 212 22.000000
660 1
103 129 227 26.000000
661 0
662 2
235 80 103 140.000000
236 80 103 52.000000
663 1
24 159 38 21.000000
664 1
150 82 116 55.000000
665 0
666 1
203 180 65 22.000000
667 1
97 85 211 23.000000
668 1
164 78 111 22.000000
669 1
137 116 28 26.000000
670 1
94 49 162 21.000000
671 0
672 1
242 80 199 29.000000
673 0
674 0
675 0
676 0
677 1
158 45 194 42.000000
678 1
245 200 116 45.000000
679 1
208 86 207 23.000000
680 1
237 215 162 21.000000
681 0
682 1
235 228 41 22.000000
683 0
684 1
104 200 64 34.000000
685 1
130 87 207 41.000000
686 1
227 75 119 31.000000
687 0
688 1
24 208 48 29.000000
689 0
690 1
90 72 140 48.000000
691 0
692 0
693 0
694 0
695 0
696 2
100 77 116 87.000000
105 77 116 72.000000
697 0
698 1
82 91 212 109.000000
699 0
700 1
214 148 209 48.000000
701 1
223 142 82 49.000000
702 0
703 1
144 80 212 38.000000
704 0
705 0
706 1
209 104 126 22.000000
707 1
108 116 203 21.000000
708 0
709 0
710 1
245 67 145 27.000000
711 0
712 1
188 104 152 31.000000
713 0
714 0
715 1
110 16 221 32.000000
716 0
717 0
718 1
248 67 141 81.000000
719 1
209 103 24 22.000000
720 0
721 0
722 1
113 160 224 26.000000
723 0
724 0
725 0
726 1
51 101 37 56.000000
727 0
728 0
729 1
248 65 137 49.000000
730 1
249 64 64 21.000000
731 0
732 0
733 1
214 178 85 33.000000
734 0
735 0
736 0
737 1
57 79 25 46.000000
738 0
739 1
93 164 241 21.000000
740 0
741 1
183 82 132 34.000000
742 1
167 116 220 49.000000
743 0
744 0
745 1
188 228 206 21.000000
746 0
747 1
105 210 103 29.000000
748 0
749 0
750 1
225 7 30 25.000000
751 1
115 81 24 26.000000
752 1
214 98 53 32.000000
753 1
16 66 7 37.000000
754 0
755 1
196 91 47 22.000000
756 0
757 0
758 0
759 0
760 0
761 1
229 88 199 21.000000
762 0
763 1
90 182 11 30.000000
764 1
235 207 69 20.000000
765 1
108 94 31 24.000000
766 0
767 1
107 80 151 35.000000
768 0
769 1
190 15 226 24.000000
770 0
771 1
191 72 28 26.000000
772 0
773 1
64 158 240 23.000000
774 0
775 1
190 175 178 56.000000
776 1
182 194 74 23.000000
777 1
116 167 46 43.000000
778 1
123 169 73 20.000000
779 0
780 0
781 0
782 1
201 143 119 54.000000
783 0
784 1
229 25 232 23.000000
785 0
786 1
209 97 145 54.000000
787 0
788 1
233 10 227 33.000000
789 1
100 54 48 26.000000
790 0
791 0
792 1
75 87 207 31.000000
793 1
244 98 112 42.000000
794 0
795 0
796 1
92 90 191 27.000000
797 1
143 91 50 25.000000
798 0
799 2
237 79 142 172.000000
238 79 142 28.000000
800 0
801 0
802 0
803 1
121 71 160 23.000000
804 1
157 208 137 28.000000
805 1
34 82 139 41.000000
806 0
807 0
808 1
143 90 18 22.000000
809 0
810 0
811 0
812 0
813 1
137 59 23 28.000000
814 0
815 1
136 136 175 81.000000
816 1
98 208 165 22.000000
817 1
66 91 28 38.000000
818 0
819 0
820 0
821 1
182 85 135 50.000000
822 1
131 151 18 22.000000
823 1
195 109 150 35.000000
824 0
825 0
826 0
827 1
102 185 35 21.000000
828 0
829 1
187 46 91 22.000000
830 1
65 209 40 24.000000
831 1
222 120 49 30.000000
832 1
92 90 18 28.000000
833 1
159 154 226 31.000000
834 1
142 120 215 49.000000
835 1
125 97 215 37.000000
836 1
223 79 29 30.000000
837 1
185 71 103 82.000000
838 1
234 98 29 28.000000
839 0
840 0
841 0
842 2
120 172 216 89.000000
121 172 216 131.000000
843 0
844 1
123 73 64 34.000000
845 0
846 1
138 97 145 24.000000
847 1
172 93 200 20.000000
848 1
120 164 241 26.000000
849 0
850 1
220 97 145 24.000000
851 1
207 77 138 20.000000
852 1
174 58 102 21.000000
853 1
243 139 39 41.000000
854 0
855 1
127 107 46 51.000000
856 1
232 120 118 27.000000
857 1
211 101 206 28.000000
858 0
859 0
860 1
197 220 108 36.000000
861 1
216 89 26 30.000000
862 0
863 0
864 0
865 0
866 0
867 0
868 1
44 118 225 23.000000
869 1
107 97 201 29.000000
870 0
871 0
872 0
873 1
93 90 90 33.000000
874 0
875 0
876 2
241 91 209 66.000000
242 91 209 1.000000
877 1
226 80 27 26.000000
878 0
879 1
142 121 209 33.000000
880 0
881 1
61 62 32 22.000000
882 0
883 1
246 98 144 22.000000
884 1
40 105 142 23.000000
885 0
886 0
887 1
245 148 145 42.000000
888 0
889 0
890 1
102 132 54 24.000000
891 1
77 98 29 24.000000
892 1
235 187 111 64.000000
893 0
894 1
244 210 59 50.000000
895 1
222 130 132 24.000000
896 1
207 215 162 22.000000
897 1
63 91 240 22.000000
898 0
899 1
216 38 181 24.000000
900 1
190 193 55 41.000000
901 1
96 240 97 34.000000
902 1
185 80 27 50.000000
903 0
904 1
205 101 209 41.000000
905 1
142 133 208 27.000000
906 0
907 1
197 98 53 28.000000
908 1
99 165 217 25.000000
909 0
910 0
911 1
215 109 127 24.000000
912 0
913 0
914 1
245 17 155 24.000000
915 1
106 170 36 22.000000
916 0
917 1
93 91 6 24.000000
918 0
919 1
199 107 182 36.000000
920 0
921 1
164 98 142 33.000000
922 1
130 142 23 21.000000
923 1
169 107 229 38.000000
924 0
925 1
184 80 19 66.000000
926 0
927 0
928 0
929 0
930 1
10 136 216 22.000000
931 1
243 229 110 26.000000
932 1
211 45 105 21.000000
933 1
203 152 165 25.000000
934 1
168 149 34 22.000000
935 1
218 127 155 25.000000
936 0
937 1
201 141 34 26.000000
938 0
939 1
203 169 61 49.000000
940 1
175 79 191 22.000000
941 0
942 1
81 91 203 32.000000
943 1
165 67 128 20.000000
944 0
945 1
113 129 234 25.000000
946 0
947 1
176 97 190 78.000000
948 0
949 0
950 1
173 109 117 23.000000
951 0
952 1
69 84 202 21.000000
953 1
194 83 50 21.000000
954 1
138 96 140 39.000000
955 1
146 109 214 44.000000
956 1
158 88 14 21.000000
957 0
958 1
191 135 230 30.000000
959 0
960 0
961 0
962 1
186 219 185 24.000000
963 0
964 1
167 156 58 82.000000
965 1
174 232 70 58.000000
966 0
967 1
114 212 59 38.000000
968 1
215 97 130 21.000000
969 1
57 85 21 24.000000
970 0
971 1
143 82 51 22.000000
972 0
973 0
974 1
191 103 119 49.000000
975 0
976 0
977 1
185 89 26 46.000000
978 1
191 35 219 157.000000
979 0
980 1
97 207 161 29.000000
981 1
102 161 34 32.000000
982 2
120 132 219 31.000000
121 132 219 122.000000
983 1
167 99 147 51.000000
984 1
217 95 53 43.000000
985 1
227 116 220 22.000000
986 1
183 223 108 52.000000
987 1
121 76 165 27.000000
988 1
198 86 182 23.000000
989 1
116 18 162 41.000000
990 0
991 1
187 117 84 25.000000
992 0
993 1
206 101 47 22.000000
994 1
228 134 213 48.000000
995 0
996 0
997 1
111 131 33 21.000000
998 1
125 167 41 30.000000
999 0
1000 0
1001 1
245 97 130 24.000000
1002 1
112 92 198 49.000000
1003 0
1004 0
1005 1
91 92 150 26.000000
1006 1
130 175 174 45.000000
1007 1
127 219 13 27.000000
1008 0
1009 1
85 177 25 22.000000
1010 1
151 94 116 24.000000
1011 1
203 84 39 46.000000
1012 1
246 27 187 74.000000
1013 1
209 84 6 28.000000
1014 0
1015 0
1016 1
163 23 221 71.000000
1017 1
237 35 147 25.000000
1018 1
15 117 209 52.000000
1019 1
101 116 220 78.000000
1020 0
1021 0
1022 1
20 132 212 40.000000
1023 1
187 216 70 35.000000
1024 1
199 95 134 26.000000
1025 0
1026 1
139 98 29 41.000000
1027 1
151 146 176 48.000000
1028 0
1029 1
230 42 73 29.000000
1030 1
68 74 203 48.000000
1031 0
1032 1
246 76 141 34.000000
1033 0
1034 0
1035 0
1036 1
245 17 234 23.000000
1037 0
1038 0
1039 0
1040 0
1041 1
122 85 221 21.000000
1042 1
113 169 61 22.000000
1043 2
237 85 203 77.000000
238 85 203 43.000000
1044 0
1045 1
194 83 7 84.000000
1046 1
145 28 222 33.000000
1047 1
68 89 217 34.000000
1048 1
179 114 214 41.000000
1049 1
142 112 209 58.000000
1050 1
228 159 56 41.000000
1051 1
47 85 187 35.000000
1052 0
1053 1
184 172 88 27.000000
1054 0
1055 0
1056 1
232 80 22 22.000000
1057 1
19 166 33 57.000000
1058 1
84 68 18 36.000000
1059 0
1060 1
194 23 102 44.000000
1061 0
1062 0
1063 0
1064 0
1065 0
1066 0
1067 1
232 170 102 25.000000
1068 1
176 98 53 61.000000
1069 1
164 200 165 33.000000
1070 1
127 75 119 31.000000
1071 0
1072 1
198 58 5 36.000000
1073 0
1074 0
1075 1
96 201 21 22.000000
1076 0
1077 1
162 195 216 25.000000
1078 1
116 151 214 28.000000
1079 0
1080 0
1081 0
1082 1
59 156 211 38.000000
1083 1
224 58 183 36.000000
1084 0
1085 1
198 85 185 27.000000
1086 0
1087 1
151 84 143 44.000000
1088 1
124 82 47 76.000000
1089 1
246 47 135 22.000000
1090 1
154 169 101 20.000000
1091 1
99 83 55 56.000000
1092 1
188 75 146 55.000000
1093 1
81 81 19 22.000000
1094 0
1095 1
154 80 19 28.000000
1096 0
1097 0
1098 1
73 119 230 45.000000
1099 0
1100 1
120 37 104 25.000000
1101 0
1102 1
235 97 149 26.000000
1103 0
1104 1
240 87 29 23.000000
1105 1
189 114 190 35.000000
1106 0
1107 0
1108 1
226 108 205 30.000000
1109 0
1110 2
152 95 181 86.000000
157 95 181 1.000000
1111 1
194 100 208 40.000000
1112 0
1113 0
1114 1
224 98 83 23.000000
1115 1
77 216 105 26.000000
1116 1
58 158 34 50.000000
1117 0
1118 1
214 98 47 45.000000
1119 1
79 173 49 22.000000
1120 1
83 84 51 21.000000
1121 0
1122 1
236 120 207 25.000000
1123 1
152 151 245 25.000000
1124 1
157 65 179 36.000000
1125 1
135 70 139 60.000000
1126 1
144 138 182 33.000000
1127 0
1128 1
192 105 215 50.000000
1129 0
1130 0
1131 0
1132 1
112 94 132 29.000000
1133 1
94 109 150 41.000000
1134 1
104 29 177 23.000000
1135 0
1136 2
226 196 80 71.000000
227 196 80 1.000000
1137 1
108 98 202 21.000000
1138 1
34 118 230 23.000000
1139 0
1140 0
1141 0
1142 1
235 67 128 23.000000
1143 1
97 107 208 24.000000
1144 0
1145 1
73 79 204 45.000000
1146 1
142 80 27 25.000000
1147 0
1148 0
1149 0
1150 1
151 72 213 21.000000
1151 1
174 162 233 24.000000
1152 1
216 196 154 34.000000
1153 1
137 17 219 25.000000
1154 1
121 211 41 21.000000
1155 1
224 88 199 21.000000
1156 0
1157 0
1158 0
1159 0
1160 1
128 116 230 23.000000
1161 2
62 120 154 75.500000
63 120 154 1.500000
1162 1
59 148 145 47.000000
1163 1
135 97 145 50.000000
1164 0
1165 1
46 106 220 42.000000
1166 0
1167 1
242 170 44 26.000000
1168 1
96 166 64 25.000000
1169 1
89 116 206 30.000000
1170 1
214 198 44 46.000000
1171 1
226 226 92 51.000000
1172 1
217 85 7 33.000000
1173 0
1174 1
139 37 125 23.000000
1175 0
1176 0
1177 1
191 205 152 37.000000
1178 0
1179 2
183 82 129 171.000000
184 82 129 49.000000
1180 1
90 87 207 22.000000
1181 0
1182 1
189 76 151 56.000000
1183 1
204 28 222 29.000000
1184 1
209 35 60 21.000000
1185 2
170 134 93 179.000000
171 134 93 41.000000
1186 1
140 135 126 21.000000
1187 1
193 190 100 48.000000
1188 1
219 154 213 51.000000
1189 0
1190 1
217 79 38 26.000000
1191 1
249 97 40 20.000000
1192 0
1193 1
230 75 55 20.000000
1194 1
191 93 139 24.000000
1195 1
241 153 155 22.000000
1196 1
225 177 219 23.000000
1197 1
159 125 33 21.000000
1198 0
1199 0
1200 0
1201 1
236 148 149 25.000000
1202 0
1203 0
1204 1
184 90 18 117.000000
1205 1
164 183 60 42.000000
1206 0
1207 1
227 146 42 21.000000
1208 0
1209 1
127 158 232 34.000000
1210 2
204 212 59 176.000000
205 212 59 44.000000
1211 0
1212 1
132 230 125 21.000000
1213 0
1214 1
192 124 37 50.000000
1215 2
227 89 211 156.000000
228 89 211 64.000000
1216 1
171 81 18 27.000000
1217 0
1218 0
1219 1
90 177 225 22.000000
1220 1
175 78 129 23.000000
1221 1
62 100 202 20.000000
1222 1
122 211 58 22.000000
1223 1
242 90 30 23.000000
1224 0
1225 1
146 88 98 28.000000
1226 1
193 73 33 35.000000
1227 0
1228 1
188 77 185 30.000000
1229 1
23 79 34 42.000000
1230 0
1231 0
1232 0
1233 0
1234 0
1235 0
1236 0
1237 1
160 112 209 77.000000
1238 1
91 94 149 44.000000
1239 2
50 112 23 78.500000
51 112 23 51.500000
1240 2
228 164 39 26.000000
229 164 39 11.000000
1241 1
55 90 186 21.000000
1242 1
55 87 216 22.000000
1243 1
241 91 205 50.000000
1244 1
136 157 26 35.000000
1245 1
80 165 232 33.000000
1246 1
237 125 136 23.000000
1247 0
1248 0
1249 1
165 78 131 50.000000
1250 0
1251 1
128 186 120 50.000000
1252 1
101 202 215 40.000000
1253 1
244 88 14 35.000000
1254 1
200 203 42 25.000000
1255 1
144 23 221 34.000000
1256 0
1257 1
111 185 61 22.000000
1258 1
242 104 42 43.000000
1259 0
1260 0
1261 1
48 165 24 24.000000
1262 1
80 106 216 21.000000
1263 0
1264 1
170 136 176 23.000000
1265 1
183 121 209 25.000000
1266 0
1267 1
129 73 154 21.000000
1268 1
152 61 139 20.000000
1269 0
1270 1
22 1 226 52.000000
1271 1
226 206 63 28.000000
1272 1
64 100 217 51.000000
1273 0
1274 0
1275 0
1276 1
93 92 212 31.000000
1277 1
214 98 209 21.000000
1278 0
1279 1
100 64 198 44.000000
1280 1
109 214 57 81.000000
1281 0
1282 1
193 91 143 21.000000
1283 0
1284 0
1285 1
192 32 191 24.000000
1286 0
1287 0
1288 0
1289 1
246 226 53 60.000000
1290 1
74 118 204 27.000000
1291 0
1292 2
142 90 18 89.500000
143 90 18 54.500000
1293 0
1294 1
71 151 18 25.000000
1295 1
30 222 58 21.000000
1296 1
170 212 210 53.000000
1297 1
241 81 14 60.000000
1298 0
1299 1
94 183 190 26.000000
1300 1
175 230 64 48.000000
1301 0
1302 1
149 188 241 27.000000
1303 1
98 164 94 34.000000
1304 0
1305 1
136 86 197 23.000000
1306 0
1307 1
119 87 207 21.000000
1308 0
1309 0
1310 1
65 167 33 29.000000
1311 0
1312 0
1313 1
166 210 49 21.000000
1314 1
198 168 218 21.000000
1315 1
97 19 203 32.000000
1316 1
225 217 59 21.000000
1317 0
1318 1
158 178 148 40.000000
1319 1
63 119 222 25.000000
1320 1
141 104 147 26.000000
1321 1
55 70 204 24.000000
1322 1
131 135 201 25.000000
1323 0
1324 1
180 135 85 42.000000
1325 1
216 130 208 22.000000
1326 1
122 90 126 23.000000
1327 1
175 117 72 41.000000
1328 2
215 118 50 154.000000
216 118 50 66.000000
1329 2
173 200 10 177.000000
174 200 10 27.000000
1330 0
1331 1
148 97 230 21.000000
1332 1
97 215 60 27.000000
1333 0
1334 0
1335 1
249 23 31 35.000000
1336 0
1337 0
1338 0
1339 1
210 66 218 29.000000
1340 1
215 77 17 24.000000
1341 1
121 113 194 22.000000
1342 1
74 182 247 34.000000
1343 0
1344 1
239 63 28 21.000000
1345 0
1346 1
79 3 227 39.000000
1347 1
194 98 39 23.000000
1348 0
1349 1
178 167 214 39.000000
1350 0
1351 0
1352 1
133 109 145 30.000000
1353 1
104 88 7 34.000000
1354 1
247 89 211 23.000000
1355 1
232 210 57 30.000000
1356 1
127 78 215 55.000000
1357 1
147 97 190 23.000000
1358 1
154 168 212 24.000000
1359 1
88 76 196 28.000000
1360 0
1361 1
145 80 159 22.000000
1362 0
1363 1
155 47 102 57.000000
1364 1
144 130 20 23.000000
1365 0
1366 1
44 118 225 44.000000
1367 1
130 105 100 32.000000
1368 1
210 183 212 36.000000
1369 1
127 109 133 21.000000
1370 1
234 198 32 25.000000
1371 0
1372 0
1373 1
9 74 197 26.000000
1374 0
1375 1
205 97 130 30.000000
1376 1
148 28 222 29.000000
1377 2
133 150 124 177.000000
134 150 124 43.000000
1378 0
1379 1
159 84 6 64.000000
1380 1
148 118 128 22.000000
1381 1
138 138 112 98.000000
1382 0
1383 1
75 80 3 30.000000
1384 0
1385 1
113 41 114 37.000000
1386 1
102 64 185 38.000000
1387 1
227 15 26 25.000000
1388 2
163 74 102 89.000000
168 74 102 46.000000
1389 0
1390 1
137 88 199 24.000000
1391 2
223 39 22 86.500000
224 39 22 23.500000
1392 0
1393 0
1394 0
1395 0
1396 0
1397 0
1398 1
221 144 38 167.000000
1399 1
115 117 141 25.000000
1400 1
187 85 208 21.000000
1401 0
1402 1
106 17 136 23.000000
1403 1
195 111 195 24.000000
1404 1
40 222 63 25.000000
1405 0
1406 0
1407 0
1408 0
1409 1
177 78 129 21.000000
1410 1
232 140 202 21.000000
1411 1
84 102 123 53.000000
1412 1
224 71 183 24.000000
1413 1
191 83 32 37.000000
1414 1
142 94 220 25.000000
1415 0
1416 1
151 103 137 81.000000
1417 0
1418 1
181 114 219 24.000000
1419 0
1420 1
177 95 53 57.000000
1421 1
158 98 39 33.000000
1422 1
168 184 217 30.000000
1423 1
220 83 53 24.000000
1424 1
89 48 207 23.000000
1425 1
131 221 41 24.000000
1426 0
1427 0
1428 1
149 93 229 26.000000
1429 2
156 191 123 88.000000
161 191 123 1.000000
1430 1
217 146 215 55.000000
1431 1
234 92 41 27.000000
1432 1
79 153 36 21.000000
1433 1
161 212 59 57.000000
1434 0
1435 2
196 116 210 60.500000
197 116 210 36.500000
1436 1
138 174 38 24.000000
1437 0
1438 1
134 88 176 20.000000
1439 1
110 97 230 32.000000
1440 0
1441 1
225 108 192 34.000000
1442 1
215 119 200 21.000000
1443 2
76 161 75 47.500000
81 161 75 26.500000
1444 1
210 92 22 27.000000
1445 1
238 78 48 43.000000
1446 1
235 118 204 38.000000
1447 0
1448 0
1449 1
68 147 25 33.000000
1450 1
85 47 209 27.000000
1451 0
1452 1
9 13 224 23.000000
1453 1
166 89 145 24.000000
1454 0
1455 1
244 138 101 23.000000
1456 2
209 78 30 85.500000
214 78 30 4.500000
1457 1
244 128 125 29.000000
1458 1
92 105 215 28.000000
1459 1
233 109 46 22.000000
1460 0
1461 1
222 94 184 33.000000
1462 1
161 84 51 25.000000
1463 1
159 197 179 21.000000
1464 0
1465 0
1466 0
1467 0
1468 0
1469 1
40 42 193 41.000000
1470 1
245 159 234 22.000000
1471 0
1472 1
247 45 142 20.000000
1473 0
1474 0
1475 1
205 201 43 22.000000
1476 1
93 173 40 24.000000
1477 0
1478 0
1479 0
1480 1
211 224 52 21.000000
1481 1
134 158 217 31.000000
1482 0
1483 0
1484 0
1485 1
192 81 57 25.000000
1486 0
1487 1
209 95 134 21.000000
1488 1
138 94 226 45.000000
1489 0
1490 1
211 153 84 27.000000
1491 1
207 149 44 32.000000
1492 0
1493 1
246 86 196 21.000000
1494 0
1495 0
1496 1
156 48 216 26.000000
1497 1
238 148 35 49.000000
1498 1
219 26 229 173.000000
1499 1
236 91 25 28.000000
1500 1
42 100 172 30.000000
1501 1
112 100 202 21.000000
1502 0
1503 1
88 217 136 25.000000
1504 0
1505 0
1506 0
1507 1
241 101 21 21.000000
1508 0
1509 0
1510 2
248 108 210 48.000000
249 108 210 24.000000
1511 1
209 84 122 20.000000
1512 0
1513 2
214 8 244 76.000000
215 8 244 144.000000
1514 1
46 108 192 69.000000
1515 0
1516 1
212 91 47 22.000000
1517 1
127 207 234 44.000000
1518 1
125 87 107 75.000000
1519 1
211 71 24 29.000000
1520 1
240 143 41 20.000000
1521 0
1522 1
147 28 222 52.000000
1523 1
68 14 229 21.000000
1524 0
1525 1
178 77 17 20.000000
1526 1
198 115 63 26.000000
1527 1
189 74 36 26.000000
1528 0
1529 0
1530 1
100 205 36 34.000000
1531 0
1532 1
140 23 221 49.000000
1533 1
249 158 187 0.500000
1534 1
176 79 142 26.000000
1535 0
1536 0
1537 0
1538 1
234 98 209 28.000000
1539 1
148 138 101 26.000000
1540 0
1541 1
123 201 74 29.000000
1542 1
230 165 152 38.000000
1543 0
1544 1
172 80 27 40.000000
1545 0
1546 0
1547 0
1548 1
203 10 227 49.000000
1549 0
1550 1
191 152 41 123.000000
1551 1
56 148 27 57.000000
1552 0
1553 1
177 156 35 34.000000
1554 0
1555 0
1556 0
1557 0
1558 1
157 20 217 58.000000
1559 0
1560 1
194 101 211 23.000000
1561 0
1562 0
1563 0
1564 1
128 118 108 56.000000
1565 1
82 161 67 25.000000
1566 1
44 161 224 23.000000
1567 1
194 178 126 24.000000
1568 1
220 97 188 34.000000
1569 1
217 155 242 47.000000
1570 0
1571 0
1572 1
186 146 87 37.000000
1573 1
74 82 204 23.000000
1574 1
127 167 206 21.000000
1575 1
242 180 200 22.000000
1576 1
65 37 145 24.000000
1577 0
1578 1
118 114 44 21.000000
1579 1
214 20 65 32.000000
1580 0
1581 1
186 76 53 21.000000
1582 1
147 165 125 20.000000
1583 1
123 103 61 20.000000
1584 1
195 181 223 23.000000
1585 1
116 80 164 23.000000
1586 0
1587 0
1588 1
71 85 211 64.000000
1589 1
151 85 148 31.000000
1590 1
107 85 21 44.000000
1591 1
140 113 186 33.000000
1592 1
165 209 166 23.000000
1593 1
48 84 27 22.000000
1594 0
1595 1
172 113 113 25.000000
1596 1
148 25 100 37.000000
1597 0
1598 1
182 112 206 30.000000
1599 1
166 99 50 43.000000
1600 1
6 136 217 36.000000
1601 0
1602 0
1603 0
1604 1
147 86 40 29.000000
1605 1
138 119 230 25.000000
1606 1
230 143 36 82.000000
1607 1
168 28 198 24.000000
1608 0
1609 1
155 27 173 25.000000
1610 1
248 94 180 23.000000
1611 1
106 78 196 34.000000
1612 0
1613 1
151 151 62 21.000000
1614 2
231 221 41 78.500000
232 221 41 100.500000
1615 1
39 108 205 37.000000
1616 0
1617 0
1618 0
1619 1
215 89 132 31.000000
1620 0
1621 0
1622 1
227 116 220 20.000000
1623 0
1624 1
45 217 106 25.000000
1625 1
125 172 209 21.000000
1626 1
87 149 229 21.000000
1627 1
176 97 130 23.000000
1628 0
1629 0
1630 1
161 216 52 45.000000
1631 1
79 183 199 46.000000
1632 1
197 78 118 40.000000
1633 0
1634 1
239 27 44 21.000000
1635 1
158 34 222 38.000000
1636 0
1637 1
180 113 73 26.000000
1638 1
119 225 199 78.000000
1639 1
162 222 178 25.000000
1640 0
1641 1
134 142 234 30.000000
1642 1
146 96 121 30.000000
1643 0
1644 0
1645 0
1646 1
67 156 78 25.000000
1647 2
237 87 184 110.000000
238 87 184 15.000000
1648 1
115 77 208 25.000000
1649 0
1650 0
1651 0
1652 0
1653 0
1654 1
138 94 226 27.000000
1655 1
226 96 39 22.000000
1656 1
82 121 209 34.000000
1657 1
87 138 98 26.000000
1658 0
1659 1
186 59 23 70.000000
1660 1
131 52 27 88.000000
1661 0
1662 1
245 131 213 34.000000
1663 1
245 137 87 22.000000
1664 1
67 110 226 64.000000
1665 1
190 72 20 24.000000
1666 1
230 97 149 53.000000
1667 1
60 5 224 61.000000
1668 1
213 64 192 36.000000
1669 1
215 158 136 21.000000
1670 0
1671 1
191 132 47 23.000000
1672 1
77 5 232 39.000000
1673 1
196 76 65 24.000000
1674 0
1675 0
1676 0
1677 0
1678 0
1679 1
60 142 234 25.000000
1680 0
1681 0
1682 1
190 46 55 33.000000
1683 1
146 106 40 23.000000
1684 0
1685 1
151 152 41 47.000000
1686 1
43 159 58 22.000000
1687 0
1688 1
102 80 19 21.000000
1689 1
249 125 213 1.000000
1690 1
166 219 71 33.000000
1691 0
1692 1
217 167 41 32.000000
1693 1
128 74 36 22.000000
1694 1
199 98 209 23.000000
1695 1
150 83 205 35.000000
1696 1
148 36 142 46.000000
1697 2
241 141 213 81.500000
242 141 213 13.500000
1698 1
55 120 215 23.000000
1699 0
1700 1
201 105 136 26.000000
1701 1
107 109 145 21.000000
1702 0
1703 1
203 139 20 52.000000
1704 0
1705 0
1706 0
1707 1
242 110 207 24.000000
1708 0
1709 0
1710 1
199 78 12 23.000000
1711 0
1712 1
155 18 211 27.000000
1713 1
65 27 217 22.000000
1714 0
1715 1
152 91 141 21.000000
1716 1
216 166 181 59.000000
1717 1
238 218 38 24.000000
1718 0
1719 1
225 57 67 51.000000
1720 0
1721 1
79 213 48 41.000000
1722 0
1723 0
1724 1
184 172 209 31.000000
1725 1
142 120 218 31.000000
1726 1
155 100 202 29.000000
1727 0
1728 2
143 174 31 89.000000
148 174 31 2.000000
1729 1
216 87 207 20.000000
1730 0
1731 0
1732 1
178 98 142 22.000000
1733 1
17 145 30 22.000000
1734 1
117 97 190 34.000000
1735 1
135 167 33 35.000000
1736 0
1737 1
126 130 123 33.000000
1738 0
1739 0
1740 1
207 65 143 27.000000
1741 0
1742 0
1743 0
1744 1
211 161 227 26.000000
1745 0
1746 1
145 121 207 26.000000
1747 1
235 147 32 23.000000
1748 1
114 101 21 36.000000
1749 1
206 96 206 40.000000
1750 1
156 109 143 49.000000
1751 0
1752 0
1753 1
225 27 219 32.000000
1754 1
123 111 204 73.000000
1755 0
1756 1
220 162 100 31.000000
1757 0
1758 0
1759 0
1760 0
1761 0
1762 1
19 3 221 22.000000
1763 1
220 135 230 21.000000
1764 1
192 140 59 31.000000
1765 0
1766 1
164 78 114 34.000000
1767 1
181 94 132 30.000000
1768 1
224 168 92 34.000000
1769 1
110 82 150 51.000000
1770 1
133 73 95 56.000000
1771 1
119 144 9 22.000000
1772 0
1773 0
1774 1
139 15 226 88.000000
1775 0
1776 0
1777 0
1778 0
1779 0
1780 1
136 109 214 27.000000
1781 1
115 112 206 27.000000
1782 1
62 143 41 23.000000
1783 1
225 137 210 39.000000
1784 1
111 91 33 68.000000
1785 0
1786 0
1787 1
205 142 114 44.000000
1788 1
214 21 164 39.000000
1789 1
201 93 200 24.000000
1790 1
136 189 42 30.000000
1791 0
1792 0
1793 0
1794 1
150 166 150 23.000000
1795 0
1796 1
60 24 61 35.000000
1797 0
1798 1
198 69 12 24.000000
1799 0
1800 0
1801 0
1802 0
1803 0
1804 1
229 93 22 20.000000
1805 1
246 156 232 34.000000
1806 2
45 87 138 90.500000
46 87 138 129.500000
1807 0
1808 1
141 124 175 55.000000
1809 0
1810 1
141 105 124 56.000000
1811 0
1812 1
65 97 124 36.000000
1813 0
1814 0
1815 1
113 143 18 27.000000
1816 0
1817 1
88 75 15 31.000000
1818 1
194 111 215 21.000000
1819 1
6 109 30 28.000000
1820 1
30 104 216 66.000000
1821 0
1822 0
1823 1
99 83 194 24.000000
1824 0
1825 1
239 34 181 24.000000
1826 0
1827 1
76 148 209 25.000000
1828 0
1829 0
1830 1
47 125 80 35.000000
1831 1
117 175 237 49.000000
1832 1
206 77 188 57.000000
1833 0
1834 0
1835 0
1836 1
27 96 206 127.000000
1837 1
188 157 167 22.000000
1838 0
1839 0
1840 0
1841 1
37 160 246 30.000000
1842 0
1843 1
27 65 73 45.000000
1844 1
52 144 38 72.000000
1845 1
211 32 215 52.000000
1846 1
99 157 200 129.000000
1847 1
60 146 99 36.000000
1848 1
215 107 46 21.000000
1849 0
1850 1
61 121 207 23.000000
1851 0
1852 1
214 88 199 42.000000
1853 2
231 11 221 80.000000
232 11 221 39.000000
1854 0
1855 0
1856 1
248 114 219 32.000000
1857 1
202 83 7 57.000000
1858 0
1859 0
1860 0
1861 0
1862 0
1863 1
68 4 233 37.000000
1864 1
214 50 77 36.000000
1865 0
1866 0
1867 1
108 167 33 22.000000
1868 1
189 97 145 39.000000
1869 0
1870 1
211 31 100 56.000000
1871 0
1872 1
228 134 219 30.000000
1873 1
122 100 27 34.000000
1874 0
1875 0
1876 1
88 24 216 36.000000
1877 0
1878 0
1879 1
5 118 225 23.000000
1880 1
180 213 155 27.000000
1881 1
236 186 181 23.000000
1882 1
244 229 148 27.000000
1883 1
55 111 204 23.000000
1884 0
1885 1
172 90 134 30.000000
1886 0
1887 0
1888 0
1889 0
1890 1
94 149 37 44.000000
1891 1
108 156 174 40.000000
1892 1
191 81 202 42.000000
1893 1
217 95 124 20.000000
1894 0
1895 0
1896 0
1897 1
210 144 38 57.000000
1898 1
170 156 40 47.000000
1899 1
194 151 244 22.000000
1900 0
1901 1
163 161 34 23.000000
1902 1
56 97 222 26.000000
1903 1
20 165 30 52.000000
1904 0
1905 0
1906 1
208 88 55 27.000000
1907 1
63 173 40 22.000000
1908 1
122 110 182 22.000000
1909 1
77 220 57 29.000000
1910 1
106 17 219 28.000000
1911 1
188 105 145 33.000000
1912 1
44 79 125 88.000000
1913 1
117 85 30 45.000000
1914 0
1915 1
109 167 144 29.000000
1916 1
157 140 217 22.000000
1917 1
171 43 63 23.000000
1918 1
190 82 199 25.000000
1919 1
125 118 204 48.000000
1920 1
47 85 30 36.000000
1921 2
227 165 207 81.000000
228 165 207 17.000000
1922 1
119 106 40 28.000000
1923 1
166 78 43 21.000000
1924 0
1925 1
133 232 96 27.000000
1926 2
233 142 135 145.000000
234 142 135 48.000000
1927 1
234 150 43 22.000000
1928 0
1929 0
1930 1
90 85 30 28.000000
1931 0
1932 1
187 68 29 63.000000
1933 1
244 148 205 56.000000
1934 1
249 118 174 22.000000
1935 1
188 159 169 40.000000
1936 1
71 111 223 27.000000
1937 1
177 178 126 22.000000
1938 1
135 52 106 25.000000
1939 1
162 104 147 21.000000
1940 1
151 111 81 49.000000
1941 1
101 155 196 41.000000
1942 0
1943 0
1944 0
1945 1
89 173 104 27.000000
1946 2
213 99 147 86.500000
214 99 147 14.500000
1947 1
34 72 24 23.000000
1948 0
1949 0
1950 0
1951 1
145 147 138 22.000000
1952 1
208 146 42 24.000000
1953 0
1954 1
248 95 190 29.000000
1955 1
143 69 80 65.000000
1956 0
1957 1
54 129 15 115.000000
1958 0
1959 1
110 15 226 170.000000
1960 1
203 194 36 28.000000
1961 0
1962 1
218 65 105 37.000000
1963 0
1964 1
167 156 35 20.000000
1965 0
1966 1
184 98 47 23.000000
1967 1
207 135 192 40.000000
1968 1
119 124 175 23.000000
1969 1
194 83 153 51.000000
1970 1
140 96 153 31.000000
1971 1
53 100 208 25.000000
1972 1
91 163 228 24.000000
1973 1
245 78 12 23.000000
1974 0
1975 0
1976 1
38 119 213 22.000000
1977 1
230 227 133 21.000000
1978 0
1979 0
1980 1
181 42 209 46.000000
1981 2
73 221 58 181.000000
74 221 58 11.000000
1982 0
1983 0
1984 1
79 155 196 28.000000
1985 0
1986 1
27 85 64 30.000000
1987 1
225 89 183 51.000000
1988 0
1989 0
1990 0
1991 1
140 175 221 22.000000
1992 1
206 46 220 20.000000
1993 1
72 82 26 31.000000
1994 0
1995 0
1996 0
1997 1
90 115 11 20.000000
1998 0
1999 1
180 25 178 28.000000
2000 1
121 115 228 22.000000
2001 0
2002 0
2003 1
219 63 118 52.000000
2004 0
2005 0
2006 0
2007 1
102 93 116 32.000000
2008 1
191 85 189 30.000000
2009 1
202 143 36 27.000000
2010 1
108 74 209 20.000000
2011 0
2012 1
95 87 207 21.000000
2013 1
102 90 184 23.000000
2014 0
2015 1
217 78 9 24.000000
2016 0
2017 0
2018 1
76 99 147 36.000000
2019 1
154 79 191 34.000000
2020 1
169 75 130 57.000000
2021 0
2022 1
165 87 33 44.000000
2023 1
138 186 115 46.000000
2024 1
229 143 41 21.000000
2025 0
2026 1
224 178 234 30.000000
2027 1
95 227 27 26.000000
2028 1
75 97 188 41.000000
2029 1
37 20 219 26.000000
2030 0
2031 0
2032 0
2033 1
31 101 209 26.000000
2034 1
190 195 123 32.000000
2035 0
2036 0
2037 0
2038 0
2039 1
249 143 213 29.000000
2040 0
2041 1
172 50 58 32.000000
2042 0
2043 0
2044 1
133 94 184 45.000000
2045 0
2046 1
196 220 51 26.000000
2047 1
217 25 10 34.000000
2048 1
116 159 223 42.000000
2049 1
207 185 35 30.000000
2050 1
49 137 38 28.000000
2051 1
7 85 139 29.000000
2052 0
2053 0
2054 1
43 89 41 41.000000
2055 1
164 121 226 27.000000
2056 0
2057 2
207 155 35 89.000000
208 155 35 131.000000
2058 0
2059 1
198 125 201 20.000000
2060 1
237 105 124 21.000000
2061 1
246 209 223 105.000000
2062 0
2063 0
2064 1
213 83 179 53.000000
2065 0
2066 1
225 79 15 28.000000
2067 1
246 167 84 31.000000
2068 0
2069 0
2070 1
156 109 168 25.000000
2071 0
2072 1
122 113 65 20.000000
2073 0
2074 1
124 81 48 32.000000
2075 0
2076 0
2077 1
246 68 104 21.000000
2078 1
247 65 96 23.000000
2079 1
204 91 124 37.000000
2080 1
26 76 196 52.000000
2081 1
184 152 41 27.000000
2082 1
105 67 107 28.000000
2083 1
89 128 209 20.000000
2084 1
27 157 28 33.000000
2085 1
97 167 41 22.000000
2086 1
117 175 130 21.000000
2087 1
18 174 243 41.000000
2088 1
74 72 140 29.000000
2089 1
103 174 114 21.000000
2090 1
190 95 126 25.000000
2091 1
133 159 169 28.000000
2092 0
2093 1
202 124 207 72.000000
2094 1
199 98 39 41.000000
2095 0
2096 0
2097 1
210 83 117 22.000000
2098 1
146 80 111 25.000000
2099 0
2100 1
178 114 225 37.000000
2101 1
172 40 195 56.000000
2102 2
218 74 36 87.500000
219 74 36 124.500000
2103 0
2104 1
131 145 16 21.000000
2105 1
67 100 27 22.000000
2106 1
242 100 208 27.000000
2107 0
2108 1
117 16 216 27.000000
2109 1
51 114 214 35.000000
2110 0
2111 0
2112 1
81 104 140 70.000000
2113 0
2114 1
224 90 36 23.000000
2115 1
32 130 222 46.000000
2116 1
114 78 129 35.000000
2117 1
149 93 41 35.000000
2118 1
202 160 249 21.000000
2119 1
197 88 43 31.000000
2120 0
2121 1
155 118 196 22.000000
2122 0
2123 1
137 119 144 28.000000
2124 1
171 82 33 20.000000
2125 1
135 118 128 27.000000
2126 1
95 88 152 34.000000
2127 0
2128 1
227 155 158 21.000000
2129 1
110 152 223 39.000000
2130 0
2131 1
112 92 212 22.000000
2132 0
2133 0
2134 1
238 108 199 22.000000
2135 1
149 178 234 33.000000
2136 0
2137 1
245 17 198 23.000000
2138 0
2139 1
136 230 64 21.000000
2140 1
47 170 44 31.000000
2141 0
2142 1
226 136 208 25.000000
2143 1
37 75 15 23.000000
2144 0
2145 1
48 69 58 52.000000
2146 0
2147 0
2148 1
110 84 39 21.000000
2149 1
190 124 236 21.000000
2150 1
124 108 230 29.000000
2151 0
2152 0
2153 0
2154 1
44 110 132 47.000000
2155 1
91 61 217 21.000000
2156 1
104 122 79 20.000000
2157 1
209 125 222 26.000000
2158 1
115 200 106 38.000000
2159 0
2160 0
2161 0
2162 1
212 90 184 20.000000
2163 0
2164 1
46 76 151 55.000000
2165 1
205 210 157 31.000000
2166 1
129 153 232 29.000000
2167 1
55 107 211 27.000000
2168 1
127 15 206 32.000000
2169 1
102 92 207 22.000000
2170 0
2171 1
234 178 194 26.000000
2172 1
96 120 202 21.000000
2173 0
2174 1
229 198 224 32.000000
2175 0
2176 1
25 80 4 32.000000
2177 1
234 188 223 61.000000
2178 1
208 18 227 32.000000
2179 1
226 78 43 21.000000
2180 1
62 93 229 28.000000
2181 0
2182 0
2183 0
2184 0
2185 1
204 111 104 26.000000
2186 1
105 41 180 35.000000
2187 0
2188 1
221 121 212 40.000000
2189 0
2190 0
2191 0
2192 1
80 82 116 25.000000
2193 0
2194 1
215 38 236 34.000000
2195 1
140 116 220 41.000000
2196 1
189 174 76 26.000000
2197 1
242 160 212 27.000000
2198 1
248 119 197 23.000000
2199 1
199 105 124 77.000000
2200 0
2201 0
2202 1
172 95 134 21.000000
2203 1
182 72 214 21.000000
2204 0
2205 1
247 120 202 21.000000
2206 0
2207 0
2208 1
232 210 36 42.000000
2209 1
138 107 117 105.000000
2210 1
155 227 196 54.000000
2211 1
134 110 141 45.000000
2212 0
2213 1
224 138 89 37.000000
2214 1
174 112 95 55.000000
2215 1
105 18 223 23.000000
2216 0
2217 0
2218 0
2219 1
93 131 180 31.000000
2220 1
115 67 10 35.000000
2221 1
200 162 233 20.000000
2222 1
208 78 143 48.000000
2223 2
230 42 209 89.000000
231 42 209 108.000000
2224 1
203 163 228 28.000000
2225 0
2226 0
2227 1
142 162 118 22.000000
2228 1
168 84 51 23.000000
2229 1
184 92 22 26.000000
2230 1
208 57 147 90.000000
2231 0
2232 1
76 36 29 31.000000
2233 1
246 219 71 23.000000
2234 1
96 58 15 26.000000
2235 0
2236 1
137 155 33 60.000000
2237 1
194 121 83 23.000000
2238 0
2239 1
11 91 131 53.000000
2240 1
85 80 27 38.000000
2241 1
207 16 33 24.000000
2242 2
245 117 211 67.000000
246 117 211 1.000000
2243 1
132 85 21 33.000000
2244 1
212 140 205 28.000000
2245 1
146 97 230 23.000000
2246 1
137 175 132 20.000000
2247 0
2248 0
2249 1
140 94 132 42.000000
2250 1
139 124 79 21.000000
2251 0
2252 1
237 109 143 21.000000
2253 1
184 88 129 30.000000
2254 0
2255 0
2256 0
2257 1
5 220 53 25.000000
2258 1
187 36 115 27.000000
2259 0
2260 0
2261 1
243 139 228 23.000000
2262 0
2263 1
151 175 179 25.000000
2264 1
135 79 38 21.000000
2265 1
219 103 40 68.000000
2266 1
25 139 218 26.000000
2267 1
151 103 137 20.000000
2268 0
2269 0
2270 1
72 85 203 24.000000
2271 0
2272 1
227 65 23 36.000000
2273 1
120 76 76 58.000000
2274 1
115 97 124 24.000000
2275 1
198 94 132 21.000000
2276 0
2277 1
77 157 28 25.000000
2278 1
141 186 151 20.000000
2279 1
93 160 224 70.000000
2280 0
2281 1
151 181 167 30.000000
2282 0
2283 1
90 85 19 34.000000
2284 1
105 92 150 22.000000
2285 0
2286 1
104 111 215 20.000000
2287 1
238 104 45 22.000000
2288 1
73 111 213 20.000000
2289 1
239 158 223 22.000000
2290 1
84 58 183 28.000000
2291 0
2292 1
86 118 225 76.000000
2293 1
194 102 199 34.000000
2294 1
121 61 34 41.000000
2295 0
2296 0
2297 1
243 40 123 36.000000
2298 1
91 15 226 90.000000
2299 1
107 75 107 36.000000
2300 1
74 120 218 32.000000
2301 1
243 90 184 21.000000
2302 1
172 123 73 20.000000
2303 1
60 132 163 27.000000
2304 0
2305 0
2306 1
186 119 52 27.000000
2307 1
116 78 9 29.000000
2308 0
2309 1
244 88 181 29.000000
2310 0
2311 0
2312 0
2313 1
28 58 196 123.000000
2314 1
174 81 40 22.000000
2315 1
166 118 108 43.000000
2316 1
238 137 108 22.000000
2317 1
235 28 222 27.000000
2318 1
205 78 12 144.000000
2319 0
2320 2
247 209 36 47.000000
248 209 36 8.000000
2321 1
222 60 29 35.000000
2322 0
2323 1
90 82 26 43.000000
2324 1
123 209 116 40.000000
2325 1
208 75 146 110.000000
2326 1
143 90 126 29.000000
2327 0
2328 0
2329 1
246 66 193 22.000000
2330 1
214 88 181 25.000000
2331 1
217 195 96 41.000000
2332 0
2333 1
239 85 146 47.000000
2334 0
2335 0
2336 0
2337 1
98 104 35 28.000000
2338 0
2339 0
2340 0
2341 0
2342 1
201 162 233 23.000000
2343 0
2344 0
2345 0
2346 0
2347 1
164 83 50 38.000000
2348 1
217 158 232 21.000000
2349 0
2350 1
56 221 73 32.000000
2351 1
231 23 223 26.000000
2352 1
113 59 176 31.000000
2353 1
209 123 214 21.000000
2354 1
207 136 220 23.000000
2355 0
2356 0
2357 1
131 161 224 31.000000
2358 0
2359 0
2360 1
72 210 49 29.000000
2361 0
2362 1
224 68 123 23.000000
2363 1
135 78 129 21.000000
2364 1
239 93 96 39.000000
2365 1
198 15 226 21.000000
2366 0
2367 1
107 206 30 34.000000
2368 0
2369 0
2370 0
2371 0
2372 1
140 213 40 24.000000
2373 1
107 15 226 68.000000
2374 0
2375 1
145 128 109 25.000000
2376 1
160 125 227 60.000000
2377 1
206 90 18 23.000000
2378 1
78 74 36 21.000000
2379 0
2380 1
178 97 124 27.000000
2381 1
76 130 183 36.000000
2382 1
170 212 159 21.000000
2383 1
191 64 185 57.000000
2384 1
101 165 50 22.000000
2385 1
205 92 192 29.000000
2386 0
2387 1
247 87 179 43.000000
2388 0
2389 2
226 76 50 81.500000
227 76 50 19.500000
2390 1
84 198 118 47.000000
2391 1
139 154 213 21.000000
2392 0
2393 1
82 25 52 87.000000
2394 0
2395 0
2396 1
106 168 92 30.000000
2397 0
2398 0
2399 0
2400 1
61 21 220 23.000000
2401 1
207 109 133 43.000000
2402 0
2403 0
2404 0
2405 1
81 85 185 26.000000
2406 1
154 28 222 22.000000
2407 1
141 85 21 85.000000
2408 1
75 78 67 24.000000
2409 0
2410 0
2411 0
2412 0
2413 1
124 119 109 24.000000
2414 1
8 94 212 29.000000
2415 1
107 85 21 42.000000
2416 0
2417 1
125 137 158 25.000000
2418 1
63 121 226 37.000000
2419 1
133 139 225 22.000000
2420 1
112 141 47 25.000000
2421 0
2422 1
159 77 185 33.000000
2423 0
2424 0
2425 0
2426 2
167 50 96 88.000000
172 50 96 5.000000
2427 0
2428 0
2429 0
2430 0
2431 1
233 139 201 29.000000
2432 1
178 139 46 22.000000
2433 1
217 166 35 47.000000
2434 1
206 79 35 44.000000
2435 1
90 172 82 40.000000
2436 1
95 122 66 43.000000
2437 1
75 80 180 26.000000
2438 1
85 92 207 40.000000
2439 0
2440 0
2441 1
194 41 39 25.000000
2442 1
209 86 40 104.000000
2443 1
98 158 136 23.000000
2444 2
172 160 224 87.000000
173 160 224 5.000000
2445 1
50 75 157 23.000000
2446 0
2447 1
88 65 211 20.000000
2448 0
2449 1
173 82 132 33.000000
2450 1
223 79 35 22.000000
2451 0
2452 1
237 126 176 41.000000
2453 1
207 189 185 26.000000
2454 0
2455 0
2456 1
160 114 214 54.000000
2457 1
72 84 195 25.000000
2458 0
2459 1
238 74 187 38.000000
2460 0
2461 1
50 92 220 28.000000
2462 1
174 182 238 32.000000
2463 1
43 99 221 31.000000
2464 1
88 97 145 28.000000
2465 1
165 147 30 24.000000
2466 1
76 68 197 23.000000
2467 0
2468 0
2469 1
89 35 158 54.000000
2470 0
2471 1
120 72 131 20.000000
2472 1
220 177 208 40.000000
2473 1
89 155 12 32.000000
2474 1
116 89 84 46.000000
2475 0
2476 0
2477 1
232 150 222 23.000000
2478 1
17 5 227 30.000000
2479 1
226 78 48 128.000000
2480 0
2481 1
72 170 36 48.000000
2482 1
161 121 207 75.000000
2483 0
2484 0
2485 0
2486 1
60 82 150 79.000000
2487 0
2488 1
199 35 130 38.000000
2489 1
121 71 103 24.000000
2490 0
2491 1
195 89 122 21.000000
2492 2
141 91 74 85.500000
142 91 74 134.500000
2493 0
2494 0
2495 0
2496 0
2497 0
2498 0
2499 1
234 68 10 36.000000
2500 0
2501 2
211 211 186 86.000000
212 211 186 6.000000
2502 0
2503 1
63 90 186 50.000000
2504 1
126 19 119 22.000000
2505 1
233 152 41 47.000000
2506 1
49 155 33 39.000000
2507 0
2508 0
2509 1
190 105 124 31.000000
2510 1
83 149 46 27.000000
2511 1
148 26 76 41.000000
2512 1
229 103 46 21.000000
2513 0
2514 1
166 21 148 26.000000
2515 1
201 112 209 22.000000
2516 1
145 152 240 36.000000
2517 1
26 96 213 78.000000
2518 1
132 153 76 20.000000
2519 0
2520 1
74 202 19 21.000000
2521 0
2522 0
2523 1
75 127 223 39.000000
2524 1
190 143 36 30.000000
2525 0
2526 1
224 168 92 40.000000
2527 0
2528 0
2529 0
2530 0
2531 1
9 163 246 33.000000
2532 0
2533 0
2534 1
18 5 226 21.000000
2535 0
2536 1
127 18 211 44.000000
2537 0
2538 1
61 81 141 25.000000
2539 1
217 105 215 22.000000
2540 1
140 47 62 20.000000
2541 1
191 101 47 21.000000
2542 1
78 128 214 30.000000
2543 0
2544 1
46 131 194 31.000000
2545 1
146 98 142 27.000000
2546 1
96 146 113 37.000000
2547 1
136 68 29 41.000000
2548 1
226 86 191 28.000000
2549 0
2550 0
2551 1
124 91 47 25.000000
2552 1
124 28 222 24.000000
2553 1
132 122 227 33.000000
2554 0
2555 0
2556 1
202 205 161 27.000000
2557 0
2558 0
2559 0
2560 1
129 84 204 31.000000
2561 0
2562 0
2563 1
54 98 209 39.000000
2564 0
2565 0
2566 1
229 95 129 21.000000
2567 0
2568 1
153 79 35 21.000000
2569 1
157 145 33 65.000000
2570 1
235 97 130 24.000000
2571 0
2572 1
158 156 174 20.000000
2573 0
2574 1
215 147 38 34.000000
2575 0
2576 1
249 36 115 20.000000
2577 1
122 140 17 33.000000
2578 1
152 174 121 21.000000
2579 0
2580 1
137 97 205 54.000000
2581 0
2582 1
137 97 207 73.000000
2583 0
2584 1
177 120 209 46.000000
2585 0
2586 0
2587 0
2588 0
2589 1
228 164 39 64.000000
2590 1
120 132 219 58.000000
2591 0
2592 1
91 91 205 22.000000
2593 1
172 193 207 22.000000
2594 1
127 196 172 28.000000
2595 2
206 76 21 83.500000
207 76 21 16.500000
2596 0
2597 0
2598 1
227 95 181 21.000000
2599 0
2600 1
76 97 145 63.000000
2601 1
187 47 173 27.000000
2602 1
210 152 48 34.000000
2603 1
28 94 145 21.000000
2604 1
249 66 165 20.000000
2605 1
140 215 60 91.000000
2606 1
60 112 128 26.000000
2607 1
200 74 187 20.000000
2608 0
2609 0
2610 1
208 216 50 22.000000
2611 1
123 230 57 38.000000
2612 1
241 125 217 76.000000
2613 1
164 91 36 23.000000
2614 1
134 103 194 21.000000
2615 0
2616 0
2617 1
67 120 215 22.000000
2618 1
136 108 230 56.000000
2619 1
181 153 226 44.000000
2620 1
201 101 47 56.000000
2621 1
191 34 107 31.000000
2622 1
236 16 221 24.000000
2623 1
134 153 232 20.000000
2624 1
61 163 228 28.000000
2625 0
2626 0
2627 0
2628 1
88 89 125 35.000000
2629 0
2630 1
83 139 114 33.000000
2631 0
2632 1
173 179 214 26.000000
2633 0
2634 1
173 132 75 39.000000
2635 1
26 98 209 38.000000
2636 0
2637 1
121 142 95 53.000000
2638 0
2639 1
145 157 149 33.000000
2640 1
194 149 159 20.000000
2641 1
116 100 107 38.000000
2642 0
2643 0
2644 1
225 18 88 35.000000
2645 0
2646 1
125 71 195 27.000000
2647 1
78 74 8 24.000000
2648 1
140 37 74 28.000000
2649 1
47 108 219 21.000000
2650 0
2651 1
117 65 211 21.000000
2652 1
161 71 27 27.000000
2653 1
227 216 40 77.000000
2654 1
49 77 188 36.000000
2655 0
2656 1
66 119 230 23.000000
2657 0
2658 0
2659 1
138 157 200 48.000000
2660 0
2661 1
98 244 121 30.000000
2662 1
102 112 206 48.000000
2663 1
226 136 225 29.000000
2664 1
104 209 40 35.000000
2665 2
136 160 141 179.000000
137 160 141 41.000000
2666 0
2667 1
248 66 30 107.000000
2668 1
31 196 104 32.000000
2669 1
226 167 33 21.000000
2670 1
146 208 36 36.000000
2671 1
157 65 203 36.000000
2672 1
204 68 29 60.000000
2673 1
88 119 219 48.000000
2674 0
2675 1
233 110 141 20.000000
2676 0
2677 1
122 60 239 56.000000
2678 0
2679 1
116 136 42 26.000000
2680 0
2681 1
198 56 22 35.000000
2682 0
2683 1
31 91 136 30.000000
2684 1
131 35 228 29.000000
2685 1
69 194 173 21.000000
2686 1
115 120 215 28.000000
2687 0
2688 1
222 100 52 24.000000
2689 0
2690 1
28 85 210 20.000000
2691 1
97 98 39 34.000000
2692 0
2693 1
195 90 99 27.000000
2694 1
238 104 89 23.000000
2695 0
2696 0
2697 1
56 37 222 33.000000
2698 0
2699 1
83 9 232 25.000000
2700 1
224 140 124 45.000000
2701 2
89 103 115 86.500000
90 103 115 27.500000
2702 0
2703 0
2704 1
17 105 215 26.000000
2705 0
2706 1
202 133 208 21.000000
2707 0
2708 0
2709 0
2710 1
235 218 228 21.000000
2711 1
77 85 197 21.000000
2712 0
2713 1
142 82 132 30.000000
2714 1
158 115 133 24.000000
2715 1
115 97 145 26.000000
2716 1
219 163 212 41.000000
2717 0
2718 1
54 39 67 63.000000
2719 1
118 44 164 51.000000
2720 1
230 14 233 21.000000
2721 0
2722 1
227 125 240 23.000000
2723 1
80 142 234 29.000000
2724 1
205 161 37 44.000000
2725 0
2726 1
173 92 171 63.000000
2727 1
224 79 38 35.000000
2728 1
93 192 196 73.000000
2729 0
2730 1
223 79 25 27.000000
2731 0
2732 1
51 81 18 25.000000
2733 0
2734 0
2735 1
158 95 134 24.000000
2736 1
227 28 222 26.000000
2737 1
114 38 181 35.000000
2738 0
2739 1
157 166 144 27.000000
2740 0
2741 1
239 133 226 29.000000
2742 1
216 147 38 27.000000
2743 0
2744 0
2745 0
2746 0
2747 1
205 207 42 26.000000
2748 1
107 85 148 20.000000
2749 0
2750 0
2751 1
65 97 205 35.000000
2752 1
75 207 69 46.000000
2753 0
2754 0
2755 1
104 82 81 31.000000
2756 1
224 80 128 21.000000
2757 0
2758 1
187 48 39 21.000000
2759 1
22 114 219 31.000000
2760 1
118 67 91 60.000000
2761 0
2762 1
155 91 113 25.000000
2763 0
2764 1
70 152 240 34.000000
2765 1
249 55 28 1.000000
2766 0
2767 0
2768 1
85 132 174 70.000000
2769 0
2770 0
2771 1
72 91 205 79.000000
2772 1
177 207 161 57.000000
2773 1
83 179 72 21.000000
2774 1
144 82 150 31.000000
2775 0
2776 0
2777 1
110 84 125 26.000000
2778 0
2779 0
2780 0
2781 1
78 169 249 22.000000
2782 1
230 222 90 63.000000
2783 0
2784 0
2785 0
2786 1
136 87 207 22.000000
2787 1
159 105 222 23.000000
2788 0
2789 1
219 63 188 25.000000
2790 1
239 93 206 25.000000
2791 1
90 114 225 25.000000
2792 1
202 84 6 26.000000
2793 1
130 103 101 56.000000
2794 1
197 79 205 24.000000
2795 1
93 151 83 23.000000
2796 0
2797 0
2798 0
2799 0
2800 1
198 97 190 20.000000
2801 1
114 132 163 33.000000
2802 0
2803 0
2804 0
2805 0
2806 0
2807 1
179 128 214 28.000000
2808 0
2809 1
161 22 58 23.000000
2810 1
218 215 46 21.000000
2811 0
2812 1
227 156 70 27.000000
2813 0
2814 1
220 214 57 28.000000
2815 1
177 107 134 37.000000
2816 1
240 96 40 20.000000
2817 1
210 97 119 31.000000
2818 1
131 66 196 25.000000
2819 0
2820 0
2821 0
2822 0
2823 0
2824 0
2825 1
216 16 212 28.000000
2826 1
169 123 214 66.000000
2827 1
140 96 206 21.000000
2828 1
205 177 150 24.000000
2829 1
149 33 207 30.000000
2830 1
179 214 96 32.000000
2831 1
139 136 211 39.000000
2832 1
158 34 222 21.000000
2833 0
2834 1
227 146 37 39.000000
2835 0
2836 1
91 143 18 22.000000
2837 1
102 130 132 21.000000
2838 0
2839 0
2840 1
117 145 32 29.000000
2841 0
2842 0
2843 1
132 31 127 109.000000
2844 1
82 180 228 21.000000
2845 1
247 35 100 32.000000
2846 0
2847 1
138 85 185 52.000000
2848 0
2849 1
65 141 195 31.000000
2850 1
237 215 67 41.000000
2851 1
154 42 212 45.000000
2852 1
212 10 227 27.000000
2853 0
2854 1
92 20 212 40.000000
2855 1
135 107 62 25.000000
2856 1
119 13 212 22.000000
2857 1
62 150 226 33.000000
2858 1
249 93 22 39.000000
2859 1
209 203 201 55.000000
2860 1
249 116 99 21.000000
2861 0
2862 1
67 99 205 29.000000
2863 1
237 35 135 30.000000
2864 1
192 90 34 28.000000
2865 1
173 151 130 31.000000
2866 1
247 168 27 27.000000
2867 0
2868 0
2869 0
2870 0
2871 1
76 106 82 36.000000
2872 1
113 79 139 21.000000
2873 1
117 88 112 26.000000
2874 1
158 47 138 29.000000
2875 0
2876 1
22 114 225 21.000000
2877 0
2878 0
2879 1
217 76 151 39.000000
2880 0
2881 1
49 135 214 21.000000
2882 1
230 86 24 25.000000
2883 0
2884 0
2885 1
118 84 74 21.000000
2886 1
104 18 211 25.000000
2887 0
2888 1
63 109 214 24.000000
2889 0
2890 0
2891 1
173 131 25 28.000000
2892 1
224 139 187 22.000000
2893 0
2894 0
2895 1
172 134 112 26.000000
2896 1
88 66 191 35.000000
2897 0
2898 1
193 80 212 31.000000
2899 1
137 120 169 21.000000
2900 1
161 105 124 30.000000
2901 0
2902 1
152 82 33 33.000000
2903 0
2904 1
187 95 134 26.000000
2905 0
2906 1
38 234 108 29.000000
2907 1
93 39 124 25.000000
2908 1
249 106 131 28.000000
2909 0
2910 0
2911 1
135 67 202 63.000000
2912 1
224 128 36 49.000000
2913 1
245 59 13 44.000000
2914 0
2915 1
76 80 206 22.000000
2916 0
2917 1
246 89 21 22.000000
2918 1
131 85 185 138.000000
2919 1
172 101 222 20.000000
2920 0
2921 2
241 102 51 160.000000
242 102 51 26.000000
2922 0
2923 1
113 31 121 20.000000
2924 0
2925 0
2926 0
2927 0
2928 0
2929 1
194 80 198 24.000000
2930 0
2931 1
182 200 168 22.000000
2932 1
227 95 134 25.000000
2933 0
2934 0
2935 0
2936 0
2937 1
174 80 111 45.000000
2938 1
168 215 46 53.000000
2939 0
2940 0
2941 0
2942 1
129 73 207 20.000000
2943 0
2944 0
2945 0
2946 1
104 91 143 29.000000
2947 1
246 180 238 43.000000
2948 0
2949 1
103 63 197 21.000000
2950 0
2951 1
209 243 80 43.000000
2952 0
2953 0
2954 1
108 156 241 23.000000
2955 0
2956 0
2957 0
2958 1
105 60 15 26.000000
2959 0
2960 0
2961 1
5 127 223 69.000000
2962 1
213 79 38 35.000000
2963 1
73 111 219 26.000000
2964 1
95 81 73 23.000000
2965 0
2966 1
221 131 165 22.000000
2967 0
2968 0
2969 1
89 87 138 67.000000
2970 1
6 160 33 25.000000
2971 1
41 146 96 31.000000
2972 0
2973 1
82 92 207 24.000000
2974 0
2975 0
2976 1
234 41 83 25.000000
2977 1
155 40 112 28.000000
2978 0
2979 1
80 92 207 44.000000
2980 1
168 144 150 29.000000
2981 1
209 167 214 21.000000
2982 0
2983 1
209 215 66 32.000000
2984 0
2985 0
2986 1
69 97 158 25.000000
2987 1
200 95 216 42.000000
2988 0
2989 1
65 47 135 21.000000
2990 0
2991 0
2992 0
2993 0
2994 1
249 48 42 25.000000
2995 2
170 97 145 90.000000
175 97 145 47.000000
2996 1
213 150 136 21.000000
2997 0
2998 1
49 227 39 35.000000
2999 1
229 35 220 25.000000
3000 1
14 72 200 25.000000
3001 0
3002 1
115 28 214 28.000000
3003 0
3004 0
3005 0
3006 0
3007 1
131 61 144 26.000000
3008 1
176 47 135 28.000000
3009 1
36 136 192 32.000000
3010 1
115 99 226 99.000000
3011 1
109 117 14 20.000000
3012 2
177 96 140 176.000000
178 96 140 44.000000
3013 1
237 216 70 24.000000
3014 1
122 50 96 24.000000
3015 1
229 107 62 22.000000
3016 0
3017 1
53 94 135 34.000000
3018 0
3019 1
249 214 70 27.000000
3020 1
112 114 225 39.000000
3021 0
3022 1
245 207 67 24.000000
3023 0
3024 1
171 55 46 21.000000
3025 1
150 95 134 31.000000
3026 1
204 138 89 25.000000
3027 0
3028 0
3029 1
179 214 209 24.000000
3030 1
88 134 213 37.000000
3031 0
3032 1
204 50 96 38.000000
3033 1
233 89 79 29.000000
3034 0
3035 0
3036 1
81 101 151 38.000000
3037 1
21 81 29 37.000000
3038 1
77 55 26 24.000000
3039 1
114 153 91 22.000000
3040 1
197 177 225 25.000000
3041 1
149 145 15 20.000000
3042 0
3043 0
3044 0
3045 1
120 152 143 22.000000
3046 0
3047 1
104 98 39 28.000000
3048 0
3049 0
3050 0
3051 0
3052 1
165 149 46 24.000000
3053 0
3054 0
3055 0
3056 1
73 222 48 32.000000
3057 0
3058 1
198 147 30 25.000000
3059 0
3060 1
170 86 60 25.000000
3061 1
178 98 39 21.000000
3062 0
3063 0
3064 0
3065 1
186 97 124 24.000000
3066 0
3067 1
94 150 207 20.000000
3068 1
234 78 48 23.000000
3069 1
178 94 149 20.000000
3070 1
239 107 40 41.000000
3071 1
121 43 181 26.000000
3072 1
170 102 125 27.000000
3073 0
3074 1
245 158 223 35.000000
3075 1
172 172 52 21.000000
3076 1
31 111 204 30.000000
3077 1
131 95 84 21.000000
3078 1
205 157 30 22.000000
3079 0
3080 1
229 167 41 59.000000
3081 0
3082 0
3083 0
3084 0
3085 2
208 157 213 174.000000
209 157 213 27.000000
3086 0
3087 1
127 156 241 34.000000
3088 2
125 98 206 177.000000
126 98 206 43.000000
3089 0
3090 0
3091 0
3092 0
3093 1
141 101 151 67.000000
3094 1
168 84 51 25.000000
3095 0
3096 1
220 92 139 30.000000
3097 1
111 91 47 22.000000
3098 0
3099 1
170 113 25 27.000000
3100 1
146 98 39 36.000000
3101 1
102 83 67 27.000000
3102 2
53 20 232 177.000000
54 20 232 43.000000
3103 0
3104 1
161 31 220 62.000000
3105 0
3106 1
224 160 224 39.000000
3107 1
173 89 211 50.000000
3108 1
138 178 234 25.000000
3109 0
3110 0
3111 1
226 187 233 20.000000
3112 1
128 24 115 22.000000
3113 1
135 207 112 32.000000
3114 0
3115 0
3116 1
243 89 26 31.000000
3117 0
3118 1
122 61 72 60.000000
3119 1
54 149 229 20.000000
3120 1
50 62 21 21.000000
3121 1
94 118 204 37.000000
3122 0
3123 0
3124 0
3125 1
196 79 191 38.000000
3126 0
3127 1
217 185 226 25.000000
3128 1
113 162 230 40.000000
3129 0
3130 1
151 155 127 34.000000
3131 1
79 153 33 28.000000
3132 0
3133 0
3134 0
3135 1
225 167 219 50.000000
3136 0
3137 1
82 72 214 34.000000
3138 0
3139 0
3140 1
108 144 175 24.000000
3141 1
97 109 232 22.000000
3142 0
3143 0
3144 0
3145 1
206 88 14 31.000000
3146 1
84 170 27 59.000000
3147 1
148 86 109 87.000000
3148 0
3149 1
237 167 220 39.000000
3150 1
49 157 91 64.000000
3151 1
216 79 183 36.000000
3152 1
113 161 34 21.000000
3153 1
113 99 226 36.000000
3154 0
3155 1
207 65 15 25.000000
3156 0
3157 1
201 116 220 23.000000
3158 0
3159 1
117 69 192 21.000000
3160 0
3161 0
3162 1
127 147 30 49.000000
3163 0
3164 1
210 92 171 26.000000
3165 0
3166 0
3167 0
3168 1
228 146 47 106.000000
3169 0
3170 1
141 62 169 21.000000
3171 1
130 132 68 30.000000
3172 0
3173 0
3174 1
231 125 33 41.000000
3175 1
56 148 39 33.000000
3176 1
158 158 136 61.000000
3177 0
3178 0
3179 1
208 29 177 26.000000
3180 1
193 83 7 33.000000
3181 1
145 111 223 31.000000
3182 1
60 152 47 34.000000
3183 1
200 75 146 92.000000
3184 2
95 177 61 88.000000
96 177 61 40.000000
3185 0
3186 0
3187 1
214 158 100 81.000000
3188 1
115 150 71 20.000000
3189 0
3190 1
196 140 149 25.000000
3191 0
3192 1
94 69 218 20.000000
3193 1
246 217 71 41.000000
3194 1
236 90 36 70.000000
3195 0
3196 0
3197 2
35 81 10 126.000000
36 81 10 25.000000
3198 0
3199 1
142 53 82 28.000000
3200 1
188 215 46 50.000000
3201 0
3202 1
116 169 189 30.000000
3203 0
3204 1
134 98 218 22.000000
3205 0
3206 0
3207 0
3208 0
3209 1
112 180 65 26.000000
3210 1
92 154 17 50.000000
3211 1
30 232 59 58.000000
3212 0
3213 1
83 149 34 64.000000
3214 1
146 160 108 55.000000
3215 1
190 103 210 23.000000
3216 0
3217 1
48 94 142 24.000000
3218 1
205 230 57 29.000000
3219 0
3220 1
151 101 116 20.000000
3221 0
3222 1
64 108 214 56.000000
3223 1
158 105 169 46.000000
3224 0
3225 0
3226 0
3227 0
3228 1
38 89 211 37.000000
3229 1
86 126 124 24.000000
3230 0
3231 1
166 169 167 40.000000
3232 0
3233 0
3234 0
3235 0
3236 1
115 97 145 22.000000
3237 2
80 125 211 156.000000
81 125 211 37.000000
3238 1
183 130 169 122.000000
3239 1
165 42 109 35.000000
3240 0
3241 1
234 208 48 27.000000
3242 0
3243 2
236 201 197 83.500000
241 201 197 45.500000
3244 0
3245 0
3246 2
197 205 58 90.000000
198 205 58 10.000000
3247 0
3248 1
198 195 35 39.000000
3249 0
3250 0
3251 0
3252 1
198 125 158 84.000000
3253 1
116 20 53 44.000000
3254 1
199 165 232 27.000000
3255 1
9 128 221 26.000000
3256 1
226 111 214 23.000000
3257 1
55 121 207 21.000000
3258 0
3259 1
45 7 223 41.000000
3260 0
3261 1
112 140 24 21.000000
3262 1
101 131 25 36.000000
3263 0
3264 1
79 147 38 22.000000
3265 0
3266 1
239 103 40 26.000000
3267 1
98 114 225 30.000000
3268 1
199 115 227 21.000000
3269 0
3270 0
3271 0
3272 0
3273 0
3274 1
155 168 218 57.000000
3275 1
159 84 93 29.000000
3276 0
3277 2
232 91 63 165.000000
233 91 63 55.000000
3278 1
225 187 129 27.000000
3279 1
94 100 202 120.000000
3280 0
3281 0
3282 1
108 104 152 27.000000
3283 0
3284 1
114 158 240 33.000000
3285 1
191 142 69 21.000000
3286 1
231 85 70 34.000000
3287 1
60 92 198 68.000000
3288 0
3289 1
240 162 233 36.000000
3290 0
3291 0
3292 2
141 174 31 178.000000
142 174 31 10.000000
3293 1
38 4 221 35.000000
3294 1
191 153 232 22.000000
3295 1
210 82 93 32.000000
3296 1
202 85 148 65.000000
3297 1
205 218 74 29.000000
3298 1
206 181 223 23.000000
3299 0
3300 0
3301 0
3302 0
3303 0
3304 0
3305 1
157 75 37 42.000000
3306 0
3307 1
237 185 239 61.000000
3308 0
3309 0
3310 1
178 117 234 21.000000
3311 1
246 69 22 24.000000
3312 1
209 143 81 24.000000
3313 0
3314 1
141 163 32 30.000000
3315 0
3316 0
3317 1
99 134 144 33.000000
3318 0
3319 1
146 111 204 24.000000
3320 1
60 157 35 28.000000
3321 1
233 89 193 35.000000
3322 0
3323 1
218 74 7 25.000000
3324 1
83 120 123 51.000000
3325 1
94 98 209 22.000000
3326 0
3327 0
3328 0
3329 2
79 83 125 46.000000
80 83 125 25.000000
3330 1
219 73 145 44.000000
3331 0
3332 1
172 122 79 91.000000
3333 1
101 223 213 20.000000
3334 2
210 77 158 89.000000
215 77 158 53.000000
3335 0
3336 1
225 98 145 39.000000
3337 1
240 157 213 26.000000
3338 0
3339 1
217 229 163 21.000000
3340 1
146 16 216 21.000000
3341 0
3342 1
244 169 194 23.000000
3343 2
130 106 216 190.000000
131 106 216 30.000000
3344 0
3345 0
3346 0
3347 0
3348 1
232 120 99 41.000000
3349 0
3350 1
207 76 179 21.000000
3351 0
3352 1
205 77 158 22.000000
3353 1
172 85 135 21.000000
3354 0
3355 0
3356 1
81 91 205 79.000000
3357 1
202 150 23 37.000000
3358 0
3359 0
3360 1
170 165 217 24.000000
3361 1
236 187 175 31.000000
3362 0
3363 0
3364 1
15 230 64 21.000000
3365 0
3366 0
3367 0
3368 0
3369 1
168 45 124 57.000000
3370 1
181 24 232 33.000000
3371 0
3372 1
249 107 51 47.000000
3373 0
3374 0
3375 1
72 120 215 46.000000
3376 0
3377 0
3378 1
186 157 28 35.000000
3379 0
3380 0
3381 0
3382 1
81 111 214 33.000000
3383 1
196 76 26 24.000000
3384 1
210 24 212 36.000000
3385 0
3386 2
226 196 156 89.000000
227 196 156 42.000000
3387 1
83 101 37 20.000000
3388 1
247 156 223 35.000000
3389 0
3390 0
3391 1
156 231 134 21.000000
3392 0
3393 0
3394 0
3395 1
19 83 32 31.000000
3396 1
245 207 69 22.000000
3397 0
3398 0
3399 0
3400 1
227 25 208 22.000000
3401 0
3402 1
131 35 220 28.000000
3403 1
140 85 180 66.000000
3404 0
3405 0
3406 0
3407 0
3408 1
180 93 139 29.000000
3409 0
3410 1
206 178 65 22.000000
3411 1
52 161 34 21.000000
3412 1
133 173 40 37.000000
3413 1
177 200 168 21.000000
3414 0
3415 0
3416 0
3417 1
151 115 155 45.000000
3418 1
238 25 227 43.000000
3419 0
3420 0
3421 1
107 16 221 20.000000
3422 0
3423 0
3424 2
131 106 201 89.000000
136 106 201 14.000000
3425 0
3426 1
192 85 180 21.000000
3427 1
173 63 118 31.000000
3428 1
58 58 167 35.000000
3429 1
6 96 40 30.000000
3430 1
191 155 127 21.000000
3431 0
3432 0
3433 1
169 84 202 38.000000
3434 1
134 23 221 71.000000
3435 1
155 158 217 29.000000
3436 1
183 204 149 53.000000
3437 0
3438 1
180 216 197 47.000000
3439 0
3440 0
3441 1
214 88 51 21.000000
3442 0
3443 0
3444 2
237 115 209 70.500000
238 115 209 59.500000
3445 1
247 205 88 27.000000
3446 0
3447 0
3448 0
3449 0
3450 1
237 98 209 30.000000
3451 1
227 99 50 20.000000
3452 1
90 136 217 31.000000
3453 1
155 118 168 26.000000
3454 1
69 157 213 22.000000
3455 0
3456 1
154 83 50 34.000000
3457 1
135 161 224 37.000000
3458 1
151 141 47 54.000000
3459 0
3460 2
204 133 208 89.000000
209 133 208 71.000000
3461 0
3462 0
3463 1
7 155 129 35.000000
3464 0
3465 1
32 121 207 59.000000
3466 0
3467 1
108 98 183 25.000000
3468 1
142 210 50 30.000000
3469 1
16 86 131 26.000000
3470 0
3471 0
3472 0
3473 0
3474 1
175 87 116 41.000000
3475 0
3476 1
137 207 125 32.000000
3477 0
3478 0
3479 1
116 126 217 21.000000
3480 0
3481 0
3482 0
3483 1
237 120 229 28.000000
3484 0
3485 0
3486 0
3487 1
194 168 92 34.000000
3488 1
35 122 223 24.000000
3489 0
3490 0
3491 1
144 108 205 25.000000
3492 0
3493 1
197 116 19 21.000000
3494 0
3495 1
133 69 209 21.000000
3496 0
3497 1
175 90 34 24.000000
3498 1
65 109 133 68.000000
3499 1
247 16 222 119.000000
3500 1
130 102 83 25.000000
3501 1
129 145 39 25.000000
3502 0
3503 1
57 85 30 20.000000
3504 0
3505 0
3506 0
3507 1
105 147 38 23.000000
3508 1
238 137 237 23.000000
3509 0
3510 2
225 97 44 71.000000
226 97 44 14.000000
3511 1
192 120 218 51.000000
3512 1
233 223 56 27.000000
3513 1
131 213 40 60.000000
3514 1
166 86 207 29.000000
3515 1
226 229 61 33.000000
3516 0
3517 0
3518 1
119 98 142 56.000000
3519 1
202 74 187 30.000000
3520 0
3521 0
3522 1
150 92 198 62.000000
3523 0
3524 1
224 28 154 24.000000
3525 0
3526 0
3527 0
3528 1
138 105 124 65.000000
3529 0
3530 0
3531 1
205 89 224 27.000000
3532 0
3533 1
208 64 190 88.000000
3534 0
3535 1
200 143 209 24.000000
3536 0
3537 0
3538 0
3539 1
236 157 28 24.000000
3540 0
3541 0
3542 0
3543 1
79 63 185 22.000000
3544 0
3545 0
3546 0
3547 0
3548 1
138 96 121 25.000000
3549 1
242 170 44 22.000000
3550 2
203 129 231 77.500000
204 129 231 35.500000
3551 0
3552 3
151 216 185 82.500000
156 216 185 82.500000
157 216 185 55.000000
3553 0
3554 1
154 78 143 63.000000
3555 0
3556 0
3557 1
241 154 113 41.000000
3558 1
107 168 212 64.000000
3559 1
81 101 144 22.000000
3560 1
211 111 204 53.000000
3561 1
99 153 33 51.000000
3562 1
217 97 188 30.000000
3563 1
76 198 226 44.000000
3564 0
3565 0
3566 1
231 111 215 30.000000
3567 1
80 163 210 22.000000
3568 1
71 82 33 30.000000
3569 0
3570 0
3571 0
3572 1
173 101 151 20.000000
3573 0
3574 1
172 183 49 28.000000
3575 0
3576 0
3577 1
227 170 36 23.000000
3578 1
86 90 157 30.000000
3579 1
107 65 225 24.000000
3580 1
209 85 21 74.000000
3581 0
3582 1
207 219 113 56.000000
3583 0
3584 1
162 120 215 29.000000
3585 1
93 33 210 24.000000
3586 1
246 197 73 24.000000
3587 0
3588 1
110 172 47 29.000000
3589 0
3590 1
154 138 96 31.000000
3591 0
3592 0
3593 0
3594 0
3595 0
3596 1
232 90 34 43.000000
3597 0
3598 0
3599 1
37 167 26 24.000000
3600 1
145 178 234 22.000000
3601 0
3602 1
174 90 36 32.000000
3603 0
3604 1
88 59 118 47.000000
3605 0
3606 0
3607 1
249 84 204 21.000000
3608 0
3609 1
177 88 14 23.000000
3610 1
193 109 150 41.000000
3611 0
3612 0
3613 1
82 101 144 32.000000
3614 1
123 224 143 59.000000
3615 1
173 79 25 20.000000
3616 1
159 73 124 34.000000
3617 0
3618 1
95 167 33 26.000000
3619 0
3620 1
197 207 125 27.000000
3621 1
137 115 218 51.000000
3622 1
159 205 113 28.000000
3623 0
3624 1
144 170 44 23.000000
3625 1
209 97 54 25.000000
3626 0
3627 1
72 144 52 21.000000
3628 0
3629 1
113 83 145 73.000000
3630 0
3631 1
149 85 44 28.000000
3632 1
188 144 38 32.000000
3633 0
3634 0
3635 0
3636 1
246 68 16 30.000000
3637 0
3638 1
244 90 30 26.000000
3639 1
166 86 40 47.000000
3640 1
115 200 69 22.000000
3641 1
189 75 28 36.000000
3642 1
87 135 230 46.000000
3643 1
153 99 226 67.000000
3644 1
152 80 19 23.000000
3645 1
24 130 202 27.000000
3646 0
3647 0
3648 1
134 40 212 24.000000
3649 0
3650 0
3651 0
3652 1
188 157 228 72.000000
3653 0
3654 0
3655 0
3656 2
202 160 249 56.500000
203 160 249 37.500000
3657 1
174 180 105 66.000000
3658 1
224 89 193 23.000000
3659 1
156 89 33 44.000000
3660 0
3661 0
3662 0
3663 1
222 83 50 48.000000
3664 1
245 208 36 35.000000
3665 0
3666 1
179 66 52 29.000000
3667 0
3668 0
3669 0
3670 1
85 87 207 23.000000
3671 0
3672 0
3673 1
150 96 213 38.000000
3674 0
3675 1
244 108 130 35.000000
3676 0
3677 1
208 16 65 22.000000
3678 0
3679 0
3680 1
171 96 39 25.000000
3681 0
3682 1
158 78 100 36.000000
3683 1
181 75 119 27.000000
3684 1
168 224 53 32.000000
3685 0
3686 0
3687 1
115 78 143 21.000000
3688 1
92 43 52 20.000000
3689 1
182 163 165 28.000000
3690 0
3691 1
53 81 7 76.000000
3692 1
77 69 94 27.000000
3693 0
3694 1
163 31 62 21.000000
3695 0
3696 1
175 89 122 43.000000
3697 1
27 225 47 24.000000
3698 1
121 91 141 21.000000
3699 1
233 190 91 34.000000
3700 0
3701 1
220 32 215 24.000000
3702 1
101 135 204 26.000000
3703 0
3704 0
3705 1
71 136 56 31.000000
3706 1
183 130 124 32.000000
3707 1
235 77 17 24.000000
3708 1
87 85 135 26.000000
3709 1
135 101 116 41.000000
3710 0
3711 0
3712 1
200 105 142 34.000000
3713 0
3714 0
3715 2
237 35 119 69.500000
238 35 119 91.500000
3716 1
158 137 24 22.000000
3717 1
188 75 146 22.000000
3718 1
123 50 96 29.000000
3719 1
233 90 208 21.000000
3720 0
3721 2
99 153 219 83.000000
100 153 219 107.000000
3722 0
3723 0
3724 1
183 142 185 21.000000
3725 0
3726 0
3727 1
136 98 39 23.000000
3728 1
155 101 196 62.000000
3729 0
3730 0
3731 0
3732 0
3733 0
3734 0
3735 1
227 105 142 29.000000
3736 0
3737 0
3738 0
3739 0
3740 0
3741 1
60 74 0 45.000000
3742 0
3743 1
20 85 30 44.000000
3744 1
126 78 12 35.000000
3745 0
3746 0
3747 1
229 93 195 34.000000
3748 0
3749 0
3750 1
244 98 47 39.000000
3751 0
3752 0
3753 1
225 160 224 40.000000
3754 0
3755 1
123 31 177 40.000000
3756 1
218 198 39 42.000000
3757 0
3758 1
227 178 245 23.000000
3759 0
3760 1
39 64 185 36.000000
3761 0
3762 1
187 109 214 34.000000
3763 1
224 98 142 62.000000
3764 1
216 87 207 21.000000
3765 1
93 29 56 39.000000
3766 0
3767 0
3768 1
125 31 100 32.000000
3769 0
3770 1
189 83 32 24.000000
3771 1
84 218 163 42.000000
3772 0
3773 0
3774 1
13 164 36 20.000000
3775 1
74 92 207 124.000000
3776 0
3777 1
201 93 195 96.000000
3778 1
123 129 227 40.000000
3779 0
3780 1
226 166 32 22.000000
3781 0
3782 0
3783 1
188 56 188 22.000000
3784 0
3785 0
3786 1
48 84 4 25.000000
3787 1
158 174 227 61.000000
3788 1
14 108 219 25.000000
3789 0
3790 1
192 80 34 21.000000
3791 0
3792 1
50 94 41 33.000000
3793 1
244 178 215 22.000000
3794 1
179 156 148 34.000000
3795 1
53 89 211 42.000000
3796 0
3797 0
3798 1
186 91 218 29.000000
3799 1
141 111 204 36.000000
3800 1
134 109 219 22.000000
3801 0
3802 0
3803 2
160 182 146 87.500000
161 182 146 19.500000
3804 0
3805 1
76 96 213 34.000000
3806 1
213 72 193 38.000000
3807 1
172 132 122 59.000000
3808 1
235 160 224 28.000000
3809 1
235 189 111 45.000000
3810 0
3811 1
79 93 195 21.000000
3812 1
169 137 158 23.000000
3813 0
3814 1
83 139 228 32.000000
3815 1
195 210 99 74.000000
3816 0
3817 0
3818 1
220 212 72 33.000000
3819 0
3820 0
3821 1
217 177 219 21.000000
3822 0
3823 1
98 104 69 25.000000
3824 0
3825 0
3826 0
3827 0
3828 1
115 67 107 20.000000
3829 1
101 12 212 37.000000
3830 0
3831 0
3832 0
3833 1
40 95 27 26.000000
3834 0
3835 1
199 26 191 21.000000
3836 0
3837 1
87 176 44 37.000000
3838 1
208 166 181 34.000000
3839 1
227 86 191 39.000000
3840 1
59 114 219 25.000000
3841 1
128 205 161 30.000000
3842 1
240 76 179 35.000000
3843 0
3844 0
3845 0
3846 0
3847 1
77 89 122 31.000000
3848 1
130 46 45 44.000000
3849 1
80 164 196 40.000000
3850 0
3851 1
186 149 218 30.000000
3852 1
104 58 5 35.000000
3853 1
73 73 24 31.000000
3854 0
3855 0
3856 1
228 134 208 22.000000
3857 1
192 83 32 27.000000
3858 1
211 94 198 42.000000
3859 1
131 143 119 44.000000
3860 0
3861 0
3862 1
215 77 17 50.000000
3863 1
107 75 24 47.000000
3864 1
202 44 239 40.000000
3865 1
61 153 226 24.000000
3866 0
3867 1
208 158 240 42.000000
3868 0
3869 0
3870 0
3871 0
3872 1
58 198 65 75.000000
3873 0
3874 1
218 84 202 46.000000
3875 1
188 98 29 51.000000
3876 1
206 80 27 26.000000
3877 1
179 155 158 26.000000
3878 1
102 213 40 23.000000
3879 0
3880 1
131 193 204 28.000000
3881 1
107 220 199 21.000000
3882 0
3883 1
216 217 72 44.000000
3884 1
45 17 219 41.000000
3885 0
3886 2
141 193 43 177.000000
142 193 43 32.000000
3887 0
3888 0
3889 0
3890 0
3891 0
3892 0
3893 1
194 210 49 20.000000
3894 0
3895 1
105 87 96 50.000000
3896 1
106 166 226 37.000000
3897 1
165 139 201 27.000000
3898 1
228 94 184 21.000000
3899 1
129 165 232 33.000000
3900 0
3901 0
3902 1
130 232 73 52.000000
3903 0
3904 0
3905 0
3906 0
3907 0
3908 0
3909 1
159 167 235 21.000000
3910 1
168 84 51 25.000000
3911 1
156 68 16 30.000000
3912 0
3913 1
182 91 218 25.000000
3914 0
3915 1
102 160 224 54.000000
3916 0
3917 1
197 109 150 48.000000
3918 0
3919 1
238 85 140 29.000000
3920 1
76 159 24 60.000000
3921 1
142 61 72 34.000000
3922 1
233 90 186 33.000000
3923 1
70 104 235 42.000000
3924 0
3925 0
3926 1
171 24 143 48.000000
3927 1
200 94 174 60.000000
3928 1
131 152 41 124.000000
3929 0
3930 0
3931 0
3932 0
3933 1
233 130 140 46.000000
3934 1
46 76 193 20.000000
3935 1
94 158 235 20.000000
3936 0
3937 1
223 220 140 29.000000
3938 1
78 44 193 63.000000
3939 1
187 128 221 24.000000
3940 0
3941 0
3942 1
160 146 176 22.000000
3943 1
232 153 232 30.000000
3944 0
3945 0
3946 0
3947 1
228 104 126 32.000000
3948 0
3949 1
207 89 125 37.000000
3950 1
158 85 189 68.000000
3951 0
3952 0
3953 0
3954 0
3955 1
132 212 82 48.000000
3956 1
237 109 152 47.000000
3957 0
3958 0
3959 1
43 79 38 22.000000
3960 0
3961 1
234 90 36 24.000000
3962 0
3963 1
234 88 187 20.000000
3964 0
3965 1
151 91 47 25.000000
3966 1
62 85 135 22.000000
3967 1
78 165 217 51.000000
3968 1
215 107 40 26.000000
3969 1
63 124 216 21.000000
3970 0
3971 1
165 80 169 22.000000
3972 1
242 80 52 40.000000
3973 0
3974 0
3975 0
3976 0
3977 0
3978 1
244 28 219 21.000000
3979 0
3980 1
221 51 201 42.000000
3981 1
198 165 217 21.000000
3982 0
3983 0
3984 0
3985 0
3986 1
138 145 15 37.000000
3987 1
236 86 47 26.000000
3988 0
3989 0
3990 1
216 86 211 44.000000
3991 1
137 149 23 29.000000
3992 1
80 123 215 23.000000
3993 1
70 176 23 27.000000
3994 1
181 93 32 24.000000
3995 1
239 74 44 24.000000
3996 0
3997 1
186 79 35 46.000000
3998 0
3999 1
158 38 160 24.000000
4000 1
115 117 203 21.000000
