1 1
104 7 28 29.000000
2 1
168 47 51 33.000000
3 1
63 47 51 29.000000
4 1
118 47 51 44.000000
5 1
83 11 49 31.000000
6 1
73 27 26 21.000000
7 1
227 25 6 21.000000
8 1
46 49 54 44.000000
9 1
55 7 25 21.000000
10 1
97 7 25 26.000000
11 1
99 47 5 21.000000
12 1
89 42 31 31.000000
13 1
80 7 25 29.000000
14 1
47 3 63 22.000000
15 1
71 27 23 22.000000
16 1
48 7 55 41.000000
17 1
298 40 43 29.000000
18 1
260 18 34 62.000000
19 1
44 41 36 34.000000
20 1
244 50 40 24.000000
21 1
100 21 52 21.000000
22 1
79 11 47 23.000000
23 1
75 12 50 32.000000
24 1
91 17 17 37.000000
25 1
303 7 51 28.000000
26 1
85 41 40 42.000000
27 1
88 5 52 24.000000
28 1
122 12 60 51.000000
29 1
96 12 32 22.000000
30 1
93 34 34 27.000000
31 1
275 25 6 91.000000
32 1
123 2 61 78.000000
33 1
93 33 13 72.000000
34 1
288 20 12 24.000000
35 0
36 1
90 7 25 27.000000
37 1
255 7 25 31.000000
38 1
313 15 47 22.000000
39 1
297 23 7 24.000000
40 1
117 31 22 46.000000
41 1
275 23 7 21.000000
42 1
273 24 39 23.000000
43 1
122 55 24 23.000000
44 1
295 47 51 22.000000
45 1
293 11 49 43.000000
46 1
92 43 35 27.000000
47 1
288 25 6 56.000000
48 1
68 10 67 24.000000
49 1
67 43 51 20.000000
50 1
115 7 25 30.000000
51 1
116 7 25 21.000000
52 1
67 7 19 48.000000
53 1
59 7 28 52.000000
54 1
50 19 29 32.000000
55 2
55 7 50 103.000000
56 7 50 67.000000
56 1
69 41 48 45.000000
57 1
53 53 43 30.000000
58 1
87 7 51 26.000000
59 1
75 17 17 25.000000
60 1
94 47 51 54.000000
61 1
50 41 46 25.000000
62 1
86 41 49 48.000000
63 1
84 53 28 40.000000
64 1
296 7 25 30.000000
65 1
192 45 20 30.000000
66 1
164 3 63 72.000000
67 1
307 5 25 54.000000
68 1
105 50 14 34.000000
69 1
50 41 17 99.000000
70 1
62 31 11 35.000000
71 1
136 54 16 62.000000
72 1
19 21 52 25.000000
73 1
70 44 6 27.000000
74 1
66 38 39 44.000000
75 1
70 12 60 61.000000
76 1
115 26 33 44.000000
77 1
300 17 59 34.000000
78 1
86 25 6 35.000000
79 1
47 24 43 61.000000
80 1
83 19 52 23.000000
81 1
82 21 52 30.000000
82 1
231 37 39 132.000000
83 1
97 44 47 21.000000
84 1
276 7 52 23.000000
85 1
29 5 59 63.000000
86 1
280 16 55 27.000000
87 1
41 23 24 48.000000
88 1
80 48 52 30.000000
89 0
90 0
91 1
64 2 48 29.000000
92 1
266 46 55 22.000000
93 1
57 11 47 24.000000
94 1
56 4 66 30.000000
95 1
66 58 24 23.000000
96 1
73 16 27 43.000000
97 1
100 46 43 90.000000
98 2
100 27 14 159.000000
101 27 14 86.000000
99 2
123 47 51 19.000000
124 47 51 81.000000
100 1
65 11 49 38.000000
101 1
64 42 55 86.000000
102 1
103 47 51 25.000000
103 1
165 50 14 80.000000
104 1
304 3 63 37.000000
105 1
143 47 51 28.000000
106 2
106 28 49 105.500000
107 28 49 154.500000
107 1
97 23 11 44.000000
108 1
113 3 63 123.000000
109 1
15 50 26 24.000000
110 1
105 49 24 65.000000
111 1
55 0 29 20.000000
112 1
95 7 25 31.000000
113 1
53 32 56 24.000000
114 1
106 11 49 21.000000
115 1
81 43 51 60.000000
116 1
110 12 60 21.000000
117 2
60 17 13 217.000000
61 17 13 43.000000
118 0
119 1
101 25 9 36.000000
120 1
216 28 49 36.000000
121 1
85 25 6 71.000000
122 1
74 15 54 28.000000
123 1
109 19 52 63.000000
124 1
131 28 49 27.000000
125 1
76 58 24 54.000000
126 2
53 3 33 109.000000
54 3 33 34.000000
127 1
113 47 51 46.000000
128 1
97 11 7 39.000000
129 1
49 15 54 22.000000
130 1
135 25 6 39.000000
131 1
105 16 42 20.000000
132 1
97 57 10 21.000000
133 1
41 11 47 26.000000
134 1
50 41 46 24.000000
135 1
137 24 53 22.000000
136 1
119 41 47 25.000000
137 1
22 38 51 21.000000
138 1
60 13 17 43.000000
139 1
249 7 58 38.000000
140 1
301 13 54 37.000000
141 1
316 7 25 26.000000
142 1
302 44 33 24.000000
143 1
96 47 51 46.000000
144 1
102 16 47 21.000000
145 1
76 24 16 31.000000
146 1
109 7 28 25.000000
147 1
73 47 51 69.000000
148 1
297 11 42 21.000000
149 1
269 26 19 40.000000
150 1
285 47 51 25.000000
151 1
319 29 17 22.000000
152 1
305 7 25 43.000000
153 1
109 51 11 39.000000
154 1
140 7 19 24.000000
155 1
296 22 57 68.000000
156 0
157 1
98 8 48 38.000000
158 1
83 47 51 36.000000
159 1
116 12 47 25.000000
160 1
59 7 25 21.000000
161 1
86 8 59 28.000000
162 1
147 25 6 45.000000
163 1
95 25 6 20.000000
164 1
105 47 51 22.000000
165 1
17 11 49 43.000000
166 1
299 27 13 66.000000
167 1
75 7 55 23.000000
168 1
54 17 13 24.000000
169 1
64 4 53 21.000000
170 1
24 38 55 43.000000
171 1
315 18 51 37.000000
172 1
63 47 51 25.000000
173 1
282 42 55 32.000000
174 1
55 6 63 30.000000
175 0
176 1
80 7 25 21.000000
177 1
110 23 5 21.000000
178 1
55 16 52 45.000000
179 1
255 23 52 20.000000
180 1
28 21 52 21.000000
181 1
88 17 39 41.000000
182 1
112 20 50 21.000000
183 1
98 26 19 30.000000
184 1
122 46 43 50.000000
185 1
315 49 39 64.000000
186 1
77 43 51 34.000000
187 1
205 47 51 69.000000
188 1
36 44 47 33.000000
189 1
53 11 49 26.000000
190 1
288 47 51 34.000000
191 1
114 16 31 21.000000
192 1
284 51 44 26.000000
193 1
52 29 43 23.000000
194 1
148 37 54 30.000000
195 2
51 37 17 110.000000
52 37 17 60.000000
196 1
253 41 30 37.000000
197 1
316 11 49 112.000000
198 1
85 12 50 49.000000
199 1
88 26 40 46.000000
200 1
57 3 63 32.000000
201 1
287 21 52 30.000000
202 1
61 32 16 44.000000
203 1
112 50 26 46.000000
204 1
260 11 47 34.000000
205 1
124 16 42 87.000000
206 1
75 7 25 23.000000
207 1
158 47 51 30.000000
208 1
306 34 57 22.000000
209 1
300 7 25 25.000000
210 1
318 12 62 139.000000
211 1
95 62 24 23.000000
212 1
293 41 44 55.000000
213 1
120 15 54 33.000000
214 1
71 11 47 23.000000
215 1
49 35 49 58.000000
216 1
271 50 56 64.000000
217 1
60 46 33 25.000000
218 1
305 24 43 100.000000
219 1
72 16 52 24.000000
220 1
124 47 51 180.000000
221 0
222 1
97 11 47 39.000000
223 1
66 7 25 20.000000
224 1
65 7 25 26.000000
225 1
100 42 55 50.000000
226 1
70 41 47 53.000000
227 1
121 42 55 21.000000
228 1
55 16 27 59.000000
229 1
124 55 49 23.000000
230 1
2 16 42 51.000000
231 1
75 29 34 21.000000
232 1
276 16 42 43.000000
233 1
70 11 47 37.000000
234 1
103 14 19 20.000000
235 1
240 7 50 25.000000
236 1
117 11 47 37.000000
237 1
115 29 20 34.000000
238 1
205 25 6 26.000000
239 1
160 12 60 53.000000
240 0
241 1
113 17 17 36.000000
242 1
94 19 50 25.000000
243 1
23 19 50 24.000000
244 1
73 3 53 40.000000
245 3
63 24 10 113.000000
68 24 10 113.000000
69 24 10 34.000000
246 1
147 53 28 125.000000
247 1
118 10 39 78.000000
248 1
133 3 63 64.000000
249 1
24 3 63 42.000000
250 1
308 11 58 22.000000
251 1
269 41 36 26.000000
252 1
187 11 49 48.000000
253 1
281 41 30 27.000000
254 1
287 44 28 27.000000
255 1
100 11 47 27.000000
256 1
102 29 43 31.000000
257 1
146 44 61 38.000000
258 2
135 17 10 64.000000
136 17 10 8.000000
259 1
139 41 46 32.000000
260 1
314 39 55 120.000000
261 1
135 25 6 36.000000
262 1
251 42 20 24.000000
263 1
85 7 25 102.000000
264 1
302 6 53 39.000000
265 1
77 21 52 35.000000
266 1
98 36 34 26.000000
267 1
86 22 18 56.000000
268 1
247 25 45 36.000000
269 1
69 10 48 35.000000
270 1
98 21 52 91.000000
271 2
233 43 55 193.000000
234 43 55 67.000000
272 1
77 47 51 42.000000
273 1
112 45 30 23.000000
274 1
103 51 24 39.000000
275 1
314 54 47 52.000000
276 1
62 13 30 44.000000
277 1
58 21 52 26.000000
278 1
116 14 43 32.000000
279 1
207 16 50 131.000000
280 1
45 7 25 126.000000
281 1
299 8 54 77.000000
282 1
93 15 37 25.000000
283 1
312 16 42 32.000000
284 1
288 32 13 26.000000
285 1
65 25 6 48.000000
286 1
239 48 49 27.000000
287 1
59 52 22 29.000000
288 1
246 11 49 23.000000
289 1
60 19 52 27.000000
290 1
79 25 6 41.000000
291 1
74 2 48 37.000000
292 1
285 25 6 60.000000
293 1
150 54 16 22.000000
294 1
26 5 57 37.000000
295 2
90 9 64 66.000000
95 9 64 34.000000
296 1
93 15 23 27.000000
297 1
66 35 37 27.000000
298 1
265 27 60 25.000000
299 1
139 42 27 24.000000
300 1
34 10 39 21.000000
301 1
277 21 52 28.000000
302 1
84 21 16 29.000000
303 1
312 16 52 29.000000
304 1
95 15 58 25.000000
305 1
240 19 52 73.000000
306 1
274 50 14 48.000000
307 1
107 21 52 35.000000
308 1
241 45 48 27.000000
309 1
86 22 18 27.000000
310 1
91 12 60 32.000000
311 1
313 14 58 130.000000
312 1
129 17 13 23.000000
313 1
314 10 55 23.000000
314 1
76 16 46 22.000000
315 1
76 28 49 23.000000
316 1
139 52 22 39.000000
317 1
16 4 56 56.000000
318 1
70 7 19 24.000000
319 1
78 11 47 21.000000
320 1
123 3 63 34.000000
321 1
46 8 54 23.000000
322 1
66 25 6 37.000000
323 1
82 20 17 24.000000
324 1
303 10 57 33.000000
325 1
98 23 51 27.000000
326 1
120 25 9 176.000000
327 1
81 12 32 27.000000
328 1
100 58 29 26.000000
329 1
88 10 38 22.000000
330 1
138 25 6 215.000000
331 1
139 10 38 32.000000
332 1
100 41 47 26.000000
333 1
77 11 49 42.000000
334 1
62 11 30 26.000000
335 1
286 11 53 53.000000
336 1
288 38 55 39.000000
337 1
73 25 57 29.000000
338 1
40 39 32 41.000000
339 1
77 16 31 27.000000
340 1
115 13 17 21.000000
341 1
21 20 17 28.000000
342 1
303 47 51 24.000000
343 1
295 45 41 54.000000
344 1
36 47 51 39.000000
345 1
48 33 18 32.000000
346 1
124 47 51 110.000000
347 1
307 8 59 48.000000
348 1
73 47 51 32.000000
349 1
137 55 30 22.000000
350 1
245 44 47 27.000000
351 2
34 16 31 103.500000
35 16 31 104.500000
352 1
52 20 50 32.000000
353 1
33 32 36 47.000000
354 1
254 17 48 43.000000
355 1
109 22 47 52.000000
356 1
26 13 44 20.000000
357 1
104 26 36 41.000000
358 1
73 41 46 59.000000
359 1
133 47 51 49.000000
360 1
44 45 52 32.000000
361 1
72 9 17 33.000000
362 1
85 47 51 43.000000
363 1
55 47 51 41.000000
364 1
84 14 7 29.000000
365 1
119 17 20 170.000000
366 1
69 18 65 57.000000
367 1
78 16 50 44.000000
368 0
369 1
127 43 51 45.000000
370 1
283 61 44 21.000000
371 1
48 2 32 32.000000
372 1
80 9 17 27.000000
373 1
90 7 25 33.000000
374 0
375 1
65 2 48 21.000000
376 1
152 43 51 59.000000
377 1
77 25 6 43.000000
378 0
379 1
65 25 6 65.000000
380 1
254 19 52 36.000000
381 1
76 20 50 73.000000
382 1
73 47 51 35.000000
383 1
74 41 4 21.000000
384 1
265 7 25 63.000000
385 1
58 10 44 78.000000
386 1
139 34 5 27.000000
387 1
23 5 59 53.000000
388 1
267 47 51 22.000000
389 1
150 26 19 23.000000
390 1
46 26 40 39.000000
391 1
221 50 56 23.000000
392 1
316 34 16 48.000000
393 1
253 7 21 69.000000
394 1
67 40 58 20.000000
395 1
316 12 47 41.000000
396 1
141 43 51 125.000000
397 1
306 8 49 24.000000
398 1
147 25 6 36.000000
399 1
67 11 7 45.000000
400 1
96 46 30 66.000000
401 1
91 20 12 52.000000
402 1
265 7 25 25.000000
403 1
53 11 49 58.000000
404 0
405 2
122 10 55 94.500000
123 10 55 82.500000
406 1
73 12 50 27.000000
407 1
124 18 55 29.000000
408 0
409 1
92 2 61 21.000000
410 1
275 19 29 23.000000
411 1
258 11 49 71.000000
412 1
55 7 25 36.000000
413 2
100 46 43 18.000000
101 46 43 51.000000
414 1
313 5 57 25.000000
415 1
110 11 47 36.000000
416 1
79 14 51 55.000000
417 1
63 3 58 37.000000
418 1
124 47 51 28.000000
419 2
212 14 8 101.500000
213 14 8 15.500000
420 1
40 38 44 41.000000
421 1
39 11 53 200.000000
422 1
31 19 52 31.000000
423 1
290 44 61 22.000000
424 1
227 22 57 45.000000
425 1
262 10 51 31.000000
426 1
37 3 51 25.000000
427 1
114 50 14 70.000000
428 1
89 23 5 31.000000
429 1
110 34 5 22.000000
430 1
180 25 6 28.000000
431 1
82 4 53 32.000000
432 1
93 23 28 21.000000
433 1
100 58 42 24.000000
434 1
112 43 51 21.000000
435 1
115 52 33 22.000000
436 1
107 21 52 27.000000
437 1
46 38 44 43.000000
438 1
147 11 32 29.000000
439 1
146 16 42 26.000000
440 1
87 7 25 22.000000
441 1
249 11 63 75.000000
442 1
71 21 52 24.000000
443 1
62 37 54 57.000000
444 1
271 12 32 26.000000
445 1
123 3 63 25.000000
446 1
128 7 50 34.000000
447 1
128 7 50 46.000000
448 2
99 9 17 108.000000
100 9 17 128.000000
449 1
123 47 51 82.000000
450 1
316 14 26 23.000000
451 1
243 47 51 22.000000
452 1
96 35 21 36.000000
453 1
239 3 20 59.000000
454 1
295 39 55 98.000000
455 1
310 7 25 23.000000
456 1
58 11 24 35.000000
457 1
78 43 51 29.000000
458 1
297 42 58 22.000000
459 1
316 5 57 48.000000
460 1
58 24 5 22.000000
461 1
43 20 11 50.000000
462 1
93 47 51 21.000000
463 1
77 21 52 24.000000
464 1
62 6 22 21.000000
465 1
273 11 49 23.000000
466 1
81 43 19 20.000000
467 1
12 18 47 62.000000
468 1
107 28 16 40.000000
469 1
15 11 28 32.000000
470 1
84 21 16 27.000000
471 1
305 42 58 20.000000
472 1
75 10 29 24.000000
473 1
80 7 25 25.000000
474 1
117 43 51 37.000000
475 0
476 1
115 7 25 88.000000
477 1
38 50 39 30.000000
478 1
48 10 39 22.000000
479 1
149 17 13 25.000000
480 2
317 15 15 89.000000
318 15 15 11.000000
481 1
217 16 47 100.000000
482 1
288 25 6 28.000000
483 1
311 40 42 29.000000
484 1
274 28 55 24.000000
485 1
98 24 10 27.000000
486 1
136 16 27 43.000000
487 1
103 47 51 36.000000
488 1
108 38 44 55.000000
489 1
268 13 48 47.000000
490 1
60 26 53 72.000000
491 1
80 41 13 30.000000
492 1
62 12 31 87.000000
493 1
184 3 63 22.000000
494 1
255 7 25 50.000000
495 1
99 19 52 23.000000
496 1
77 13 56 30.000000
497 1
70 45 20 27.000000
498 1
101 10 48 39.000000
499 1
315 25 6 23.000000
500 1
285 27 60 36.000000
501 1
124 47 51 21.000000
502 1
92 16 22 27.000000
503 1
88 44 7 42.000000
504 1
42 22 9 22.000000
505 2
11 1 60 108.000000
12 1 60 10.000000
506 1
39 26 19 23.000000
507 1
100 32 15 22.000000
508 2
78 40 42 108.500000
79 40 42 16.500000
509 1
153 11 49 30.000000
510 1
293 50 56 26.000000
511 1
307 25 6 35.000000
512 0
513 0
514 1
74 13 48 80.000000
515 1
100 24 10 23.000000
516 1
122 24 39 25.000000
517 1
50 11 47 28.000000
518 1
65 5 66 34.000000
519 1
51 15 34 68.000000
520 1
233 41 44 20.000000
521 1
79 19 54 25.000000
522 1
61 3 54 26.000000
523 1
70 52 50 25.000000
524 1
107 11 47 46.000000
525 1
237 43 51 46.000000
526 1
53 11 49 25.000000
527 1
285 25 6 30.000000
528 1
121 43 51 51.000000
529 1
242 29 47 37.000000
530 1
108 7 25 28.000000
531 1
44 48 56 47.000000
532 1
254 46 43 22.000000
533 1
69 3 41 32.000000
534 1
46 10 64 31.000000
535 1
230 28 17 24.000000
536 1
69 7 25 40.000000
537 1
314 10 49 21.000000
538 1
251 13 25 22.000000
539 1
258 12 31 24.000000
540 1
90 41 36 33.000000
541 1
101 19 52 28.000000
542 1
125 25 6 42.000000
543 1
246 34 6 43.000000
544 1
39 14 5 30.000000
545 2
91 30 8 97.000000
96 30 8 11.000000
546 1
126 20 50 26.000000
547 1
310 44 44 74.000000
548 1
167 11 47 27.000000
549 1
117 21 52 22.000000
550 1
96 41 49 37.000000
551 1
23 12 60 36.000000
552 1
122 25 9 189.000000
553 1
47 47 51 49.000000
554 1
89 15 44 40.000000
555 1
56 41 13 22.000000
556 1
82 30 45 70.000000
557 1
11 19 66 38.000000
558 1
299 43 35 65.000000
559 1
271 24 10 28.000000
560 1
80 37 54 23.000000
561 1
129 31 16 34.000000
562 1
73 3 63 91.000000
563 1
97 22 18 29.000000
564 1
288 10 49 40.000000
565 1
87 2 28 31.000000
566 1
95 26 51 23.000000
567 1
43 19 50 41.000000
568 1
65 51 48 21.000000
569 1
68 27 14 35.000000
570 2
278 8 8 107.000000
279 8 8 23.000000
571 1
135 28 16 37.000000
572 1
85 6 63 23.000000
573 1
105 51 20 24.000000
574 1
288 11 49 29.000000
575 1
49 12 32 23.000000
576 1
66 1 60 27.000000
577 1
106 20 50 22.000000
578 1
93 12 31 20.000000
579 1
306 11 49 60.000000
580 2
123 11 49 172.000000
124 11 49 88.000000
581 1
106 25 6 45.000000
582 0
583 1
32 11 32 43.000000
584 1
253 3 63 39.000000
585 1
85 5 61 34.000000
586 1
70 55 49 25.000000
587 1
75 55 36 25.000000
588 1
233 15 47 62.000000
589 1
113 11 49 31.000000
590 1
128 47 51 38.000000
591 1
119 2 61 26.000000
592 1
92 39 52 42.000000
593 1
80 21 52 39.000000
594 1
79 23 52 24.000000
595 1
281 31 11 38.000000
596 1
90 12 45 37.000000
597 1
271 21 60 25.000000
598 1
251 32 16 41.000000
599 1
270 41 48 21.000000
600 1
99 19 52 56.000000
601 1
67 11 22 48.000000
602 1
84 20 15 21.000000
603 1
123 16 27 23.000000
604 1
109 51 17 26.000000
605 1
253 47 51 28.000000
606 1
59 25 59 36.000000
607 1
68 8 44 26.000000
608 1
68 11 49 20.000000
609 1
97 11 49 23.000000
610 1
48 22 57 28.000000
611 1
130 12 60 21.000000
612 1
90 21 52 28.000000
613 1
58 17 10 24.000000
614 1
79 25 45 51.000000
615 1
157 43 51 45.000000
616 1
89 17 13 21.000000
617 1
137 43 51 73.000000
618 1
50 54 16 23.000000
619 1
114 7 28 31.000000
620 1
116 24 21 36.000000
621 1
108 47 51 91.000000
622 1
160 55 10 41.000000
623 1
63 2 21 40.000000
624 1
278 8 54 33.000000
625 1
94 15 54 46.000000
626 1
49 9 17 24.000000
627 1
284 18 55 33.000000
628 1
15 48 51 28.000000
629 1
84 2 9 99.000000
630 1
231 51 47 29.000000
631 1
291 18 34 35.000000
632 1
256 20 45 30.000000
633 1
50 12 50 48.000000
634 1
145 25 6 22.000000
635 1
75 5 31 23.000000
636 1
116 12 32 34.000000
637 1
119 29 44 24.000000
638 1
30 26 10 20.000000
639 2
69 39 57 98.000000
70 39 57 35.000000
640 1
247 11 49 134.000000
641 1
96 4 56 56.000000
642 1
83 47 51 28.000000
643 1
53 47 51 22.000000
644 1
64 10 44 34.000000
645 1
273 11 49 45.000000
646 1
84 46 43 22.000000
647 1
93 38 21 41.000000
648 1
60 19 52 44.000000
649 1
103 23 5 23.000000
650 1
91 4 56 67.000000
651 1
76 28 16 24.000000
652 1
80 30 51 37.000000
653 1
226 38 55 24.000000
654 1
48 11 47 23.000000
655 1
32 11 47 44.000000
656 1
94 13 59 21.000000
657 1
140 40 42 32.000000
658 1
255 7 25 26.000000
659 1
295 17 20 69.000000
660 1
246 18 55 71.000000
661 1
79 7 28 22.000000
662 1
126 17 10 21.000000
663 1
43 41 24 45.000000
664 1
83 11 49 27.000000
665 0
666 1
141 19 52 42.000000
667 1
86 16 55 71.000000
668 1
87 31 22 21.000000
669 1
47 3 41 30.000000
670 1
271 52 5 24.000000
671 1
283 20 45 35.000000
672 1
102 18 27 71.000000
673 1
87 47 51 33.000000
674 1
149 7 28 30.000000
675 1
84 12 60 36.000000
676 1
41 22 47 47.000000
677 1
82 12 60 56.000000
678 1
36 5 63 24.000000
679 1
44 10 49 22.000000
680 0
681 1
84 14 7 21.000000
682 1
157 47 51 22.000000
683 2
91 55 49 178.000000
92 55 49 29.000000
684 1
244 15 47 65.000000
685 1
247 7 25 89.000000
686 1
48 21 52 65.000000
687 1
55 7 25 25.000000
688 1
54 48 26 26.000000
689 1
142 47 24 20.000000
690 1
18 14 55 31.000000
691 1
57 43 51 20.000000
692 1
83 3 33 54.000000
693 1
70 12 60 46.000000
694 1
298 12 47 25.000000
695 1
226 13 57 52.000000
696 1
266 38 44 27.000000
697 1
66 23 59 23.000000
698 1
96 7 50 35.000000
699 1
246 8 54 20.000000
700 1
257 38 39 32.000000
701 1
66 8 54 31.000000
702 1
13 44 39 30.000000
703 1
89 15 54 50.000000
704 1
242 8 33 31.000000
705 1
93 11 49 37.000000
706 1
110 7 28 22.000000
707 1
52 20 11 113.000000
708 1
260 25 6 111.000000
709 1
89 14 7 39.000000
710 1
47 37 39 23.000000
711 1
74 20 50 86.000000
712 1
70 34 34 27.000000
713 1
107 41 48 154.000000
714 1
133 25 9 48.000000
715 1
115 7 25 23.000000
716 1
297 13 21 35.000000
717 1
39 28 25 33.000000
718 1
308 44 57 21.000000
719 1
85 26 53 77.000000
720 1
153 11 49 54.000000
721 1
85 13 27 39.000000
722 1
168 17 10 38.000000
723 1
126 3 63 31.000000
724 1
41 52 22 57.000000
725 1
319 36 29 134.000000
726 0
727 1
84 14 54 50.000000
728 0
729 1
40 35 49 21.000000
730 1
59 25 54 43.000000
731 1
133 3 63 27.000000
732 1
158 41 48 39.000000
733 1
28 25 45 27.000000
734 2
203 38 51 191.000000
204 38 51 3.000000
735 1
37 13 56 48.000000
736 0
737 1
286 26 40 65.000000
738 0
739 1
105 7 25 37.000000
740 1
257 21 52 77.000000
741 1
174 53 45 26.000000
742 1
80 7 25 66.000000
743 1
138 47 51 21.000000
744 1
46 11 53 22.000000
745 1
36 8 54 36.000000
746 1
147 41 13 23.000000
747 1
115 25 6 67.000000
748 1
306 12 47 26.000000
749 1
102 16 27 26.000000
750 1
254 41 46 35.000000
751 1
69 8 54 30.000000
752 1
314 14 17 23.000000
753 1
42 37 39 32.000000
754 1
294 10 19 25.000000
755 1
123 23 5 36.000000
756 1
301 32 50 123.000000
757 1
316 29 9 33.000000
758 1
113 3 63 26.000000
759 1
45 25 6 45.000000
760 1
112 11 47 24.000000
761 1
63 42 20 51.000000
762 1
101 11 47 63.000000
763 1
36 49 50 58.000000
764 0
765 1
247 25 6 20.000000
766 1
54 23 50 39.000000
767 1
85 7 55 36.000000
768 1
102 45 10 23.000000
769 1
24 30 5 23.000000
770 1
221 39 57 26.000000
771 1
40 25 9 45.000000
772 1
80 23 45 22.000000
773 1
295 43 52 34.000000
774 1
109 21 16 23.000000
775 1
314 47 51 23.000000
776 1
38 10 39 29.000000
777 1
134 23 5 43.000000
778 1
258 61 32 29.000000
779 1
228 11 22 20.000000
780 0
781 1
256 48 56 32.000000
782 1
57 21 32 58.000000
783 1
70 31 42 28.000000
784 1
82 16 44 27.000000
785 1
108 47 51 49.000000
786 1
94 52 33 25.000000
787 1
100 53 35 27.000000
788 1
222 32 6 76.000000
789 1
196 3 63 32.000000
790 1
71 21 52 22.000000
791 1
25 15 58 83.000000
792 1
70 34 34 45.000000
793 1
18 9 54 26.000000
794 1
75 3 63 21.000000
795 1
47 47 51 29.000000
796 1
88 12 46 22.000000
797 0
798 1
267 7 19 29.000000
799 1
114 3 63 21.000000
800 1
230 12 60 57.000000
801 1
37 7 41 45.000000
802 0
803 1
83 20 50 27.000000
804 1
277 21 52 25.000000
805 1
260 25 45 36.000000
806 1
29 39 32 21.000000
807 1
77 23 23 25.000000
808 1
66 16 42 21.000000
809 1
103 19 52 52.000000
810 1
126 51 20 21.000000
811 1
255 7 25 40.000000
812 1
89 29 34 20.000000
813 1
133 16 44 23.000000
814 1
306 14 47 31.000000
815 1
85 30 45 23.000000
816 1
109 25 9 29.000000
817 1
28 1 37 22.000000
818 1
78 21 52 25.000000
819 0
820 0
821 1
62 39 7 34.000000
822 0
823 1
142 6 23 30.000000
824 1
79 31 16 21.000000
825 1
103 45 27 28.000000
826 1
87 21 52 26.000000
827 1
56 1 60 83.000000
828 1
121 13 44 29.000000
829 1
131 48 52 80.000000
830 2
123 37 26 45.500000
124 37 26 50.500000
831 1
33 10 55 22.000000
832 1
45 37 20 27.000000
833 0
834 1
92 27 14 23.000000
835 1
96 16 50 21.000000
836 1
216 16 50 29.000000
837 1
303 3 63 35.000000
838 1
40 12 32 20.000000
839 1
94 16 31 21.000000
840 1
153 3 63 24.000000
841 1
139 24 21 26.000000
842 1
16 22 47 23.000000
843 1
27 3 51 39.000000
844 1
43 30 51 65.000000
845 1
252 42 9 26.000000
846 1
318 23 52 61.000000
847 1
117 45 20 21.000000
848 1
41 37 54 28.000000
849 1
268 41 48 40.000000
850 1
125 25 6 34.000000
851 1
282 50 40 64.000000
852 1
276 8 54 29.000000
853 1
112 25 45 20.000000
854 1
64 11 21 22.000000
855 1
37 29 38 47.000000
856 1
130 11 47 23.000000
857 1
91 55 49 33.000000
858 1
288 47 51 37.000000
859 1
33 16 42 76.000000
860 1
97 5 20 35.000000
861 1
228 11 53 25.000000
862 1
99 25 9 34.000000
863 1
265 13 53 29.000000
864 1
85 18 55 41.000000
865 1
285 34 32 87.000000
866 1
213 29 20 51.000000
867 1
238 21 52 29.000000
868 1
117 21 52 80.000000
869 1
69 11 22 34.000000
870 2
92 16 59 218.000000
93 16 59 42.000000
871 1
89 17 13 37.000000
872 1
305 16 42 26.000000
873 1
130 41 48 25.000000
874 1
57 25 6 107.000000
875 1
29 41 26 21.000000
876 1
46 10 14 27.000000
877 1
70 16 53 22.000000
878 1
46 30 25 33.000000
879 1
59 24 51 21.000000
880 1
112 11 47 21.000000
881 1
315 51 23 29.000000
882 1
304 20 39 23.000000
883 1
28 4 65 41.000000
884 1
56 7 50 85.000000
885 1
104 16 42 32.000000
886 1
98 7 25 22.000000
887 1
52 15 14 31.000000
888 0
889 1
90 25 6 34.000000
890 1
117 43 51 27.000000
891 1
122 21 52 40.000000
892 1
216 41 13 104.000000
893 1
271 19 62 77.000000
894 0
895 1
12 0 60 32.000000
896 1
247 7 19 30.000000
897 1
56 47 51 25.000000
898 1
135 17 10 21.000000
899 1
62 18 58 39.000000
900 1
135 51 48 23.000000
901 1
30 12 47 39.000000
902 1
40 18 47 52.000000
903 2
295 9 64 66.000000
296 9 64 6.000000
904 1
55 25 6 33.000000
905 1
84 47 51 20.000000
906 1
102 25 54 25.000000
907 1
298 30 13 44.000000
908 1
124 41 44 84.000000
909 1
317 13 32 26.000000
910 1
314 18 55 25.000000
911 1
61 6 23 35.000000
912 1
42 32 6 26.000000
913 1
76 20 45 31.000000
914 1
114 48 26 26.000000
915 1
281 4 56 22.000000
916 1
155 25 6 48.000000
917 1
116 2 32 22.000000
918 1
149 25 6 59.000000
919 1
40 43 47 22.000000
920 1
118 56 60 37.000000
921 1
111 21 52 238.000000
922 1
26 52 48 31.000000
923 1
84 41 24 23.000000
924 1
295 13 27 49.000000
925 1
82 16 33 63.000000
926 1
33 49 61 21.000000
927 1
279 37 63 25.000000
928 1
99 41 47 28.000000
929 1
59 37 28 23.000000
930 1
170 25 9 58.000000
931 1
57 19 25 35.000000
932 1
29 45 30 45.000000
933 1
32 8 36 39.000000
934 1
79 21 52 36.000000
935 1
47 43 51 23.000000
936 1
121 40 41 35.000000
937 2
271 1 60 108.000000
272 1 60 4.000000
938 1
37 15 57 74.000000
939 1
84 10 14 24.000000
940 1
71 8 48 25.000000
941 1
245 7 25 106.000000
942 1
69 31 16 57.000000
943 0
944 1
93 23 28 24.000000
945 1
3 30 5 26.000000
946 1
307 55 30 35.000000
947 1
250 19 52 23.000000
948 1
93 41 49 26.000000
949 2
299 41 36 107.000000
300 41 36 25.000000
950 1
317 17 40 23.000000
951 1
294 48 51 23.000000
952 1
82 20 50 21.000000
953 1
248 16 44 26.000000
954 1
80 12 60 22.000000
955 1
102 21 52 23.000000
956 1
44 2 63 22.000000
957 1
315 47 30 25.000000
958 1
51 21 52 260.000000
959 1
35 18 47 26.000000
960 1
24 18 65 33.000000
961 1
275 11 49 56.000000
962 1
111 14 55 100.000000
963 1
303 47 51 25.000000
964 1
36 24 46 35.000000
965 1
45 5 52 21.000000
966 1
105 23 28 29.000000
967 1
92 15 54 23.000000
968 1
163 47 51 33.000000
969 1
40 26 48 25.000000
970 1
241 12 40 27.000000
971 1
133 3 63 47.000000
972 2
50 14 54 98.500000
51 14 54 122.500000
973 1
65 15 51 64.000000
974 1
273 55 9 38.000000
975 1
153 55 24 25.000000
976 1
62 51 20 21.000000
977 1
304 14 43 36.000000
978 1
46 24 43 27.000000
979 1
117 3 63 29.000000
980 1
233 44 48 23.000000
981 1
83 3 53 20.000000
982 1
250 12 32 27.000000
983 1
56 3 63 36.000000
984 1
269 17 10 23.000000
985 1
62 24 43 49.000000
986 1
114 44 7 32.000000
987 1
19 41 46 51.000000
988 1
55 17 10 23.000000
989 1
67 21 52 44.000000
990 1
264 11 54 27.000000
991 1
113 20 45 23.000000
992 1
285 7 55 21.000000
993 1
77 21 52 32.000000
994 1
113 58 17 48.000000
995 1
63 47 51 72.000000
996 1
113 47 51 28.000000
997 1
315 21 48 39.000000
998 1
94 51 20 43.000000
999 1
38 5 31 25.000000
1000 1
26 15 58 32.000000
1001 1
99 25 6 57.000000
1002 1
38 15 57 20.000000
1003 1
99 8 33 23.000000
1004 1
249 11 47 21.000000
1005 1
171 6 63 29.000000
1006 1
80 53 40 20.000000
1007 1
249 20 17 41.000000
1008 1
65 7 25 83.000000
1009 1
41 23 45 40.000000
1010 2
94 38 55 105.000000
95 38 55 89.000000
1011 1
297 8 44 65.000000
1012 1
78 13 21 24.000000
1013 1
106 23 7 32.000000
1014 1
74 58 55 25.000000
1015 1
304 47 51 22.000000
1016 0
1017 1
75 15 51 33.000000
1018 1
102 64 33 23.000000
1019 1
105 7 50 22.000000
1020 2
67 11 47 162.500000
68 11 47 97.500000
1021 1
47 45 15 23.000000
1022 1
101 40 47 51.000000
1023 1
103 19 50 96.000000
1024 2
304 32 13 89.000000
305 32 13 13.000000
1025 1
297 16 50 23.000000
1026 1
264 3 63 31.000000
1027 1
106 25 6 25.000000
1028 1
49 23 45 22.000000
1029 1
73 45 27 24.000000
1030 1
271 19 52 52.000000
1031 1
20 13 17 20.000000
1032 1
66 47 51 24.000000
1033 1
139 17 13 23.000000
1034 1
93 19 50 22.000000
1035 1
20 28 49 90.000000
1036 1
80 46 43 96.000000
1037 1
80 50 56 24.000000
1038 1
101 25 45 38.000000
1039 1
67 39 55 28.000000
1040 1
108 32 56 21.000000
1041 1
274 4 34 26.000000
1042 1
285 9 54 33.000000
1043 1
60 26 3 31.000000
1044 1
80 50 56 28.000000
1045 1
126 47 51 33.000000
1046 1
16 1 63 36.000000
1047 1
296 47 51 63.000000
1048 1
138 66 51 25.000000
1049 1
69 25 9 35.000000
1050 1
305 3 63 24.000000
1051 1
289 11 26 22.000000
1052 1
287 7 25 38.000000
1053 1
78 40 34 45.000000
1054 2
67 21 52 72.000000
68 21 52 22.000000
1055 2
303 41 44 99.000000
304 41 44 40.000000
1056 1
68 17 20 36.000000
1057 1
122 25 9 35.000000
1058 1
88 29 9 30.000000
1059 1
32 16 18 52.000000
1060 1
6 12 47 51.000000
1061 1
74 41 49 35.000000
1062 1
62 12 60 38.000000
1063 1
60 8 57 20.000000
1064 1
125 7 25 82.000000
1065 1
227 17 49 28.000000
1066 1
36 14 56 47.000000
1067 1
123 3 63 25.000000
1068 1
88 10 39 23.000000
1069 2
304 22 18 89.000000
305 22 18 74.000000
1070 1
172 37 14 49.000000
1071 1
285 44 53 38.000000
1072 1
49 51 56 26.000000
1073 1
67 11 49 35.000000
1074 2
93 9 50 85.500000
94 9 50 12.500000
1075 1
139 23 5 21.000000
1076 1
268 13 56 40.000000
1077 1
55 7 25 36.000000
1078 1
131 13 65 43.000000
1079 1
271 12 60 22.000000
1080 1
93 21 40 49.000000
1081 1
276 3 63 28.000000
1082 1
107 11 49 26.000000
1083 1
115 25 6 106.000000
1084 1
42 4 53 20.000000
1085 1
69 45 41 23.000000
1086 1
283 29 40 30.000000
1087 1
134 22 18 67.000000
1088 1
304 18 55 20.000000
1089 1
47 11 22 40.000000
1090 1
39 55 49 20.000000
1091 1
66 8 49 33.000000
1092 1
87 11 63 33.000000
1093 0
1094 2
65 23 52 123.500000
66 23 52 93.500000
1095 1
96 47 51 31.000000
1096 1
10 49 38 88.000000
1097 1
85 25 6 24.000000
1098 1
316 12 62 80.000000
1099 1
277 41 49 22.000000
1100 1
275 7 25 147.000000
1101 1
170 25 6 35.000000
1102 1
79 25 6 32.000000
1103 1
112 39 27 28.000000
1104 1
231 7 47 45.000000
1105 1
263 19 5 29.000000
1106 1
95 47 51 83.000000
1107 1
304 22 18 20.000000
1108 1
73 28 58 23.000000
1109 1
93 39 7 47.000000
1110 1
96 40 58 23.000000
1111 1
10 17 40 24.000000
1112 1
120 16 44 45.000000
1113 1
233 11 49 21.000000
1114 1
254 51 24 30.000000
1115 1
271 15 58 22.000000
1116 1
245 12 50 23.000000
1117 1
41 16 44 48.000000
1118 1
156 3 63 40.000000
1119 1
41 41 36 26.000000
1120 1
114 53 45 22.000000
1121 1
317 17 19 23.000000
1122 1
55 22 9 20.000000
1123 1
278 16 15 51.000000
1124 1
137 20 50 69.000000
1125 1
277 43 51 28.000000
1126 0
1127 1
123 20 45 43.000000
1128 1
68 23 61 21.000000
1129 1
93 4 34 44.000000
1130 0
1131 1
317 17 56 21.000000
1132 1
77 11 47 21.000000
1133 1
283 19 50 29.000000
1134 1
246 8 54 20.000000
1135 1
61 25 9 28.000000
1136 1
89 19 52 20.000000
1137 1
37 25 6 31.000000
1138 1
216 29 10 95.000000
1139 1
70 12 47 25.000000
1140 1
126 47 51 35.000000
1141 1
90 12 40 25.000000
1142 0
1143 1
119 28 49 42.000000
1144 1
143 3 63 46.000000
1145 1
243 41 49 27.000000
1146 1
106 41 49 59.000000
1147 1
279 36 29 21.000000
1148 1
85 5 31 23.000000
1149 1
61 9 22 32.000000
1150 1
299 3 51 43.000000
1151 1
116 23 7 21.000000
1152 1
22 18 51 23.000000
1153 0
1154 1
106 3 63 40.000000
1155 1
308 18 43 74.000000
1156 1
56 20 50 57.000000
1157 1
66 44 61 39.000000
1158 2
278 41 44 99.000000
283 41 44 5.000000
1159 1
54 11 49 26.000000
1160 2
294 22 58 88.500000
295 22 58 32.500000
1161 1
87 3 63 26.000000
1162 1
93 15 37 27.000000
1163 1
243 11 49 84.000000
1164 1
294 27 16 23.000000
1165 1
155 47 51 26.000000
1166 0
1167 1
37 8 25 33.000000
1168 1
225 14 47 34.000000
1169 1
132 32 10 22.000000
1170 1
95 57 45 22.000000
1171 1
61 23 5 59.000000
1172 1
78 36 16 20.000000
1173 1
87 13 57 33.000000
1174 1
46 8 54 37.000000
1175 1
85 20 59 67.000000
1176 0
1177 1
83 11 49 57.000000
1178 1
81 58 17 22.000000
1179 0
1180 1
274 15 23 26.000000
1181 1
86 10 39 41.000000
1182 1
102 21 52 33.000000
1183 1
130 43 51 39.000000
1184 1
30 12 50 21.000000
1185 1
96 45 46 46.000000
1186 1
284 18 55 42.000000
1187 1
28 20 17 22.000000
1188 1
53 11 49 33.000000
1189 1
65 7 25 34.000000
1190 1
2 18 51 60.000000
1191 1
49 9 54 24.000000
1192 1
46 16 52 22.000000
1193 1
45 23 54 25.000000
1194 1
175 7 25 153.000000
1195 1
78 20 28 22.000000
1196 1
89 25 6 24.000000
1197 1
130 45 15 22.000000
1198 1
282 15 34 26.000000
1199 1
61 24 10 28.000000
1200 1
140 23 5 34.000000
1201 1
129 25 6 25.000000
1202 1
83 20 45 25.000000
1203 1
120 21 52 42.000000
1204 1
36 8 54 23.000000
1205 1
39 21 37 26.000000
1206 1
117 25 45 54.000000
1207 1
140 49 24 21.000000
1208 1
243 41 44 29.000000
1209 1
103 15 58 67.000000
1210 1
74 47 51 33.000000
1211 1
263 11 49 51.000000
1212 1
63 19 52 38.000000
1213 1
246 44 7 42.000000
1214 1
135 7 25 76.000000
1215 1
93 24 10 71.000000
1216 1
98 50 14 40.000000
1217 1
292 16 42 23.000000
1218 1
96 25 6 39.000000
1219 1
319 44 50 22.000000
1220 1
303 47 51 96.000000
1221 1
30 0 56 23.000000
1222 1
276 10 38 34.000000
1223 3
36 8 54 47.000000
37 8 54 212.000000
38 8 54 1.000000
1224 1
133 48 51 21.000000
1225 1
93 20 50 37.000000
1226 1
129 7 25 22.000000
1227 1
125 47 51 48.000000
1228 0
1229 1
97 54 38 45.000000
1230 1
65 16 21 40.000000
1231 0
1232 1
40 56 33 22.000000
1233 1
123 37 26 64.000000
1234 1
157 21 52 31.000000
1235 1
61 36 34 25.000000
1236 0
1237 1
116 38 55 21.000000
1238 1
277 21 52 26.000000
1239 1
233 20 17 28.000000
1240 1
82 24 10 54.000000
1241 1
149 2 62 26.000000
1242 1
34 56 51 23.000000
1243 1
277 15 57 29.000000
1244 1
63 16 53 30.000000
1245 1
58 60 34 22.000000
1246 1
80 7 25 43.000000
1247 1
69 51 11 29.000000
1248 0
1249 1
126 16 42 45.000000
1250 1
81 35 15 26.000000
1251 1
264 42 4 56.000000
1252 0
1253 1
313 19 50 43.000000
1254 1
260 31 16 24.000000
1255 1
228 13 21 42.000000
1256 1
139 28 23 20.000000
1257 1
285 17 10 52.000000
1258 1
39 12 32 32.000000
1259 1
296 17 10 32.000000
1260 1
291 23 51 28.000000
1261 1
113 4 53 20.000000
1262 1
262 11 16 61.000000
1263 1
36 23 28 39.000000
1264 1
69 21 8 26.000000
1265 2
121 13 44 80.500000
122 13 44 99.500000
1266 1
69 41 48 29.000000
1267 1
101 0 33 22.000000
1268 1
234 19 25 29.000000
1269 1
69 32 6 32.000000
1270 1
113 47 51 22.000000
1271 1
105 16 47 63.000000
1272 1
51 13 30 86.000000
1273 1
314 10 29 36.000000
1274 1
126 18 55 23.000000
1275 1
40 5 31 39.000000
1276 1
74 5 17 24.000000
1277 1
77 21 42 34.000000
1278 0
1279 1
255 41 49 38.000000
1280 1
250 7 28 42.000000
1281 1
308 38 14 48.000000
1282 1
293 11 49 21.000000
1283 1
68 32 41 26.000000
1284 1
75 7 25 21.000000
1285 1
74 11 11 22.000000
1286 1
92 16 27 47.000000
1287 1
265 25 6 45.000000
1288 1
81 13 44 24.000000
1289 1
12 16 52 29.000000
1290 1
101 46 18 29.000000
1291 1
60 7 25 30.000000
1292 1
100 25 45 22.000000
1293 1
37 15 57 56.000000
1294 0
1295 1
90 25 9 106.000000
1296 1
83 47 51 20.000000
1297 1
85 45 46 29.000000
1298 1
253 41 49 25.000000
1299 1
119 17 10 36.000000
1300 1
103 37 26 71.000000
1301 1
31 19 1 25.000000
1302 2
222 39 17 190.000000
223 39 17 29.000000
1303 1
258 50 14 33.000000
1304 1
266 9 65 24.000000
1305 1
119 11 53 25.000000
1306 1
53 41 59 41.000000
1307 1
125 47 51 82.000000
1308 1
102 21 52 61.000000
1309 1
97 25 6 29.000000
1310 1
69 7 25 20.000000
1311 1
148 25 6 92.000000
1312 1
70 30 51 28.000000
1313 1
42 4 53 21.000000
1314 0
1315 1
108 17 45 31.000000
1316 1
296 15 51 22.000000
1317 1
114 18 55 23.000000
1318 1
288 8 43 21.000000
1319 1
77 48 26 21.000000
1320 1
315 15 46 32.000000
1321 1
260 35 49 24.000000
1322 1
95 7 25 27.000000
1323 1
142 11 47 30.000000
1324 1
118 8 48 67.000000
1325 1
142 8 8 117.000000
1326 1
75 7 25 21.000000
1327 1
267 11 32 35.000000
1328 1
58 16 31 27.000000
1329 1
302 28 16 50.000000
1330 1
266 8 54 93.000000
1331 1
314 19 25 35.000000
1332 1
54 16 27 36.000000
1333 1
281 48 23 36.000000
1334 1
135 3 63 32.000000
1335 1
115 7 25 23.000000
1336 2
4 51 46 98.500000
9 51 46 82.500000
1337 1
282 19 52 24.000000
1338 1
104 22 18 64.000000
1339 1
90 19 52 27.000000
1340 1
88 43 51 23.000000
1341 1
52 8 62 44.000000
1342 1
93 19 52 66.000000
1343 1
71 24 15 39.000000
1344 1
298 20 17 22.000000
1345 1
146 9 54 27.000000
1346 1
104 11 11 30.000000
1347 1
316 22 47 72.000000
1348 1
75 41 49 23.000000
1349 1
117 44 47 21.000000
1350 1
247 26 56 78.000000
1351 1
118 3 63 26.000000
1352 1
297 22 47 26.000000
1353 0
1354 1
143 11 49 134.000000
1355 1
112 54 19 32.000000
1356 1
258 16 59 27.000000
1357 0
1358 1
85 11 48 119.000000
1359 1
143 3 63 51.000000
1360 1
96 16 42 23.000000
1361 1
261 15 58 23.000000
1362 1
110 7 25 40.000000
1363 1
143 46 43 21.000000
1364 1
126 7 50 21.000000
1365 1
88 47 51 44.000000
1366 1
135 7 25 29.000000
1367 1
119 54 16 29.000000
1368 1
295 13 17 91.000000
1369 1
50 19 52 23.000000
1370 1
102 25 9 58.000000
1371 1
29 11 47 24.000000
1372 0
1373 1
301 23 54 55.000000
1374 1
59 13 30 25.000000
1375 1
257 24 31 29.000000
1376 1
131 58 17 21.000000
1377 1
227 16 42 24.000000
1378 1
20 50 46 26.000000
1379 1
58 36 29 29.000000
1380 1
68 41 13 29.000000
1381 1
226 4 56 44.000000
1382 1
56 46 35 73.000000
1383 1
63 23 45 23.000000
1384 1
21 16 53 27.000000
1385 1
279 39 32 24.000000
1386 1
224 53 49 24.000000
1387 0
1388 1
62 12 31 35.000000
1389 1
118 10 39 27.000000
1390 1
255 9 54 29.000000
1391 1
255 9 54 27.000000
1392 1
46 20 50 58.000000
1393 1
250 26 53 34.000000
1394 1
302 20 50 36.000000
1395 1
128 25 6 28.000000
1396 1
85 7 25 23.000000
1397 1
68 21 52 26.000000
1398 1
206 32 12 45.000000
1399 1
269 40 42 22.000000
1400 1
93 11 49 34.000000
1401 0
1402 1
75 2 50 72.000000
1403 2
269 48 40 102.000000
274 48 40 10.000000
1404 2
282 26 48 191.000000
283 26 48 2.000000
1405 1
59 32 6 28.000000
1406 1
260 7 25 46.000000
1407 1
96 8 44 20.000000
1408 1
46 12 32 57.000000
1409 1
131 43 51 38.000000
1410 0
1411 1
77 11 49 21.000000
1412 1
279 26 64 26.000000
1413 1
32 21 52 27.000000
1414 1
296 12 32 23.000000
1415 1
297 17 20 42.000000
1416 1
65 17 20 23.000000
1417 1
93 36 23 33.000000
1418 1
27 15 47 61.000000
1419 0
1420 1
93 16 42 174.000000
1421 1
132 13 21 21.000000
1422 1
96 2 27 45.000000
1423 1
51 21 60 38.000000
1424 1
44 36 46 48.000000
1425 1
113 22 34 21.000000
1426 1
125 15 51 24.000000
1427 1
113 23 5 51.000000
1428 1
127 27 14 45.000000
1429 2
315 15 51 101.500000
316 15 51 158.500000
1430 1
159 25 6 38.000000
1431 1
11 13 39 84.000000
1432 1
82 45 15 20.000000
1433 1
143 20 50 24.000000
1434 0
1435 1
63 41 49 31.000000
1436 1
120 34 34 56.000000
1437 1
135 25 6 54.000000
1438 1
292 16 52 26.000000
1439 1
89 42 58 21.000000
1440 1
80 7 25 23.000000
1441 0
1442 1
314 26 21 34.000000
1443 1
83 37 56 51.000000
1444 1
289 12 32 24.000000
1445 1
280 12 40 27.000000
1446 1
306 47 51 31.000000
1447 1
169 43 51 22.000000
1448 2
93 47 66 106.500000
94 47 66 5.500000
1449 1
267 21 52 38.000000
1450 1
278 25 45 27.000000
1451 1
305 11 53 28.000000
1452 1
74 52 33 31.000000
1453 1
153 24 10 23.000000
1454 1
234 17 17 27.000000
1455 1
49 41 48 60.000000
1456 1
137 21 52 70.000000
1457 0
1458 1
110 50 56 21.000000
1459 1
103 41 30 29.000000
1460 1
94 47 51 37.000000
1461 1
262 16 59 38.000000
1462 1
77 12 63 28.000000
1463 1
246 23 28 75.000000
1464 1
96 3 53 22.000000
1465 2
114 41 46 102.000000
119 41 46 53.000000
1466 1
317 25 15 57.000000
1467 1
125 11 49 40.000000
1468 1
112 16 44 54.000000
1469 1
132 26 33 84.000000
1470 1
292 58 36 27.000000
1471 1
253 23 50 32.000000
1472 0
1473 1
305 37 20 24.000000
1474 1
59 7 25 28.000000
1475 1
70 18 34 67.000000
1476 1
296 32 17 30.000000
1477 1
120 24 39 40.000000
1478 1
71 46 43 21.000000
1479 1
51 12 60 33.000000
1480 1
111 18 34 35.000000
1481 1
247 5 17 37.000000
1482 1
48 41 49 30.000000
1483 1
115 36 16 25.000000
1484 1
88 40 42 30.000000
1485 1
241 49 16 28.000000
1486 1
313 47 51 23.000000
1487 1
111 18 58 44.000000
1488 1
77 56 12 33.000000
1489 2
245 9 29 107.000000
246 9 29 70.000000
1490 1
250 23 52 23.000000
1491 1
82 41 17 77.000000
1492 1
119 17 10 32.000000
1493 1
88 3 63 21.000000
1494 1
65 7 25 31.000000
1495 0
1496 1
25 15 47 23.000000
1497 1
86 22 18 23.000000
1498 1
295 16 52 27.000000
1499 1
87 35 47 21.000000
1500 1
148 1 63 20.000000
1501 1
110 25 49 29.000000
1502 1
158 7 25 37.000000
1503 1
293 14 43 22.000000
1504 1
276 14 51 62.000000
1505 1
253 15 58 30.000000
1506 1
140 17 13 37.000000
1507 1
51 11 42 158.000000
1508 1
83 11 49 48.000000
1509 1
296 23 2 24.000000
1510 1
102 27 23 110.000000
1511 0
1512 0
1513 1
83 32 6 51.000000
1514 2
125 7 25 143.500000
126 7 25 9.500000
1515 1
119 37 28 20.000000
1516 1
303 39 55 23.000000
1517 1
144 16 52 38.000000
1518 1
75 10 31 23.000000
1519 1
81 47 52 22.000000
1520 1
306 38 55 45.000000
1521 1
66 29 44 48.000000
1522 1
124 2 43 43.000000
1523 1
60 21 42 49.000000
1524 1
42 18 36 21.000000
1525 1
94 15 57 49.000000
1526 1
313 37 56 37.000000
1527 1
56 28 19 61.000000
1528 1
84 44 47 21.000000
1529 2
135 25 6 12.000000
136 25 6 62.000000
1530 1
130 7 28 32.000000
1531 1
114 47 51 21.000000
1532 1
65 11 49 27.000000
1533 1
214 25 49 21.000000
1534 1
125 7 50 25.000000
1535 1
236 47 51 69.000000
1536 1
108 11 49 35.000000
1537 1
315 7 55 23.000000
1538 1
11 4 56 59.000000
1539 1
58 49 39 26.000000
1540 2
83 11 49 9.000000
84 11 49 13.000000
1541 1
290 7 25 58.000000
1542 1
138 41 24 61.000000
1543 1
85 15 57 28.000000
1544 1
92 24 43 28.000000
1545 1
280 7 25 32.000000
1546 1
50 8 54 27.000000
1547 1
122 21 52 27.000000
1548 1
148 29 34 38.000000
1549 1
115 7 25 28.000000
1550 1
36 4 26 48.000000
1551 1
82 18 51 31.000000
1552 1
104 25 9 33.000000
1553 2
107 21 52 98.000000
108 21 52 7.000000
1554 1
50 19 52 33.000000
1555 1
111 31 50 20.000000
1556 1
84 19 52 52.000000
1557 1
133 41 30 32.000000
1558 1
49 52 48 33.000000
1559 1
129 19 52 23.000000
1560 1
80 28 58 28.000000
1561 1
92 6 67 23.000000
1562 1
107 30 25 21.000000
1563 1
117 47 51 54.000000
1564 1
306 12 32 21.000000
1565 1
294 32 10 20.000000
1566 1
13 47 51 94.000000
1567 1
240 11 47 40.000000
1568 1
65 15 47 38.000000
1569 1
73 41 49 28.000000
1570 1
107 17 10 48.000000
1571 1
75 53 9 39.000000
1572 1
74 58 17 29.000000
1573 1
122 46 43 38.000000
1574 1
132 34 19 73.000000
1575 1
210 4 66 20.000000
1576 1
298 44 47 24.000000
1577 1
60 11 47 49.000000
1578 1
271 4 41 28.000000
1579 0
1580 1
73 19 52 41.000000
1581 1
46 10 48 26.000000
1582 1
100 23 5 41.000000
1583 1
54 60 16 134.000000
1584 1
105 47 51 22.000000
1585 1
92 28 16 46.000000
1586 1
69 10 29 31.000000
1587 0
1588 1
302 20 50 52.000000
1589 1
230 18 13 26.000000
1590 1
273 3 63 36.000000
1591 1
143 47 51 74.000000
1592 1
45 17 10 32.000000
1593 1
319 13 50 0.500000
1594 1
58 8 48 26.000000
1595 1
140 23 52 23.000000
1596 1
124 47 51 26.000000
1597 1
63 31 16 36.000000
1598 1
72 11 47 38.000000
1599 1
318 47 35 117.000000
1600 1
249 9 27 24.000000
1601 1
245 29 9 39.000000
1602 1
61 16 18 40.000000
1603 1
111 23 5 51.000000
1604 1
90 16 59 28.000000
1605 1
263 13 39 24.000000
1606 1
277 35 47 34.000000
1607 1
98 0 22 23.000000
1608 1
5 16 41 23.000000
1609 1
145 7 25 174.000000
1610 1
126 25 6 31.000000
1611 1
65 47 51 30.000000
1612 1
100 27 14 53.000000
1613 1
269 40 42 24.000000
1614 1
128 11 49 31.000000
1615 1
85 7 50 64.000000
1616 1
92 35 15 32.000000
1617 1
308 32 13 21.000000
1618 1
272 20 50 24.000000
1619 1
67 17 20 45.000000
1620 1
300 4 56 23.000000
1621 1
60 53 35 25.000000
1622 1
49 27 43 22.000000
1623 1
114 25 9 33.000000
1624 1
78 7 25 25.000000
1625 1
45 2 48 43.000000
1626 1
140 12 60 20.000000
1627 1
128 7 25 33.000000
1628 1
86 47 51 43.000000
1629 1
75 2 48 47.000000
1630 1
82 21 36 45.000000
1631 1
100 24 15 55.000000
1632 1
44 10 49 72.000000
1633 1
301 16 33 33.000000
1634 1
64 14 54 32.000000
1635 1
129 46 30 59.000000
1636 1
290 49 39 59.000000
1637 0
1638 1
303 37 56 24.000000
1639 1
296 36 16 25.000000
1640 1
219 53 55 48.000000
1641 1
267 21 52 35.000000
1642 1
87 13 21 47.000000
1643 1
113 51 20 22.000000
1644 0
1645 1
128 47 24 25.000000
1646 1
165 49 24 48.000000
1647 1
82 37 9 24.000000
1648 1
307 44 57 20.000000
1649 2
236 6 46 205.000000
237 6 46 55.000000
1650 1
138 7 25 26.000000
1651 1
30 34 35 69.000000
1652 1
150 7 28 88.000000
1653 1
23 9 30 27.000000
1654 1
68 63 51 109.000000
1655 1
90 21 52 23.000000
1656 1
57 5 31 39.000000
1657 1
295 16 27 42.000000
1658 0
1659 1
44 20 45 21.000000
1660 1
122 10 31 75.000000
1661 1
310 46 18 59.000000
1662 1
127 37 39 48.000000
1663 1
118 11 49 24.000000
1664 1
225 6 18 28.000000
1665 1
123 47 51 25.000000
1666 1
187 18 51 28.000000
1667 1
147 21 52 21.000000
1668 1
61 40 42 42.000000
1669 1
65 11 49 23.000000
1670 1
50 40 42 21.000000
1671 1
35 27 26 20.000000
1672 1
108 22 47 26.000000
1673 2
88 9 65 104.500000
93 9 65 2.500000
1674 1
297 11 47 25.000000
1675 1
85 39 55 118.000000
1676 1
83 15 37 20.000000
1677 1
15 25 6 24.000000
1678 1
299 25 45 31.000000
1679 1
284 16 36 28.000000
1680 1
69 14 55 34.000000
1681 1
30 15 54 24.000000
1682 1
268 43 53 25.000000
1683 1
89 25 45 117.000000
1684 1
69 26 11 27.000000
1685 1
93 42 55 21.000000
1686 1
87 21 52 49.000000
1687 1
110 21 36 28.000000
1688 1
112 18 36 58.000000
1689 1
104 46 43 83.000000
1690 1
56 11 49 23.000000
1691 1
109 21 52 54.000000
1692 1
120 43 51 36.000000
1693 1
87 35 47 23.000000
1694 1
81 25 13 27.000000
1695 1
106 47 51 49.000000
1696 1
303 11 49 22.000000
1697 1
84 10 39 42.000000
1698 1
7 25 6 28.000000
1699 1
70 43 51 22.000000
1700 1
52 3 51 55.000000
1701 1
127 25 6 31.000000
1702 1
35 17 20 61.000000
1703 2
83 47 51 25.000000
84 47 51 7.000000
1704 1
112 32 10 47.000000
1705 2
70 12 60 2.500000
71 12 60 106.500000
1706 1
290 11 47 29.000000
1707 1
236 3 63 47.000000
1708 1
130 37 28 29.000000
1709 1
272 56 47 38.000000
1710 1
305 15 51 20.000000
1711 1
69 8 54 33.000000
1712 1
169 7 25 33.000000
1713 1
43 3 54 27.000000
1714 1
276 22 57 41.000000
1715 1
83 19 52 30.000000
1716 1
117 31 22 26.000000
1717 1
81 51 20 22.000000
1718 1
273 23 5 53.000000
1719 1
296 47 51 25.000000
1720 1
38 10 57 21.000000
1721 1
105 6 23 82.000000
1722 1
129 48 44 20.000000
1723 1
283 18 36 34.000000
1724 1
296 4 66 54.000000
1725 1
79 7 43 36.000000
1726 1
130 12 60 23.000000
1727 1
139 37 63 25.000000
1728 1
110 12 60 20.000000
1729 1
80 16 59 25.000000
1730 1
258 42 56 25.000000
1731 1
98 58 24 34.000000
1732 1
86 59 11 27.000000
1733 1
25 11 49 39.000000
1734 1
316 10 49 29.000000
1735 1
271 49 46 50.000000
1736 1
296 11 53 31.000000
1737 1
283 11 49 26.000000
1738 1
11 34 36 20.000000
1739 1
90 21 52 54.000000
1740 1
60 25 9 29.000000
1741 1
100 7 25 23.000000
1742 1
298 47 51 70.000000
1743 1
118 18 55 26.000000
1744 1
86 20 50 21.000000
1745 1
91 25 45 23.000000
1746 1
229 22 47 50.000000
1747 1
239 23 56 22.000000
1748 1
81 24 46 78.000000
1749 1
113 11 49 21.000000
1750 1
107 7 55 32.000000
1751 1
104 19 52 23.000000
1752 1
39 11 63 28.000000
1753 1
99 18 34 28.000000
1754 1
77 27 14 26.000000
1755 1
54 61 21 39.000000
1756 1
53 45 57 35.000000
1757 1
117 13 21 35.000000
1758 1
271 53 34 53.000000
1759 1
81 25 9 82.000000
1760 1
261 32 6 31.000000
1761 1
46 20 64 22.000000
1762 1
269 11 26 23.000000
1763 1
99 53 35 32.000000
1764 1
303 11 49 22.000000
1765 1
126 38 44 42.000000
1766 1
283 23 28 33.000000
1767 1
158 21 52 21.000000
1768 1
86 40 58 25.000000
1769 1
245 34 34 42.000000
1770 1
91 41 30 28.000000
1771 1
35 51 48 52.000000
1772 1
78 43 51 39.000000
1773 1
7 23 11 22.000000
1774 1
82 29 43 28.000000
1775 1
91 43 19 29.000000
1776 1
289 38 59 23.000000
1777 1
151 30 51 26.000000
1778 0
1779 1
242 14 19 22.000000
1780 1
96 38 44 34.000000
1781 1
44 3 63 23.000000
1782 1
316 23 7 21.000000
1783 1
64 44 47 23.000000
1784 1
85 47 51 32.000000
1785 1
279 3 47 24.000000
1786 1
101 21 52 27.000000
1787 1
238 11 49 26.000000
1788 2
107 11 47 116.500000
108 11 47 24.500000
1789 1
71 32 41 38.000000
1790 1
318 39 19 26.000000
1791 1
100 7 25 102.000000
1792 1
74 16 56 20.000000
1793 0
1794 1
87 27 14 64.000000
1795 1
61 59 11 35.000000
1796 1
61 3 41 35.000000
1797 1
82 0 62 48.000000
1798 1
61 13 44 25.000000
1799 1
94 18 55 26.000000
1800 1
90 46 43 29.000000
1801 1
54 8 40 23.000000
1802 1
123 47 51 22.000000
1803 0
1804 1
84 44 47 34.000000
1805 1
284 3 33 43.000000
1806 1
77 13 21 30.000000
1807 1
58 4 20 32.000000
1808 1
205 7 25 30.000000
1809 1
264 16 27 33.000000
1810 1
38 29 43 23.000000
1811 1
44 35 47 23.000000
1812 1
86 8 44 63.000000
1813 1
48 41 48 21.000000
1814 1
159 3 51 128.000000
1815 1
256 16 47 20.000000
1816 1
275 35 47 23.000000
1817 1
249 56 51 78.000000
1818 1
102 20 56 71.000000
1819 1
63 56 33 28.000000
1820 1
305 23 52 41.000000
1821 1
310 10 57 28.000000
1822 1
128 48 60 22.000000
1823 1
99 0 62 29.000000
1824 0
1825 1
153 15 54 30.000000
1826 1
144 15 34 24.000000
1827 1
99 29 34 51.000000
1828 1
287 51 48 40.000000
1829 1
140 21 52 58.000000
1830 1
264 17 17 32.000000
1831 1
67 21 37 42.000000
1832 1
60 14 54 74.000000
1833 1
51 27 4 26.000000
1834 1
32 15 38 26.000000
1835 1
52 50 40 29.000000
1836 1
273 36 12 42.000000
1837 1
224 31 11 28.000000
1838 0
1839 1
97 21 52 24.000000
1840 1
124 22 18 21.000000
1841 1
66 10 48 27.000000
1842 1
86 40 58 25.000000
1843 1
57 21 52 35.000000
1844 1
269 18 55 68.000000
1845 1
135 17 10 22.000000
1846 1
99 32 12 29.000000
1847 1
55 29 34 25.000000
1848 1
287 25 6 122.000000
1849 0
1850 1
43 23 53 30.000000
1851 1
94 11 49 25.000000
1852 0
1853 1
47 11 47 20.000000
1854 1
86 16 50 31.000000
1855 0
1856 1
126 37 32 42.000000
1857 2
87 22 18 218.000000
88 22 18 31.000000
1858 0
1859 1
105 51 20 21.000000
1860 1
288 31 22 24.000000
1861 2
77 21 52 69.000000
78 21 52 1.000000
1862 1
309 48 44 39.000000
1863 1
279 56 59 26.000000
1864 2
84 26 11 86.500000
85 26 11 18.500000
1865 1
104 62 28 47.000000
1866 0
1867 1
247 3 53 123.000000
1868 1
85 25 6 34.000000
1869 1
118 47 5 86.000000
1870 1
174 45 27 23.000000
1871 1
147 47 51 47.000000
1872 1
59 3 51 95.000000
1873 1
105 5 31 24.000000
1874 2
131 13 65 177.000000
132 13 65 80.000000
1875 1
278 27 14 21.000000
1876 1
286 5 43 75.000000
1877 2
40 12 60 109.500000
41 12 60 61.500000
1878 1
109 43 51 72.000000
1879 1
102 14 43 32.000000
1880 1
279 32 56 20.000000
1881 1
118 7 25 22.000000
1882 1
286 26 56 66.000000
1883 0
1884 2
265 25 6 38.000000
266 25 6 9.000000
1885 1
250 12 47 25.000000
1886 1
306 23 52 54.000000
1887 1
150 7 28 31.000000
1888 1
211 4 66 21.000000
1889 1
64 16 18 54.000000
1890 1
81 30 41 187.000000
1891 1
47 11 47 27.000000
1892 1
308 11 42 25.000000
1893 1
83 47 51 30.000000
1894 1
135 20 45 28.000000
1895 2
104 52 43 93.000000
105 52 43 8.000000
1896 1
96 56 51 20.000000
1897 1
137 52 33 50.000000
1898 1
47 16 47 53.000000
1899 1
105 28 36 81.000000
1900 2
282 48 21 89.500000
283 48 21 11.500000
1901 1
26 12 32 20.000000
1902 1
266 62 37 38.000000
1903 1
311 45 18 40.000000
1904 1
106 12 32 35.000000
1905 1
115 7 25 21.000000
1906 1
140 45 25 36.000000
1907 1
247 13 17 31.000000
1908 1
116 17 20 22.000000
1909 1
253 2 61 59.000000
1910 1
29 56 41 22.000000
1911 1
264 15 57 43.000000
1912 1
140 54 16 32.000000
1913 1
262 21 52 73.000000
1914 1
43 61 29 44.000000
1915 1
101 19 16 24.000000
1916 1
137 38 44 23.000000
1917 1
259 51 46 40.000000
1918 1
72 12 50 205.000000
1919 1
257 7 25 29.000000
1920 1
78 48 40 49.000000
1921 1
90 7 19 59.000000
1922 1
117 60 45 20.000000
1923 1
227 7 19 33.000000
1924 1
82 20 45 23.000000
1925 1
79 31 22 21.000000
1926 1
123 47 51 22.000000
1927 1
120 45 30 35.000000
1928 1
73 47 51 24.000000
1929 1
110 40 42 50.000000
1930 1
87 13 53 27.000000
1931 1
109 15 54 26.000000
1932 2
262 19 27 196.000000
263 19 27 12.000000
1933 1
133 11 49 24.000000
1934 1
287 31 13 28.000000
1935 1
215 23 54 34.000000
1936 1
36 11 49 32.000000
1937 1
54 15 58 35.000000
1938 1
106 42 59 23.000000
1939 1
304 20 50 31.000000
1940 1
287 7 25 33.000000
1941 1
7 29 9 21.000000
1942 1
57 24 53 32.000000
1943 1
99 41 47 24.000000
1944 1
21 17 17 27.000000
1945 0
1946 1
253 12 60 24.000000
1947 1
60 7 25 36.000000
1948 1
244 41 46 29.000000
1949 1
77 26 21 61.000000
1950 1
81 24 15 31.000000
1951 1
119 11 47 30.000000
1952 1
283 47 51 23.000000
1953 1
87 12 32 26.000000
1954 1
111 13 56 24.000000
1955 1
136 12 32 52.000000
1956 1
85 11 53 29.000000
1957 1
120 12 60 34.000000
1958 1
130 21 37 131.000000
1959 1
219 20 17 26.000000
1960 1
110 30 41 43.000000
1961 1
308 19 29 24.000000
1962 1
105 16 42 40.000000
1963 1
112 12 60 30.000000
1964 1
106 47 51 43.000000
1965 1
45 22 18 28.000000
1966 2
124 56 51 71.500000
125 56 51 27.500000
1967 1
93 11 49 30.000000
1968 1
93 12 60 20.000000
1969 1
108 21 52 24.000000
1970 1
85 48 51 22.000000
1971 1
87 15 57 20.000000
1972 1
53 17 13 36.000000
1973 2
137 21 52 90.000000
138 21 52 24.000000
1974 0
1975 1
70 9 22 64.000000
1976 1
263 17 28 35.000000
1977 2
247 43 51 117.500000
248 43 51 78.500000
1978 1
65 47 51 173.000000
1979 1
244 26 46 27.000000
1980 1
121 16 44 30.000000
1981 1
35 33 48 27.000000
1982 1
43 5 52 29.000000
1983 1
74 12 60 42.000000
1984 1
81 20 17 34.000000
1985 1
45 14 43 23.000000
1986 1
107 7 25 21.000000
1987 1
90 51 48 44.000000
1988 1
117 15 12 24.000000
1989 1
285 7 25 25.000000
1990 1
169 47 24 20.000000
1991 1
77 14 58 26.000000
1992 1
80 11 47 36.000000
1993 1
270 27 14 23.000000
1994 1
299 8 49 43.000000
1995 0
1996 0
1997 1
318 25 45 44.000000
1998 1
73 15 37 26.000000
1999 1
54 15 57 22.000000
2000 1
77 11 49 22.000000
2001 1
26 48 44 29.000000
2002 1
255 47 10 22.000000
2003 1
123 47 51 28.000000
2004 1
39 21 52 25.000000
2005 1
106 35 28 28.000000
2006 0
2007 1
224 30 45 173.000000
2008 1
113 47 51 54.000000
2009 1
215 12 50 41.000000
2010 0
2011 1
106 11 53 24.000000
2012 1
124 11 49 37.000000
2013 1
286 18 39 23.000000
2014 1
49 34 32 33.000000
2015 1
282 10 20 21.000000
2016 1
58 2 67 54.000000
2017 1
111 15 58 21.000000
2018 1
51 22 57 22.000000
2019 1
104 20 50 29.000000
2020 1
298 14 51 70.000000
2021 1
55 9 54 87.000000
2022 1
130 12 31 41.000000
2023 1
50 9 17 58.000000
2024 1
68 22 18 86.000000
2025 1
180 54 16 86.000000
2026 2
102 9 27 191.000000
103 9 27 23.000000
2027 1
80 12 60 32.000000
2028 1
95 3 63 112.000000
2029 1
51 45 20 35.000000
2030 1
61 11 42 21.000000
2031 1
107 25 6 36.000000
2032 0
2033 1
304 28 16 24.000000
2034 1
278 51 54 25.000000
2035 2
318 29 50 43.500000
319 28 50 22.500000
2036 1
294 44 47 25.000000
2037 1
38 18 58 46.000000
2038 1
241 12 47 23.000000
2039 1
257 11 49 238.000000
2040 1
61 15 54 25.000000
2041 1
113 3 63 22.000000
2042 1
34 6 63 36.000000
2043 1
119 53 40 61.000000
2044 1
103 47 51 29.000000
2045 1
112 15 58 53.000000
2046 1
245 7 25 49.000000
2047 2
289 43 35 110.000000
290 43 35 57.000000
2048 1
258 7 65 30.000000
2049 1
75 13 63 20.000000
2050 1
117 7 25 21.000000
2051 1
140 34 19 30.000000
2052 1
21 23 54 27.000000
2053 1
255 7 25 53.000000
2054 1
243 14 54 32.000000
2055 1
101 34 19 28.000000
2056 1
38 58 24 25.000000
2057 1
112 2 61 21.000000
2058 1
126 12 32 21.000000
2059 1
27 3 33 22.000000
2060 1
129 21 16 70.000000
2061 1
137 38 39 34.000000
2062 0
2063 1
49 3 20 76.000000
2064 1
100 6 63 38.000000
2065 1
247 21 52 22.000000
2066 1
83 26 57 23.000000
2067 2
270 16 44 212.000000
271 16 44 17.000000
2068 1
119 21 52 22.000000
2069 1
38 25 6 21.000000
2070 1
286 16 27 183.000000
2071 1
90 16 48 33.000000
2072 1
316 18 9 20.000000
2073 1
117 17 10 64.000000
2074 1
104 47 51 50.000000
2075 1
68 12 47 34.000000
2076 1
15 16 52 36.000000
2077 1
76 34 21 40.000000
2078 1
114 58 12 24.000000
2079 1
57 10 38 21.000000
2080 1
83 36 43 37.000000
2081 1
318 20 49 26.000000
2082 1
67 46 41 22.000000
2083 1
72 11 47 24.000000
2084 1
57 21 42 51.000000
2085 1
249 40 58 47.000000
2086 1
95 11 49 33.000000
2087 1
93 63 40 22.000000
2088 1
66 8 54 29.000000
2089 1
223 3 63 31.000000
2090 1
103 10 57 28.000000
2091 1
149 56 51 20.000000
2092 1
5 4 23 63.000000
2093 1
125 11 49 22.000000
2094 1
90 49 54 58.000000
2095 1
64 14 19 23.000000
2096 1
41 23 45 31.000000
2097 1
60 0 66 22.000000
2098 1
57 47 51 99.000000
2099 1
255 17 20 26.000000
2100 1
118 10 57 22.000000
2101 1
143 19 52 25.000000
2102 1
261 19 52 98.000000
2103 1
138 21 52 260.000000
2104 1
121 56 28 30.000000
2105 1
68 28 49 23.000000
2106 1
254 12 60 45.000000
2107 1
124 56 51 35.000000
2108 1
136 28 25 28.000000
2109 1
82 16 44 55.000000
2110 1
298 55 17 25.000000
2111 1
145 51 24 38.000000
2112 1
300 32 15 30.000000
2113 1
52 0 66 32.000000
2114 1
139 44 61 21.000000
2115 1
44 35 49 44.000000
2116 1
48 3 63 23.000000
2117 1
315 25 6 140.000000
2118 0
2119 1
68 25 6 31.000000
2120 1
232 46 52 26.000000
2121 1
117 43 51 29.000000
2122 1
295 7 25 58.000000
2123 0
2124 2
102 13 21 104.500000
107 13 21 52.500000
2125 1
306 13 32 54.000000
2126 1
77 16 47 42.000000
2127 0
2128 1
99 56 59 40.000000
2129 1
234 2 28 22.000000
2130 1
41 37 32 23.000000
2131 2
119 17 13 0.500000
120 17 13 22.500000
2132 1
98 8 33 21.000000
2133 1
39 36 29 22.000000
2134 1
116 25 6 23.000000
2135 1
112 48 51 105.000000
2136 1
42 21 52 28.000000
2137 1
105 7 25 23.000000
2138 1
183 11 49 27.000000
2139 1
293 61 49 61.000000
2140 1
100 25 6 22.000000
2141 1
266 18 34 23.000000
2142 1
128 51 17 24.000000
2143 1
100 35 21 40.000000
2144 1
27 13 17 21.000000
2145 1
225 48 46 22.000000
2146 1
266 18 60 21.000000
2147 1
89 11 47 26.000000
2148 1
91 19 27 28.000000
2149 1
222 15 53 51.000000
2150 1
87 31 42 21.000000
2151 1
102 21 52 23.000000
2152 1
306 25 6 49.000000
2153 1
89 4 56 24.000000
2154 1
246 22 28 27.000000
2155 1
165 25 6 57.000000
2156 1
64 21 11 23.000000
2157 1
115 47 51 88.000000
2158 1
87 11 47 77.000000
2159 1
132 18 51 24.000000
2160 1
319 7 59 26.000000
2161 1
95 41 49 30.000000
2162 1
9 1 63 39.000000
2163 1
44 49 36 21.000000
2164 1
295 7 25 94.000000
2165 1
293 3 53 56.000000
2166 1
104 3 63 34.000000
2167 1
62 20 50 29.000000
2168 1
247 29 40 35.000000
2169 1
107 48 40 22.000000
2170 1
267 3 63 59.000000
2171 1
125 9 54 51.000000
2172 1
270 51 48 33.000000
2173 1
258 21 52 67.000000
2174 1
110 25 6 36.000000
2175 1
47 47 24 25.000000
2176 1
58 44 47 27.000000
2177 1
133 9 17 32.000000
2178 1
105 47 51 27.000000
2179 1
86 18 51 41.000000
2180 1
49 13 25 28.000000
2181 0
2182 1
13 40 51 51.000000
2183 1
88 3 63 26.000000
2184 2
296 16 50 81.500000
297 16 50 13.500000
2185 1
44 11 49 24.000000
2186 1
100 41 47 81.000000
2187 1
297 25 6 46.000000
2188 1
83 47 51 81.000000
2189 1
69 24 10 27.000000
2190 1
49 19 52 24.000000
2191 1
249 11 53 43.000000
2192 1
255 14 67 46.000000
2193 1
77 47 51 38.000000
2194 0
2195 1
110 24 10 21.000000
2196 1
145 17 10 24.000000
2197 1
285 45 41 22.000000
2198 1
131 17 17 25.000000
2199 1
245 9 54 55.000000
2200 2
58 18 43 93.500000
59 18 43 3.500000
2201 1
19 13 42 27.000000
2202 1
88 18 34 22.000000
2203 1
143 18 51 123.000000
2204 1
73 13 44 31.000000
2205 1
88 16 59 30.000000
2206 1
75 7 6 27.000000
2207 1
119 53 45 42.000000
2208 1
297 47 51 123.000000
2209 1
120 19 29 28.000000
2210 1
64 16 31 29.000000
2211 1
113 3 63 28.000000
2212 1
116 13 17 23.000000
2213 1
100 11 53 30.000000
2214 1
13 19 52 29.000000
2215 1
68 34 21 25.000000
2216 1
89 25 6 26.000000
2217 1
308 49 45 32.000000
2218 1
261 43 51 30.000000
2219 1
49 61 46 30.000000
2220 1
108 7 41 37.000000
2221 1
75 17 10 37.000000
2222 1
280 54 19 71.000000
2223 1
63 14 54 32.000000
2224 1
250 28 12 35.000000
2225 1
83 3 63 26.000000
2226 1
38 23 28 27.000000
2227 1
94 20 50 62.000000
2228 1
68 9 54 44.000000
2229 1
163 11 49 29.000000
2230 1
107 3 63 33.000000
2231 1
269 21 26 34.000000
2232 1
44 16 31 74.000000
2233 1
118 21 52 26.000000
2234 1
58 13 21 29.000000
2235 1
147 25 6 79.000000
2236 1
128 40 42 37.000000
2237 1
40 13 17 24.000000
2238 1
134 25 9 44.000000
2239 0
2240 2
317 7 29 82.000000
318 7 29 47.000000
2241 1
98 49 24 26.000000
2242 1
88 8 8 29.000000
2243 1
100 12 32 104.000000
2244 1
99 12 62 22.000000
2245 1
116 47 51 22.000000
2246 1
91 64 50 33.000000
2247 1
85 44 28 21.000000
2248 1
259 55 49 48.000000
2249 1
233 11 49 22.000000
2250 1
36 1 60 24.000000
2251 1
120 7 39 22.000000
2252 1
65 7 50 36.000000
2253 1
85 17 17 23.000000
2254 1
86 8 59 36.000000
2255 1
302 16 47 30.000000
2256 1
267 20 45 25.000000
2257 1
35 15 51 33.000000
2258 1
106 57 45 29.000000
2259 0
2260 1
67 45 41 27.000000
2261 1
56 10 19 105.000000
2262 1
97 13 21 59.000000
2263 1
239 21 16 25.000000
2264 1
59 11 32 24.000000
2265 1
120 22 47 32.000000
2266 1
17 5 30 21.000000
2267 1
79 31 3 30.000000
2268 1
292 40 42 35.000000
2269 1
50 7 28 73.000000
2270 1
68 41 17 26.000000
2271 1
150 12 60 21.000000
2272 1
153 49 50 48.000000
2273 1
289 3 41 25.000000
2274 1
155 25 6 21.000000
2275 1
290 31 13 26.000000
2276 1
258 25 45 41.000000
2277 2
304 46 41 104.500000
305 46 41 39.500000
2278 1
290 28 58 30.000000
2279 1
298 7 25 120.000000
2280 1
313 55 57 26.000000
2281 1
147 41 49 21.000000
2282 1
99 19 52 22.000000
2283 1
89 11 11 23.000000
2284 1
315 44 47 20.000000
2285 1
265 25 6 105.000000
2286 1
238 31 22 44.000000
2287 1
120 13 65 109.000000
2288 1
143 23 5 29.000000
2289 1
77 11 53 24.000000
2290 1
137 9 54 29.000000
2291 1
67 2 43 23.000000
2292 0
2293 1
133 11 49 21.000000
2294 1
14 4 24 38.000000
2295 1
69 21 52 22.000000
2296 1
267 11 49 30.000000
2297 1
54 34 34 53.000000
2298 1
44 15 8 40.000000
2299 1
93 47 51 22.000000
2300 1
47 3 51 23.000000
2301 1
118 47 24 85.000000
2302 1
295 18 51 22.000000
2303 1
88 4 56 32.000000
2304 1
268 55 36 20.000000
2305 1
130 11 47 28.000000
2306 0
2307 1
108 9 54 53.000000
2308 1
61 28 49 36.000000
2309 1
133 21 60 21.000000
2310 1
34 15 57 31.000000
2311 1
123 47 51 21.000000
2312 1
118 21 52 27.000000
2313 1
110 24 10 47.000000
2314 2
266 8 54 13.000000
267 8 54 11.000000
2315 1
286 8 44 22.000000
2316 1
55 6 63 21.000000
2317 1
87 25 6 34.000000
2318 1
78 52 27 20.000000
2319 1
220 14 54 72.000000
2320 2
46 30 33 101.500000
47 30 33 8.500000
2321 1
24 22 18 24.000000
2322 1
268 17 20 26.000000
2323 1
47 29 38 28.000000
2324 1
27 10 19 28.000000
2325 1
226 12 32 34.000000
2326 1
67 21 52 44.000000
2327 1
265 7 50 37.000000
2328 1
105 48 26 47.000000
2329 0
2330 1
93 37 32 24.000000
2331 1
39 12 32 23.000000
2332 1
81 26 33 42.000000
2333 1
86 24 31 89.000000
2334 1
67 16 47 21.000000
2335 1
32 56 12 86.000000
2336 1
276 22 2 32.000000
2337 1
77 48 51 31.000000
2338 1
273 8 57 27.000000
2339 1
39 9 17 22.000000
2340 1
285 25 6 24.000000
2341 1
273 18 36 53.000000
2342 1
294 42 58 31.000000
2343 1
127 37 39 30.000000
2344 1
104 16 42 26.000000
2345 1
71 31 5 57.000000
2346 1
274 20 45 43.000000
2347 1
120 25 6 68.000000
2348 1
298 47 51 50.000000
2349 1
248 47 51 46.000000
2350 1
137 42 59 40.000000
2351 1
143 20 50 23.000000
2352 1
65 3 63 29.000000
2353 1
54 21 40 24.000000
2354 1
128 37 39 21.000000
2355 1
11 9 27 120.000000
2356 1
112 25 49 31.000000
2357 1
92 43 51 25.000000
2358 1
119 25 45 189.000000
2359 1
297 16 31 23.000000
2360 1
79 25 6 20.000000
2361 2
50 12 50 70.500000
51 12 50 23.500000
2362 1
59 25 6 40.000000
2363 1
159 37 9 20.000000
2364 1
172 48 51 38.000000
2365 1
259 20 12 33.000000
2366 1
73 11 49 25.000000
2367 1
23 8 57 20.000000
2368 1
107 7 25 43.000000
2369 1
35 16 31 44.000000
2370 1
86 10 39 22.000000
2371 1
103 58 12 22.000000
2372 2
6 12 52 54.500000
7 12 52 10.500000
2373 1
132 46 43 27.000000
2374 1
113 11 49 29.000000
2375 1
319 41 61 38.000000
2376 1
21 3 54 29.000000
2377 1
79 7 25 176.000000
2378 1
106 12 32 46.000000
2379 1
77 24 43 42.000000
2380 1
45 23 52 26.000000
2381 1
133 2 61 26.000000
2382 1
103 3 63 20.000000
2383 1
247 40 58 40.000000
2384 1
99 58 55 36.000000
2385 1
127 55 30 30.000000
2386 1
155 23 52 30.000000
2387 1
316 11 48 37.000000
2388 1
104 55 24 60.000000
2389 1
68 26 40 24.000000
2390 1
121 48 23 24.000000
2391 1
14 13 44 37.000000
2392 1
116 4 53 59.000000
2393 1
159 16 44 35.000000
2394 1
119 17 13 108.000000
2395 2
121 46 43 216.000000
122 46 43 44.000000
2396 1
277 7 25 25.000000
2397 1
13 10 51 31.000000
2398 1
159 53 40 27.000000
2399 2
90 16 44 212.000000
91 16 44 48.000000
2400 1
65 16 42 33.000000
2401 1
254 27 43 24.000000
2402 1
54 28 25 42.000000
2403 1
79 39 62 25.000000
2404 1
93 10 31 21.000000
2405 1
6 16 50 22.000000
2406 1
128 25 6 37.000000
2407 1
109 51 48 37.000000
2408 1
81 17 48 24.000000
2409 1
82 6 23 29.000000
2410 1
78 38 53 23.000000
2411 2
9 12 31 209.000000
10 12 31 51.000000
2412 1
78 11 49 23.000000
2413 1
68 23 52 25.000000
2414 1
220 25 45 22.000000
2415 1
91 14 19 21.000000
2416 1
138 7 25 173.000000
2417 1
68 11 53 34.000000
2418 1
120 19 29 59.000000
2419 1
290 51 46 22.000000
2420 1
38 57 14 21.000000
2421 1
40 42 50 21.000000
2422 1
83 47 51 21.000000
2423 1
121 40 41 30.000000
2424 1
307 14 51 96.000000
2425 1
317 17 39 24.000000
2426 1
32 43 35 21.000000
2427 1
39 13 25 21.000000
2428 1
19 1 51 22.000000
2429 1
23 47 51 22.000000
2430 1
120 6 23 27.000000
2431 1
97 11 49 38.000000
2432 1
257 41 48 113.000000
2433 1
37 16 55 39.000000
2434 1
132 18 58 25.000000
2435 1
71 2 67 21.000000
2436 1
149 41 48 24.000000
2437 1
51 28 19 80.000000
2438 1
158 25 6 47.000000
2439 1
139 18 55 63.000000
2440 1
105 18 55 65.000000
2441 1
105 11 63 38.000000
2442 1
95 5 57 26.000000
2443 1
57 48 44 25.000000
2444 1
288 47 51 27.000000
2445 1
93 11 49 39.000000
2446 1
94 11 49 52.000000
2447 1
183 3 63 25.000000
2448 1
109 21 52 21.000000
2449 0
2450 1
127 43 51 32.000000
2451 1
110 23 52 33.000000
2452 1
35 11 49 151.000000
2453 1
36 38 55 22.000000
2454 1
316 16 55 75.000000
2455 1
133 18 58 24.000000
2456 1
305 11 49 131.000000
2457 1
113 11 49 38.000000
2458 1
95 18 51 58.000000
2459 1
77 52 33 30.000000
2460 1
47 43 51 60.000000
2461 1
110 11 47 20.000000
2462 1
146 12 32 60.000000
2463 1
249 23 51 22.000000
2464 1
59 21 52 77.000000
2465 1
84 12 40 23.000000
2466 1
272 16 27 70.000000
2467 1
108 3 63 46.000000
2468 1
52 13 56 40.000000
2469 1
93 15 57 34.000000
2470 1
81 7 28 24.000000
2471 1
148 11 32 29.000000
2472 1
146 11 49 23.000000
2473 1
257 21 52 83.000000
2474 1
25 15 51 90.000000
2475 1
296 8 54 44.000000
2476 1
87 11 47 21.000000
2477 1
156 56 12 24.000000
2478 1
248 15 37 31.000000
2479 0
2480 1
73 12 31 36.000000
2481 1
83 42 59 50.000000
2482 1
155 17 20 22.000000
2483 1
298 8 59 105.000000
2484 1
30 15 51 57.000000
2485 1
123 47 51 22.000000
2486 1
8 8 43 36.000000
2487 1
120 12 60 26.000000
2488 1
135 25 6 47.000000
2489 1
311 26 48 42.000000
2490 1
283 15 47 24.000000
2491 1
95 11 49 25.000000
2492 1
63 12 40 33.000000
2493 1
284 18 55 29.000000
2494 1
79 13 25 75.000000
2495 1
259 21 16 21.000000
2496 1
42 12 60 41.000000
2497 1
117 38 55 25.000000
2498 1
58 11 47 47.000000
2499 1
129 25 9 22.000000
2500 1
94 30 29 29.000000
