1 2
103 19 75 99.500000
104 19 75 13.500000
2 1
81 74 108 83.000000
3 1
145 71 100 29.000000
4 1
99 67 63 43.000000
5 1
139 83 109 37.000000
6 1
49 96 80 34.000000
7 1
112 100 39 21.000000
8 0
9 2
155 57 13 98.000000
156 57 13 26.000000
10 1
78 74 102 33.000000
11 1
140 72 56 21.000000
12 1
187 105 73 22.000000
13 1
286 96 79 52.000000
14 0
15 1
88 57 71 41.000000
16 1
76 96 64 23.000000
17 1
19 43 73 38.000000
18 0
19 0
20 1
165 69 74 44.000000
21 1
109 84 103 40.000000
22 1
113 79 54 29.000000
23 1
95 77 103 21.000000
24 1
115 19 108 37.000000
25 1
240 73 71 79.000000
26 1
122 20 51 49.000000
27 1
139 14 39 106.000000
28 1
137 75 114 20.000000
29 1
38 14 109 26.000000
30 1
218 94 72 21.000000
31 1
105 27 87 26.000000
32 0
33 1
98 34 97 38.000000
34 1
70 62 80 36.000000
35 1
128 94 65 42.000000
36 1
93 49 101 52.000000
37 3
127 20 47 51.000000
132 20 47 100.000000
133 20 47 89.000000
38 1
122 32 22 29.000000
39 1
111 25 26 39.000000
40 1
206 66 57 32.000000
41 1
126 77 37 20.000000
42 1
264 18 107 31.000000
43 1
166 90 67 23.000000
44 1
99 94 37 27.000000
45 1
275 31 43 36.000000
46 1
143 32 109 28.000000
47 1
40 16 118 22.000000
48 1
151 13 43 62.000000
49 1
137 15 42 28.000000
50 1
89 75 58 21.000000
51 1
146 60 24 24.000000
52 1
85 47 53 38.000000
53 1
111 104 20 29.000000
54 1
152 14 109 21.000000
55 0
56 1
220 46 15 22.000000
57 0
58 1
53 69 109 41.000000
59 1
297 77 70 25.000000
60 1
167 20 47 24.000000
61 1
114 82 52 26.000000
62 1
95 67 74 23.000000
63 1
115 100 59 48.000000
64 1
190 92 81 22.000000
65 1
295 37 98 28.000000
66 1
214 41 22 25.000000
67 1
160 16 102 28.000000
68 1
54 69 74 21.000000
69 1
154 38 109 23.000000
70 1
127 29 45 37.000000
71 1
35 70 74 21.000000
72 1
113 63 70 44.000000
73 1
127 18 34 33.000000
74 1
67 16 113 24.000000
75 1
21 71 61 21.000000
76 1
266 56 56 27.000000
77 1
75 100 25 45.000000
78 1
290 33 51 28.000000
79 1
39 63 66 21.000000
80 1
242 82 61 27.000000
81 1
107 28 114 21.000000
82 1
31 91 75 44.000000
83 1
107 78 87 37.000000
84 1
79 53 21 24.000000
85 1
294 38 109 57.000000
86 1
245 68 55 23.000000
87 1
131 21 69 90.000000
88 1
155 89 98 21.000000
89 1
37 75 40 56.000000
90 1
29 73 100 34.000000
91 1
111 64 65 21.000000
92 1
121 71 72 32.000000
93 1
158 95 67 45.000000
94 0
95 1
73 81 57 27.000000
96 1
74 68 71 36.000000
97 1
74 28 114 20.000000
98 1
121 34 98 22.000000
99 1
133 52 10 22.000000
100 1
213 99 72 25.000000
101 1
98 69 74 22.000000
102 1
68 64 63 70.000000
103 2
284 68 71 93.500000
285 68 71 77.500000
104 1
294 68 70 22.000000
105 1
248 98 76 21.000000
106 1
272 60 102 29.000000
107 1
104 79 101 20.000000
108 1
237 77 96 49.000000
109 1
62 75 90 25.000000
110 1
129 65 76 26.000000
111 1
277 96 84 25.000000
112 1
167 17 110 61.000000
113 0
114 1
110 72 88 29.000000
115 0
116 1
100 13 55 50.000000
117 0
118 1
102 14 65 110.000000
119 1
38 44 40 26.000000
120 1
106 66 88 21.000000
121 1
297 56 56 23.000000
122 0
123 1
146 16 113 25.000000
124 1
125 17 87 21.000000
125 1
257 95 47 29.000000
126 1
62 104 89 65.000000
127 1
285 67 46 36.000000
128 0
129 1
113 89 43 32.000000
130 1
157 79 17 29.000000
131 1
258 14 113 22.000000
132 1
161 25 99 33.000000
133 1
109 67 86 21.000000
134 1
150 22 50 26.000000
135 1
74 18 114 55.000000
136 1
198 15 42 29.000000
137 1
268 28 114 30.000000
138 1
201 95 108 23.000000
139 1
257 75 114 32.000000
140 1
100 75 102 25.000000
141 2
265 77 117 96.500000
266 77 117 65.500000
142 1
103 9 101 21.000000
143 1
52 75 74 34.000000
144 0
145 1
50 75 114 30.000000
146 1
67 96 79 22.000000
147 1
275 97 46 22.000000
148 1
41 86 75 47.000000
149 1
57 95 115 29.000000
150 1
162 12 42 67.000000
151 1
61 65 84 26.000000
152 0
153 1
85 47 73 31.000000
154 1
294 38 107 45.000000
155 1
88 76 71 22.000000
156 1
277 66 58 28.000000
157 1
87 99 74 27.000000
158 1
293 29 110 21.000000
159 1
73 19 29 46.000000
160 1
150 105 40 20.000000
161 1
64 12 30 61.000000
162 1
119 14 113 25.000000
163 1
132 23 45 24.000000
164 1
149 38 109 43.000000
165 1
252 71 57 94.000000
166 1
173 63 70 30.000000
167 1
237 25 99 27.000000
168 1
146 20 106 28.000000
169 1
159 76 76 37.000000
170 0
171 1
32 70 58 36.000000
172 1
94 42 65 85.000000
173 1
176 99 72 90.000000
174 1
287 18 99 32.000000
175 0
176 1
76 99 36 24.000000
177 1
103 52 99 50.000000
178 1
33 49 101 56.000000
179 1
55 101 62 44.000000
180 1
208 86 114 44.000000
181 1
99 73 71 21.000000
182 1
94 23 45 59.000000
183 1
287 38 74 88.000000
184 1
50 92 81 27.000000
185 1
232 14 113 33.000000
186 1
231 73 71 66.000000
187 1
229 73 43 40.000000
188 1
279 68 70 80.000000
189 0
190 1
50 73 71 27.000000
191 1
89 17 110 24.000000
192 2
78 84 67 91.500000
79 84 67 148.500000
193 2
74 38 109 98.500000
75 38 109 141.500000
194 1
157 37 20 31.000000
195 1
87 85 32 23.000000
196 1
193 100 74 22.000000
197 1
115 69 74 25.000000
198 1
294 78 72 22.000000
199 1
107 57 71 35.000000
200 0
201 0
202 1
19 63 66 20.000000
203 1
47 75 57 31.000000
204 1
65 57 79 44.000000
205 1
37 68 18 132.000000
206 1
188 14 39 21.000000
207 1
135 60 21 34.000000
208 0
209 1
299 88 65 28.000000
210 1
103 42 65 26.000000
211 1
140 96 98 26.000000
212 1
145 28 18 46.000000
213 1
84 60 21 21.000000
214 1
266 86 102 80.000000
215 1
75 37 18 58.000000
216 1
91 73 43 35.000000
217 1
274 21 69 29.000000
218 0
219 0
220 2
119 68 59 93.500000
124 68 59 57.500000
221 1
237 70 74 56.000000
222 1
248 96 55 26.000000
223 0
224 1
121 63 62 28.000000
225 1
68 66 84 33.000000
226 1
86 100 74 22.000000
227 0
228 1
162 72 106 21.000000
229 1
94 71 53 29.000000
230 1
117 77 58 34.000000
231 1
277 78 52 76.000000
232 1
109 13 16 41.000000
233 1
56 79 86 40.000000
234 1
299 94 71 104.000000
235 0
236 1
228 19 29 50.000000
237 1
143 40 52 24.000000
238 1
137 66 58 27.000000
239 1
102 60 57 27.000000
240 1
268 14 113 27.000000
241 1
66 70 61 30.000000
242 1
137 15 65 60.000000
243 1
207 68 70 27.000000
244 1
225 32 109 42.000000
245 0
246 1
102 91 41 33.000000
247 1
298 94 72 42.000000
248 0
249 0
250 1
145 28 104 24.000000
251 0
252 1
246 19 29 21.000000
253 3
244 73 71 96.000000
249 73 71 96.000000
250 73 71 48.000000
254 0
255 2
35 67 86 90.500000
36 67 86 14.500000
256 1
74 20 51 102.000000
257 1
40 12 22 53.000000
258 1
88 14 33 44.000000
259 1
294 68 71 29.000000
260 1
271 72 18 115.000000
261 1
136 50 98 42.000000
262 1
77 35 113 28.000000
263 1
71 24 90 77.000000
264 1
294 98 81 22.000000
265 1
105 41 55 26.000000
266 0
267 1
152 23 45 24.000000
268 1
240 74 117 27.000000
269 1
230 104 92 45.000000
270 1
81 43 57 24.000000
271 1
144 99 36 30.000000
272 1
93 94 80 28.000000
273 1
53 19 108 23.000000
274 1
124 91 75 21.000000
275 0
276 1
57 5 119 45.000000
277 1
90 33 118 32.000000
278 1
235 89 77 25.000000
279 1
35 87 103 43.000000
280 1
151 22 50 21.000000
281 0
282 2
218 78 91 170.000000
219 78 91 48.000000
283 1
183 23 45 28.000000
284 1
179 45 50 58.000000
285 1
181 26 60 24.000000
286 1
160 84 64 20.000000
287 1
167 66 18 28.000000
288 1
126 26 100 22.000000
289 1
149 7 46 98.000000
290 1
80 63 37 23.000000
291 1
128 94 65 40.000000
292 1
296 76 116 25.000000
293 1
79 104 70 25.000000
294 0
295 1
56 66 51 23.000000
296 1
61 22 70 32.000000
297 0
298 1
108 54 65 47.000000
299 1
43 101 78 42.000000
300 1
107 66 74 26.000000
301 1
95 71 33 31.000000
302 1
131 71 53 22.000000
303 2
197 85 115 100.500000
198 85 115 66.500000
304 1
84 59 76 90.000000
305 1
36 106 45 30.000000
306 1
121 66 99 26.000000
307 3
92 60 56 77.000000
93 60 56 154.000000
94 60 56 9.000000
308 1
263 71 83 21.000000
309 0
310 0
311 1
96 66 58 24.000000
312 0
313 1
71 73 71 42.000000
314 1
79 75 114 70.000000
315 1
25 17 42 44.000000
316 1
118 78 87 57.000000
317 1
161 31 102 26.000000
318 1
297 19 46 30.000000
319 0
320 1
236 66 58 33.000000
321 1
50 22 50 45.000000
322 1
51 34 75 26.000000
323 2
148 15 99 200.000000
149 15 99 10.000000
324 1
279 26 49 25.000000
325 1
108 67 45 24.000000
326 1
278 95 20 26.000000
327 1
284 68 44 38.000000
328 1
218 84 105 34.000000
329 1
141 23 45 43.000000
330 1
123 72 106 21.000000
331 1
271 71 57 40.000000
332 1
144 80 119 39.000000
333 0
334 1
129 16 97 26.000000
335 1
57 105 67 24.000000
336 1
194 68 71 20.000000
337 1
141 23 45 47.000000
338 1
189 15 42 26.000000
339 1
264 8 50 49.000000
340 1
240 63 110 29.000000
341 1
41 91 63 21.000000
342 0
343 1
101 32 101 21.000000
344 1
66 58 61 22.000000
345 1
94 90 65 36.000000
346 1
64 8 38 32.000000
347 0
348 1
29 73 71 21.000000
349 1
101 26 92 26.000000
350 1
117 59 74 23.000000
351 1
70 96 80 24.000000
352 1
33 52 89 25.000000
353 1
235 77 103 31.000000
354 1
125 28 100 83.000000
355 1
80 84 105 37.000000
356 1
269 33 56 20.000000
357 1
82 80 61 22.000000
358 1
65 71 15 20.000000
359 1
140 85 35 20.000000
360 1
159 104 70 22.000000
361 1
130 83 109 21.000000
362 1
90 84 77 40.000000
363 2
135 87 46 94.000000
136 87 46 22.000000
364 1
134 52 45 31.000000
365 1
139 67 45 32.000000
366 1
205 77 79 28.000000
367 1
145 30 54 31.000000
368 1
239 27 49 29.000000
369 1
205 87 71 20.000000
370 1
20 82 96 21.000000
371 1
248 14 113 46.000000
372 1
113 32 101 24.000000
373 1
112 32 95 25.000000
374 0
375 1
116 66 88 67.000000
376 1
40 72 106 94.000000
377 1
160 24 90 78.000000
378 0
379 1
119 97 46 22.000000
380 1
246 107 46 35.000000
381 0
382 1
88 68 59 22.000000
383 0
384 1
106 79 33 24.000000
385 1
68 79 33 72.000000
386 1
127 35 66 21.000000
387 0
388 0
389 1
114 38 97 30.000000
390 1
156 60 24 22.000000
391 0
392 0
393 1
124 38 109 32.000000
394 0
395 1
93 33 45 63.000000
396 1
82 61 72 23.000000
397 1
189 74 102 23.000000
398 1
136 70 82 55.000000
399 1
264 18 114 22.000000
400 1
105 77 79 57.000000
401 1
92 90 105 27.000000
402 1
132 12 111 23.000000
403 0
404 1
139 35 33 22.000000
405 1
288 65 49 54.000000
406 1
285 47 73 41.000000
407 1
121 71 102 23.000000
408 1
265 87 71 39.000000
409 1
207 68 70 37.000000
410 1
94 58 74 30.000000
411 1
283 109 27 57.000000
412 1
126 89 98 24.000000
413 1
185 28 114 52.000000
414 1
57 78 46 57.000000
415 1
217 28 114 75.000000
416 1
104 60 92 51.000000
417 1
7 75 53 23.000000
418 0
419 1
69 25 99 77.000000
420 1
87 15 99 80.000000
421 0
422 1
55 31 74 52.000000
423 1
135 30 84 21.000000
424 1
47 76 71 21.000000
425 0
426 1
294 58 74 21.000000
427 1
107 78 90 22.000000
428 1
97 29 45 23.000000
429 1
135 17 50 29.000000
430 1
249 84 87 52.000000
431 1
154 80 55 96.000000
432 1
131 41 80 35.000000
433 1
167 15 42 26.000000
434 1
122 83 109 20.000000
435 1
46 60 102 25.000000
436 1
53 90 84 37.000000
437 0
438 1
40 62 66 21.000000
439 1
67 35 66 21.000000
440 1
142 62 33 22.000000
441 1
269 63 82 22.000000
442 1
115 68 59 26.000000
443 1
53 62 43 43.000000
444 1
118 74 102 60.000000
445 1
178 64 65 34.000000
446 1
132 32 109 25.000000
447 1
77 75 114 32.000000
448 1
9 57 69 30.000000
449 1
282 60 57 21.000000
450 1
73 92 67 20.000000
451 1
113 24 50 53.000000
452 1
85 87 112 24.000000
453 1
155 79 17 30.000000
454 1
152 70 32 39.000000
455 1
159 63 66 28.000000
456 1
33 82 61 72.000000
457 1
141 23 45 49.000000
458 1
91 73 68 23.000000
459 1
232 100 74 34.000000
460 0
461 1
83 29 96 38.000000
462 1
164 28 114 36.000000
463 1
47 65 53 51.000000
464 1
65 81 110 21.000000
465 2
298 34 81 57.500000
299 34 81 8.500000
466 1
84 72 56 29.000000
467 1
99 26 34 23.000000
468 1
52 63 62 64.000000
469 1
146 29 61 109.000000
470 1
80 72 56 37.000000
471 1
67 68 55 24.000000
472 1
78 84 87 21.000000
473 1
36 56 76 33.000000
474 1
85 61 72 34.000000
475 1
115 71 102 28.000000
476 0
477 1
252 61 78 35.000000
478 1
14 88 105 21.000000
479 1
244 58 61 26.000000
480 1
94 8 27 31.000000
481 1
152 75 78 21.000000
482 1
128 95 67 49.000000
483 1
86 66 74 37.000000
484 1
72 71 15 28.000000
485 1
60 12 42 41.000000
486 1
191 43 30 22.000000
487 1
80 32 101 29.000000
488 1
87 16 111 20.000000
489 1
96 91 33 21.000000
490 1
104 28 114 42.000000
491 1
182 84 105 22.000000
492 0
493 1
23 89 108 60.000000
494 1
133 84 108 31.000000
495 1
106 20 47 22.000000
496 1
124 20 106 31.000000
497 1
221 74 70 166.000000
498 1
109 88 72 53.000000
499 0
500 1
91 16 97 32.000000
501 1
74 71 53 31.000000
502 1
282 80 61 37.000000
503 1
263 9 107 26.000000
504 1
9 93 9 21.000000
505 1
144 103 18 47.000000
506 1
109 85 51 34.000000
507 1
113 32 101 21.000000
508 1
6 71 87 37.000000
509 1
165 71 100 158.000000
510 1
151 32 107 34.000000
511 0
512 1
153 29 45 36.000000
513 1
228 15 42 27.000000
514 1
134 83 109 37.000000
515 0
516 1
107 79 57 25.000000
517 1
61 72 75 20.000000
518 1
66 46 57 44.000000
519 1
45 81 80 22.000000
520 1
63 44 41 20.000000
521 1
79 87 103 31.000000
522 1
274 58 67 28.000000
523 1
119 23 73 76.000000
524 1
157 78 110 23.000000
525 1
42 82 68 104.000000
526 1
124 99 48 23.000000
527 1
72 71 72 37.000000
528 1
133 72 118 21.000000
529 1
182 60 81 37.000000
530 1
287 75 27 51.000000
531 1
84 58 76 27.000000
532 1
252 75 58 30.000000
533 1
103 69 72 54.000000
534 1
75 72 75 22.000000
535 1
76 36 104 53.000000
536 1
56 18 38 43.000000
537 1
114 28 114 24.000000
538 1
271 91 82 28.000000
539 1
173 72 106 61.000000
540 1
125 69 74 23.000000
541 1
277 96 24 42.000000
542 0
543 1
176 97 99 73.000000
544 0
545 1
124 38 109 24.000000
546 0
547 1
248 64 65 37.000000
548 0
549 0
550 1
106 88 79 98.000000
551 1
130 22 104 24.000000
552 1
102 20 106 21.000000
553 1
134 100 39 22.000000
554 1
226 91 101 40.000000
555 1
179 96 11 37.000000
556 1
141 15 50 28.000000
557 1
64 89 78 29.000000
558 0
559 1
270 23 45 41.000000
560 1
299 66 42 46.000000
561 0
562 1
135 72 88 27.000000
563 1
173 60 57 22.000000
564 1
38 66 57 24.000000
565 1
106 89 58 55.000000
566 1
71 84 77 43.000000
567 1
40 102 68 47.000000
568 1
183 100 74 226.000000
569 1
60 52 62 39.000000
570 1
172 54 68 24.000000
571 1
295 67 60 39.000000
572 1
138 29 87 30.000000
573 1
111 42 94 43.000000
574 1
137 20 51 23.000000
575 1
62 30 49 52.000000
576 1
103 90 27 33.000000
577 0
578 1
162 50 17 35.000000
579 1
122 100 74 26.000000
580 1
124 33 47 22.000000
581 2
241 95 78 189.000000
242 95 78 3.000000
582 0
583 2
44 28 100 98.000000
45 28 100 142.000000
584 1
75 29 96 32.000000
585 1
266 46 101 23.000000
586 1
96 96 79 23.000000
587 1
35 67 61 31.000000
588 1
140 47 106 37.000000
589 1
269 45 103 21.000000
590 1
157 66 74 23.000000
591 1
29 83 68 23.000000
592 2
197 86 99 198.000000
198 86 99 42.000000
593 1
17 65 30 26.000000
594 1
65 71 64 34.000000
595 1
284 58 74 60.000000
596 1
281 71 72 46.000000
597 1
36 37 114 38.000000
598 1
155 49 38 25.000000
599 0
600 1
263 54 89 22.000000
601 2
271 31 80 93.000000
272 31 80 147.000000
602 1
109 23 73 43.000000
603 2
228 24 38 98.500000
229 24 38 61.500000
604 1
250 44 79 27.000000
605 1
104 28 98 37.000000
606 1
130 77 92 37.000000
607 1
207 95 67 48.000000
608 0
609 1
121 31 74 28.000000
610 1
105 91 75 23.000000
611 1
105 69 94 35.000000
612 1
120 7 46 24.000000
613 1
91 92 43 26.000000
614 1
231 72 106 48.000000
615 1
133 14 112 26.000000
616 1
235 77 79 21.000000
617 1
102 71 53 28.000000
618 1
97 89 65 62.000000
619 1
267 99 86 30.000000
620 1
259 74 108 21.000000
621 0
622 1
96 81 97 22.000000
623 1
167 57 71 137.000000
624 1
16 81 110 34.000000
625 1
62 100 25 35.000000
626 1
160 14 39 31.000000
627 1
67 77 79 27.000000
628 1
171 72 56 27.000000
629 1
96 30 20 39.000000
630 1
57 15 47 53.000000
631 0
632 1
111 31 112 30.000000
633 1
194 81 110 98.000000
634 1
69 73 68 42.000000
635 1
288 24 57 23.000000
636 1
89 68 71 32.000000
637 1
141 73 68 80.000000
638 1
172 90 27 36.000000
639 1
71 71 53 25.000000
640 1
112 94 65 40.000000
641 1
101 55 27 65.000000
642 1
299 13 44 30.000000
643 1
48 78 110 21.000000
644 1
163 14 113 36.000000
645 1
81 22 97 22.000000
646 1
85 77 79 21.000000
647 1
116 118 72 116.000000
648 1
182 64 97 88.000000
649 1
128 74 108 23.000000
650 1
89 104 27 21.000000
651 1
86 57 65 24.000000
652 1
276 41 84 59.000000
653 1
71 66 58 29.000000
654 1
114 68 23 44.000000
655 1
83 102 98 21.000000
656 1
45 71 102 38.000000
657 1
106 71 72 26.000000
658 1
69 64 39 27.000000
659 0
660 1
153 72 118 29.000000
661 1
266 76 106 81.000000
662 0
663 1
119 15 99 22.000000
664 1
145 20 47 27.000000
665 1
58 84 12 40.000000
666 1
75 77 96 38.000000
667 1
169 33 47 46.000000
668 0
669 1
238 64 97 46.000000
670 1
32 84 106 69.000000
671 2
92 45 86 95.000000
97 45 86 17.000000
672 1
120 72 75 44.000000
673 1
21 86 99 21.000000
674 1
83 81 110 20.000000
675 1
241 31 111 59.000000
676 1
262 81 110 29.000000
677 1
134 50 98 37.000000
678 1
120 77 79 74.000000
679 0
680 0
681 1
118 98 93 29.000000
682 0
683 1
290 42 82 25.000000
684 1
114 42 93 24.000000
685 1
159 93 69 40.000000
686 1
55 77 56 23.000000
687 1
108 38 48 21.000000
688 0
689 1
77 19 73 59.000000
690 1
159 83 109 45.000000
691 1
295 70 69 35.000000
692 1
289 66 64 23.000000
693 1
74 78 72 26.000000
694 1
79 78 90 25.000000
695 1
112 33 61 110.000000
696 1
107 37 69 25.000000
697 1
196 100 25 21.000000
698 1
45 17 118 46.000000
699 1
87 58 76 47.000000
700 0
701 1
108 78 87 43.000000
702 1
96 66 18 25.000000
703 2
277 75 58 95.000000
278 75 58 87.000000
704 2
264 68 44 100.000000
265 68 44 37.000000
705 1
119 73 99 21.000000
706 1
61 23 45 52.000000
707 1
118 84 77 22.000000
708 1
179 76 23 28.000000
709 1
182 90 67 91.000000
710 1
153 14 112 24.000000
711 1
288 96 65 36.000000
712 1
147 50 51 24.000000
713 1
294 58 67 28.000000
714 1
148 87 64 30.000000
715 1
23 79 49 21.000000
716 1
102 105 40 75.000000
717 2
70 57 56 96.500000
75 57 56 73.500000
718 1
170 95 83 22.000000
719 1
34 78 90 71.000000
720 1
130 83 109 57.000000
721 1
252 64 65 23.000000
722 0
723 1
26 66 57 32.000000
724 1
52 65 50 27.000000
725 1
149 15 42 25.000000
726 0
727 1
62 82 73 28.000000
728 1
41 104 61 22.000000
729 1
141 102 98 24.000000
730 0
731 1
91 52 108 26.000000
732 1
295 47 106 68.000000
733 1
143 14 112 32.000000
734 1
252 80 76 25.000000
735 1
215 81 70 62.000000
736 1
93 54 12 21.000000
737 1
270 37 114 48.000000
738 1
99 37 114 29.000000
739 1
88 65 76 145.000000
740 1
102 74 39 22.000000
741 1
148 75 114 26.000000
742 1
162 61 35 24.000000
743 1
118 99 86 81.000000
744 1
178 14 39 23.000000
745 1
173 34 97 24.000000
746 1
87 15 42 47.000000
747 0
748 0
749 1
85 47 90 34.000000
750 1
146 58 61 74.000000
751 0
752 1
155 28 104 97.000000
753 1
55 90 67 23.000000
754 0
755 1
147 38 50 33.000000
756 1
101 64 97 20.000000
757 1
219 26 32 33.000000
758 1
151 92 81 53.000000
759 2
252 60 21 100.000000
253 60 21 33.000000
760 1
296 68 73 24.000000
761 1
183 20 47 20.000000
762 1
98 75 114 22.000000
763 1
74 72 88 25.000000
764 0
765 1
44 8 78 22.000000
766 2
274 88 72 99.500000
275 88 72 16.500000
767 0
768 1
286 116 72 27.000000
769 2
114 41 22 199.000000
115 41 22 32.000000
770 2
118 64 12 96.500000
119 64 12 13.500000
771 1
144 69 28 24.000000
772 1
144 23 100 22.000000
773 0
774 0
775 1
45 70 69 23.000000
776 1
131 43 23 24.000000
777 1
131 14 39 28.000000
778 1
104 70 48 143.000000
779 1
91 91 75 28.000000
780 1
43 91 101 23.000000
781 1
112 71 53 32.000000
782 1
252 100 74 28.000000
783 1
100 22 104 46.000000
784 0
785 0
786 2
102 90 67 35.000000
104 90 67 3.000000
787 1
75 99 72 26.000000
788 1
144 79 54 56.000000
789 1
104 21 44 21.000000
790 1
98 14 113 28.000000
791 1
81 75 67 22.000000
792 1
148 36 104 20.000000
793 1
64 90 103 22.000000
794 2
91 74 117 190.000000
92 74 117 50.000000
795 0
796 1
161 73 83 31.000000
797 0
798 1
139 17 50 69.000000
799 1
158 46 94 22.000000
800 1
167 28 104 38.000000
801 0
802 1
85 27 35 71.000000
803 1
132 10 22 49.000000
804 1
150 54 68 32.000000
805 1
72 62 43 23.000000
806 1
125 10 22 32.000000
807 1
291 81 83 30.000000
808 1
59 75 67 34.000000
809 1
128 85 65 69.000000
810 1
148 67 60 25.000000
811 1
192 64 58 21.000000
812 0
813 1
68 55 40 43.000000
814 0
815 1
94 68 55 43.000000
816 0
817 1
298 34 98 31.000000
818 1
180 74 108 41.000000
819 1
224 99 48 23.000000
820 1
284 38 95 39.000000
821 1
120 64 65 92.000000
822 1
136 58 61 30.000000
823 1
97 75 64 27.000000
824 1
54 18 118 27.000000
825 1
246 19 119 21.000000
826 1
161 41 84 32.000000
827 1
121 56 97 28.000000
828 1
95 20 47 23.000000
829 1
244 83 89 20.000000
830 1
294 68 59 24.000000
831 1
98 75 102 32.000000
832 0
833 1
143 63 104 27.000000
834 1
149 15 42 31.000000
835 1
126 90 78 56.000000
836 1
83 33 105 34.000000
837 1
91 81 114 23.000000
838 0
839 0
840 1
124 38 109 41.000000
841 1
69 23 33 36.000000
842 1
127 26 34 28.000000
843 1
114 23 111 65.000000
844 1
28 84 77 26.000000
845 1
68 14 113 81.000000
846 0
847 1
265 78 112 40.000000
848 1
80 75 52 22.000000
849 1
93 63 66 23.000000
850 1
166 67 86 39.000000
851 1
215 79 17 26.000000
852 0
853 0
854 1
156 88 79 20.000000
855 1
242 64 106 23.000000
856 1
98 69 72 22.000000
857 1
94 22 97 46.000000
858 1
87 65 85 20.000000
859 1
159 25 114 24.000000
860 1
121 71 33 26.000000
861 1
121 22 97 78.000000
862 1
61 62 63 32.000000
863 1
51 106 45 32.000000
864 1
93 80 26 84.000000
865 1
190 14 113 74.000000
866 1
92 93 105 21.000000
867 1
72 91 6 31.000000
868 1
286 17 50 39.000000
869 1
274 98 76 39.000000
870 1
42 80 79 26.000000
871 1
175 60 62 46.000000
872 1
125 72 88 33.000000
873 1
124 48 14 32.000000
874 1
145 77 79 23.000000
875 1
128 74 108 67.000000
876 1
93 13 92 26.000000
877 1
90 15 42 223.000000
878 1
108 15 42 26.000000
879 1
83 23 45 41.000000
880 1
289 94 56 25.000000
881 1
85 49 43 21.000000
882 1
146 16 97 20.000000
883 0
884 1
239 33 47 50.000000
885 1
103 19 108 32.000000
886 1
85 17 108 38.000000
887 1
211 71 53 31.000000
888 1
77 19 108 33.000000
889 1
2 102 70 58.000000
890 1
75 77 79 38.000000
891 1
95 67 60 20.000000
892 0
893 1
81 33 105 25.000000
894 1
192 111 50 20.000000
895 1
119 66 103 99.000000
896 1
162 20 47 33.000000
897 0
898 1
137 66 58 64.000000
899 1
259 66 58 25.000000
900 1
105 87 17 44.000000
901 1
182 32 101 26.000000
902 1
145 28 114 41.000000
903 1
96 100 74 36.000000
904 1
170 56 56 21.000000
905 1
235 92 81 26.000000
906 1
107 29 96 24.000000
907 1
90 77 56 22.000000
908 0
909 0
910 1
91 84 105 22.000000
911 1
92 73 36 57.000000
912 1
53 50 98 23.000000
913 1
285 37 104 24.000000
914 1
53 91 48 107.000000
915 1
235 77 104 47.000000
916 0
917 0
918 1
131 63 62 23.000000
919 1
284 98 15 36.000000
920 1
250 96 27 57.000000
921 1
70 56 56 22.000000
922 1
109 46 61 20.000000
923 1
228 79 56 23.000000
924 1
134 58 34 26.000000
925 1
279 83 68 55.000000
926 1
237 95 58 34.000000
927 1
254 38 109 24.000000
928 1
33 13 36 38.000000
929 1
241 14 113 38.000000
930 1
74 68 71 31.000000
931 1
185 71 72 29.000000
932 1
147 18 114 53.000000
933 1
128 77 79 37.000000
934 1
135 61 112 41.000000
935 1
130 22 104 26.000000
936 1
107 20 47 22.000000
937 1
252 20 47 34.000000
938 1
70 42 93 26.000000
939 1
216 96 79 25.000000
940 1
135 29 96 79.000000
941 1
99 14 14 28.000000
942 1
79 23 45 26.000000
943 1
115 40 52 42.000000
944 0
945 1
59 58 56 23.000000
946 1
51 91 82 47.000000
947 1
120 32 101 32.000000
948 1
290 33 45 28.000000
949 1
98 96 79 23.000000
950 1
281 22 101 21.000000
951 1
294 70 53 26.000000
952 1
209 73 68 30.000000
953 1
73 19 75 34.000000
954 1
53 40 76 42.000000
955 1
66 31 117 20.000000
956 0
957 1
47 65 69 43.000000
958 1
85 77 79 23.000000
959 2
132 32 107 195.000000
133 32 107 45.000000
960 1
133 74 94 23.000000
961 1
122 60 44 96.000000
962 0
963 1
98 64 58 45.000000
964 1
63 69 94 22.000000
965 1
71 32 109 96.000000
966 1
261 73 67 62.000000
967 1
136 66 88 32.000000
968 1
87 90 69 27.000000
969 0
970 1
78 77 62 31.000000
971 1
128 18 99 36.000000
972 0
973 1
164 73 67 44.000000
974 1
157 9 43 35.000000
975 1
105 58 49 22.000000
976 1
14 69 14 26.000000
977 1
46 96 73 39.000000
978 1
178 57 65 24.000000
979 0
980 0
981 1
295 107 66 48.000000
982 1
254 18 99 24.000000
983 1
118 64 65 26.000000
984 1
133 71 33 46.000000
985 2
162 73 99 193.000000
163 73 99 47.000000
986 1
58 26 104 45.000000
987 2
285 89 77 177.000000
286 89 77 63.000000
988 1
179 23 45 41.000000
989 1
289 18 48 30.000000
990 1
67 96 79 34.000000
991 1
77 55 58 23.000000
992 1
284 78 72 26.000000
993 1
45 77 93 58.000000
994 1
274 23 49 27.000000
995 1
71 61 35 22.000000
996 0
997 1
73 59 65 37.000000
998 1
124 38 33 57.000000
999 1
192 63 66 22.000000
1000 1
89 25 84 23.000000
1001 1
135 17 17 21.000000
1002 1
136 96 79 39.000000
1003 1
101 21 60 22.000000
1004 1
117 15 42 24.000000
1005 0
1006 1
182 64 58 37.000000
1007 1
150 82 68 81.000000
1008 0
1009 2
101 71 53 171.000000
102 71 53 11.000000
1010 1
140 52 34 21.000000
1011 1
173 61 35 28.000000
1012 1
275 18 27 21.000000
1013 1
255 17 60 37.000000
1014 1
109 74 102 85.000000
1015 0
1016 1
123 24 50 48.000000
1017 2
96 90 69 187.000000
97 90 69 53.000000
1018 1
279 75 58 36.000000
1019 1
144 78 110 25.000000
1020 1
81 83 109 206.000000
1021 1
155 17 50 26.000000
1022 1
106 19 108 24.000000
1023 1
60 74 61 20.000000
1024 1
180 54 65 30.000000
1025 1
236 90 105 50.000000
1026 1
269 28 114 22.000000
1027 1
146 96 79 21.000000
1028 1
148 66 58 29.000000
1029 1
192 32 109 60.000000
1030 1
106 16 102 39.000000
1031 0
1032 1
71 71 15 44.000000
1033 1
107 75 90 21.000000
1034 1
71 21 118 28.000000
1035 1
24 18 116 22.000000
1036 1
76 19 112 26.000000
1037 1
225 78 51 51.000000
1038 1
285 78 107 47.000000
1039 1
146 100 12 53.000000
1040 2
69 13 46 78.000000
70 13 46 40.000000
1041 1
253 64 65 33.000000
1042 1
146 79 102 27.000000
1043 0
1044 1
287 65 43 22.000000
1045 1
299 97 23 103.000000
1046 1
104 72 118 40.000000
1047 1
234 71 61 22.000000
1048 1
83 73 68 39.000000
1049 1
33 82 96 28.000000
1050 1
44 88 72 67.000000
1051 1
232 74 29 34.000000
1052 2
133 92 87 197.000000
134 92 87 43.000000
1053 1
152 64 65 37.000000
1054 1
147 26 32 54.000000
1055 1
258 74 29 89.000000
1056 0
1057 1
200 15 42 24.000000
1058 0
1059 1
144 99 74 46.000000
1060 1
122 50 17 21.000000
1061 1
128 75 102 25.000000
1062 1
107 39 105 33.000000
1063 1
141 23 45 27.000000
1064 1
37 67 58 35.000000
1065 1
142 60 57 35.000000
1066 1
131 104 29 20.000000
1067 1
117 30 20 50.000000
1068 1
106 98 101 20.000000
1069 0
1070 2
146 66 58 98.000000
147 66 58 68.000000
1071 1
157 20 47 66.000000
1072 1
288 106 28 28.000000
1073 1
151 14 112 27.000000
1074 1
103 14 112 30.000000
1075 2
278 96 74 181.000000
279 96 74 59.000000
1076 1
64 101 62 24.000000
1077 0
1078 1
223 81 84 22.000000
1079 1
85 41 46 51.000000
1080 1
178 15 99 21.000000
1081 1
131 14 113 27.000000
1082 2
11 21 116 94.500000
12 21 116 37.500000
1083 1
119 47 73 35.000000
1084 1
219 83 92 62.000000
1085 0
1086 1
122 71 53 25.000000
1087 1
134 38 109 21.000000
1088 1
110 95 67 29.000000
1089 1
117 79 17 28.000000
1090 1
217 10 104 38.000000
1091 1
171 32 101 22.000000
1092 1
264 51 76 21.000000
1093 1
95 29 87 29.000000
1094 1
299 54 69 69.000000
1095 1
128 14 113 35.000000
1096 0
1097 1
85 52 62 28.000000
1098 1
278 68 80 34.000000
1099 1
91 24 50 28.000000
1100 2
265 67 60 52.500000
266 67 60 57.500000
1101 1
95 88 79 37.000000
1102 1
122 21 43 28.000000
1103 1
288 64 63 44.000000
1104 1
250 72 88 30.000000
1105 1
27 85 59 44.000000
1106 1
82 70 63 24.000000
1107 1
51 84 103 22.000000
1108 1
285 67 36 20.000000
1109 1
97 68 55 32.000000
1110 0
1111 1
247 49 29 66.000000
1112 1
246 60 49 45.000000
1113 1
173 14 113 94.000000
1114 1
38 77 79 63.000000
1115 1
73 70 82 23.000000
1116 1
61 44 68 33.000000
1117 1
103 69 28 46.000000
1118 1
288 76 89 42.000000
1119 1
143 79 54 57.000000
1120 1
55 79 114 29.000000
1121 0
1122 1
105 58 61 47.000000
1123 1
206 70 74 21.000000
1124 1
115 20 51 21.000000
1125 1
151 71 53 26.000000
1126 1
102 24 63 24.000000
1127 1
79 74 102 58.000000
1128 0
1129 1
247 18 99 27.000000
1130 1
16 18 45 24.000000
1131 1
99 23 45 28.000000
1132 1
46 78 87 37.000000
1133 1
278 64 58 25.000000
1134 2
202 10 37 84.500000
203 10 37 155.500000
1135 0
1136 0
1137 1
61 26 38 29.000000
1138 0
1139 1
99 77 96 34.000000
1140 0
1141 1
123 79 101 30.000000
1142 1
60 85 65 39.000000
1143 1
292 90 43 58.000000
1144 1
109 43 57 98.000000
1145 0
1146 0
1147 1
71 23 56 180.000000
1148 1
230 72 106 22.000000
1149 1
42 80 76 22.000000
1150 1
296 77 94 118.000000
1151 1
132 41 55 93.000000
1152 1
285 77 103 29.000000
1153 1
134 100 74 32.000000
1154 1
136 30 20 25.000000
1155 1
129 15 99 35.000000
1156 0
1157 1
95 40 38 45.000000
1158 1
133 64 65 69.000000
1159 1
130 23 111 23.000000
1160 1
141 63 70 34.000000
1161 1
112 32 101 28.000000
1162 2
283 69 65 67.000000
284 69 65 26.000000
1163 1
87 95 67 22.000000
1164 1
96 78 87 76.000000
1165 1
78 44 99 20.000000
1166 0
1167 1
107 65 76 56.000000
1168 1
139 37 18 21.000000
1169 1
61 75 114 28.000000
1170 1
187 75 102 25.000000
1171 1
126 78 87 24.000000
1172 1
87 70 74 39.000000
1173 1
153 39 89 23.000000
1174 1
73 102 10 23.000000
1175 1
298 105 15 40.000000
1176 1
271 41 46 20.000000
1177 1
258 94 71 21.000000
1178 1
140 55 27 29.000000
1179 1
58 67 63 30.000000
1180 1
157 100 74 34.000000
1181 1
97 85 65 23.000000
1182 1
131 15 42 29.000000
1183 1
146 9 24 30.000000
1184 1
92 80 79 25.000000
1185 1
294 100 19 48.000000
1186 1
220 26 111 26.000000
1187 1
113 72 88 40.000000
1188 1
193 20 47 25.000000
1189 0
1190 1
55 77 79 31.000000
1191 1
44 82 103 122.000000
1192 1
176 16 23 94.000000
1193 1
80 74 108 28.000000
1194 1
91 25 84 42.000000
1195 1
151 16 93 21.000000
1196 1
264 89 72 29.000000
1197 0
1198 0
1199 1
118 38 109 22.000000
1200 0
1201 1
97 20 51 23.000000
1202 1
251 23 114 27.000000
1203 1
74 72 8 44.000000
1204 1
132 80 55 27.000000
1205 1
101 61 72 26.000000
1206 1
103 72 106 26.000000
1207 1
118 84 103 37.000000
1208 1
92 84 105 66.000000
1209 1
252 60 12 20.000000
1210 1
79 96 80 23.000000
1211 1
48 64 65 31.000000
1212 1
110 66 39 26.000000
1213 1
144 50 51 21.000000
1214 0
1215 1
155 38 62 25.000000
1216 1
104 79 62 20.000000
1217 1
57 68 71 28.000000
1218 1
133 60 57 21.000000
1219 1
268 58 67 49.000000
1220 0
1221 1
232 14 113 42.000000
1222 2
161 62 33 199.000000
162 62 33 18.000000
1223 1
106 70 74 23.000000
1224 1
22 61 58 26.000000
1225 2
92 60 57 14.500000
93 60 57 6.500000
1226 1
210 82 45 26.000000
1227 1
121 72 58 21.000000
1228 0
1229 1
132 14 39 36.000000
1230 1
70 15 59 32.000000
1231 0
1232 1
39 95 71 23.000000
1233 1
124 90 67 21.000000
1234 1
64 68 71 47.000000
1235 0
1236 1
226 19 28 21.000000
1237 1
264 108 16 34.000000
1238 2
120 22 104 75.500000
121 22 104 41.500000
1239 0
1240 1
48 75 73 43.000000
1241 1
67 66 77 122.000000
1242 1
108 94 72 24.000000
1243 1
123 90 27 87.000000
1244 1
120 65 76 23.000000
1245 1
96 60 44 32.000000
1246 1
96 51 48 23.000000
1247 0
1248 1
119 73 68 73.000000
1249 1
156 16 93 58.000000
1250 1
55 71 57 32.000000
1251 0
1252 1
76 18 114 74.000000
1253 0
1254 1
126 66 64 39.000000
1255 0
1256 2
111 91 75 27.000000
112 91 75 152.000000
1257 1
121 84 103 63.000000
1258 1
115 77 79 31.000000
1259 0
1260 1
76 77 117 21.000000
1261 1
240 44 34 21.000000
1262 1
99 14 113 33.000000
1263 1
48 66 57 21.000000
1264 1
108 14 113 34.000000
1265 1
85 81 110 24.000000
1266 1
140 15 42 23.000000
1267 0
1268 1
28 78 90 24.000000
1269 1
88 77 62 69.000000
1270 1
113 84 77 35.000000
1271 1
141 54 68 23.000000
1272 0
1273 1
121 15 42 32.000000
1274 1
88 95 67 30.000000
1275 1
103 74 73 22.000000
1276 1
76 21 107 20.000000
1277 1
209 15 99 21.000000
1278 0
1279 1
235 67 66 22.000000
1280 1
55 68 71 22.000000
1281 1
106 49 41 31.000000
1282 1
172 52 45 65.000000
1283 1
4 81 74 21.000000
1284 0
1285 1
139 18 86 46.000000
1286 1
115 100 74 27.000000
1287 1
108 65 43 22.000000
1288 1
212 62 33 24.000000
1289 2
294 18 45 84.500000
295 18 45 5.500000
1290 1
80 82 96 49.000000
1291 1
5 67 51 31.000000
1292 1
53 71 74 45.000000
1293 1
121 15 42 32.000000
1294 1
158 54 68 40.000000
1295 1
169 63 64 33.000000
1296 0
1297 1
122 32 109 23.000000
1298 1
144 78 110 27.000000
1299 1
88 84 77 24.000000
1300 1
96 79 86 33.000000
1301 0
1302 1
122 63 66 118.000000
1303 1
121 63 37 31.000000
1304 1
250 27 114 33.000000
1305 1
57 65 69 23.000000
1306 1
62 52 103 24.000000
1307 1
185 71 102 24.000000
1308 1
274 88 34 24.000000
1309 0
1310 0
1311 1
81 75 58 32.000000
1312 1
160 52 62 54.000000
1313 1
156 19 108 22.000000
1314 1
58 15 42 30.000000
1315 1
87 20 111 33.000000
1316 1
157 19 29 40.000000
1317 1
288 55 94 26.000000
1318 0
1319 1
170 24 38 44.000000
1320 1
62 62 53 20.000000
1321 1
52 14 33 21.000000
1322 1
102 85 54 67.000000
1323 1
221 14 113 49.000000
1324 0
1325 1
213 19 114 21.000000
1326 1
77 79 79 21.000000
1327 0
1328 1
248 16 102 45.000000
1329 1
84 28 114 20.000000
1330 1
97 109 68 23.000000
1331 1
95 51 79 30.000000
1332 0
1333 1
271 34 90 21.000000
1334 0
1335 1
131 16 97 29.000000
1336 1
93 30 49 34.000000
1337 0
1338 1
179 14 39 22.000000
1339 1
57 95 78 31.000000
1340 1
36 51 79 30.000000
1341 1
160 77 92 52.000000
1342 1
75 78 110 24.000000
1343 1
88 54 68 22.000000
1344 1
66 17 110 31.000000
1345 1
295 27 49 22.000000
1346 1
149 77 79 24.000000
1347 1
75 71 57 29.000000
1348 0
1349 1
168 65 76 25.000000
1350 1
114 48 86 20.000000
1351 0
1352 1
245 92 81 23.000000
1353 1
106 98 76 22.000000
1354 0
1355 1
106 60 44 20.000000
1356 1
66 77 56 21.000000
1357 1
236 26 95 32.000000
1358 1
119 73 20 77.000000
1359 2
31 76 67 88.500000
36 76 67 13.500000
1360 1
95 79 95 26.000000
1361 1
208 14 113 51.000000
1362 1
295 70 76 34.000000
1363 1
122 20 47 31.000000
1364 1
133 80 76 100.000000
1365 1
166 77 56 31.000000
1366 1
89 27 87 37.000000
1367 0
1368 1
127 20 47 49.000000
1369 1
289 83 17 33.000000
1370 1
32 10 91 64.000000
1371 1
119 84 105 32.000000
1372 1
61 41 109 24.000000
1373 1
70 15 99 45.000000
1374 1
260 92 67 25.000000
1375 1
133 29 114 31.000000
1376 1
295 28 104 21.000000
1377 1
126 40 36 21.000000
1378 1
106 67 74 25.000000
1379 1
119 53 92 82.000000
1380 1
265 67 75 22.000000
1381 1
261 14 49 32.000000
1382 1
36 77 62 41.000000
1383 1
71 51 15 24.000000
1384 1
82 20 106 21.000000
1385 1
13 23 111 28.000000
1386 1
275 77 52 33.000000
1387 1
101 91 75 49.000000
1388 1
273 43 73 27.000000
1389 1
115 77 45 24.000000
1390 1
180 22 97 23.000000
1391 1
118 14 113 38.000000
1392 1
21 81 114 54.000000
1393 1
72 81 85 56.000000
1394 1
50 77 79 66.000000
1395 0
1396 1
60 52 103 24.000000
1397 0
1398 1
129 15 42 20.000000
1399 1
116 100 74 31.000000
1400 1
160 15 96 35.000000
1401 1
21 71 72 20.000000
1402 1
144 32 43 33.000000
1403 1
121 32 107 27.000000
1404 1
54 48 76 44.000000
1405 1
254 73 59 50.000000
1406 1
113 22 104 50.000000
1407 1
147 96 71 20.000000
1408 1
125 32 101 24.000000
1409 1
103 69 94 50.000000
1410 1
66 21 111 30.000000
1411 0
1412 1
74 78 72 45.000000
1413 1
114 29 23 25.000000
1414 1
92 20 47 28.000000
1415 1
259 86 106 32.000000
1416 1
134 82 45 33.000000
1417 1
91 71 72 33.000000
1418 1
96 46 37 96.000000
1419 1
152 63 70 37.000000
1420 1
275 87 103 21.000000
1421 1
100 103 54 22.000000
1422 1
114 100 74 35.000000
1423 1
151 74 102 28.000000
1424 1
125 18 84 23.000000
1425 1
89 95 67 50.000000
1426 1
166 16 113 37.000000
1427 1
83 52 89 21.000000
1428 2
120 22 50 99.500000
121 22 50 32.500000
1429 1
152 14 39 21.000000
1430 1
161 23 45 30.000000
1431 1
259 56 56 75.000000
1432 1
224 20 35 27.000000
1433 1
108 37 69 21.000000
1434 1
196 38 109 53.000000
1435 1
116 20 106 50.000000
1436 1
208 19 75 30.000000
1437 1
251 111 84 24.000000
1438 1
112 110 46 27.000000
1439 1
53 81 110 30.000000
1440 1
78 95 67 26.000000
1441 1
32 70 58 34.000000
1442 0
1443 0
1444 1
233 91 65 36.000000
1445 1
69 84 12 40.000000
1446 1
246 26 38 47.000000
1447 1
244 99 72 21.000000
1448 1
263 9 34 59.000000
1449 0
1450 1
13 89 114 32.000000
1451 1
86 61 60 53.000000
1452 1
291 73 68 21.000000
1453 1
85 98 45 32.000000
1454 2
289 73 63 85.000000
290 73 63 155.000000
1455 1
290 73 71 26.000000
1456 1
292 24 65 23.000000
1457 1
136 70 48 55.000000
1458 1
106 16 113 23.000000
1459 1
178 45 19 32.000000
1460 1
123 71 102 50.000000
1461 1
99 93 83 27.000000
1462 1
284 18 34 27.000000
1463 0
1464 1
62 20 106 21.000000
1465 1
45 71 61 28.000000
1466 1
251 71 72 24.000000
1467 1
126 50 51 20.000000
1468 1
213 29 35 24.000000
1469 1
158 105 40 25.000000
1470 1
207 106 64 40.000000
1471 1
259 37 65 25.000000
1472 1
118 58 61 81.000000
1473 1
265 57 33 42.000000
1474 1
64 29 112 149.000000
1475 1
24 28 114 28.000000
1476 2
125 70 63 160.000000
126 70 63 44.000000
1477 1
110 25 99 28.000000
1478 1
107 79 57 24.000000
1479 1
150 26 32 24.000000
1480 1
214 72 56 25.000000
1481 0
1482 1
104 79 86 30.000000
1483 1
114 28 114 25.000000
1484 1
40 83 109 69.000000
1485 1
242 73 36 24.000000
1486 0
1487 1
130 67 45 23.000000
1488 1
40 82 81 27.000000
1489 1
139 26 71 29.000000
1490 1
132 83 109 31.000000
1491 0
1492 0
1493 1
95 87 103 40.000000
1494 1
87 75 73 24.000000
1495 1
281 71 100 22.000000
1496 1
83 71 53 21.000000
1497 1
48 68 83 137.000000
1498 1
258 75 58 44.000000
1499 1
101 94 65 24.000000
1500 1
250 32 101 30.000000
1501 1
122 11 98 22.000000
1502 1
209 73 67 35.000000
1503 1
193 72 106 36.000000
1504 0
1505 2
111 71 72 97.000000
112 71 72 36.000000
1506 1
132 30 20 93.000000
1507 1
138 54 65 25.000000
1508 1
149 23 45 21.000000
1509 0
1510 0
1511 1
66 78 110 137.000000
1512 1
117 75 102 20.000000
1513 1
43 99 29 90.000000
1514 1
232 81 83 26.000000
1515 1
155 30 84 26.000000
1516 1
55 70 64 28.000000
1517 0
1518 1
69 64 85 29.000000
1519 1
77 18 109 28.000000
1520 1
168 28 11 21.000000
1521 0
1522 1
222 100 74 26.000000
1523 1
85 67 45 46.000000
1524 1
137 15 42 57.000000
1525 1
28 77 27 74.000000
1526 0
1527 1
78 14 113 31.000000
1528 1
140 34 97 81.000000
1529 1
94 82 68 22.000000
1530 1
90 66 58 25.000000
1531 1
118 74 108 22.000000
1532 1
32 90 67 37.000000
1533 0
1534 0
1535 1
121 21 111 23.000000
1536 1
158 47 55 51.000000
1537 1
82 50 51 43.000000
1538 1
82 20 119 20.000000
1539 1
152 60 36 37.000000
1540 1
61 72 81 24.000000
1541 1
73 59 110 27.000000
1542 1
265 17 31 29.000000
1543 1
124 63 99 52.000000
1544 1
284 78 107 63.000000
1545 1
272 20 47 47.000000
1546 1
131 96 80 24.000000
1547 1
113 54 68 30.000000
1548 1
152 41 55 23.000000
1549 1
59 94 36 42.000000
1550 1
134 71 53 75.000000
1551 1
298 36 35 22.000000
1552 1
93 70 63 24.000000
1553 1
102 33 105 24.000000
1554 1
135 77 79 23.000000
1555 1
83 21 44 37.000000
1556 1
271 91 63 27.000000
1557 1
128 29 96 59.000000
1558 1
178 66 74 21.000000
1559 1
257 17 56 35.000000
1560 1
97 85 86 26.000000
1561 1
84 58 61 35.000000
1562 1
172 100 74 25.000000
1563 1
230 76 76 21.000000
1564 1
94 22 97 25.000000
1565 2
295 47 68 62.000000
296 47 68 8.000000
1566 1
77 15 99 41.000000
1567 1
102 71 53 27.000000
1568 1
256 6 111 25.000000
1569 1
124 98 15 23.000000
1570 1
203 23 115 31.000000
1571 1
21 71 57 22.000000
1572 1
125 100 74 30.000000
1573 1
214 69 62 22.000000
1574 1
261 74 102 22.000000
1575 1
170 22 97 32.000000
1576 1
272 20 115 23.000000
1577 1
54 23 37 47.000000
1578 1
190 27 114 30.000000
1579 1
97 17 50 33.000000
1580 1
66 67 64 27.000000
1581 1
207 19 29 22.000000
1582 1
58 74 102 26.000000
1583 1
53 84 106 37.000000
1584 1
140 94 65 36.000000
1585 1
118 96 80 23.000000
1586 1
249 33 118 27.000000
1587 1
100 77 58 23.000000
1588 1
157 75 74 26.000000
1589 1
91 71 53 30.000000
1590 1
96 96 11 34.000000
1591 1
209 105 105 26.000000
1592 1
125 31 43 33.000000
1593 0
1594 1
79 33 47 28.000000
1595 1
277 20 35 26.000000
1596 0
1597 1
200 92 67 27.000000
1598 1
48 75 111 26.000000
1599 1
107 85 43 27.000000
1600 1
100 22 50 28.000000
1601 0
1602 1
64 68 71 33.000000
1603 1
46 76 67 37.000000
1604 0
1605 1
285 47 11 30.000000
1606 1
251 92 99 23.000000
1607 2
165 67 86 90.500000
166 67 86 19.500000
1608 1
257 76 23 22.000000
1609 1
119 63 64 37.000000
1610 1
82 90 67 22.000000
1611 1
218 94 87 42.000000
1612 1
141 75 74 41.000000
1613 1
125 47 57 88.000000
1614 1
146 69 74 37.000000
1615 1
103 73 68 46.000000
1616 0
1617 1
178 55 94 33.000000
1618 1
140 74 102 36.000000
1619 1
122 91 63 23.000000
1620 0
1621 1
191 94 65 74.000000
1622 1
275 31 102 95.000000
1623 1
82 90 67 53.000000
1624 1
263 79 95 40.000000
1625 1
249 14 39 23.000000
1626 1
101 93 96 28.000000
1627 2
254 78 72 99.000000
255 78 72 107.000000
1628 1
112 64 53 24.000000
1629 1
141 13 77 20.000000
1630 1
133 91 75 26.000000
1631 0
1632 1
22 64 72 21.000000
1633 1
117 17 41 32.000000
1634 1
87 60 49 30.000000
1635 1
256 20 106 28.000000
1636 1
263 9 43 21.000000
1637 1
30 76 65 24.000000
1638 1
73 69 74 41.000000
1639 1
112 90 27 22.000000
1640 1
52 60 21 71.000000
1641 1
91 26 104 26.000000
1642 1
71 73 79 73.000000
1643 1
166 18 86 21.000000
1644 1
62 101 95 34.000000
1645 1
54 70 74 30.000000
1646 1
39 33 77 46.000000
1647 1
124 61 116 55.000000
1648 1
244 68 59 20.000000
1649 1
133 109 106 22.000000
1650 1
63 19 119 73.000000
1651 1
157 69 94 20.000000
1652 0
1653 1
261 26 85 23.000000
1654 1
100 22 97 48.000000
1655 1
68 58 110 29.000000
1656 1
133 64 42 60.000000
1657 1
108 59 103 34.000000
1658 1
296 46 55 24.000000
1659 2
39 73 68 98.000000
40 73 68 27.000000
1660 1
282 20 106 21.000000
1661 1
70 102 68 21.000000
1662 1
16 76 59 25.000000
1663 1
75 30 39 20.000000
1664 0
1665 0
1666 1
294 50 82 25.000000
1667 1
71 45 71 24.000000
1668 0
1669 1
159 97 46 35.000000
1670 1
298 14 109 22.000000
1671 1
153 99 72 23.000000
1672 1
258 16 102 27.000000
1673 1
104 61 35 47.000000
1674 1
107 95 54 92.000000
1675 1
119 74 102 126.000000
1676 1
124 63 99 23.000000
1677 1
120 75 78 97.000000
1678 1
47 76 87 21.000000
1679 1
75 62 85 49.000000
1680 1
39 94 72 23.000000
1681 1
22 34 112 21.000000
1682 1
123 49 113 28.000000
1683 1
96 47 43 21.000000
1684 1
116 56 56 21.000000
1685 1
259 48 48 24.000000
1686 1
221 101 62 81.000000
1687 1
241 91 59 30.000000
1688 1
93 73 71 28.000000
1689 1
86 68 57 23.000000
1690 1
271 31 86 41.000000
1691 1
115 37 65 65.000000
1692 0
1693 1
127 77 45 58.000000
1694 0
1695 1
196 56 56 34.000000
1696 1
114 78 87 32.000000
1697 1
154 41 86 22.000000
1698 1
86 77 113 33.000000
1699 1
40 94 71 75.000000
1700 1
89 23 107 26.000000
1701 1
112 103 108 148.000000
1702 1
242 100 74 24.000000
1703 1
269 17 56 45.000000
1704 0
1705 1
84 68 59 27.000000
1706 1
267 85 65 38.000000
1707 0
1708 1
85 7 97 22.000000
1709 1
197 15 42 79.000000
1710 1
76 58 117 24.000000
1711 1
142 91 75 197.000000
1712 1
82 60 51 46.000000
1713 1
9 63 62 90.000000
1714 1
62 20 47 51.000000
1715 1
183 81 110 24.000000
1716 1
176 28 114 36.000000
1717 1
151 54 8 20.000000
1718 1
231 13 77 32.000000
1719 1
122 21 21 41.000000
1720 1
293 19 93 35.000000
1721 1
156 71 53 113.000000
1722 0
1723 1
92 61 78 33.000000
1724 1
138 34 78 25.000000
1725 1
181 86 99 27.000000
1726 1
102 70 63 92.000000
1727 1
124 71 53 20.000000
1728 1
91 72 50 23.000000
1729 2
233 19 101 94.500000
234 19 101 145.500000
1730 0
1731 0
1732 1
253 99 72 92.000000
1733 1
78 34 104 38.000000
1734 1
55 77 79 30.000000
1735 1
86 66 58 26.000000
1736 1
79 28 114 36.000000
1737 2
263 9 43 74.500000
264 9 43 4.500000
1738 2
81 73 68 19.000000
82 73 68 14.000000
1739 1
154 31 102 63.000000
1740 1
152 92 8 24.000000
1741 1
269 75 32 41.000000
1742 1
201 55 16 48.000000
1743 1
133 99 86 21.000000
1744 1
197 28 114 63.000000
1745 1
56 61 72 52.000000
1746 1
62 100 74 29.000000
1747 1
129 15 42 45.000000
1748 1
92 10 113 31.000000
1749 1
80 77 79 90.000000
1750 1
127 78 110 24.000000
1751 1
136 71 53 45.000000
1752 1
150 64 65 48.000000
1753 0
1754 1
119 94 72 38.000000
1755 2
124 78 110 105.000000
125 78 110 74.000000
1756 1
82 72 118 39.000000
1757 1
102 90 67 64.000000
1758 1
124 22 104 31.000000
1759 1
290 82 25 25.000000
1760 1
74 58 61 27.000000
1761 1
230 75 52 37.000000
1762 2
116 16 97 98.500000
117 16 97 6.500000
1763 1
196 81 110 22.000000
1764 1
236 86 99 36.000000
1765 1
110 63 64 33.000000
1766 1
105 58 56 21.000000
1767 1
125 67 86 21.000000
1768 1
75 17 108 32.000000
1769 1
143 33 47 190.000000
1770 0
1771 1
139 95 67 32.000000
1772 1
103 60 57 32.000000
1773 1
120 83 109 21.000000
1774 1
68 79 101 23.000000
1775 1
260 77 62 20.000000
1776 0
1777 1
67 105 63 27.000000
1778 0
1779 1
159 33 61 25.000000
1780 1
30 6 86 26.000000
1781 1
136 18 34 35.000000
1782 1
149 15 42 85.000000
1783 1
279 95 78 32.000000
1784 1
91 21 44 48.000000
1785 1
241 21 116 48.000000
1786 1
218 94 71 21.000000
1787 1
260 64 97 42.000000
1788 1
287 56 47 45.000000
1789 0
1790 1
293 91 82 33.000000
1791 1
64 60 49 31.000000
1792 1
249 93 45 30.000000
1793 1
120 37 114 28.000000
1794 1
142 33 105 26.000000
1795 1
93 52 76 26.000000
1796 1
94 99 32 85.000000
1797 1
110 22 104 22.000000
1798 1
21 11 38 29.000000
1799 0
1800 1
100 32 109 21.000000
1801 0
1802 1
273 93 34 22.000000
1803 1
267 75 114 69.000000
1804 1
103 19 82 24.000000
1805 1
293 70 53 25.000000
1806 1
60 14 113 21.000000
1807 1
102 83 39 25.000000
1808 1
122 15 42 21.000000
1809 1
86 71 53 23.000000
1810 0
1811 1
283 9 108 31.000000
1812 1
223 79 17 24.000000
1813 1
148 29 35 82.000000
1814 1
226 98 8 26.000000
1815 1
126 28 104 35.000000
1816 1
110 82 73 20.000000
1817 1
160 22 104 56.000000
1818 1
189 14 113 22.000000
1819 1
225 61 65 24.000000
1820 1
63 39 105 28.000000
1821 1
226 59 73 33.000000
1822 1
242 60 62 21.000000
1823 0
1824 1
261 21 44 20.000000
1825 1
117 75 58 25.000000
1826 1
131 71 51 107.000000
1827 1
44 68 55 23.000000
1828 1
104 33 42 32.000000
1829 1
128 16 113 39.000000
1830 1
296 26 44 33.000000
1831 1
99 78 110 23.000000
1832 1
127 50 94 25.000000
1833 0
1834 1
228 64 63 44.000000
1835 1
82 32 109 181.000000
1836 2
105 31 55 172.000000
106 31 55 3.000000
1837 1
102 72 88 55.000000
1838 1
162 100 74 45.000000
1839 1
93 59 73 35.000000
1840 0
1841 1
80 33 106 25.000000
1842 1
211 86 21 25.000000
1843 1
146 21 44 46.000000
1844 0
1845 1
67 27 62 20.000000
1846 2
268 67 45 194.000000
269 67 45 46.000000
1847 1
97 19 108 50.000000
1848 1
284 91 61 120.000000
1849 0
1850 1
157 59 56 28.000000
1851 1
137 26 100 67.000000
1852 1
112 31 112 35.000000
1853 0
1854 0
1855 1
66 67 86 97.000000
1856 1
53 19 117 37.000000
1857 1
133 79 64 48.000000
1858 1
195 108 16 21.000000
1859 1
68 84 87 28.000000
1860 1
233 71 53 23.000000
1861 1
289 34 98 37.000000
1862 0
1863 1
48 44 74 48.000000
1864 1
130 14 113 33.000000
1865 1
99 73 43 30.000000
1866 1
43 74 104 20.000000
1867 1
8 64 59 29.000000
1868 1
106 90 67 28.000000
1869 1
109 17 50 26.000000
1870 1
298 44 79 22.000000
1871 1
76 49 60 54.000000
1872 1
74 72 75 20.000000
1873 1
272 13 45 53.000000
1874 1
284 68 70 55.000000
1875 1
138 14 113 26.000000
1876 1
123 90 67 47.000000
1877 1
221 14 39 29.000000
1878 1
64 61 60 22.000000
1879 1
56 79 44 27.000000
1880 1
51 51 32 43.000000
1881 0
1882 1
20 102 79 24.000000
1883 1
84 32 109 21.000000
1884 1
146 70 53 34.000000
1885 1
88 14 113 25.000000
1886 1
8 36 117 67.000000
1887 1
31 71 53 29.000000
1888 1
62 52 43 23.000000
1889 1
26 67 58 54.000000
1890 1
77 79 64 23.000000
1891 1
24 101 99 22.000000
1892 1
257 107 104 44.000000
1893 1
54 58 61 25.000000
1894 1
126 90 69 21.000000
1895 0
1896 1
51 96 80 22.000000
1897 1
105 78 90 36.000000
1898 1
133 71 72 28.000000
1899 1
119 74 108 64.000000
1900 1
45 87 103 71.000000
1901 1
145 79 102 111.000000
1902 1
277 45 91 22.000000
1903 1
122 65 106 26.000000
1904 1
111 63 70 23.000000
1905 1
219 38 109 21.000000
1906 1
63 80 61 63.000000
1907 1
160 74 102 24.000000
1908 1
5 59 65 83.000000
1909 1
138 77 79 25.000000
1910 1
55 77 79 28.000000
1911 1
97 87 79 27.000000
1912 1
64 18 70 37.000000
1913 1
70 52 62 43.000000
1914 1
229 44 13 78.000000
1915 1
265 57 69 39.000000
1916 1
121 72 88 24.000000
1917 0
1918 1
280 62 43 20.000000
1919 1
253 99 52 57.000000
1920 1
293 19 82 83.000000
1921 0
1922 1
32 84 77 40.000000
1923 1
120 82 81 20.000000
1924 1
89 75 58 49.000000
1925 0
1926 1
5 72 75 30.000000
1927 1
118 94 72 22.000000
1928 1
112 54 89 52.000000
1929 1
91 86 68 20.000000
1930 1
111 91 75 72.000000
1931 1
70 32 70 23.000000
1932 2
121 71 53 171.000000
122 71 53 69.000000
1933 0
1934 1
51 21 69 28.000000
1935 1
103 19 29 29.000000
1936 1
158 74 108 61.000000
1937 1
110 77 79 28.000000
1938 1
41 71 72 27.000000
1939 0
1940 1
110 92 81 38.000000
1941 1
282 33 76 64.000000
1942 1
168 17 41 67.000000
1943 1
287 75 67 21.000000
1944 1
56 77 56 53.000000
1945 1
50 102 12 62.000000
1946 1
101 51 79 42.000000
1947 1
183 23 45 69.000000
1948 1
96 19 101 24.000000
1949 1
67 65 76 31.000000
1950 1
86 18 102 34.000000
1951 1
68 84 108 32.000000
1952 1
288 86 21 62.000000
1953 1
90 14 39 21.000000
1954 1
233 71 102 83.000000
1955 0
1956 1
140 75 102 30.000000
1957 1
247 105 40 98.000000
1958 1
287 36 56 67.000000
1959 0
1960 1
84 30 27 49.000000
1961 1
99 74 117 85.000000
1962 1
246 18 34 21.000000
1963 0
1964 1
111 21 44 49.000000
1965 1
137 16 78 110.000000
1966 1
283 71 42 46.000000
1967 1
200 95 100 24.000000
1968 1
77 57 71 47.000000
1969 1
211 31 102 21.000000
1970 1
164 23 45 49.000000
1971 0
1972 1
117 77 52 22.000000
1973 1
16 21 118 35.000000
1974 1
107 65 95 31.000000
1975 0
1976 1
81 23 111 21.000000
1977 1
209 28 114 21.000000
1978 0
1979 0
1980 0
1981 1
132 22 97 23.000000
1982 0
1983 1
51 31 71 51.000000
1984 1
105 78 97 31.000000
1985 1
120 72 106 20.000000
1986 1
38 64 65 24.000000
1987 1
19 14 110 27.000000
1988 1
239 15 42 20.000000
1989 0
1990 1
279 17 98 35.000000
1991 1
273 70 48 24.000000
1992 1
102 93 67 40.000000
1993 1
52 65 73 21.000000
1994 0
1995 1
280 95 83 21.000000
1996 1
68 44 99 26.000000
1997 1
115 68 55 34.000000
1998 1
73 89 61 21.000000
1999 1
94 28 113 21.000000
2000 1
74 79 102 22.000000
2001 0
2002 1
149 45 72 27.000000
2003 1
120 56 56 36.000000
2004 1
134 28 113 30.000000
2005 0
2006 1
25 70 68 27.000000
2007 1
99 15 42 22.000000
2008 1
96 86 68 26.000000
2009 1
275 21 59 27.000000
2010 1
43 90 78 23.000000
2011 1
69 84 105 24.000000
2012 1
78 24 50 37.000000
2013 1
298 55 63 37.000000
2014 1
53 109 68 21.000000
2015 0
2016 1
288 38 74 40.000000
2017 1
197 57 63 33.000000
2018 0
2019 1
157 98 76 21.000000
2020 1
176 79 101 51.000000
2021 1
139 17 50 22.000000
2022 2
178 74 108 99.500000
179 74 108 62.500000
2023 1
232 43 105 26.000000
2024 1
92 50 98 64.000000
2025 1
252 23 108 24.000000
2026 0
2027 1
92 60 57 58.000000
2028 0
2029 0
2030 1
290 13 45 75.000000
2031 2
163 63 70 202.000000
164 63 70 38.000000
2032 1
31 81 110 64.000000
2033 1
299 23 107 53.000000
2034 1
73 91 75 34.000000
2035 1
19 5 108 29.000000
2036 1
38 85 65 78.000000
2037 1
148 15 42 27.000000
2038 2
33 80 86 163.000000
34 80 86 77.000000
2039 1
90 83 89 24.000000
2040 0
2041 1
171 64 58 23.000000
2042 1
137 65 85 20.000000
2043 0
2044 1
83 69 74 20.000000
2045 1
270 52 62 59.000000
2046 1
109 66 58 21.000000
2047 1
69 74 108 34.000000
2048 1
125 59 74 33.000000
2049 1
118 17 41 20.000000
2050 1
279 57 71 26.000000
2051 1
268 77 58 48.000000
2052 1
284 68 59 28.000000
2053 1
43 9 29 27.000000
2054 1
213 89 105 27.000000
2055 1
141 22 98 27.000000
2056 1
9 74 47 22.000000
2057 1
56 69 74 116.000000
2058 1
148 17 50 22.000000
2059 1
32 80 28 24.000000
2060 1
103 64 65 104.000000
2061 0
2062 1
122 11 104 38.000000
2063 1
187 15 42 35.000000
2064 1
152 84 105 20.000000
2065 1
139 67 98 32.000000
2066 1
131 31 112 27.000000
2067 1
198 28 114 24.000000
2068 1
288 85 51 21.000000
2069 1
225 77 79 25.000000
2070 1
13 33 106 24.000000
2071 1
246 28 114 24.000000
2072 1
189 28 46 32.000000
2073 1
239 58 74 21.000000
2074 1
165 28 114 27.000000
2075 1
158 34 97 34.000000
2076 1
289 34 103 136.000000
2077 0
2078 1
39 75 73 22.000000
2079 1
267 36 42 31.000000
2080 1
152 100 74 55.000000
2081 1
112 64 65 25.000000
2082 1
293 24 47 28.000000
2083 1
63 24 50 25.000000
2084 1
73 82 81 24.000000
2085 1
87 55 59 38.000000
2086 2
142 91 75 1.000000
143 91 75 43.000000
2087 1
52 72 56 21.000000
2088 0
2089 1
164 58 19 30.000000
2090 1
294 78 87 43.000000
2091 1
268 56 97 28.000000
2092 1
144 69 14 39.000000
2093 1
86 106 64 33.000000
2094 1
274 88 63 28.000000
2095 1
143 49 38 21.000000
2096 1
185 100 74 36.000000
2097 1
222 15 42 82.000000
2098 1
241 74 72 30.000000
2099 1
154 20 106 21.000000
2100 1
86 87 74 24.000000
2101 1
160 27 114 21.000000
2102 1
44 78 110 74.000000
2103 1
165 28 114 21.000000
2104 1
255 62 43 34.000000
2105 1
46 56 76 31.000000
2106 0
2107 1
95 77 58 23.000000
2108 0
2109 1
55 50 70 25.000000
2110 1
238 14 113 115.000000
2111 1
35 71 93 34.000000
2112 1
284 68 87 23.000000
2113 1
276 17 110 20.000000
2114 1
106 97 88 34.000000
2115 1
62 73 71 26.000000
2116 1
90 72 75 22.000000
2117 1
234 71 53 21.000000
2118 0
2119 1
240 72 118 23.000000
2120 1
63 73 71 21.000000
2121 1
120 72 118 24.000000
2122 1
108 58 107 26.000000
2123 1
238 14 113 20.000000
2124 1
135 70 53 32.000000
2125 0
2126 0
2127 1
165 11 104 68.000000
2128 1
60 85 50 21.000000
2129 1
80 73 99 34.000000
2130 1
88 28 114 23.000000
2131 1
185 87 46 27.000000
2132 1
66 79 44 33.000000
2133 1
79 95 20 56.000000
2134 1
210 74 102 123.000000
2135 1
226 16 113 52.000000
2136 1
152 52 75 22.000000
2137 1
271 11 98 45.000000
2138 1
164 58 61 57.000000
2139 1
157 38 111 20.000000
2140 1
39 16 107 29.000000
2141 1
65 70 58 22.000000
2142 0
2143 0
2144 1
30 76 39 33.000000
2145 1
109 77 58 72.000000
2146 1
158 78 72 21.000000
2147 0
2148 1
137 96 79 44.000000
2149 1
154 89 76 49.000000
2150 0
2151 1
148 98 76 36.000000
2152 1
114 38 111 31.000000
2153 1
139 23 100 26.000000
2154 0
2155 0
2156 1
298 36 93 25.000000
2157 1
62 35 75 37.000000
2158 1
60 17 50 27.000000
2159 1
123 94 65 55.000000
2160 1
238 77 62 48.000000
2161 1
248 16 73 25.000000
2162 1
178 38 62 29.000000
2163 1
193 29 19 32.000000
2164 1
77 79 78 24.000000
2165 1
259 13 55 28.000000
2166 1
282 20 85 22.000000
2167 1
103 19 88 24.000000
2168 1
78 64 70 22.000000
2169 1
42 63 62 54.000000
2170 1
180 66 64 20.000000
2171 1
162 63 66 59.000000
2172 1
74 108 75 39.000000
2173 1
88 28 113 28.000000
2174 1
93 69 27 28.000000
2175 1
79 36 104 20.000000
2176 1
181 14 113 22.000000
2177 1
214 28 114 20.000000
2178 1
118 96 64 25.000000
2179 1
163 29 114 24.000000
2180 1
186 86 93 27.000000
2181 1
114 58 49 47.000000
2182 1
164 19 29 26.000000
2183 0
2184 0
2185 2
194 98 93 100.000000
195 98 93 12.000000
2186 0
2187 1
180 83 109 24.000000
2188 1
138 14 113 40.000000
2189 1
121 86 93 51.000000
2190 1
288 67 91 40.000000
2191 1
94 58 107 45.000000
2192 1
137 15 42 26.000000
2193 1
142 32 101 33.000000
2194 1
73 69 62 32.000000
2195 0
2196 1
208 15 42 46.000000
2197 1
279 87 109 29.000000
2198 1
246 96 80 67.000000
2199 1
146 100 74 30.000000
2200 0
2201 1
71 71 72 62.000000
2202 1
147 89 65 25.000000
2203 0
2204 1
48 18 95 38.000000
2205 1
109 14 113 27.000000
2206 1
45 77 104 29.000000
2207 1
119 77 79 47.000000
2208 1
222 90 67 31.000000
2209 1
43 72 56 30.000000
2210 0
2211 1
206 71 70 34.000000
2212 0
2213 1
102 32 109 38.000000
2214 1
293 70 74 42.000000
2215 1
288 54 12 41.000000
2216 1
295 77 104 57.000000
2217 1
123 99 32 33.000000
2218 1
163 79 49 76.000000
2219 1
254 68 70 37.000000
2220 0
2221 1
122 61 78 53.000000
2222 1
243 29 61 21.000000
2223 1
166 17 110 22.000000
2224 1
119 28 113 87.000000
2225 1
45 17 31 44.000000
2226 1
99 77 79 22.000000
2227 1
41 21 44 38.000000
2228 1
213 82 45 23.000000
2229 0
2230 1
106 58 56 27.000000
2231 1
174 91 75 23.000000
2232 1
68 88 110 59.000000
2233 1
283 82 93 25.000000
2234 1
90 34 75 21.000000
2235 1
100 7 108 45.000000
2236 1
201 32 22 22.000000
2237 1
109 67 98 20.000000
2238 1
100 73 71 98.000000
2239 1
92 60 102 30.000000
2240 1
156 78 110 29.000000
2241 1
68 14 113 32.000000
2242 1
182 95 108 21.000000
2243 1
82 71 57 51.000000
2244 1
38 38 33 34.000000
2245 1
119 113 67 21.000000
2246 1
118 49 29 44.000000
2247 0
2248 1
240 104 6 37.000000
2249 1
89 103 80 24.000000
2250 1
89 23 33 27.000000
2251 1
126 79 101 82.000000
2252 1
99 34 75 24.000000
2253 1
166 79 35 24.000000
2254 1
128 15 65 28.000000
2255 1
241 51 52 44.000000
2256 1
86 58 61 31.000000
2257 1
199 87 116 38.000000
2258 2
90 22 104 97.500000
91 22 104 35.500000
2259 1
214 19 108 79.000000
2260 1
82 70 53 23.000000
2261 1
289 54 89 29.000000
2262 1
145 38 111 26.000000
2263 1
93 22 50 41.000000
2264 1
57 97 46 28.000000
2265 1
70 86 23 26.000000
2266 1
263 72 75 29.000000
2267 1
85 72 75 33.000000
2268 1
119 17 110 24.000000
2269 1
88 17 110 56.000000
2270 1
164 110 68 52.000000
2271 1
144 28 114 25.000000
2272 1
140 74 108 55.000000
2273 0
2274 1
294 18 102 23.000000
2275 0
2276 1
55 91 33 129.000000
2277 0
2278 1
164 22 50 35.000000
2279 1
232 72 76 39.000000
2280 1
274 78 105 36.000000
2281 1
106 16 97 24.000000
2282 1
130 14 14 32.000000
2283 1
153 12 111 71.000000
2284 1
165 11 104 25.000000
2285 1
246 58 61 49.000000
2286 0
2287 1
36 27 97 55.000000
2288 1
283 60 62 26.000000
2289 1
227 95 78 34.000000
2290 1
114 32 101 34.000000
2291 1
115 68 7 25.000000
2292 1
66 96 79 26.000000
2293 1
295 77 79 31.000000
2294 1
70 22 48 45.000000
2295 1
131 82 51 36.000000
2296 1
68 104 92 35.000000
2297 1
203 83 39 39.000000
2298 1
182 31 17 21.000000
2299 1
99 13 52 29.000000
2300 1
122 75 114 22.000000
2301 1
237 78 97 66.000000
2302 1
225 109 106 28.000000
2303 0
2304 1
296 96 80 25.000000
2305 1
140 87 18 22.000000
2306 1
183 24 38 32.000000
2307 0
2308 1
152 73 68 39.000000
2309 1
9 86 82 26.000000
2310 1
192 14 112 28.000000
2311 1
279 37 108 23.000000
2312 1
172 112 66 29.000000
2313 1
177 77 79 35.000000
2314 0
2315 1
78 48 80 39.000000
2316 1
258 34 117 21.000000
2317 1
78 18 102 23.000000
2318 1
156 39 105 22.000000
2319 1
158 86 72 43.000000
2320 1
243 79 95 28.000000
2321 1
57 78 54 20.000000
2322 1
157 77 92 22.000000
2323 0
2324 0
2325 1
81 11 104 41.000000
2326 0
2327 1
63 22 116 128.000000
2328 1
278 74 108 22.000000
2329 1
238 18 114 20.000000
2330 1
82 80 55 22.000000
2331 1
155 78 110 26.000000
2332 1
110 22 104 39.000000
2333 1
113 40 52 23.000000
2334 1
113 94 65 26.000000
2335 1
124 28 114 48.000000
2336 1
143 89 94 28.000000
2337 1
117 19 73 68.000000
2338 1
240 66 74 27.000000
2339 1
95 7 103 25.000000
2340 1
79 67 74 23.000000
2341 1
87 90 69 22.000000
2342 1
19 86 99 20.000000
2343 1
59 77 103 37.000000
2344 1
230 73 79 20.000000
2345 1
48 84 83 30.000000
2346 0
2347 1
251 24 95 31.000000
2348 1
110 22 50 23.000000
2349 1
49 73 71 20.000000
2350 0
2351 1
285 21 44 75.000000
2352 2
54 18 34 95.500000
55 18 34 67.500000
2353 1
53 19 41 38.000000
2354 1
134 103 47 27.000000
2355 1
61 34 117 31.000000
2356 1
57 28 114 40.000000
2357 2
275 37 104 92.500000
276 37 104 19.500000
2358 1
106 20 65 35.000000
2359 1
183 101 33 69.000000
2360 1
158 65 76 21.000000
2361 0
2362 1
45 87 61 24.000000
2363 1
111 81 110 22.000000
2364 1
269 68 59 26.000000
2365 0
2366 1
192 71 72 24.000000
2367 1
218 104 81 20.000000
2368 1
139 78 51 20.000000
2369 1
181 14 113 33.000000
2370 1
233 69 74 38.000000
2371 1
245 19 37 23.000000
2372 1
35 91 75 21.000000
2373 1
298 15 68 26.000000
2374 2
188 15 42 227.000000
189 15 42 13.000000
2375 1
153 52 103 38.000000
2376 1
104 68 59 29.000000
2377 1
291 21 44 23.000000
2378 1
66 86 114 34.000000
2379 0
2380 1
131 73 83 33.000000
2381 1
124 32 101 37.000000
2382 1
138 39 105 28.000000
2383 1
9 73 71 26.000000
2384 1
92 52 27 29.000000
2385 1
130 24 90 26.000000
2386 1
188 75 102 39.000000
2387 1
72 84 77 32.000000
2388 1
147 57 56 57.000000
2389 1
136 77 103 99.000000
2390 1
190 66 14 22.000000
2391 1
121 21 60 33.000000
2392 1
91 75 114 39.000000
2393 1
148 37 85 94.000000
2394 1
258 44 34 21.000000
2395 2
73 69 35 95.500000
74 69 35 62.500000
2396 1
84 58 117 57.000000
2397 1
298 24 102 26.000000
2398 1
147 19 108 27.000000
2399 1
224 32 101 30.000000
2400 1
106 21 44 74.000000
2401 1
75 70 53 53.000000
2402 0
2403 1
279 46 32 23.000000
2404 1
155 71 72 31.000000
2405 1
69 77 79 69.000000
2406 1
145 42 49 51.000000
2407 1
126 40 52 27.000000
2408 1
60 102 71 30.000000
2409 0
2410 1
96 71 51 30.000000
2411 1
150 96 79 24.000000
2412 1
267 107 82 22.000000
2413 1
17 65 76 30.000000
2414 1
103 63 82 50.000000
2415 1
63 81 85 36.000000
2416 1
139 17 17 27.000000
2417 1
134 41 22 32.000000
2418 2
94 73 71 96.000000
99 73 71 33.000000
2419 1
275 17 98 25.000000
2420 0
2421 0
2422 1
138 66 103 117.000000
2423 1
81 91 75 22.000000
2424 0
2425 1
69 77 58 31.000000
2426 1
163 71 102 30.000000
2427 0
2428 1
133 23 45 26.000000
2429 0
2430 0
2431 1
241 75 34 40.000000
2432 1
192 91 75 26.000000
2433 1
133 64 65 27.000000
2434 1
276 96 74 21.000000
2435 1
224 18 118 24.000000
2436 0
2437 0
2438 1
54 78 90 76.000000
2439 1
95 19 108 33.000000
2440 1
108 18 80 41.000000
2441 1
69 73 71 27.000000
2442 1
241 71 61 26.000000
2443 1
296 38 109 190.000000
2444 1
255 87 74 30.000000
2445 1
290 25 84 27.000000
2446 1
46 80 76 26.000000
2447 1
35 29 35 48.000000
2448 1
170 14 39 21.000000
2449 1
289 67 60 50.000000
2450 1
136 96 79 27.000000
2451 1
274 58 61 29.000000
2452 0
2453 0
2454 2
264 78 112 100.000000
265 78 112 140.000000
2455 1
127 76 9 23.000000
2456 1
201 15 42 22.000000
2457 1
51 91 75 21.000000
2458 1
22 32 50 23.000000
2459 1
245 19 75 51.000000
2460 1
32 61 72 30.000000
2461 1
152 32 109 26.000000
2462 1
166 20 51 20.000000
2463 1
178 96 96 25.000000
2464 1
280 95 83 22.000000
2465 1
138 97 88 27.000000
2466 1
121 71 102 45.000000
2467 1
128 84 87 23.000000
2468 0
2469 1
114 38 109 58.000000
2470 1
103 61 60 23.000000
2471 1
72 22 50 32.000000
2472 1
113 49 113 34.000000
2473 1
84 73 68 50.000000
2474 1
156 69 74 20.000000
2475 1
246 76 76 100.000000
2476 1
135 27 87 41.000000
2477 0
2478 1
119 77 79 21.000000
2479 0
2480 1
122 64 65 31.000000
2481 0
2482 1
96 71 53 25.000000
2483 1
74 88 110 53.000000
2484 1
80 92 87 34.000000
2485 1
76 20 47 36.000000
2486 0
2487 1
265 87 61 31.000000
2488 1
94 48 48 30.000000
2489 0
2490 1
92 60 83 32.000000
2491 1
24 68 44 55.000000
2492 1
100 74 102 86.000000
2493 1
110 56 76 36.000000
2494 1
29 78 87 24.000000
2495 2
190 62 43 98.000000
191 62 43 77.000000
2496 1
209 14 113 38.000000
2497 1
60 72 76 22.000000
2498 1
226 96 57 21.000000
2499 0
2500 1
195 97 6 35.000000
2501 0
2502 1
69 83 109 63.000000
2503 1
76 9 39 50.000000
2504 1
163 63 7 22.000000
2505 1
155 57 56 22.000000
2506 1
19 73 45 23.000000
2507 1
131 75 78 24.000000
2508 1
48 75 73 20.000000
2509 1
135 28 114 42.000000
2510 1
130 34 78 88.000000
2511 0
2512 1
139 15 99 75.000000
2513 1
150 57 81 40.000000
2514 1
49 76 76 26.000000
2515 3
61 66 72 93.000000
66 66 72 93.000000
67 66 72 54.000000
2516 0
2517 1
268 27 87 21.000000
2518 1
151 32 101 44.000000
2519 0
2520 1
104 28 114 22.000000
2521 1
126 27 71 148.000000
2522 1
283 59 96 27.000000
2523 1
80 85 43 21.000000
2524 1
103 73 68 50.000000
2525 1
115 79 101 154.000000
2526 0
2527 1
183 30 84 30.000000
2528 1
182 32 101 46.000000
2529 1
223 89 65 22.000000
2530 0
2531 1
128 78 110 28.000000
2532 0
2533 0
2534 1
228 67 45 115.000000
2535 1
106 81 83 22.000000
2536 1
270 72 75 22.000000
2537 1
112 15 42 49.000000
2538 1
151 14 39 24.000000
2539 1
291 71 61 24.000000
2540 1
284 78 100 30.000000
2541 1
267 75 58 36.000000
2542 1
174 73 68 32.000000
2543 0
2544 1
264 98 93 34.000000
2545 2
258 64 55 73.500000
259 64 55 2.500000
2546 1
43 19 117 23.000000
2547 1
230 66 82 21.000000
2548 1
66 66 58 36.000000
2549 1
258 75 58 55.000000
2550 1
273 49 60 48.000000
2551 1
243 69 60 21.000000
2552 1
118 44 41 21.000000
2553 0
2554 1
133 30 27 30.000000
2555 1
103 12 49 22.000000
2556 1
17 65 94 48.000000
2557 1
90 7 97 26.000000
2558 1
134 32 109 35.000000
2559 1
102 71 53 30.000000
2560 1
69 54 68 28.000000
2561 1
263 92 81 42.000000
2562 1
41 23 113 24.000000
2563 1
77 68 55 37.000000
2564 0
2565 1
133 60 51 36.000000
2566 0
2567 1
36 66 84 22.000000
2568 1
130 83 109 28.000000
2569 1
150 86 72 26.000000
2570 1
148 106 45 52.000000
2571 1
250 7 97 25.000000
2572 1
124 8 50 29.000000
2573 2
75 50 21 139.000000
76 50 21 14.000000
2574 1
224 82 60 22.000000
2575 1
71 35 66 28.000000
2576 1
99 54 65 24.000000
2577 1
138 64 97 21.000000
2578 1
117 78 110 80.000000
2579 1
159 14 113 23.000000
2580 1
238 58 74 29.000000
2581 1
160 82 61 22.000000
2582 1
121 96 79 21.000000
2583 1
271 71 90 24.000000
2584 1
166 78 110 40.000000
2585 0
2586 0
2587 1
108 77 103 25.000000
2588 1
128 94 36 54.000000
2589 1
268 85 35 47.000000
2590 1
111 56 54 23.000000
2591 0
2592 1
116 26 60 23.000000
2593 1
100 83 30 26.000000
2594 1
86 39 89 22.000000
2595 1
77 96 80 22.000000
2596 1
139 74 108 21.000000
2597 1
205 12 11 26.000000
2598 1
263 71 57 22.000000
2599 0
2600 1
63 69 59 34.000000
2601 1
254 38 97 50.000000
2602 1
298 24 118 58.000000
2603 1
75 18 95 26.000000
2604 1
50 104 48 22.000000
2605 1
88 65 95 28.000000
2606 1
170 96 79 24.000000
2607 0
2608 1
140 76 76 24.000000
2609 1
107 75 67 21.000000
2610 1
74 33 45 27.000000
2611 1
168 15 42 69.000000
2612 1
79 63 82 46.000000
2613 1
22 20 115 33.000000
2614 1
126 48 80 59.000000
2615 1
129 94 65 20.000000
2616 1
72 70 63 32.000000
2617 1
88 94 77 31.000000
2618 1
149 93 96 30.000000
2619 1
120 85 65 35.000000
2620 1
292 72 118 122.000000
2621 1
136 21 44 21.000000
2622 1
192 23 45 33.000000
2623 1
21 21 110 30.000000
2624 1
133 73 99 21.000000
2625 1
93 61 72 22.000000
2626 1
73 79 101 23.000000
2627 1
56 10 104 32.000000
2628 1
284 38 57 48.000000
2629 1
142 32 101 25.000000
2630 0
2631 1
96 56 85 26.000000
2632 1
76 29 114 22.000000
2633 1
139 48 76 25.000000
2634 1
110 32 22 29.000000
2635 1
122 24 64 28.000000
2636 1
229 6 111 21.000000
2637 1
179 84 87 21.000000
2638 1
130 15 50 25.000000
2639 1
253 60 57 30.000000
2640 1
118 77 103 34.000000
2641 1
119 64 58 26.000000
2642 1
158 64 97 40.000000
2643 1
121 15 42 50.000000
2644 1
112 22 104 82.000000
2645 1
61 72 58 22.000000
2646 1
94 20 111 21.000000
2647 0
2648 1
165 32 101 40.000000
2649 1
277 36 104 34.000000
2650 1
169 78 110 93.000000
2651 1
257 108 56 29.000000
2652 1
81 16 97 20.000000
2653 1
82 63 70 153.000000
2654 1
169 74 102 21.000000
2655 1
44 88 39 24.000000
2656 1
127 35 9 40.000000
2657 1
242 50 87 29.000000
2658 1
289 87 47 47.000000
2659 0
2660 1
230 3 84 22.000000
2661 0
2662 1
83 69 109 30.000000
2663 1
25 41 53 22.000000
2664 1
84 28 114 23.000000
2665 1
293 29 87 22.000000
2666 1
87 45 108 22.000000
2667 1
79 45 50 26.000000
2668 1
94 58 61 40.000000
2669 1
176 18 42 34.000000
2670 1
115 67 45 55.000000
2671 0
2672 1
119 87 71 32.000000
2673 1
260 23 45 57.000000
2674 1
96 37 105 30.000000
2675 1
271 71 72 35.000000
2676 1
147 17 110 24.000000
2677 1
246 87 109 21.000000
2678 1
140 52 103 21.000000
2679 0
2680 1
266 96 50 25.000000
2681 1
113 90 103 26.000000
2682 1
98 64 65 80.000000
2683 1
184 73 99 29.000000
2684 1
119 94 60 39.000000
2685 1
117 58 49 20.000000
2686 1
42 71 72 21.000000
2687 1
39 15 45 25.000000
2688 1
157 58 61 21.000000
2689 1
149 103 108 50.000000
2690 1
215 30 70 98.000000
2691 0
2692 1
132 61 72 21.000000
2693 1
83 99 72 28.000000
2694 0
2695 1
137 87 61 25.000000
2696 1
258 35 70 23.000000
2697 0
2698 1
91 41 80 44.000000
2699 0
2700 0
2701 1
92 60 57 23.000000
2702 1
156 19 108 20.000000
2703 0
2704 1
136 20 47 93.000000
2705 1
257 75 74 68.000000
2706 1
23 91 82 26.000000
2707 1
133 54 68 24.000000
2708 0
2709 1
154 30 49 65.000000
2710 2
120 33 47 199.000000
121 33 47 41.000000
2711 1
19 68 59 20.000000
2712 1
257 77 79 21.000000
2713 1
127 15 42 37.000000
2714 1
288 77 103 29.000000
2715 1
77 45 78 20.000000
2716 1
285 70 53 24.000000
2717 0
2718 0
2719 1
121 96 80 35.000000
2720 1
81 51 38 59.000000
2721 0
2722 1
95 101 48 43.000000
2723 1
230 77 103 53.000000
2724 1
82 62 53 133.000000
2725 0
2726 1
132 60 57 32.000000
2727 1
289 36 109 31.000000
2728 0
2729 0
2730 1
96 99 70 30.000000
2731 1
140 72 106 41.000000
2732 1
131 64 58 57.000000
2733 1
243 14 112 26.000000
2734 1
93 79 57 29.000000
2735 1
61 81 85 21.000000
2736 1
167 15 42 29.000000
2737 2
32 70 68 79.500000
33 70 68 6.500000
2738 1
156 16 97 30.000000
2739 1
90 26 104 22.000000
2740 0
2741 1
107 77 117 45.000000
2742 1
109 83 48 23.000000
2743 1
63 69 109 26.000000
2744 1
129 78 77 25.000000
2745 1
152 60 44 53.000000
2746 1
120 73 99 33.000000
2747 1
156 71 53 22.000000
2748 1
108 94 61 47.000000
2749 1
96 66 88 21.000000
2750 1
44 91 75 34.000000
2751 1
224 78 87 35.000000
2752 1
49 58 76 40.000000
2753 1
136 77 79 24.000000
2754 1
246 106 64 28.000000
2755 1
101 21 69 35.000000
2756 1
290 17 108 28.000000
2757 1
132 74 108 23.000000
2758 1
265 28 114 30.000000
2759 1
235 7 46 37.000000
2760 0
2761 1
156 66 58 31.000000
2762 1
114 72 106 41.000000
2763 3
289 18 64 100.000000
294 18 64 100.000000
295 18 64 40.000000
2764 2
176 96 79 98.000000
177 96 79 27.000000
2765 1
126 90 69 31.000000
2766 1
275 88 79 28.000000
2767 1
136 28 114 22.000000
2768 1
114 90 78 50.000000
2769 1
102 45 85 54.000000
2770 1
141 63 70 27.000000
2771 1
32 83 89 26.000000
2772 1
116 31 17 85.000000
2773 1
140 83 109 54.000000
2774 1
95 78 90 95.000000
2775 1
190 76 87 34.000000
2776 1
157 58 19 23.000000
2777 0
2778 0
2779 1
61 75 58 61.000000
2780 1
140 67 86 38.000000
2781 1
94 68 44 36.000000
2782 1
32 70 74 21.000000
2783 1
185 77 79 26.000000
2784 3
112 45 85 99.000000
117 45 85 99.000000
118 45 85 42.000000
2785 1
123 54 68 28.000000
2786 1
27 75 111 25.000000
2787 1
133 51 69 184.000000
2788 1
43 69 35 30.000000
2789 1
127 66 51 38.000000
2790 1
123 79 101 30.000000
2791 1
72 74 108 50.000000
2792 1
63 74 61 22.000000
2793 1
62 60 57 82.000000
2794 1
207 65 73 22.000000
2795 1
188 14 113 22.000000
2796 1
157 15 42 32.000000
2797 1
69 74 108 40.000000
2798 1
124 18 84 26.000000
2799 1
118 15 99 30.000000
2800 0
2801 1
85 78 110 83.000000
2802 1
85 29 75 48.000000
2803 1
129 23 45 53.000000
2804 1
294 18 99 27.000000
2805 1
158 15 42 35.000000
2806 1
131 71 53 36.000000
2807 1
158 68 55 40.000000
2808 1
128 98 76 70.000000
2809 2
285 7 46 99.000000
286 7 46 25.000000
2810 1
134 82 93 30.000000
2811 1
93 19 37 22.000000
2812 1
56 96 79 59.000000
2813 1
175 31 34 69.000000
2814 0
2815 1
79 73 71 36.000000
2816 1
91 64 65 44.000000
2817 1
46 79 64 27.000000
2818 0
2819 1
50 64 65 27.000000
2820 1
279 58 76 26.000000
2821 1
134 72 88 29.000000
2822 1
112 30 27 20.000000
2823 1
179 75 102 23.000000
2824 1
238 54 54 42.000000
2825 1
146 90 67 47.000000
2826 0
2827 1
11 85 111 65.000000
2828 1
66 86 82 58.000000
2829 3
203 14 112 117.000000
208 14 112 117.000000
209 14 112 6.000000
2830 1
143 41 72 33.000000
2831 1
153 74 102 31.000000
2832 0
2833 0
2834 1
218 94 72 30.000000
2835 1
253 69 94 24.000000
2836 1
41 92 108 25.000000
2837 0
2838 1
123 11 104 30.000000
2839 0
2840 1
159 5 49 25.000000
2841 1
161 11 104 29.000000
2842 1
161 84 105 21.000000
2843 0
2844 1
92 20 47 29.000000
2845 1
139 23 68 21.000000
2846 1
258 74 102 42.000000
2847 1
72 41 65 55.000000
2848 1
273 89 65 31.000000
2849 1
264 79 57 21.000000
2850 1
57 75 102 29.000000
2851 0
2852 0
2853 1
225 62 73 28.000000
2854 1
88 36 104 41.000000
2855 1
104 63 70 28.000000
2856 1
69 37 22 25.000000
2857 1
145 17 50 34.000000
2858 1
166 77 79 32.000000
2859 1
68 64 65 36.000000
2860 0
2861 1
58 84 77 24.000000
2862 1
117 38 109 31.000000
2863 1
119 18 27 51.000000
2864 1
224 39 17 34.000000
2865 1
200 72 75 21.000000
2866 1
164 23 45 25.000000
2867 1
101 94 65 21.000000
2868 0
2869 1
149 15 99 24.000000
2870 1
47 96 79 39.000000
2871 1
264 98 15 29.000000
2872 1
151 71 53 24.000000
2873 1
25 80 76 31.000000
2874 1
103 30 27 32.000000
2875 1
93 30 20 47.000000
2876 1
207 15 119 22.000000
2877 1
155 12 111 20.000000
2878 1
109 45 7 26.000000
2879 1
102 63 62 37.000000
2880 1
71 74 47 70.000000
2881 0
2882 1
161 23 45 41.000000
2883 2
119 24 50 193.000000
120 24 50 47.000000
2884 1
144 91 75 26.000000
2885 1
189 64 65 31.000000
2886 1
292 81 42 49.000000
2887 1
137 20 51 29.000000
2888 1
291 61 58 28.000000
2889 1
260 72 88 26.000000
2890 1
159 18 114 51.000000
2891 1
76 66 74 20.000000
2892 1
189 95 67 40.000000
2893 1
146 37 114 23.000000
2894 0
2895 1
115 67 89 27.000000
2896 1
294 58 26 30.000000
2897 1
71 64 56 33.000000
2898 1
68 55 110 47.000000
2899 1
44 68 80 31.000000
2900 1
72 54 65 54.000000
2901 1
285 17 110 53.000000
2902 1
67 58 61 23.000000
2903 1
39 77 58 62.000000
2904 1
148 34 102 23.000000
2905 1
299 33 31 30.000000
2906 1
56 80 61 49.000000
2907 0
2908 0
2909 1
77 95 47 50.000000
2910 1
25 81 83 38.000000
2911 1
157 17 110 23.000000
2912 0
2913 1
126 56 56 25.000000
2914 1
164 70 82 66.000000
2915 1
69 45 50 33.000000
2916 1
277 97 61 26.000000
2917 1
69 38 91 22.000000
2918 1
175 89 98 32.000000
2919 3
71 46 19 99.500000
76 46 19 99.500000
77 46 19 41.000000
2920 1
81 73 68 177.000000
2921 1
211 71 53 43.000000
2922 1
138 36 104 41.000000
2923 0
2924 1
141 71 102 26.000000
2925 1
105 29 61 36.000000
2926 1
141 22 50 27.000000
2927 1
94 78 87 33.000000
2928 1
290 64 63 45.000000
2929 1
124 58 61 52.000000
2930 1
91 71 72 22.000000
2931 1
86 67 45 32.000000
2932 1
298 25 99 20.000000
2933 1
159 75 102 30.000000
2934 1
224 99 72 60.000000
2935 0
2936 1
127 38 50 28.000000
2937 1
59 63 66 25.000000
2938 1
151 23 56 23.000000
2939 1
92 100 12 48.000000
2940 1
136 101 95 33.000000
2941 1
230 77 75 25.000000
2942 0
2943 1
94 9 106 30.000000
2944 1
133 99 72 29.000000
2945 1
139 74 102 30.000000
2946 1
98 75 58 40.000000
2947 1
110 42 103 40.000000
2948 2
35 77 103 95.000000
36 77 103 6.000000
2949 1
166 70 63 99.000000
2950 1
297 70 69 34.000000
2951 1
266 86 106 20.000000
2952 3
172 25 99 98.000000
177 25 99 98.000000
178 25 99 1.000000
2953 1
38 69 109 29.000000
2954 1
148 74 108 21.000000
2955 1
110 32 65 24.000000
2956 1
113 73 36 23.000000
2957 1
113 63 49 35.000000
2958 1
98 34 102 23.000000
2959 2
133 80 55 198.000000
134 80 55 42.000000
2960 1
180 104 89 100.000000
2961 1
295 87 101 36.000000
2962 1
131 94 65 25.000000
2963 1
170 14 113 21.000000
2964 1
298 28 98 25.000000
2965 0
2966 1
213 72 56 37.000000
2967 1
144 32 101 23.000000
2968 1
296 18 97 46.000000
2969 1
108 26 92 26.000000
2970 1
94 18 34 23.000000
2971 0
2972 1
279 26 77 25.000000
2973 1
114 38 50 23.000000
2974 1
150 33 42 31.000000
2975 0
2976 1
211 93 38 28.000000
2977 1
174 70 53 21.000000
2978 1
256 100 74 29.000000
2979 1
149 43 50 40.000000
2980 1
15 99 74 42.000000
2981 1
82 100 59 39.000000
2982 1
84 83 89 49.000000
2983 1
223 84 77 67.000000
2984 0
2985 1
57 77 58 20.000000
2986 0
2987 1
263 14 113 39.000000
2988 1
105 28 114 30.000000
2989 1
112 84 103 22.000000
2990 1
92 54 68 46.000000
2991 0
2992 0
2993 1
65 79 49 57.000000
2994 1
75 77 58 31.000000
2995 1
166 28 76 21.000000
2996 1
147 15 42 25.000000
2997 0
2998 1
170 63 62 25.000000
2999 0
3000 1
151 15 42 30.000000
3001 1
255 67 86 29.000000
3002 1
121 63 62 21.000000
3003 1
264 78 47 47.000000
3004 1
109 58 56 38.000000
3005 1
96 79 57 26.000000
3006 1
130 33 42 23.000000
3007 1
160 43 57 26.000000
3008 1
93 71 51 31.000000
3009 0
3010 1
51 71 33 61.000000
3011 1
146 40 27 27.000000
3012 1
147 95 108 26.000000
3013 1
63 83 109 30.000000
3014 1
265 67 60 41.000000
3015 1
277 69 68 31.000000
3016 0
3017 0
3018 1
13 79 102 25.000000
3019 1
91 23 100 24.000000
3020 1
111 34 102 22.000000
3021 1
257 66 109 41.000000
3022 1
118 64 65 62.000000
3023 1
115 11 104 21.000000
3024 2
295 12 56 60.500000
296 11 56 10.500000
3025 1
140 23 45 66.000000
3026 1
136 66 51 81.000000
3027 1
251 71 72 28.000000
3028 1
217 57 71 29.000000
3029 1
126 9 88 38.000000
3030 1
117 35 70 95.000000
3031 1
61 82 39 39.000000
3032 1
233 29 59 37.000000
3033 1
129 65 22 27.000000
3034 0
3035 1
162 82 68 21.000000
3036 1
125 32 101 25.000000
3037 1
85 19 118 27.000000
3038 0
3039 1
175 17 50 33.000000
3040 1
187 90 103 40.000000
3041 1
211 71 43 26.000000
3042 1
77 69 74 44.000000
3043 1
122 84 105 20.000000
3044 1
87 70 48 42.000000
3045 1
114 58 56 43.000000
3046 1
108 34 97 24.000000
3047 1
227 10 35 26.000000
3048 1
16 76 76 22.000000
3049 1
118 34 97 28.000000
3050 1
167 20 51 27.000000
3051 1
102 90 69 36.000000
3052 0
3053 0
3054 1
183 63 64 23.000000
3055 1
94 78 72 50.000000
3056 1
88 69 14 43.000000
3057 1
274 8 112 21.000000
3058 1
129 14 113 64.000000
3059 1
51 105 73 66.000000
3060 1
153 32 109 33.000000
3061 1
35 77 79 21.000000
3062 2
119 75 102 193.000000
120 75 102 47.000000
3063 1
149 23 45 29.000000
3064 0
3065 1
82 45 65 27.000000
3066 1
86 101 100 21.000000
3067 0
3068 1
180 43 30 115.000000
3069 0
3070 1
107 57 79 21.000000
3071 0
3072 0
3073 1
96 98 76 38.000000
3074 1
158 14 113 24.000000
3075 1
245 71 72 21.000000
3076 1
57 95 67 26.000000
3077 1
136 16 78 28.000000
3078 1
119 104 92 21.000000
3079 1
105 17 50 34.000000
3080 1
134 91 82 20.000000
3081 0
3082 1
211 62 86 20.000000
3083 1
109 75 78 22.000000
3084 1
97 70 48 21.000000
3085 1
48 68 70 45.000000
3086 0
3087 1
56 98 76 26.000000
3088 1
89 36 117 21.000000
3089 1
106 58 61 183.000000
3090 1
178 14 39 30.000000
3091 0
3092 0
3093 1
84 41 72 27.000000
3094 1
246 78 72 93.000000
3095 1
126 7 46 59.000000
3096 1
53 94 71 27.000000
3097 1
102 83 109 45.000000
3098 1
73 90 67 64.000000
3099 1
138 14 113 44.000000
3100 1
42 93 69 56.000000
3101 1
182 91 75 177.000000
3102 1
147 75 114 22.000000
3103 1
227 98 76 63.000000
3104 1
193 94 66 21.000000
3105 1
93 93 69 38.000000
3106 1
23 83 117 21.000000
3107 1
119 58 34 22.000000
3108 1
84 38 109 59.000000
3109 1
144 19 101 28.000000
3110 1
90 57 114 25.000000
3111 1
287 36 106 23.000000
3112 1
122 92 87 23.000000
3113 1
191 94 66 44.000000
3114 0
3115 2
217 36 104 192.000000
218 36 104 48.000000
3116 0
3117 1
107 15 65 61.000000
3118 1
216 86 106 21.000000
3119 1
48 94 76 64.000000
3120 1
88 84 108 21.000000
3121 1
178 7 97 83.000000
3122 1
72 20 51 23.000000
3123 1
111 76 23 34.000000
3124 1
278 64 63 63.000000
3125 1
71 22 104 22.000000
3126 1
270 22 98 21.000000
3127 1
151 32 101 20.000000
3128 1
110 93 29 52.000000
3129 1
82 23 45 28.000000
3130 1
166 98 93 21.000000
3131 1
58 24 118 34.000000
3132 1
221 71 72 30.000000
3133 0
3134 1
168 84 64 38.000000
3135 1
70 65 53 46.000000
3136 1
151 92 81 30.000000
3137 1
209 73 71 24.000000
3138 0
3139 1
119 23 45 24.000000
3140 1
173 22 104 45.000000
3141 1
280 72 41 22.000000
3142 1
114 28 114 21.000000
3143 1
83 72 50 58.000000
3144 1
82 32 107 22.000000
3145 0
3146 1
140 52 62 82.000000
3147 0
3148 1
118 87 103 23.000000
3149 1
90 72 88 21.000000
3150 1
64 21 118 50.000000
3151 1
283 92 71 33.000000
3152 1
230 63 49 25.000000
3153 0
3154 1
121 82 51 25.000000
3155 0
3156 1
183 14 113 30.000000
3157 1
158 56 96 25.000000
3158 1
153 31 86 34.000000
3159 1
291 81 85 22.000000
3160 1
251 23 45 30.000000
3161 1
88 95 67 28.000000
3162 1
58 14 39 22.000000
3163 1
142 64 97 23.000000
3164 1
275 57 71 38.000000
3165 0
3166 1
274 68 55 32.000000
3167 0
3168 1
278 64 65 30.000000
3169 2
222 70 64 74.000000
223 70 64 66.000000
3170 1
128 64 65 30.000000
3171 1
260 25 80 22.000000
3172 1
103 21 44 33.000000
3173 1
89 83 30 25.000000
3174 1
282 70 63 21.000000
3175 1
132 60 44 22.000000
3176 1
151 22 104 35.000000
3177 1
156 20 30 63.000000
3178 1
99 83 68 30.000000
3179 1
90 84 77 38.000000
3180 1
61 85 73 24.000000
3181 0
3182 0
3183 1
73 41 80 76.000000
3184 1
132 23 16 22.000000
3185 1
117 55 110 22.000000
3186 1
257 65 54 21.000000
3187 1
141 64 65 40.000000
3188 1
214 78 110 40.000000
3189 1
242 103 66 38.000000
3190 0
3191 1
103 49 60 35.000000
3192 1
65 60 12 31.000000
3193 1
116 16 78 67.000000
3194 1
35 109 86 133.000000
3195 1
72 71 61 31.000000
3196 1
79 64 58 30.000000
3197 1
152 112 18 43.000000
3198 1
11 64 59 48.000000
3199 1
84 28 114 89.000000
3200 1
238 28 114 31.000000
3201 1
198 78 47 29.000000
3202 1
118 76 23 21.000000
3203 1
252 71 111 22.000000
3204 1
191 14 113 47.000000
3205 1
134 71 53 63.000000
3206 1
65 11 76 29.000000
3207 1
123 70 48 27.000000
3208 1
94 18 34 28.000000
3209 1
67 35 113 55.000000
3210 1
210 23 45 28.000000
3211 1
204 8 111 42.000000
3212 1
273 39 98 20.000000
3213 1
142 31 80 71.000000
3214 1
108 45 65 23.000000
3215 1
129 67 42 27.000000
3216 1
43 63 48 144.000000
3217 1
151 66 58 43.000000
3218 0
3219 1
272 20 106 48.000000
3220 1
217 96 57 20.000000
3221 1
177 15 42 22.000000
3222 1
42 72 56 27.000000
3223 1
231 71 53 20.000000
3224 1
67 19 61 64.000000
3225 1
234 89 98 32.000000
3226 1
73 33 118 39.000000
3227 2
58 14 49 88.000000
59 14 49 74.000000
3228 1
138 54 65 39.000000
3229 1
99 73 79 30.000000
3230 0
3231 1
61 101 62 60.000000
3232 1
88 44 13 25.000000
3233 1
89 18 102 70.000000
3234 1
139 5 49 24.000000
3235 1
159 58 74 46.000000
3236 1
153 60 102 20.000000
3237 0
3238 1
13 29 75 53.000000
3239 1
82 71 33 34.000000
3240 1
153 20 51 21.000000
3241 1
76 28 100 48.000000
3242 1
134 28 114 29.000000
3243 1
263 99 72 23.000000
3244 1
127 66 88 42.000000
3245 1
116 19 108 21.000000
3246 1
156 70 53 20.000000
3247 1
35 67 63 28.000000
3248 1
108 86 82 50.000000
3249 1
138 45 94 26.000000
3250 1
89 33 42 27.000000
3251 1
290 22 50 31.000000
3252 1
176 87 24 108.000000
3253 1
280 36 60 59.000000
3254 1
103 22 116 35.000000
3255 1
135 78 110 26.000000
3256 1
86 18 104 35.000000
3257 1
189 66 58 59.000000
3258 1
155 18 27 26.000000
3259 1
121 81 57 75.000000
3260 1
76 36 104 26.000000
3261 1
79 16 118 42.000000
3262 1
135 99 36 25.000000
3263 1
49 14 113 24.000000
3264 1
93 14 114 20.000000
3265 1
273 70 58 23.000000
3266 0
3267 0
3268 0
3269 1
60 66 18 40.000000
3270 1
36 19 119 58.000000
3271 1
234 28 114 48.000000
3272 1
138 64 70 28.000000
3273 1
294 68 59 40.000000
3274 1
281 74 70 21.000000
3275 0
3276 1
149 13 52 49.000000
3277 1
124 78 87 23.000000
3278 1
264 103 78 38.000000
3279 1
97 17 110 23.000000
3280 1
296 86 87 23.000000
3281 0
3282 1
160 75 78 27.000000
3283 1
63 80 61 22.000000
3284 0
3285 1
180 24 38 31.000000
3286 1
230 93 67 37.000000
3287 1
76 60 21 22.000000
3288 1
270 63 62 24.000000
3289 0
3290 1
94 70 48 22.000000
3291 1
79 75 78 23.000000
3292 0
3293 0
3294 1
93 72 53 73.000000
3295 1
208 64 97 48.000000
3296 1
267 78 49 75.000000
3297 1
294 70 118 40.000000
3298 1
125 70 84 25.000000
3299 1
125 18 84 21.000000
3300 1
112 90 67 28.000000
3301 1
104 28 114 28.000000
3302 1
137 110 38 21.000000
3303 1
120 22 104 22.000000
3304 1
65 77 79 101.000000
3305 1
89 44 118 30.000000
3306 1
130 77 58 22.000000
3307 1
72 92 54 55.000000
3308 1
77 99 43 25.000000
3309 0
3310 1
47 15 116 27.000000
3311 1
144 32 43 63.000000
3312 1
49 84 103 27.000000
3313 1
121 32 101 26.000000
3314 1
41 25 99 82.000000
3315 2
9 63 56 81.500000
10 63 56 2.500000
3316 1
101 104 48 90.000000
3317 0
3318 1
121 63 99 26.000000
3319 1
255 90 67 23.000000
3320 1
133 22 97 48.000000
3321 0
3322 1
106 98 76 84.000000
3323 0
3324 1
230 32 57 46.000000
3325 1
224 62 18 63.000000
3326 2
114 70 63 189.000000
115 70 63 51.000000
3327 1
11 31 115 29.000000
3328 1
289 83 83 35.000000
3329 0
3330 1
73 63 104 25.000000
3331 1
222 70 84 46.000000
3332 1
100 52 25 29.000000
3333 1
119 73 99 37.000000
3334 1
132 73 71 41.000000
3335 1
35 68 80 32.000000
3336 1
75 30 93 40.000000
3337 1
247 25 79 38.000000
3338 0
3339 1
240 16 111 20.000000
3340 1
298 58 67 37.000000
3341 1
125 70 63 29.000000
3342 0
3343 1
36 66 58 58.000000
3344 1
151 71 53 28.000000
3345 1
285 91 63 56.000000
3346 1
161 41 46 20.000000
3347 1
59 44 79 26.000000
3348 0
3349 1
119 18 84 32.000000
3350 0
3351 1
76 69 74 26.000000
3352 1
130 105 63 35.000000
3353 1
138 87 24 36.000000
3354 1
138 85 51 32.000000
3355 1
114 48 80 25.000000
3356 0
3357 1
70 52 76 27.000000
3358 0
3359 1
119 96 79 25.000000
3360 1
250 33 85 45.000000
3361 1
84 100 74 29.000000
3362 1
76 66 63 25.000000
3363 1
101 63 66 29.000000
3364 1
111 32 101 34.000000
3365 1
91 91 75 23.000000
3366 1
58 75 67 48.000000
3367 1
26 87 54 55.000000
3368 1
82 60 57 24.000000
3369 1
82 60 57 36.000000
3370 1
82 90 103 48.000000
3371 1
204 28 113 26.000000
3372 0
3373 1
220 87 24 23.000000
3374 1
118 15 99 24.000000
3375 1
167 98 76 22.000000
3376 1
119 23 45 35.000000
3377 1
41 41 84 20.000000
3378 1
89 34 102 25.000000
3379 0
3380 1
29 28 114 79.000000
3381 1
177 66 99 24.000000
3382 1
38 85 51 20.000000
3383 1
156 28 114 24.000000
3384 1
74 18 34 23.000000
3385 1
49 68 71 20.000000
3386 1
28 56 56 40.000000
3387 1
220 102 73 55.000000
3388 1
86 39 55 118.000000
3389 1
105 69 35 21.000000
3390 1
143 81 114 21.000000
3391 1
99 87 71 109.000000
3392 1
64 38 50 21.000000
3393 2
178 94 36 98.500000
179 94 36 141.500000
3394 1
72 30 84 23.000000
3395 1
97 19 108 32.000000
3396 1
280 22 50 28.000000
3397 1
131 64 65 33.000000
3398 1
183 79 17 21.000000
3399 1
106 68 55 21.000000
3400 1
72 30 84 27.000000
3401 1
280 64 65 29.000000
3402 0
3403 1
111 41 22 24.000000
3404 1
74 2 80 23.000000
3405 1
249 96 27 54.000000
3406 1
197 99 72 21.000000
3407 1
267 105 73 23.000000
3408 1
116 90 78 30.000000
3409 1
71 31 112 67.000000
3410 1
292 30 20 53.000000
3411 1
103 99 52 26.000000
3412 1
120 54 68 31.000000
3413 1
286 70 83 65.000000
3414 2
265 78 112 20.000000
266 78 112 8.000000
3415 0
3416 1
270 34 117 24.000000
3417 0
3418 0
3419 1
103 63 70 21.000000
3420 1
276 68 59 43.000000
3421 0
3422 1
104 91 82 29.000000
3423 1
168 94 65 23.000000
3424 1
43 74 50 32.000000
3425 1
90 74 29 69.000000
3426 1
51 91 75 24.000000
3427 1
127 28 104 30.000000
3428 1
92 61 112 22.000000
3429 1
273 63 62 24.000000
3430 1
165 62 25 36.000000
3431 1
219 28 114 63.000000
3432 1
33 74 61 54.000000
3433 1
138 24 50 27.000000
3434 1
8 87 112 20.000000
3435 1
129 66 88 51.000000
3436 1
127 58 27 58.000000
3437 1
163 99 52 22.000000
3438 1
294 78 98 42.000000
3439 1
173 72 56 24.000000
3440 0
3441 1
78 84 112 33.000000
3442 1
87 19 108 29.000000
3443 1
107 60 44 33.000000
3444 1
263 19 108 27.000000
3445 1
72 62 68 86.000000
3446 1
159 24 38 22.000000
3447 1
118 86 82 28.000000
3448 1
55 49 113 31.000000
3449 1
119 15 42 33.000000
3450 1
106 46 57 22.000000
3451 1
220 104 75 23.000000
3452 1
36 96 79 22.000000
3453 1
146 38 111 28.000000
3454 1
148 34 97 43.000000
3455 1
289 74 47 29.000000
3456 1
250 96 65 25.000000
3457 0
3458 1
207 17 110 39.000000
3459 1
90 72 88 28.000000
3460 1
140 32 30 28.000000
3461 2
103 90 67 198.000000
104 90 67 42.000000
3462 1
287 66 56 26.000000
3463 1
297 95 83 40.000000
3464 1
129 74 102 25.000000
3465 0
3466 0
3467 1
109 48 80 33.000000
3468 1
71 75 58 46.000000
3469 1
44 69 50 28.000000
3470 1
149 66 74 21.000000
3471 0
3472 0
3473 1
120 97 46 21.000000
3474 1
104 72 88 26.000000
3475 2
158 86 82 197.000000
159 86 82 43.000000
3476 1
141 91 75 26.000000
3477 1
31 75 53 29.000000
3478 2
30 72 56 104.000000
31 72 56 136.000000
3479 1
187 19 101 21.000000
3480 1
201 11 104 31.000000
3481 0
3482 1
69 84 64 55.000000
3483 1
51 56 96 20.000000
3484 1
71 105 54 31.000000
3485 1
135 79 86 32.000000
3486 0
3487 1
290 64 58 32.000000
3488 1
138 104 70 30.000000
3489 1
70 75 114 22.000000
3490 0
3491 1
276 56 51 23.000000
3492 1
235 17 110 37.000000
3493 1
49 84 77 29.000000
3494 1
101 72 88 37.000000
3495 1
112 23 45 27.000000
3496 1
269 17 110 24.000000
3497 0
3498 1
257 60 62 20.000000
3499 1
169 23 45 21.000000
3500 1
221 25 99 50.000000
