1 4
115 197 106 76
116 197 106 38
117 197 111 59
118 197 111 36
2 3
131 38 87 100
132 38 87 100
133 38 87 88
3 2
128 103 107 97
129 103 107 46
4 2
8 143 145 146
9 143 145 97
5 3
26 51 109 97
27 51 109 97
28 51 109 21
6 2
14 26 30 86
15 26 30 40
7 1
65 118 184 67
8 1
77 55 122 55
9 5
71 174 23 91
72 168 23 87
73 168 23 43.5
74 171 23 67
75 171 23 1.5
10 2
51 3 155 75
52 3 155 46
11 1
34 47 152 98
12 3
25 177 17 100
26 177 17 100
27 177 17 66
13 2
30 126 97 92
31 126 97 14
14 3
45 183 29 97
46 183 29 97
47 183 29 34
15 2
51 96 100 92
52 96 100 38
16 1
57 163 47 80
17 1
37 143 147 26
18 2
19 84 121 97
20 84 121 20
19 1
104 147 84 93
20 2
88 36 60 91
89 36 60 4
21 2
21 13 142 95
22 13 142 51
22 3
46 17 159 99
47 17 159 99
48 17 159 62
23 1
73 53 41 74
24 1
0 118 107 58
25 3
57 77 9 98
58 77 9 98
59 77 9 81
26 1
65 113 149 43
27 3
113 177 126 98
114 177 126 98
115 177 126 86
28 5
1 159 105 34
2 159 105 34
3 159 105 17
4 157 105 49
5 157 105 89
29 2
4 57 181 58
5 57 181 28
30 1
145 157 147 152
31 1
78 129 158 50
32 1
80 195 61 85
33 1
41 193 184 98
34 1
146 104 48 66
35 3
47 102 118 97
48 102 118 97
49 102 118 48
36 3
96 128 72 99
97 128 72 99
98 128 72 20
37 1
138 143 126 84
38 2
108 146 5 94
109 146 5 45
39 3
79 179 147 78
80 179 145 70
81 179 145 45
40 1
67 114 4 71
41 2
49 147 96 96
50 147 96 33
42 1
37 95 120 83
43 3
94 184 155 98
95 178 161 123
96 178 161 46
44 1
47 98 17 52
45 3
89 79 195 93
90 79 195 93
91 78 199 76
46 2
110 54 131 95
111 54 131 92
47 4
52 190 132 86
53 190 132 43
54 189 129 93
55 189 129 21
48 2
55 94 38 90
56 94 38 23
49 3
150 62 29 97
151 62 29 97
152 62 29 47
50 1
21 44 132 79
51 2
4 68 141 88
5 68 141 39
52 4
106 46 75 93
107 46 75 93
108 46 75 93
109 46 75 21
53 3
20 126 152 100
21 126 152 100
22 126 152 33
54 2
13 185 110 90
14 186 111 69
55 1
54 168 114 25
56 1
28 122 97 85
57 3
114 64 196 100
115 64 196 100
116 64 196 23
58 3
146 43 124 99
147 43 124 99
148 43 124 76
59 3
92 81 25 99
93 81 25 99
94 77 24 97
60 3
90 183 172 98
91 183 172 98
92 183 172 14
61 1
109 146 117 35
62 2
61 61 59 96
62 61 59 56
63 1
144 38 192 53
64 2
56 110 40 97
57 110 40 96
65 3
61 37 121 93
62 37 121 93
63 37 121 88
66 2
49 32 35 55
50 32 35 39
67 1
115 58 131 94
68 2
133 66 169 92
134 66 169 1
69 3
53 152 160 96
54 156 160 82
55 156 160 72
70 1
31 143 68 96
