1 0
2 0
3 0
4 4
168 144 133 40
169 144 133 80
170 144 133 80
171 144 133 43
5 0
6 8
100 27 29 8.5
101 27 29 17
102 27 29 17
103 27 29 17
104 27 29 17
105 27 29 8.5
106 27 30 23
107 27 30 18
7 0
8 1
183 54 121 55
9 10
178 163 23 59
179 163 23 59
180 163 23 59
181 163 23 29.5
182 167 23 16
183 167 23 16
184 167 23 16
185 167 23 16
186 167 23 8
187 163 23 11.5
10 3
190 4 155 41.5
191 3 155 75
192 3 155 4.5
11 4
196 45 147 43
197 46 147 16
198 46 147 16
199 46 147 8
12 0
13 0
14 0
15 3
156 99 98 37.5
157 99 98 75
158 99 98 17.5
16 1
194 157 55 80
17 0
18 3
119 82 121 38.5
120 82 121 77
121 82 121 1.5
19 0
20 2
167 38 67 66
168 38 67 29
21 3
158 12 137 60
159 12 137 60
160 12 137 26
22 0
23 2
126 52 42 33
127 52 42 41
24 1
28 119 106 58
25 5
74 76 9 55
75 76 9 55
76 76 9 27.5
77 77 9 98
78 77 9 41.5
26 0
27 0
28 8
59 161 105 37
60 161 105 18.5
61 159 105 34
62 159 105 34
63 159 105 17
64 160 105 22
65 160 105 44
66 160 105 16.5
29 3
101 58 181 45
102 58 181 22.5
103 57 181 18.5
30 10
171 160 145 12
172 160 145 6
173 159 145 12
174 159 145 24
175 159 145 24
176 159 145 24
177 159 145 24
178 159 145 12
179 160 145 12
180 160 145 2
31 0
32 0
33 0
34 4
193 105 49 13
194 105 49 26
195 105 49 26
196 105 49 1
35 3
175 102 118 48.5
176 102 118 97
177 102 118 96.5
36 4
179 128 71 44
180 128 72 49.5
181 129 72 88
182 129 72 36.5
37 0
38 6
193 147 11 17
194 147 11 17
195 147 11 8.5
196 147 12 40
197 147 12 40
198 147 12 16.5
39 0
40 1
183 107 10 71
41 2
191 147 103 44.5
192 147 103 84.5
42 2
81 97 121 41
82 97 121 42
43 0
44 3
168 98 27 13.5
169 98 27 27
170 98 27 11.5
45 0
46 3
116 57 131 76
117 57 131 76
118 57 131 35
47 18
157 188 134 7
158 188 134 14
159 188 134 14
160 188 134 14
161 188 134 14
162 188 134 7
163 188 135 13
164 188 135 13
165 188 135 6.5
166 189 134 22
167 189 134 22
168 189 134 22
169 188 134 14
170 188 134 14
171 188 134 14
172 188 135 13
173 188 135 13
174 188 135 6.5
48 0
49 0
50 4
129 49 124 25
130 49 124 25
131 49 124 12.5
132 49 123 16.5
51 0
52 7
193 35 78 51
194 35 78 51
195 35 78 51
196 35 78 25.5
197 36 77 40
198 36 77 80
199 36 77 1.5
53 3
111 133 158 95
112 133 158 95
113 133 158 43
54 2
15 183 111 91
16 183 111 68
55 1
197 168 111 25
56 0
57 0
58 0
59 10
156 83 24 7
157 83 24 14
158 83 24 14
159 83 24 14
160 83 24 14
161 83 24 7
162 82 24 42.5
163 82 24 85
164 82 24 85
165 82 24 12.5
60 5
180 179 172 53
181 179 172 53
182 179 172 53
183 179 172 26.5
184 178 173 24.5
61 0
62 3
165 72 60 78
166 72 60 39
167 72 58 35
63 0
64 4
153 107 50 75
154 107 50 37.5
155 106 50 42.5
156 106 50 38
65 5
114 37 122 16.5
115 37 121 46.5
116 36 121 79
117 36 121 79
118 36 120 53
66 7
182 32 37 8
183 32 37 16
184 32 37 16
185 32 37 16
186 32 37 16
187 32 37 8
188 32 35 14
67 2
189 59 124 46.5
190 58 124 47.5
68 0
69 0
70 0
