1 0
2 0
3 0
4 4
168 144 133 40.000000
169 144 133 80.000000
170 144 133 80.000000
171 144 133 43.000000
5 0
6 8
100 27 29 8.500000
101 27 29 17.000000
102 27 29 17.000000
103 27 29 17.000000
104 27 29 17.000000
105 27 29 8.500000
106 27 30 23.000000
107 27 30 18.000000
7 0
8 1
183 54 121 55.000000
9 10
178 163 23 59.000000
179 163 23 59.000000
180 163 23 59.000000
181 163 23 29.500000
182 167 23 16.000000
183 167 23 16.000000
184 167 23 16.000000
185 167 23 16.000000
186 167 23 8.000000
187 163 23 11.500000
10 3
190 4 155 41.500000
191 3 155 75.000000
192 3 155 4.500000
11 4
196 45 147 43.000000
197 46 147 16.000000
198 46 147 16.000000
199 46 147 8.000000
12 0
13 0
14 0
15 3
156 99 98 37.500000
157 99 98 75.000000
158 99 98 17.500000
16 1
194 157 55 80.000000
17 0
18 3
119 82 121 38.500000
120 82 121 77.000000
121 82 121 1.500000
19 0
20 2
167 38 67 66.000000
168 38 67 29.000000
21 3
158 12 137 60.000000
159 12 137 60.000000
160 12 137 26.000000
22 0
23 2
126 52 42 33.000000
127 52 42 41.000000
24 1
28 119 106 58.000000
25 5
74 76 9 55.000000
75 76 9 55.000000
76 76 9 27.500000
77 77 9 98.000000
78 77 9 41.500000
26 0
27 0
28 8
59 161 105 37.000000
60 161 105 18.500000
61 159 105 34.000000
62 159 105 34.000000
63 159 105 17.000000
64 160 105 22.000000
65 160 105 44.000000
66 160 105 16.500000
29 3
101 58 181 45.000000
102 58 181 22.500000
103 57 181 18.500000
30 10
171 160 145 12.000000
172 160 145 6.000000
173 159 145 12.000000
174 159 145 24.000000
175 159 145 24.000000
176 159 145 24.000000
177 159 145 24.000000
178 159 145 12.000000
179 160 145 12.000000
180 160 145 2.000000
31 0
32 0
33 0
34 4
193 105 49 13.000000
194 105 49 26.000000
195 105 49 26.000000
196 105 49 1.000000
35 3
175 102 118 48.500000
176 102 118 97.000000
177 102 118 96.500000
36 4
179 128 71 44.000000
180 128 72 49.500000
181 129 72 88.000000
182 129 72 36.500000
37 0
38 6
193 147 11 17.000000
194 147 11 17.000000
195 147 11 8.500000
196 147 12 40.000000
197 147 12 40.000000
198 147 12 16.500000
39 0
40 1
183 107 10 71.000000
41 2
191 147 103 44.500000
192 147 103 84.500000
42 2
81 97 121 41.000000
82 97 121 42.000000
43 0
44 3
168 98 27 13.500000
169 98 27 27.000000
170 98 27 11.500000
45 0
46 3
116 57 131 76.000000
117 57 131 76.000000
118 57 131 35.000000
47 18
157 188 134 7.000000
158 188 134 14.000000
159 188 134 14.000000
160 188 134 14.000000
161 188 134 14.000000
162 188 134 7.000000
163 188 135 13.000000
164 188 135 13.000000
165 188 135 6.500000
166 189 134 22.000000
167 189 134 22.000000
168 189 134 22.000000
169 188 134 14.000000
170 188 134 14.000000
171 188 134 14.000000
172 188 135 13.000000
173 188 135 13.000000
174 188 135 6.500000
48 0
49 0
50 4
129 49 124 25.000000
130 49 124 25.000000
131 49 124 12.500000
132 49 123 16.500000
51 0
52 7
193 35 78 51.000000
194 35 78 51.000000
195 35 78 51.000000
196 35 78 25.500000
197 36 77 40.000000
198 36 77 80.000000
199 36 77 1.500000
53 3
111 133 158 95.000000
112 133 158 95.000000
113 133 158 43.000000
54 2
15 183 111 91.000000
16 183 111 68.000000
55 1
197 168 111 25.000000
56 0
57 0
58 0
59 10
156 83 24 7.000000
157 83 24 14.000000
158 83 24 14.000000
159 83 24 14.000000
160 83 24 14.000000
161 83 24 7.000000
162 82 24 42.500000
163 82 24 85.000000
164 82 24 85.000000
165 82 24 12.500000
60 5
180 179 172 53.000000
181 179 172 53.000000
182 179 172 53.000000
183 179 172 26.500000
184 178 173 24.500000
61 0
62 3
165 72 60 78.000000
166 72 60 39.000000
167 72 58 35.000000
63 0
64 4
153 107 50 75.000000
154 107 50 37.500000
155 106 50 42.500000
156 106 50 38.000000
65 5
114 37 122 16.500000
115 37 121 46.500000
116 36 121 79.000000
117 36 121 79.000000
118 36 120 53.000000
66 7
182 32 37 8.000000
183 32 37 16.000000
184 32 37 16.000000
185 32 37 16.000000
186 32 37 16.000000
187 32 37 8.000000
188 32 35 14.000000
67 2
189 59 124 46.500000
190 58 124 47.500000
68 0
69 0
70 0