1 0
2 0
3 0
4 4
168 144 136 50
169 144 133 80
170 144 133 80
171 144 133 33
5 0
6 2
100 26 29 83
101 26 29 43
7 0
8 1
183 54 121 55
9 7
178 163 23 59
179 163 23 59
180 163 23 59
181 163 23 29.5
182 166 23 17.5
183 168 23 43.5
184 164 23 22.5
10 3
190 4 155 41.5
191 3 155 75
192 3 155 4.5
11 3
196 45 147 43
197 46 147 16
198 47 147 39
12 0
13 0
14 0
15 3
156 99 98 37.5
157 99 98 75
158 99 98 17.5
16 1
194 157 55 80
17 0
18 3
119 82 121 38.5
120 82 121 77
121 82 121 1.5
19 0
20 2
167 38 67 66
168 38 67 29
21 3
158 12 137 60
159 12 137 60
160 12 137 26
22 0
23 1
126 53 42 74
24 1
28 119 106 58
25 4
74 76 9 55
75 76 9 55
76 77 9 98
77 77 9 69
26 0
27 0
28 7
59 161 105 37
60 161 105 18.5
61 159 105 34
62 159 105 34
63 159 105 17
64 157 105 49
65 157 105 33.5
29 3
101 58 181 45
102 58 181 22.5
103 57 181 18.5
30 5
171 160 145 12
172 160 145 6
173 158 145 83
174 158 145 41.5
175 159 145 9.5
31 0
32 0
33 0
34 3
193 105 49 13
194 104 48 49
195 104 48 4
35 3
175 102 118 48.5
176 102 118 97
177 102 118 96.5
36 4
179 128 71 44
180 128 72 49.5
181 129 72 88
182 129 72 36.5
37 0
38 4
193 147 11 17
194 147 11 17
195 146 12 66
196 146 12 39
39 0
40 1
183 107 10 71
41 2
191 147 103 44.5
192 147 103 84.5
42 2
81 96 120 82
82 96 120 1
43 0
44 2
168 98 27 13.5
169 98 29 38.5
45 0
46 3
116 57 131 76
117 57 131 76
118 57 131 35
47 6
157 188 134 7
158 188 134 14
159 190 134 54
160 189 132 65
161 190 132 86
162 190 132 17
48 0
49 0
50 1
129 48 123 79
51 0
52 6
193 35 78 51
194 35 78 51
195 35 78 51
196 36 76 65
197 36 76 65
198 36 76 17
53 3
111 133 158 95
112 133 158 95
113 133 158 43
54 2
15 183 111 91
16 183 111 68
55 1
197 168 111 25
56 0
57 0
58 0
59 5
156 83 24 7
157 83 25 87
158 83 25 87
159 82 25 96
160 82 25 18
60 4
180 179 172 53
181 179 172 53
182 179 173 86
183 179 173 18
61 0
62 4
164 72 61 7
165 72 60 78
166 72 63 60
167 72 61 7
63 0
64 4
153 107 50 75
154 107 50 37.5
155 109 50 56
156 109 50 24.5
65 5
114 37 122 16.5
115 37 121 46.5
116 36 121 79
117 36 121 79
118 36 120 53
66 3
182 32 37 8
183 32 36 85
184 32 36 1
67 2
189 59 124 46.5
190 58 124 47.5
68 0
69 0
70 0
