1 3
64 8 18 33.000000
65 8 18 66.000000
66 8 18 52.000000
2 2
17 6 13 27.500000
18 5 13 6.500000
3 2
80 10 6 36.500000
81 10 6 67.500000
4 1
95 4 6 117.000000
5 2
56 12 11 95.000000
57 12 11 74.000000
6 1
20 12 11 46.000000
7 3
27 13 6 84.000000
28 13 6 84.000000
29 13 6 16.000000
8 1
93 7 9 36.000000
9 2
49 1 15 32.000000
50 1 16 109.000000
10 1
114 4 7 107.000000
11 3
31 17 4 115.000000
32 17 4 57.500000
33 19 4 21.500000
12 1
134 6 8 33.000000
13 1
105 14 5 41.000000
14 4
54 5 8 29.000000
55 5 8 58.000000
56 5 8 58.000000
57 5 8 40.000000
15 2
84 10 18 106.000000
85 10 18 24.000000
16 3
110 8 13 55.000000
111 8 13 55.000000
112 8 13 4.000000
17 1
73 11 10 95.000000
18 1
70 8 10 30.000000
19 2
4 8 11 47.000000
5 8 11 23.000000
20 2
57 4 8 40.500000
58 4 8 31.500000
21 5
106 5 8 41.000000
107 5 8 58.000000
108 5 8 58.000000
109 5 8 29.000000
110 5 7 5.000000
22 3
86 5 16 78.000000
87 5 16 78.000000
88 5 16 24.000000
23 2
102 4 3 70.000000
103 4 3 68.000000
24 4
109 10 11 42.000000
110 10 11 42.000000
111 10 11 42.000000
112 10 11 2.000000
25 1
14 11 10 77.000000
26 4
62 18 13 18.500000
63 18 13 37.000000
64 18 13 37.000000
65 18 13 23.500000
27 2
41 18 11 59.000000
42 18 11 14.000000
28 2
64 4 7 144.000000
65 4 7 4.000000
29 3
64 11 12 38.000000
65 11 12 76.000000
66 11 12 73.000000
30 2
33 7 17 54.500000
34 7 18 63.500000
31 2
116 3 3 31.000000
117 3 3 30.000000
32 1
31 5 6 94.000000
33 2
29 1 5 133.000000
30 1 5 51.000000
34 1
69 9 0 118.000000
35 1
88 9 11 40.000000
36 4
44 6 8 34.500000
45 6 8 69.000000
46 6 8 69.000000
47 6 8 24.500000
37 2
81 11 13 121.000000
82 11 13 63.000000
38 4
32 6 5 34.000000
33 6 5 34.000000
34 6 5 34.000000
35 6 5 23.000000
39 2
63 9 5 49.000000
64 9 4 23.000000
40 2
13 5 19 31.000000
14 5 19 50.000000
41 3
76 1 10 46.000000
77 1 10 23.000000
78 2 10 25.000000
42 2
105 5 8 58.000000
106 5 8 17.000000
43 3
43 11 11 33.000000
44 11 11 66.000000
45 11 11 21.000000
44 3
47 8 14 29.500000
48 8 14 59.000000
49 8 14 21.500000
45 2
120 5 5 142.000000
121 5 5 31.000000
46 4
25 13 17 31.500000
26 13 17 63.000000
27 13 17 63.000000
28 13 17 29.500000
47 2
71 3 9 57.000000
72 3 9 31.000000
48 5
25 1 6 35.000000
26 1 6 35.000000
27 1 6 17.500000
28 2 6 44.000000
29 2 6 39.500000
49 2
24 11 12 38.000000
25 11 12 35.000000
50 1
124 7 15 98.000000
51 1
65 13 6 80.000000
52 4
13 11 13 60.500000
14 11 12 38.000000
15 11 12 76.000000
16 11 12 18.500000
53 2
74 6 8 34.500000
75 6 8 23.500000
54 1
113 5 6 60.000000
55 1
130 11 13 97.000000
56 6
102 6 5 34.000000
103 6 5 34.000000
104 6 5 34.000000
105 6 5 34.000000
106 6 5 17.000000
107 5 5 34.000000
57 1
70 11 15 63.000000
58 1
136 3 7 57.000000
59 2
80 5 6 154.000000
81 5 6 25.000000
60 4
124 5 8 29.000000
125 5 8 58.000000
126 5 8 58.000000
127 5 8 38.000000
61 3
24 14 5 44.500000
25 14 5 89.000000
26 14 5 57.500000
62 2
86 3 6 87.000000
87 3 6 14.000000
63 2
18 6 19 88.000000
19 6 19 63.000000
64 3
13 11 11 33.000000
14 11 11 66.000000
15 11 11 64.000000
65 2
86 12 11 95.000000
87 12 11 72.000000
66 1
36 12 12 167.000000
67 4
46 16 16 57.500000
47 16 15 42.500000
48 16 15 85.000000
49 16 15 15.000000
68 5
78 10 11 21.000000
79 10 11 42.000000
80 10 11 42.000000
81 10 11 42.000000
82 10 11 31.000000
69 2
99 9 19 40.500000
100 9 18 19.500000
70 1
113 7 18 41.000000
71 3
42 5 17 42.000000
43 5 17 89.000000
44 5 17 49.000000
72 3
78 3 10 34.500000
79 3 10 69.000000
80 3 10 35.500000
73 4
117 7 16 38.000000
118 7 16 19.000000
119 7 17 24.500000
120 7 17 77.500000
74 4
109 12 8 26.000000
110 13 7 26.000000
111 13 7 52.000000
112 13 7 10.000000
75 2
66 4 17 67.000000
67 4 17 81.000000
76 3
46 14 13 41.500000
47 14 13 83.000000
48 14 13 30.500000
77 5
65 2 7 44.000000
66 2 7 44.000000
67 2 7 44.000000
68 2 7 44.000000
69 2 7 5.000000
78 2
50 13 13 27.500000
51 13 13 45.500000
79 3
92 14 17 81.000000
93 14 17 81.000000
94 14 17 14.000000
80 2
123 11 4 39.000000
124 11 4 71.000000
81 3
95 6 2 38.000000
96 6 2 76.000000
97 6 2 16.000000
82 2
71 2 3 95.000000
72 2 3 16.000000
83 2
120 12 11 190.000000
121 12 11 2.000000
84 3
88 5 8 58.000000
89 5 8 29.000000
90 5 7 44.000000
85 2
104 6 18 112.000000
105 6 18 39.000000
86 2
82 5 7 44.000000
83 4 7 23.000000
87 3
25 7 18 120.000000
26 7 18 60.000000
27 6 19 13.000000
88 3
82 6 16 22.500000
83 6 16 45.000000
84 6 16 41.500000
89 1
86 11 11 62.000000
90 2
63 4 12 93.000000
64 4 12 34.000000
91 2
126 12 15 22.000000
127 12 15 44.000000
92 1
31 12 11 49.000000
93 1
74 13 12 57.000000
94 2
99 6 8 34.500000
101 6 6 21.500000
95 1
90 6 7 77.000000
96 3
31 5 7 88.000000
32 5 7 44.000000
33 4 7 51.000000
97 3
72 6 6 68.000000
73 6 6 68.000000
74 6 6 28.000000
98 2
38 4 2 101.000000
39 4 2 56.000000
99 2
56 2 5 59.000000
57 2 5 35.000000
100 4
113 11 11 33.000000
114 11 11 66.000000
115 11 11 66.000000
116 11 11 11.000000
101 3
17 11 11 66.000000
18 11 11 33.000000
19 12 11 80.000000
102 3
94 13 11 61.000000
95 13 11 61.000000
96 13 11 2.000000
103 4
122 13 11 30.500000
123 13 11 61.000000
124 13 11 61.000000
125 13 11 47.500000
104 2
95 6 7 98.000000
96 6 7 87.000000
105 2
82 4 7 72.000000
83 4 7 21.000000
106 4
58 15 17 33.500000
59 15 16 28.500000
60 15 16 57.000000
61 15 16 27.000000
107 2
84 6 8 34.500000
85 6 8 30.500000
108 2
78 5 18 37.000000
80 6 19 68.000000
109 3
10 6 17 49.000000
11 6 17 49.000000
12 6 17 7.000000
110 1
28 4 17 130.000000
111 2
91 4 4 124.000000
92 4 4 45.000000
112 2
76 7 18 60.000000
77 6 18 48.000000
113 1
20 12 11 60.000000
114 3
83 11 4 39.000000
84 11 4 78.000000
85 11 4 49.000000
115 1
43 6 6 59.000000
116 1
37 4 6 128.000000
117 2
12 5 7 44.000000
13 4 7 113.000000
118 1
53 7 17 46.000000
119 2
31 12 10 98.000000
32 12 10 82.000000
120 2
111 4 17 67.000000
112 5 17 38.000000
121 1
13 12 9 47.000000
122 2
76 12 11 95.000000
77 12 11 96.000000
123 2
117 6 18 112.000000
118 6 18 41.000000
124 2
82 4 8 40.500000
83 4 7 5.500000
125 2
123 7 18 120.000000
124 7 18 60.000000
126 3
104 15 17 67.000000
105 15 17 67.000000
106 15 17 50.000000
127 3
59 14 12 24.500000
60 14 12 49.000000
61 14 12 24.500000
128 1
47 10 10 36.000000
129 3
91 10 3 49.000000
92 10 3 98.000000
93 10 3 24.000000
130 2
46 5 18 74.000000
47 5 18 29.000000
131 2
52 15 16 57.000000
53 15 16 24.000000
132 3
21 5 17 44.500000
22 5 17 89.000000
23 5 17 2.500000
133 2
58 11 13 60.500000
59 11 13 70.500000
134 1
88 6 19 54.000000
135 4
34 6 8 34.500000
35 6 8 69.000000
36 6 8 69.000000
37 6 8 10.500000
136 3
78 2 3 47.500000
79 2 3 95.000000
80 2 3 21.500000
137 1
51 4 8 32.000000
138 4
101 6 15 68.000000
102 6 15 68.000000
103 6 15 34.000000
104 6 16 26.000000
139 1
65 4 6 136.000000
140 1
90 11 13 95.000000
141 2
118 4 8 81.000000
119 4 8 10.000000
142 2
35 5 8 53.000000
36 5 8 5.000000
143 3
35 5 18 74.000000
36 5 18 74.000000
37 5 18 26.000000
144 2
2 10 10 60.500000
3 11 10 83.500000
145 1
61 5 7 58.000000
146 2
26 11 4 78.000000
27 11 4 34.000000
147 2
43 7 16 19.000000
44 7 16 14.000000
148 4
74 5 8 29.000000
75 5 8 58.000000
76 5 8 58.000000
77 5 8 31.000000
149 1
122 5 17 55.000000
150 4
18 2 10 67.000000
19 2 10 33.500000
20 2 11 57.000000
21 2 11 36.500000
151 2
118 7 17 54.500000
119 7 17 84.500000
152 2
128 11 13 60.500000
129 11 13 71.500000
153 2
122 12 17 140.000000
123 12 17 2.000000
154 2
124 12 4 141.000000
125 12 4 58.000000
155 1
42 5 17 47.000000
156 2
22 12 17 140.000000
23 12 17 4.000000
157 2
99 5 8 29.000000
100 5 7 13.000000
158 1
90 4 4 101.000000
159 3
25 10 13 35.000000
26 10 13 35.000000
27 10 13 15.000000
160 1
135 5 8 37.000000
161 1
113 0 17 41.000000
162 2
25 11 12 41.000000
26 11 12 65.000000
163 2
112 17 1 54.500000
113 17 1 31.500000
164 3
123 6 6 68.000000
124 6 6 68.000000
125 6 6 56.000000
165 3
95 13 13 27.500000
96 13 14 64.000000
97 13 14 27.500000
166 4
13 6 16 45.000000
14 6 16 45.000000
15 6 16 45.000000
16 6 16 26.000000
167 5
42 5 7 44.000000
44 5 8 29.000000
45 5 8 58.000000
46 5 8 58.000000
47 5 8 8.000000
168 3
100 6 7 98.000000
101 6 6 12.500000
102 6 6 7.500000
169 2
112 7 17 109.000000
113 7 17 42.000000
170 1
78 8 10 116.000000
171 3
18 6 18 56.000000
19 6 19 25.000000
20 6 19 74.000000
172 4
95 13 15 48.000000
96 13 15 48.000000
97 13 15 24.000000
98 12 15 34.000000
173 1
28 14 16 79.000000
174 1
123 3 13 74.000000
175 1
106 6 7 142.000000
176 3
25 2 7 44.000000
26 2 7 44.000000
27 2 7 25.000000
177 4
77 16 7 18.000000
78 16 7 36.000000
79 16 7 36.000000
80 16 7 28.000000
178 2
109 11 13 121.000000
110 11 13 12.000000
179 2
34 5 8 29.000000
35 5 8 5.000000
180 2
31 7 18 60.000000
32 7 18 112.000000
181 2
26 11 16 118.000000
27 11 16 31.000000
182 3
71 5 14 25.000000
72 5 14 50.000000
73 5 14 48.000000
183 2
31 17 5 128.000000
32 17 5 32.000000
184 2
127 5 18 74.000000
128 5 18 37.000000
185 1
95 12 12 71.000000
186 3
125 11 11 66.000000
126 11 11 66.000000
127 11 11 60.000000
187 3
81 5 17 44.500000
82 5 17 89.000000
83 5 17 48.500000
188 6
81 6 17 49.000000
82 6 17 49.000000
83 6 17 24.500000
84 6 16 3.500000
85 6 16 45.000000
86 6 16 1.000000
189 2
117 15 5 97.000000
118 15 5 2.000000
190 2
37 7 15 112.000000
38 7 15 52.000000
191 1
103 0 4 37.000000
192 2
98 3 4 48.500000
99 3 4 95.500000
193 1
79 7 17 101.000000
194 3
64 11 11 66.000000
65 11 11 66.000000
66 11 11 11.000000
195 1
80 7 8 52.000000
196 2
23 13 11 59.500000
24 13 11 27.500000
197 2
22 13 11 30.500000
23 13 11 1.500000
198 1
89 14 16 125.000000
199 1
97 4 5 40.000000
200 1
75 12 16 44.000000
