1 1
19 9 13 186.000000
2 1
3 9 14 92.000000
3 2
5 8 13 67.000000
6 8 13 87.000000
4 2
12 4 5 93.000000
13 5 5 23.000000
5 1
21 6 2 72.000000
6 2
10 7 11 47.500000
11 7 11 4.500000
7 2
17 12 8 51.000000
18 12 8 28.000000
8 2
10 9 14 63.000000
11 9 14 39.000000
9 1
20 3 1 61.000000
10 2
14 7 10 61.000000
15 7 10 4.000000
11 1
13 9 8 75.000000
12 2
27 3 10 54.000000
28 3 10 8.000000
13 2
24 7 4 112.000000
25 7 4 61.000000
14 2
13 1 5 61.000000
14 1 5 63.000000
15 2
24 9 6 95.000000
25 9 6 54.000000
16 2
0 5 4 94.000000
1 5 4 47.000000
17 4
26 4 9 67.000000
27 4 9 67.000000
28 4 9 33.500000
29 4 10 14.500000
18 1
29 6 6 51.000000
19 1
14 6 7 148.000000
20 2
10 8 7 73.500000
11 8 7 76.500000
21 1
7 5 3 49.000000
22 2
3 7 4 56.000000
4 7 4 110.000000
23 2
8 7 7 55.000000
9 7 7 46.000000
24 1
5 7 8 91.000000
25 3
7 6 5 24.000000
8 6 5 48.000000
9 6 5 43.000000
26 1
3 1 4 56.000000
27 3
20 6 8 41.500000
21 6 8 83.000000
22 6 8 74.500000
28 3
7 2 7 46.500000
8 2 7 93.000000
9 2 7 48.500000
29 2
16 6 10 41.000000
17 6 10 72.000000
30 1
15 2 1 95.000000
31 2
15 7 11 47.500000
16 8 11 61.500000
32 2
2 1 3 87.000000
3 1 3 111.000000
33 3
3 7 5 90.000000
4 7 5 90.000000
5 7 5 18.000000
34 2
2 13 14 145.000000
3 13 14 47.000000
35 4
11 6 5 48.000000
12 6 4 75.000000
13 6 4 84.000000
14 6 4 8.000000
36 2
7 9 6 47.500000
8 8 6 70.500000
37 2
2 6 8 83.000000
3 6 8 78.000000
38 3
6 7 13 114.000000
7 7 13 57.000000
8 7 14 3.000000
39 1
13 2 10 52.000000
40 2
4 7 11 95.000000
5 7 11 25.000000
41 2
34 8 5 54.000000
35 8 5 59.000000
42 2
21 5 6 101.000000
22 5 6 39.000000
43 2
18 6 6 63.000000
19 6 6 88.000000
44 2
6 7 9 155.000000
7 7 9 52.000000
45 1
13 10 14 139.000000
46 3
12 9 6 47.500000
13 9 6 95.000000
14 9 6 33.500000
47 2
23 7 9 132.500000
24 7 9 13.500000
48 2
20 6 11 150.000000
21 6 11 51.000000
49 2
6 8 5 108.000000
7 8 5 1.000000
50 2
16 13 5 88.000000
17 13 5 22.000000
51 2
11 6 4 42.000000
12 6 4 9.000000
52 3
19 11 5 34.000000
20 11 5 68.000000
21 11 5 13.000000
53 2
11 10 14 140.000000
12 10 14 6.000000
54 2
12 7 7 18.500000
13 6 7 25.500000
55 3
3 6 3 79.500000
4 6 4 84.000000
5 6 4 14.500000
56 2
12 9 8 78.500000
13 9 8 75.500000
57 2
2 7 9 77.500000
3 7 9 81.500000
58 3
16 5 3 41.000000
17 5 3 82.000000
18 5 3 52.000000
59 2
9 3 4 67.500000
10 3 4 80.500000
60 2
23 8 9 27.500000
24 8 9 24.500000
61 1
13 7 14 60.000000
62 3
22 5 6 62.000000
23 5 6 101.000000
24 5 6 1.000000
63 3
16 8 9 55.000000
17 8 9 55.000000
18 8 9 6.000000
64 1
28 7 8 110.000000
65 3
21 7 6 68.000000
22 7 6 98.000000
23 7 6 8.000000
66 1
6 9 12 112.000000
67 4
16 7 10 61.000000
17 7 10 61.000000
18 7 10 30.500000
19 6 10 58.500000
68 2
16 6 4 42.000000
17 7 3 23.000000
69 1
25 7 12 72.000000
70 2
23 7 11 68.000000
24 7 11 75.000000
71 2
21 8 14 79.000000
22 8 14 117.000000
72 3
20 11 10 83.000000
21 11 10 41.500000
22 10 10 45.500000
73 1
20 6 10 79.000000
74 1
8 7 14 68.000000
75 2
13 6 2 167.000000
14 6 2 20.000000
76 3
7 12 14 65.000000
8 12 14 65.000000
9 12 14 23.000000
77 2
9 12 13 127.000000
10 12 13 43.000000
78 6
10 13 12 22.000000
11 13 12 44.000000
12 13 12 44.000000
13 13 12 44.000000
14 13 12 44.000000
15 13 12 20.000000
79 2
14 11 13 161.000000
15 11 13 45.000000
80 4
14 12 14 32.500000
15 12 14 65.000000
16 12 14 65.000000
17 12 14 21.500000
81 4
19 1 6 76.000000
20 1 6 76.000000
21 1 6 38.000000
22 0 6 28.000000
82 3
19 7 8 78.000000
22 7 9 77.500000
23 7 9 22.500000
83 1
10 5 3 71.000000
84 1
12 8 8 94.000000
85 2
12 7 9 77.500000
13 7 9 53.500000
86 3
0 3 2 51.500000
1 2 2 93.000000
2 2 2 29.500000
87 1
15 6 7 76.000000
88 3
10 7 5 45.000000
11 7 5 90.000000
12 7 5 11.000000
89 5
16 6 9 47.000000
17 6 9 47.000000
18 6 9 47.000000
19 6 9 23.500000
20 5 11 2.500000
90 1
17 7 8 134.000000
91 2
20 7 6 98.000000
21 7 6 30.000000
92 3
16 10 6 40.000000
17 10 6 80.000000
18 10 6 57.000000
93 2
14 10 7 79.000000
15 10 7 25.000000
94 2
1 11 14 101.500000
2 11 14 10.500000
95 2
12 6 7 78.500000
13 6 7 53.500000
96 3
17 7 4 112.000000
18 7 4 56.000000
19 7 6 26.000000
97 2
12 8 14 158.000000
13 8 14 34.000000
98 2
23 6 7 119.500000
24 6 7 42.500000
99 2
5 3 5 110.000000
6 3 5 23.000000
100 1
8 9 13 176.000000
101 5
20 3 7 51.000000
21 3 7 51.000000
22 3 7 51.000000
23 3 7 25.500000
24 3 8 33.500000
102 2
9 2 7 44.500000
10 2 7 67.500000
103 1
9 9 13 207.000000
104 1
12 10 12 63.000000
105 2
21 10 8 158.000000
22 10 8 11.000000
106 4
15 10 10 59.000000
16 11 10 41.500000
17 11 10 83.000000
18 11 10 30.500000
107 1
2 2 5 110.000000
108 1
15 5 5 52.000000
109 2
21 5 10 76.000000
22 5 10 120.000000
110 2
23 8 7 147.000000
24 8 7 67.000000
111 3
17 6 5 24.000000
18 6 5 48.000000
19 6 5 44.000000
112 2
9 6 11 150.000000
10 6 11 39.000000
113 2
31 6 6 126.000000
32 6 6 26.000000
114 4
25 6 4 84.000000
26 6 4 42.000000
27 6 5 24.000000
28 6 5 38.000000
115 1
13 5 5 171.000000
116 2
22 7 11 95.000000
23 7 11 27.000000
117 4
9 7 7 9.000000
10 7 7 55.000000
11 7 7 55.000000
12 7 7 9.000000
118 1
17 6 13 75.000000
119 4
20 7 7 55.000000
21 7 7 55.000000
22 7 7 27.500000
23 6 7 37.500000
120 2
27 8 6 62.500000
28 8 6 99.500000
