1 1
0 16 4 36.000000
2 1
18 24 12 32.000000
3 1
69 13 15 44.000000
4 2
179 18 7 51.000000
180 17 7 1.000000
5 2
193 19 14 71.500000
194 19 14 65.500000
6 1
78 14 11 42.000000
7 2
61 21 16 39.500000
62 21 16 3.500000
8 2
65 17 9 20.500000
66 17 9 22.500000
9 1
22 23 7 48.000000
10 1
57 17 6 36.000000
11 1
61 15 11 41.000000
12 1
23 21 15 34.000000
13 1
19 14 13 36.000000
14 1
3 19 0 37.000000
15 1
69 17 5 39.000000
16 1
159 15 6 39.000000
17 1
29 16 13 41.000000
18 1
42 20 11 46.000000
19 2
32 20 2 56.000000
33 20 2 5.000000
20 1
206 7 15 36.000000
21 1
12 21 13 43.000000
22 1
15 17 11 34.000000
23 1
59 18 2 45.000000
24 1
184 20 2 38.000000
25 1
54 10 11 100.000000
26 1
153 21 13 116.000000
27 1
34 20 10 31.000000
28 1
173 13 10 33.000000
29 2
59 13 10 31.000000
60 13 10 12.000000
30 1
191 21 3 31.000000
31 1
64 20 14 46.000000
32 1
75 17 13 46.000000
33 1
64 18 12 37.000000
34 2
56 16 13 25.500000
57 16 13 50.500000
35 1
163 14 12 43.000000
36 1
164 12 14 30.000000
37 1
158 17 12 32.000000
38 1
49 16 11 50.000000
39 2
68 14 13 23.500000
69 14 13 8.500000
40 1
150 22 3 40.000000
41 1
194 11 3 37.000000
42 1
157 18 11 33.000000
43 1
25 7 17 45.000000
44 1
66 10 15 51.000000
45 2
67 15 18 40.500000
68 15 18 67.500000
46 1
40 17 8 52.000000
47 2
52 20 2 56.000000
53 20 2 15.000000
48 1
34 12 3 33.000000
49 5
18 24 6 0.500000
19 24 6 1.000000
20 24 6 1.000000
21 21 6 25.000000
22 21 6 5.500000
50 2
202 20 10 21.500000
203 20 10 32.500000
51 2
50 22 15 34.500000
51 22 15 3.500000
52 1
192 20 17 47.000000
53 1
75 11 7 31.000000
54 1
147 19 14 55.000000
55 1
177 18 8 38.000000
56 1
143 19 5 34.000000
57 2
53 19 8 63.000000
54 19 8 48.000000
58 3
22 20 10 21.500000
23 20 10 43.000000
24 20 10 0.500000
59 1
30 22 3 42.000000
60 1
34 8 14 31.000000
61 1
15 18 8 32.000000
62 2
200 22 0 89.000000
201 22 0 12.000000
63 1
175 17 10 40.000000
64 2
43 10 9 67.000000
44 10 9 6.000000
65 1
27 15 15 36.000000
66 1
48 15 1 54.000000
67 1
27 25 5 79.000000
68 3
17 25 18 20.000000
18 25 18 40.000000
19 25 18 9.000000
69 1
24 13 5 40.000000
70 2
45 17 7 26.500000
46 17 7 46.500000
71 4
62 13 13 1.000000
63 13 13 1.000000
64 13 13 0.500000
65 10 13 28.500000
72 1
169 13 6 84.000000
73 1
52 20 6 30.000000
74 4
194 18 17 0.500000
195 18 17 1.000000
196 18 17 1.000000
197 15 17 41.500000
75 1
32 22 7 31.000000
76 1
151 21 11 45.000000
77 1
17 25 12 31.000000
78 1
50 16 6 41.000000
79 1
5 17 8 48.000000
80 3
28 14 13 23.500000
29 14 13 47.000000
30 14 13 37.500000
81 1
201 15 8 31.000000
82 1
8 14 5 53.000000
83 4
52 12 10 1.000000
53 12 10 1.000000
54 12 10 1.000000
55 9 10 68.000000
84 1
40 12 4 32.000000
85 1
24 12 9 32.000000
86 1
57 15 5 31.000000
87 1
9 17 19 30.000000
88 2
21 11 18 27.000000
22 11 18 8.000000
89 2
44 18 13 26.000000
45 18 13 4.000000
90 2
39 13 8 43.000000
40 13 8 64.000000
91 10
50 14 17 1.000000
51 15 17 28.000000
53 14 17 0.500000
54 18 17 0.500000
55 18 17 1.000000
56 18 17 1.000000
63 14 17 0.500000
64 18 17 0.500000
65 18 17 1.000000
66 18 17 1.000000
92 1
8 19 8 50.000000
93 1
51 14 12 71.000000
94 1
191 15 12 33.000000
95 2
14 18 15 79.500000
15 18 15 145.500000
96 2
45 17 9 20.500000
46 17 9 37.500000
97 1
171 15 12 34.000000
98 1
47 15 5 40.000000
99 1
16 19 3 38.000000
100 2
22 24 17 1.000000
23 23 17 33.000000
101 1
158 15 2 34.000000
102 1
57 17 13 31.000000
103 1
20 22 8 31.000000
104 2
46 16 19 40.000000
47 16 19 1.000000
105 2
166 26 10 38.000000
167 26 10 12.000000
106 1
179 13 6 31.000000
107 2
48 9 5 35.000000
51 11 6 15.000000
108 2
137 15 0 26.000000
138 15 0 43.000000
109 1
23 9 8 33.000000
110 1
159 23 18 32.000000
111 2
40 22 10 31.000000
41 22 10 35.000000
112 1
201 14 8 36.000000
113 1
211 21 13 37.000000
114 1
65 17 17 75.000000
115 1
49 13 18 43.000000
116 1
34 21 5 42.000000
117 4
183 20 16 1.000000
184 20 16 1.000000
185 20 16 1.000000
186 17 16 29.000000
118 2
152 20 10 21.500000
153 20 10 14.500000
119 2
195 17 10 24.500000
196 17 10 14.500000
120 1
10 23 14 42.000000
121 2
24 13 13 0.500000
27 15 13 31.500000
122 2
20 17 7 26.500000
23 19 7 25.500000
123 1
43 13 7 31.000000
124 1
185 19 13 42.000000
125 2
51 22 10 62.000000
52 22 10 41.000000
126 1
23 14 9 34.000000
127 1
158 19 9 41.000000
128 2
75 17 11 43.000000
76 17 11 58.000000
129 2
177 15 4 22.500000
178 15 4 25.500000
130 2
184 8 3 31.500000
185 8 3 36.500000
131 2
72 15 12 34.500000
75 17 12 13.500000
132 2
13 19 9 63.500000
14 19 9 21.500000
133 1
70 22 3 31.000000
134 4
68 4 13 24.000000
69 4 13 48.000000
70 4 13 48.000000
71 4 13 22.000000
135 1
72 10 10 33.000000
136 1
69 16 7 32.000000
137 1
71 21 11 86.000000
138 2
167 25 14 90.500000
168 25 14 12.500000
139 1
199 13 18 40.000000
140 1
19 13 0 43.000000
141 1
19 13 8 30.000000
142 1
178 16 10 35.000000
143 1
53 2 8 42.000000
144 6
39 13 13 0.500000
40 13 13 1.000000
41 13 13 1.000000
42 10 13 21.500000
43 10 13 43.000000
44 10 13 17.000000
145 1
50 25 14 40.000000
146 2
67 16 5 30.000000
68 16 5 8.000000
147 1
50 14 11 36.000000
148 1
34 23 14 52.000000
149 4
207 20 7 25.000000
208 19 7 26.500000
209 18 7 51.000000
210 22 7 47.500000
150 1
51 21 3 33.000000
151 1
45 9 7 42.000000
152 1
187 15 10 33.000000
153 2
12 20 7 25.000000
13 20 7 9.000000
154 1
152 13 0 37.000000
155 2
66 16 8 25.500000
67 16 8 6.500000
156 1
67 18 7 47.000000
157 1
33 19 1 38.000000
158 1
41 21 13 56.000000
159 1
17 15 1 40.000000
160 1
140 14 0 53.000000
161 2
63 19 12 30.000000
64 19 12 20.000000
162 2
51 11 5 63.000000
52 11 5 82.000000
163 1
2 20 0 30.000000
164 1
43 19 3 31.000000
165 2
174 18 13 26.000000
175 18 13 25.000000
166 2
184 18 13 26.000000
185 18 13 17.000000
167 1
190 15 11 40.000000
168 1
68 14 5 43.000000
169 1
69 17 10 46.000000
170 1
15 12 6 32.000000
171 2
209 13 14 30.500000
210 13 14 10.500000
172 2
39 18 13 26.000000
40 17 13 7.000000
173 1
69 18 5 33.000000
174 2
193 14 4 30.000000
194 13 4 19.000000
175 1
6 26 12 35.000000
176 2
10 22 11 31.500000
11 22 11 6.500000
177 2
14 18 13 26.000000
15 18 13 14.000000
178 1
47 17 0 130.000000
179 1
36 16 11 44.000000
180 1
76 19 11 30.000000
181 2
5 18 17 1.000000
6 17 17 48.000000
182 2
184 18 3 26.500000
185 18 3 3.500000
183 1
154 20 9 59.000000
184 1
45 17 13 35.000000
185 3
184 12 11 1.000000
185 12 11 0.500000
187 15 11 35.500000
186 1
172 14 5 36.000000
187 1
196 10 14 31.000000
188 2
74 18 3 26.500000
75 18 3 43.500000
189 1
175 21 11 35.000000
190 1
29 15 10 33.000000
191 1
53 10 2 40.000000
192 1
16 17 7 40.000000
193 4
69 25 13 1.000000
70 25 13 1.000000
71 25 13 1.000000
72 22 13 31.000000
194 1
192 20 9 35.000000
195 1
158 17 9 38.000000
196 1
30 22 14 33.000000
197 2
65 17 4 50.500000
66 17 4 1.500000
198 2
59 23 13 57.000000
60 23 13 7.000000
199 1
140 25 10 75.000000
200 1
43 13 15 31.000000
201 2
25 17 9 20.500000
26 17 9 34.500000
202 2
48 14 5 60.500000
49 14 5 22.500000
203 1
55 19 2 31.000000
204 1
179 15 8 42.000000
205 1
55 17 8 49.000000
206 1
163 20 18 37.000000
207 1
217 15 9 61.000000
208 1
10 22 15 58.000000
209 1
171 21 12 53.000000
210 1
62 12 4 46.000000
211 1
200 13 19 34.000000
212 1
149 15 4 43.000000
213 2
38 16 8 51.000000
39 16 8 16.000000
214 1
46 19 0 30.000000
215 2
27 15 15 6.000000
28 15 15 68.000000
216 3
161 23 11 1.000000
162 22 11 34.000000
166 26 11 7.000000
217 1
74 20 6 31.000000
218 2
170 12 4 39.000000
171 12 4 17.000000
219 1
45 20 0 43.000000
220 2
45 17 13 24.500000
46 17 13 10.500000
221 1
7 25 10 53.000000
222 1
190 13 8 77.000000
223 1
73 11 10 33.000000
224 3
57 15 9 14.500000
58 15 9 129.000000
59 15 9 73.500000
225 1
58 14 0 32.000000
226 1
69 14 15 61.000000
227 2
64 18 0 90.500000
65 18 0 77.500000
228 1
56 8 1 62.000000
229 5
31 16 8 25.500000
32 15 8 27.500000
33 14 8 89.500000
34 18 8 46.000000
35 18 8 61.500000
230 2
73 19 17 27.500000
74 19 17 31.500000
231 1
155 11 5 46.000000
232 2
163 19 4 42.500000
164 19 4 11.500000
233 1
139 13 3 30.000000
234 2
40 22 11 31.500000
41 22 11 44.500000
235 1
41 21 19 41.000000
236 1
57 25 15 41.000000
237 2
59 13 11 24.000000
60 13 11 30.000000
238 1
9 15 2 37.000000
239 1
11 16 15 51.000000
240 2
151 11 7 38.000000
152 11 7 61.000000
241 2
17 15 13 46.500000
18 15 13 13.500000
242 1
162 12 8 44.000000
243 1
140 22 15 43.000000
244 1
150 22 5 31.000000
245 2
24 18 4 30.500000
25 18 4 39.500000
246 1
52 21 3 32.000000
247 1
19 17 10 36.000000
248 3
43 19 7 26.500000
44 19 7 53.000000
45 19 7 26.500000
249 5
36 21 10 25.500000
37 20 10 21.500000
38 19 10 26.500000
39 18 10 20.000000
40 17 10 51.500000
250 2
65 22 8 33.000000
66 21 8 4.000000
251 1
35 17 13 34.000000
252 2
64 18 12 24.000000
65 18 12 69.000000
253 1
33 14 11 31.000000
254 1
54 21 5 50.000000
255 1
61 23 6 31.000000
256 1
146 19 1 55.000000
257 1
185 18 11 53.000000
258 1
15 20 11 38.000000
259 1
6 16 6 30.000000
260 1
56 21 8 46.000000
261 1
148 19 0 38.000000
262 1
188 14 8 35.000000
263 1
87 20 14 30.000000
264 1
7 15 5 37.000000
265 1
70 14 8 37.000000
266 1
7 25 11 38.000000
267 1
169 23 16 32.000000
268 2
66 16 13 25.500000
67 16 13 5.500000
269 1
203 12 13 55.000000
270 1
69 27 9 33.000000
271 1
50 16 0 31.000000
272 1
199 23 5 30.000000
273 1
28 14 1 38.000000
274 1
42 20 8 45.000000
275 1
49 13 1 41.000000
276 1
0 13 1 67.000000
277 5
184 19 12 60.000000
185 19 12 60.000000
186 19 12 60.000000
187 19 12 60.000000
188 19 12 10.000000
278 1
29 23 2 37.000000
279 1
172 22 9 37.000000
280 1
190 16 17 40.000000
281 2
12 20 0 44.000000
13 20 0 32.000000
282 1
25 12 3 35.000000
283 2
36 16 8 25.500000
37 16 8 5.500000
284 1
185 12 3 32.000000
285 1
39 23 6 38.000000
286 2
20 12 5 22.000000
21 12 5 12.000000
287 2
46 20 4 58.000000
47 20 4 5.000000
288 1
195 28 7 57.000000
289 1
80 14 5 32.000000
290 2
166 16 13 25.500000
167 16 13 11.500000
291 1
61 23 9 31.000000
292 2
190 14 10 69.000000
191 14 10 10.000000
293 1
11 15 11 72.000000
294 7
177 15 3 0.500000
178 15 3 1.000000
179 15 3 1.000000
180 15 3 1.000000
181 15 3 1.000000
182 15 3 0.500000
183 19 3 32.000000
295 3
57 18 10 40.000000
58 18 10 40.000000
59 18 10 9.000000
296 2
67 15 4 22.500000
68 15 4 15.500000
297 1
19 17 16 50.000000
298 2
62 13 5 107.000000
63 13 5 71.000000
299 1
59 3 14 51.000000
300 1
56 16 7 46.000000
301 1
166 20 11 31.000000
302 1
38 15 19 36.000000
303 1
40 22 18 41.000000
304 1
21 21 3 36.000000
305 1
50 22 15 33.000000
306 1
153 19 1 30.000000
307 1
49 13 0 40.000000
308 1
67 5 14 32.000000
309 5
10 24 6 1.000000
11 24 6 1.000000
12 24 6 1.000000
13 21 6 50.000000
14 21 6 1.000000
310 1
63 19 6 37.000000
311 2
202 20 4 29.000000
203 20 4 3.000000
312 1
20 12 3 38.000000
313 1
167 16 16 33.000000
314 4
209 14 17 1.000000
210 14 17 1.000000
211 14 17 1.000000
212 11 17 30.000000
315 1
43 19 11 58.000000
316 1
16 17 6 51.000000
317 1
182 13 4 31.000000
318 1
33 10 5 30.000000
319 2
63 19 13 28.500000
64 19 13 2.500000
320 2
37 15 0 26.000000
38 15 0 7.000000
321 1
62 13 11 45.000000
322 1
168 16 3 41.000000
323 1
168 24 7 45.000000
324 2
70 22 11 31.500000
71 22 11 1.500000
325 1
27 16 11 36.000000
326 1
36 10 5 53.000000
327 2
158 14 10 34.500000
159 14 10 25.500000
328 2
150 22 13 24.000000
151 22 13 6.000000
329 1
44 18 9 47.000000
330 1
28 17 6 40.000000
331 1
15 19 3 35.000000
332 5
21 16 4 45.500000
22 15 4 22.500000
23 14 4 30.000000
24 18 5 50.500000
25 18 5 4.500000
333 1
190 17 1 35.000000
334 1
41 21 7 40.000000
335 1
162 20 12 43.000000
336 4
60 13 9 1.000000
61 13 9 1.000000
62 13 9 1.000000
63 10 9 33.000000
337 1
152 14 13 47.000000
338 1
57 16 3 51.000000
339 1
57 15 9 50.000000
340 2
42 20 6 41.000000
43 20 6 6.000000
341 2
69 13 8 43.000000
70 13 8 9.000000
342 2
202 10 11 67.500000
203 10 11 20.500000
343 2
39 13 4 22.000000
40 13 4 16.000000
344 2
193 19 13 28.500000
194 19 13 23.500000
345 5
60 22 6 0.500000
61 22 6 1.000000
62 22 6 1.000000
63 19 6 15.500000
64 19 6 22.000000
346 1
62 20 5 48.000000
347 1
53 14 5 50.000000
348 1
187 17 13 34.000000
349 2
66 16 5 22.000000
67 16 5 14.000000
350 1
164 12 8 33.000000
351 1
67 15 10 35.000000
352 1
66 18 19 51.000000
353 1
0 23 10 41.000000
354 1
73 21 5 42.000000
355 1
15 21 16 67.000000
356 1
26 19 11 48.000000
357 1
195 17 10 34.000000
358 1
25 17 4 40.000000
359 1
63 19 4 33.000000
360 3
159 17 11 86.000000
160 17 11 43.000000
162 20 11 26.000000
361 1
49 23 6 41.000000
362 1
65 20 4 45.000000
363 1
183 20 8 82.000000
364 1
39 23 7 33.000000
365 1
35 19 19 57.000000
366 1
39 3 11 31.000000
367 1
34 18 5 43.000000
368 1
11 12 18 55.000000
369 2
30 22 11 31.500000
31 22 11 4.500000
370 2
154 18 10 20.000000
155 18 10 36.000000
371 1
166 16 4 31.000000
372 1
174 18 11 42.000000
373 1
157 15 9 64.000000
374 2
28 14 7 76.000000
29 14 7 14.000000
375 2
46 16 5 22.000000
47 16 5 33.000000
376 1
66 16 9 44.000000
377 2
31 11 14 30.000000
32 11 14 7.000000
378 1
16 16 11 38.000000
379 2
24 18 3 26.500000
25 18 3 21.500000
380 1
168 14 1 33.000000
381 1
21 21 15 56.000000
382 2
35 17 4 50.500000
36 17 4 9.500000
383 1
156 17 12 64.000000
384 1
51 15 10 50.000000
385 1
36 21 17 43.000000
386 1
145 17 19 31.000000
387 1
42 21 12 32.000000
388 1
64 18 9 44.000000
389 1
140 13 0 30.000000
390 3
36 16 14 46.000000
37 16 14 92.000000
38 16 14 55.000000
391 1
77 15 16 36.000000
392 1
199 23 12 36.000000
393 5
14 8 9 0.500000
15 8 9 1.000000
16 8 9 1.000000
17 5 9 29.000000
18 5 9 2.500000
394 1
47 5 5 34.000000
395 1
16 19 0 40.000000
396 2
51 21 4 47.000000
52 21 4 3.000000
397 1
18 17 5 33.000000
398 1
144 18 5 37.000000
399 2
68 19 12 30.000000
69 18 12 3.000000
400 1
200 22 14 31.000000
