1 2
173 25 7 102.000000
174 25 7 15.000000
2 1
30 26 13 27.000000
3 1
40 7 15 27.000000
4 1
3 17 1 21.000000
5 1
82 7 13 30.000000
6 1
91 13 9 51.000000
7 1
74 9 15 96.000000
8 4
7 23 16 0.500000
8 23 16 1.000000
9 23 16 1.000000
10 22 15 46.500000
9 2
7 29 8 80.500000
8 29 8 10.500000
10 1
37 7 10 20.000000
11 1
197 19 8 47.000000
12 2
76 3 14 52.500000
77 2 14 15.500000
13 1
178 13 8 26.000000
14 1
202 22 9 23.000000
15 1
88 15 11 38.000000
16 1
180 10 2 25.000000
17 1
195 15 3 25.000000
18 1
236 22 9 45.000000
19 1
18 22 1 46.000000
20 1
67 20 3 21.000000
21 1
25 14 14 24.000000
22 1
236 14 6 40.000000
23 2
69 10 8 46.000000
70 10 8 39.000000
24 4
224 20 6 1.000000
225 20 6 0.500000
226 20 8 33.000000
227 20 8 53.500000
25 1
226 12 7 27.000000
26 2
190 22 10 33.000000
191 22 10 4.000000
27 1
58 8 3 27.000000
28 1
178 15 7 58.000000
29 1
230 27 5 42.000000
30 3
208 22 8 1.000000
209 22 8 0.500000
210 22 10 26.500000
31 1
4 2 13 41.000000
32 1
171 25 8 26.000000
33 1
91 28 14 32.000000
34 1
211 10 11 22.000000
35 1
37 10 13 44.000000
36 2
178 31 14 0.500000
180 32 15 35.500000
37 1
51 13 15 29.000000
38 1
67 7 10 33.000000
39 1
61 22 0 55.000000
40 1
193 26 2 29.000000
41 2
203 24 8 76.000000
204 24 8 60.000000
42 1
207 25 10 45.000000
43 1
64 9 15 26.000000
44 1
26 14 7 22.000000
45 1
240 21 11 24.000000
46 1
43 19 10 31.000000
47 1
38 24 5 27.000000
48 1
19 24 2 24.000000
49 1
34 27 3 26.000000
50 3
214 20 4 27.000000
215 20 4 54.000000
216 20 4 6.000000
51 1
205 11 18 40.000000
52 1
178 23 13 24.000000
53 1
62 26 12 24.000000
54 1
22 18 3 25.000000
55 1
44 14 9 34.000000
56 1
196 0 18 39.000000
57 1
51 23 0 25.000000
58 2
12 17 3 37.000000
13 17 3 14.000000
59 1
203 14 14 34.000000
60 1
40 33 20 25.000000
61 1
50 15 14 63.000000
62 1
76 31 13 75.000000
63 1
228 11 12 23.000000
64 1
255 22 10 24.000000
65 1
41 25 3 57.000000
66 1
54 23 13 38.000000
67 2
194 4 12 26.500000
195 4 12 3.500000
68 2
45 10 6 25.500000
46 9 6 5.500000
69 1
75 17 7 23.000000
70 1
48 11 12 25.000000
71 1
29 8 13 37.000000
72 1
63 8 18 22.000000
73 1
70 23 10 54.000000
74 1
215 3 22 20.000000
75 1
50 6 10 27.000000
76 1
183 21 16 21.000000
77 1
91 31 10 80.000000
78 1
76 14 6 20.000000
79 1
55 15 1 57.000000
80 2
22 18 11 47.500000
23 18 11 55.500000
81 1
30 13 15 21.000000
82 1
11 24 6 65.000000
83 1
172 22 9 24.000000
84 3
174 20 15 46.000000
175 20 15 46.000000
176 20 15 9.000000
85 2
55 29 9 40.000000
56 29 9 35.000000
86 2
42 18 8 68.000000
43 18 8 15.000000
87 1
33 23 15 36.000000
88 2
59 15 14 71.000000
60 15 14 7.000000
89 1
47 17 10 35.000000
90 1
207 8 10 30.000000
91 1
45 29 11 25.000000
92 1
30 5 19 22.000000
93 1
101 26 14 142.000000
94 1
18 28 8 53.000000
95 1
50 26 4 28.000000
96 1
50 3 20 25.000000
97 2
51 5 13 40.500000
52 5 13 42.500000
98 1
81 9 11 80.000000
99 1
42 20 12 56.000000
100 1
209 24 10 23.000000
101 1
102 18 7 55.000000
102 1
56 24 6 84.000000
103 1
33 18 1 25.000000
104 1
200 24 9 53.000000
105 2
92 10 15 34.500000
93 10 15 38.500000
106 1
28 20 12 26.000000
107 1
64 3 15 33.000000
108 1
38 13 8 20.000000
109 1
77 23 11 71.000000
110 1
43 17 8 44.000000
111 1
24 20 14 20.000000
112 2
36 28 11 141.000000
37 28 11 54.000000
113 3
82 32 14 36.500000
83 32 14 73.000000
84 32 14 6.500000
114 1
211 8 12 30.000000
115 1
190 20 8 33.000000
116 1
46 8 14 22.000000
117 1
40 22 1 26.000000
118 1
165 26 7 23.000000
119 1
25 27 5 79.000000
120 1
83 34 15 25.000000
121 7
170 30 11 0.500000
171 30 13 18.000000
172 30 11 1.000000
173 30 11 1.000000
174 30 11 1.000000
175 30 11 0.500000
176 30 13 3.000000
122 1
21 13 14 28.000000
123 2
68 6 14 21.500000
69 6 14 9.500000
124 1
51 28 12 40.000000
125 1
174 20 9 23.000000
126 1
61 28 18 28.000000
127 1
80 11 18 23.000000
128 1
25 17 10 21.000000
129 3
33 10 17 66.000000
34 10 19 82.500000
35 10 19 113.500000
130 2
231 31 15 37.000000
232 31 15 14.000000
131 1
42 5 13 23.000000
132 1
8 22 3 55.000000
133 5
170 1 12 67.000000
171 1 12 67.000000
172 1 12 33.500000
173 1 14 72.500000
174 1 14 27.000000
134 1
42 26 7 31.000000
135 1
237 7 9 28.000000
136 1
18 16 10 97.000000
137 1
24 24 2 30.000000
138 1
39 15 14 36.000000
139 2
14 18 5 30.000000
15 18 5 11.000000
140 1
35 20 5 39.000000
141 1
46 10 14 52.000000
142 1
214 8 10 46.000000
143 1
53 0 15 39.000000
144 1
30 13 20 20.000000
145 2
32 27 8 90.000000
33 27 8 21.000000
146 1
63 24 5 21.000000
147 2
86 15 8 78.500000
87 15 7 114.500000
148 2
93 7 11 23.000000
94 7 11 4.000000
149 1
5 21 8 41.000000
150 1
64 16 11 25.000000
151 2
70 8 12 28.000000
71 8 12 14.000000
152 1
34 22 15 66.000000
153 1
179 30 9 20.000000
154 1
69 23 5 26.000000
155 1
66 26 10 27.000000
156 1
43 9 11 45.000000
157 2
4 0 10 164.000000
5 0 10 136.000000
158 1
24 9 11 55.000000
159 1
13 29 15 22.000000
160 1
171 31 10 31.000000
161 2
226 12 17 16.000000
227 12 17 4.000000
162 1
180 30 6 26.000000
163 1
68 32 11 34.000000
164 1
95 6 16 56.000000
165 1
35 13 17 31.000000
166 1
178 25 2 23.000000
167 1
17 10 13 39.000000
168 1
46 26 6 59.000000
169 1
45 23 3 30.000000
170 1
50 29 14 26.000000
171 1
190 11 21 85.000000
172 2
242 24 8 38.000000
243 24 8 23.000000
173 2
61 29 11 42.500000
62 29 11 6.500000
174 1
11 14 6 43.000000
175 2
73 5 12 30.500000
74 5 12 57.500000
176 1
88 22 11 23.000000
177 1
11 22 2 26.000000
178 1
87 9 8 31.000000
179 4
28 21 4 121.500000
29 21 3 90.000000
30 21 3 45.000000
31 21 5 43.500000
180 1
220 6 13 49.000000
181 1
61 22 10 26.000000
182 2
69 13 10 28.000000
70 13 10 53.000000
183 1
47 19 10 39.000000
184 1
223 17 17 39.000000
185 2
242 13 9 104.000000
243 13 9 70.000000
186 1
12 6 9 58.000000
187 1
61 26 8 37.000000
188 1
191 16 8 37.000000
189 1
24 15 18 26.000000
190 1
97 5 12 25.000000
191 2
242 20 10 15.500000
243 20 10 22.500000
192 1
70 26 10 81.000000
193 1
71 3 5 29.000000
194 1
48 26 15 21.000000
195 1
182 21 6 24.000000
196 1
40 4 10 31.000000
197 1
68 14 12 22.000000
198 1
165 32 10 20.000000
199 1
236 18 10 21.000000
200 1
30 14 6 21.000000
201 1
191 19 6 39.000000
202 1
182 26 2 22.000000
203 1
87 21 7 25.000000
204 1
56 19 14 80.000000
205 1
2 20 5 32.000000
206 1
83 11 14 24.000000
207 1
228 28 3 48.000000
208 1
0 15 6 33.000000
209 1
8 31 4 23.000000
210 1
56 29 4 30.000000
211 1
78 13 8 21.000000
212 1
218 6 9 51.000000
213 1
194 24 7 26.000000
214 2
239 9 12 43.500000
240 9 12 15.500000
215 1
84 25 7 57.000000
216 1
14 20 9 69.000000
217 1
40 20 1 26.000000
218 2
26 20 8 33.000000
27 20 8 28.000000
219 3
47 22 8 1.000000
48 22 8 1.000000
49 22 6 66.000000
220 4
47 18 1 64.500000
48 18 3 48.500000
49 18 3 97.000000
50 18 3 79.000000
221 1
227 15 16 26.000000
222 1
182 16 9 42.000000
223 7
179 25 9 21.000000
180 25 9 42.000000
181 25 9 42.000000
182 25 9 42.000000
183 25 9 42.000000
184 25 9 21.000000
185 25 7 90.000000
224 2
75 8 12 28.000000
76 8 11 13.000000
225 1
65 10 11 27.000000
226 1
194 10 6 25.000000
227 2
92 30 10 82.500000
93 30 10 91.500000
228 1
37 5 15 37.000000
229 1
224 20 0 40.000000
230 2
67 18 1 64.500000
69 19 2 3.500000
231 2
82 27 4 19.500000
83 27 3 2.500000
232 1
187 13 11 37.000000
233 1
73 15 7 24.000000
234 1
199 13 12 30.000000
235 1
72 19 3 27.000000
236 1
51 27 7 45.000000
237 1
195 5 12 25.000000
238 1
69 20 3 75.000000
239 2
221 26 8 43.000000
222 26 8 37.000000
240 1
39 22 2 110.000000
241 1
236 18 11 37.000000
242 54
59 31 1 0.500000
60 31 1 1.000000
61 31 1 1.000000
62 31 1 1.000000
63 31 1 1.000000
64 31 1 0.500000
65 31 3 0.500000
66 30 3 77.000000
67 30 3 154.000000
68 30 3 30.500000
72 31 1 1.000000
73 31 1 1.000000
74 31 1 0.500000
75 31 3 0.500000
82 31 1 1.000000
83 31 1 1.000000
84 31 1 0.500000
85 31 3 0.500000
92 31 1 1.000000
93 31 1 1.000000
94 31 1 0.500000
95 31 3 0.500000
102 31 1 1.000000
103 31 1 1.000000
104 31 1 0.500000
105 31 3 0.500000
112 31 1 1.000000
113 31 1 1.000000
114 31 1 0.500000
115 31 3 0.500000
122 31 1 1.000000
123 31 1 1.000000
124 31 1 0.500000
125 31 3 0.500000
132 31 1 1.000000
133 31 1 1.000000
134 31 1 0.500000
135 31 3 0.500000
142 31 1 1.000000
143 31 1 1.000000
144 31 1 0.500000
145 31 3 0.500000
152 31 1 1.000000
153 31 1 1.000000
154 31 1 0.500000
155 31 3 0.500000
162 31 1 1.000000
163 31 1 1.000000
164 31 1 0.500000
165 31 3 0.500000
172 31 1 1.000000
173 31 1 1.000000
174 31 1 0.500000
175 31 3 0.500000
243 2
226 33 9 33.500000
227 33 11 11.500000
244 1
75 29 4 21.000000
245 1
49 0 12 52.000000
246 4
63 20 16 1.000000
64 20 16 1.000000
65 20 16 0.500000
66 20 18 30.500000
247 1
57 8 21 22.000000
248 1
42 23 10 28.000000
249 1
18 18 3 42.000000
250 1
77 21 7 58.000000
251 1
8 22 2 29.000000
252 1
220 31 7 94.000000
253 1
54 25 3 91.000000
254 1
68 4 17 58.000000
255 1
39 28 9 30.000000
256 2
76 11 0 97.500000
77 11 2 20.500000
257 1
77 8 14 26.000000
258 2
195 24 4 44.500000
196 23 4 52.500000
259 2
69 25 4 24.500000
70 25 4 45.500000
260 2
30 23 2 29.000000
31 23 1 33.000000
261 1
72 3 20 23.000000
262 1
56 28 14 20.000000
263 1
38 9 13 62.000000
264 2
35 14 4 31.000000
36 14 6 24.000000
265 1
20 12 10 21.000000
266 1
72 29 13 32.000000
267 8
52 30 15 0.500000
53 30 15 1.000000
54 30 15 1.000000
55 30 15 1.000000
56 30 15 1.000000
57 30 15 0.500000
58 30 17 26.500000
59 30 17 7.500000
268 1
165 0 14 55.000000
269 1
56 19 9 27.000000
270 1
163 24 8 21.000000
271 1
226 32 7 21.000000
272 1
89 8 10 22.000000
273 2
32 26 12 49.500000
33 26 12 9.500000
274 1
237 21 12 23.000000
275 4
75 23 7 0.500000
76 23 7 1.000000
77 23 7 1.000000
78 22 6 25.500000
276 1
23 14 10 36.000000
277 1
40 24 9 38.000000
278 1
67 11 12 34.000000
279 1
224 8 10 28.000000
280 1
192 21 6 38.000000
281 2
12 12 9 73.000000
13 12 9 44.000000
282 1
36 15 11 21.000000
283 1
70 9 13 20.000000
284 2
60 26 8 21.500000
61 26 8 1.500000
285 1
12 19 2 46.000000
286 1
74 23 3 94.000000
287 1
33 5 12 24.000000
288 1
38 9 19 35.000000
289 1
36 29 6 31.000000
290 2
189 14 12 28.000000
190 14 14 34.000000
291 1
51 25 8 30.000000
292 1
192 31 16 20.000000
293 1
83 4 10 27.000000
294 2
104 29 12 40.000000
105 29 11 23.000000
295 1
46 16 5 54.000000
296 1
19 15 14 28.000000
297 1
198 22 1 36.000000
298 1
195 23 2 22.000000
299 2
62 24 3 30.500000
63 24 3 11.500000
300 1
226 15 8 20.000000
301 1
49 12 11 25.000000
302 1
37 14 12 26.000000
303 1
59 10 14 28.000000
304 1
68 32 7 54.000000
305 1
14 21 5 31.000000
306 4
51 24 16 28.000000
52 26 17 58.000000
53 26 17 116.000000
54 26 17 23.000000
307 1
23 17 17 24.000000
308 1
50 22 1 34.000000
309 1
21 20 11 24.000000
310 1
75 21 3 32.000000
311 0
312 1
52 3 19 28.000000
313 1
56 19 9 38.000000
314 5
88 31 4 19.500000
89 31 2 1.000000
90 31 2 1.000000
91 31 2 1.000000
92 31 2 0.500000
315 2
180 23 2 29.000000
181 23 4 11.000000
316 1
32 24 5 20.000000
317 1
71 24 5 32.000000
318 1
82 31 11 29.000000
319 1
234 30 14 51.000000
320 1
65 27 10 22.000000
321 1
42 24 10 21.000000
322 2
90 26 8 21.500000
91 26 8 1.500000
323 1
59 6 15 22.000000
324 1
31 24 20 36.000000
325 2
66 24 11 77.500000
67 24 11 47.500000
326 1
183 1 14 21.000000
327 1
49 34 16 91.000000
328 2
99 7 13 58.500000
100 7 13 51.500000
329 2
61 15 8 78.500000
62 15 8 121.500000
330 1
36 20 3 25.000000
331 1
46 14 17 25.000000
332 4
239 21 13 40.000000
240 21 13 20.000000
241 21 11 150.000000
242 21 11 90.000000
333 2
26 18 10 178.000000
27 18 10 19.000000
334 1
58 26 4 48.000000
335 1
40 23 5 26.000000
336 1
33 22 10 33.000000
337 3
27 23 8 63.000000
28 23 8 31.500000
29 23 6 8.500000
338 1
11 22 6 24.000000
339 3
79 23 10 28.500000
80 23 10 57.000000
81 23 10 6.500000
340 2
79 17 8 54.500000
80 17 8 10.500000
341 4
205 21 8 54.000000
206 21 8 108.000000
207 21 8 108.000000
208 21 8 30.000000
342 1
161 25 3 27.000000
343 1
59 13 15 30.000000
344 1
44 21 11 34.000000
345 1
38 18 8 20.000000
346 1
7 26 11 36.000000
347 1
83 9 12 24.000000
348 1
66 21 8 23.000000
349 1
168 29 8 26.000000
350 7
56 18 9 22.500000
57 18 9 45.000000
58 18 9 45.000000
59 18 9 45.000000
60 18 9 45.000000
61 18 9 22.500000
62 17 8 75.000000
351 1
49 14 17 22.000000
352 2
20 16 8 45.000000
21 16 8 33.000000
353 1
79 22 12 23.000000
354 2
22 2 14 28.000000
23 2 14 11.000000
355 1
19 6 15 98.000000
356 1
50 15 6 21.000000
357 3
12 34 18 33.500000
13 34 18 67.000000
14 34 18 35.500000
358 2
41 15 10 54.000000
42 15 10 23.000000
359 1
15 10 14 23.000000
360 1
93 17 11 56.000000
361 1
75 25 8 71.000000
362 1
53 23 13 26.000000
363 1
9 18 9 32.000000
364 1
33 17 7 21.000000
365 2
81 19 2 94.000000
82 19 2 3.000000
366 1
20 11 16 23.000000
367 1
243 6 12 22.000000
368 1
46 23 13 33.000000
369 1
32 22 20 23.000000
370 1
34 12 13 28.000000
371 1
186 15 12 31.000000
372 1
40 13 7 46.000000
373 1
36 1 10 26.000000
374 1
12 21 10 34.000000
375 1
48 0 18 25.000000
376 1
76 0 13 20.000000
377 4
228 28 5 44.000000
229 28 5 22.000000
230 28 7 36.500000
231 28 7 50.500000
378 1
62 4 14 99.000000
379 1
63 15 12 24.000000
380 2
69 6 11 23.500000
70 6 13 9.500000
381 1
189 24 5 126.000000
382 1
234 13 8 25.000000
383 1
74 11 21 27.000000
384 1
71 0 18 20.000000
385 1
69 26 4 50.000000
386 1
29 13 11 40.000000
387 2
83 29 10 53.000000
84 29 10 102.000000
388 1
53 5 14 32.000000
389 1
85 21 8 25.000000
390 1
41 32 12 21.000000
391 1
43 24 5 25.000000
392 1
228 10 17 29.000000
393 1
193 25 8 27.000000
394 1
33 5 8 34.000000
395 1
74 18 20 22.000000
396 1
30 2 17 21.000000
397 1
51 22 6 25.000000
398 1
47 8 24 37.000000
399 1
20 19 3 35.000000
400 1
36 22 3 20.000000
401 4
52 33 10 46.000000
53 33 10 46.000000
54 33 10 23.000000
55 33 12 10.000000
402 1
84 11 16 47.000000
403 2
36 9 11 96.500000
37 9 10 66.500000
404 1
54 22 3 24.000000
405 1
226 14 12 28.000000
406 1
105 6 12 27.000000
407 1
23 27 11 81.000000
408 2
70 22 10 33.000000
71 22 10 46.000000
409 1
226 26 5 43.000000
410 1
159 28 8 33.000000
411 1
69 27 9 26.000000
412 2
22 24 3 30.500000
23 24 3 59.500000
413 1
27 13 12 29.000000
414 4
181 20 6 1.000000
182 20 6 1.000000
183 20 6 1.000000
184 20 4 24.000000
415 1
85 12 13 21.000000
416 1
68 9 19 21.000000
417 1
201 27 3 71.000000
418 2
45 6 17 77.000000
46 6 17 9.000000
419 1
219 0 14 21.000000
420 1
227 19 10 42.000000
421 6
74 22 8 0.500000
75 22 8 1.000000
76 22 8 1.000000
77 22 8 1.000000
78 22 6 27.500000
79 22 6 2.000000
422 1
220 25 16 50.000000
423 1
72 21 6 30.000000
424 4
218 22 11 31.000000
219 22 11 62.000000
220 22 11 62.000000
221 22 11 17.000000
425 4
15 23 7 0.500000
16 23 7 1.000000
17 23 7 1.000000
18 22 6 33.500000
426 1
18 20 9 23.000000
427 1
179 3 15 52.000000
428 2
51 7 17 25.000000
52 7 17 16.000000
429 1
37 21 12 22.000000
430 1
15 1 13 33.000000
431 1
201 5 15 27.000000
432 1
211 11 10 39.000000
433 1
72 24 0 29.000000
434 1
186 17 7 23.000000
435 2
231 32 12 65.000000
232 32 11 149.000000
436 1
40 17 14 33.000000
437 1
29 17 8 48.000000
438 1
92 6 14 35.000000
439 1
200 15 19 28.000000
440 1
27 25 11 33.000000
441 1
232 26 2 23.000000
442 1
47 14 11 29.000000
443 1
208 30 3 32.000000
444 1
89 9 18 48.000000
445 1
33 22 10 29.000000
446 1
32 30 10 23.000000
447 1
196 16 16 30.000000
448 1
190 22 17 62.000000
449 2
46 5 13 40.500000
47 4 13 20.500000
450 1
32 5 10 31.000000
451 1
223 1 16 40.000000
452 2
71 30 8 17.500000
72 30 7 8.500000
453 2
193 18 8 34.000000
194 20 9 8.000000
454 1
187 18 10 26.000000
455 1
36 16 10 44.000000
456 1
86 17 12 28.000000
457 1
49 17 13 21.000000
458 1
7 1 14 55.000000
459 1
42 8 11 23.000000
460 1
12 29 6 35.000000
461 1
194 10 14 56.000000
462 1
34 14 7 37.000000
463 1
17 21 17 28.000000
464 1
53 2 10 21.000000
465 2
68 20 7 32.000000
69 20 7 18.000000
466 1
189 22 7 89.000000
467 1
39 11 21 32.000000
468 1
32 30 10 22.000000
469 1
11 15 8 25.000000
470 1
62 16 4 75.000000
471 1
70 9 12 71.000000
472 1
5 28 6 22.000000
473 1
197 21 12 57.000000
474 1
223 8 13 22.000000
475 6
23 14 8 1.000000
24 14 8 1.000000
25 14 8 1.000000
26 14 8 1.000000
27 14 8 0.500000
28 14 10 18.500000
476 1
56 20 8 20.000000
477 1
91 17 7 24.000000
478 2
25 30 9 85.000000
26 30 9 27.000000
479 1
165 19 10 28.000000
480 1
7 11 13 34.000000
481 1
201 23 9 23.000000
482 2
16 18 9 22.500000
17 18 9 39.500000
483 1
79 5 14 78.000000
484 1
233 24 10 26.000000
485 1
191 26 3 46.000000
486 1
202 6 13 40.000000
487 2
169 17 8 54.500000
170 17 8 3.500000
488 3
208 17 1 66.500000
210 18 2 69.000000
211 18 2 11.500000
489 1
11 7 13 31.000000
490 1
8 3 16 56.000000
491 3
32 11 12 36.500000
33 10 12 0.500000
34 11 14 76.000000
492 1
67 15 10 26.000000
493 2
222 22 24 61.000000
223 22 24 5.000000
494 2
73 27 1 39.000000
74 27 1 28.000000
495 2
56 23 9 62.500000
57 23 8 13.500000
496 2
23 13 8 33.500000
24 13 8 14.500000
497 1
61 27 8 24.000000
498 1
188 17 10 26.000000
499 1
6 17 0 21.000000
500 2
75 4 19 21.500000
76 4 18 2.500000
501 4
240 25 20 33.000000
241 25 20 33.000000
242 25 20 16.500000
243 25 22 4.500000
502 1
190 18 17 26.000000
503 1
21 15 8 26.000000
504 1
69 15 14 25.000000
505 1
193 22 9 81.000000
506 1
197 25 0 31.000000
507 3
11 29 8 161.000000
12 29 8 80.500000
13 29 6 58.500000
508 1
76 8 14 24.000000
509 2
61 24 11 77.500000
62 24 10 24.500000
510 2
22 20 5 101.000000
23 20 5 19.000000
511 1
19 6 14 22.000000
512 1
15 21 8 36.000000
513 2
95 20 9 155.000000
96 20 9 141.000000
514 1
21 1 17 35.000000
515 1
55 14 13 24.000000
516 4
55 24 9 69.000000
56 26 10 70.000000
57 26 10 140.000000
58 26 10 21.000000
517 1
4 23 8 22.000000
518 1
230 24 11 36.000000
519 1
206 22 12 20.000000
520 1
224 18 1 24.000000
521 1
9 0 14 27.000000
522 1
25 27 15 22.000000
523 1
12 28 2 45.000000
524 1
192 34 14 30.000000
525 1
74 31 4 23.000000
526 1
233 22 9 22.000000
527 1
173 24 15 26.000000
528 1
63 0 12 33.000000
529 1
53 25 2 25.000000
530 1
13 22 9 48.000000
531 2
10 26 3 49.000000
11 26 3 10.000000
532 3
71 26 8 43.000000
72 26 8 43.000000
73 26 8 16.000000
533 1
85 30 6 23.000000
534 1
189 1 11 21.000000
535 1
80 19 17 26.000000
536 1
76 31 9 29.000000
537 5
63 1 19 35.500000
64 1 19 71.000000
65 1 19 71.000000
66 1 19 71.000000
67 1 19 51.500000
538 7
28 34 10 0.500000
29 34 10 1.000000
30 34 10 1.000000
31 34 10 1.000000
32 34 10 1.000000
33 34 10 0.500000
34 34 12 27.000000
539 4
213 20 10 31.000000
214 20 10 31.000000
215 20 10 31.000000
216 20 10 25.000000
540 1
32 14 13 20.000000
541 1
60 4 14 35.000000
542 1
85 13 8 21.000000
543 1
16 12 8 37.000000
544 2
65 31 18 17.000000
66 31 18 5.000000
545 1
177 25 15 40.000000
546 1
54 27 6 25.000000
547 2
235 7 10 57.000000
236 7 10 35.000000
548 1
229 22 7 154.000000
549 1
99 17 8 32.000000
550 1
71 15 14 25.000000
551 2
48 18 8 34.000000
49 18 8 37.000000
552 1
48 5 10 88.000000
553 1
76 14 13 24.000000
554 1
81 7 14 39.000000
555 1
53 14 9 28.000000
556 6
42 17 2 60.000000
43 17 2 60.000000
44 17 2 60.000000
45 17 2 60.000000
46 17 2 30.000000
47 17 4 30.000000
557 1
2 22 9 35.000000
558 1
42 13 19 34.000000
559 1
181 5 13 30.000000
560 3
201 22 11 62.000000
202 22 11 62.000000
203 22 11 25.000000
561 1
31 8 12 50.000000
562 3
28 22 8 1.000000
29 22 8 0.500000
30 22 6 27.500000
563 1
71 27 2 20.000000
564 1
83 12 11 35.000000
565 2
162 32 4 38.500000
163 32 4 45.500000
566 2
243 24 8 53.000000
244 24 8 17.000000
567 1
80 18 12 22.000000
568 3
7 20 5 101.000000
8 20 7 32.000000
9 20 7 20.000000
569 2
39 30 8 35.000000
40 30 8 3.000000
570 1
13 9 15 26.000000
571 1
217 12 12 34.000000
572 1
43 11 14 26.000000
573 1
53 11 14 22.000000
574 1
45 25 8 26.000000
575 1
56 28 9 58.000000
576 1
189 9 12 25.000000
577 1
58 29 8 22.000000
578 1
228 24 7 22.000000
579 1
23 15 8 133.000000
580 2
45 15 6 61.000000
46 15 6 37.000000
581 6
176 31 3 1.000000
177 31 3 1.000000
178 31 3 1.000000
179 31 3 1.000000
180 31 3 0.500000
181 31 5 17.500000
582 2
44 19 2 47.000000
45 19 4 9.000000
583 1
52 22 9 76.000000
584 1
29 18 9 22.000000
585 1
233 23 8 24.000000
586 1
11 21 10 59.000000
587 2
208 15 10 54.000000
209 15 10 35.000000
588 1
195 19 10 62.000000
589 1
54 6 12 38.000000
590 1
63 30 7 24.000000
591 1
17 34 12 28.000000
592 7
42 30 15 0.500000
43 30 15 1.000000
44 30 15 1.000000
45 30 15 1.000000
46 30 15 1.000000
47 30 15 0.500000
48 30 17 24.000000
593 1
35 12 10 32.000000
594 1
92 9 2 23.000000
595 1
40 6 15 51.000000
596 2
248 18 8 34.000000
249 18 8 5.000000
597 1
187 13 6 35.000000
598 2
79 13 10 28.000000
80 13 10 8.000000
599 2
18 22 16 74.500000
19 22 16 29.500000
600 1
180 1 13 54.000000
