1 1
206 16 21 32.000000
2 2
39 13 13 122.500000
40 13 13 9.500000
3 1
93 9 21 39.000000
4 1
47 6 11 36.000000
5 1
32 20 15 31.000000
6 1
80 7 15 32.000000
7 1
199 7 6 39.000000
8 1
23 29 17 43.000000
9 2
66 16 27 87.000000
67 16 27 23.000000
10 1
14 3 4 38.000000
11 1
94 9 14 71.000000
12 1
42 10 13 34.000000
13 1
15 9 16 36.000000
14 1
218 14 18 44.000000
15 3
61 26 19 48.500000
66 26 19 48.500000
67 26 19 4.000000
16 1
84 19 10 61.000000
17 1
83 9 8 32.000000
18 1
54 29 25 82.000000
19 1
31 14 18 71.000000
20 1
199 13 13 61.000000
21 1
65 17 26 31.000000
22 1
17 15 23 44.000000
23 1
215 18 26 31.000000
24 1
83 19 18 49.000000
25 1
91 13 13 42.000000
26 1
27 25 18 65.000000
27 1
82 22 15 38.000000
28 1
173 22 25 37.000000
29 1
21 23 13 39.000000
30 1
60 23 16 40.000000
31 1
83 13 13 50.000000
32 1
90 14 14 53.000000
33 1
255 17 17 46.000000
34 1
71 11 27 56.000000
35 1
238 15 14 48.000000
36 2
179 13 19 82.500000
180 13 19 36.500000
37 1
42 15 21 32.000000
38 1
79 14 18 66.000000
39 2
78 14 11 103.500000
79 14 11 27.500000
40 1
176 8 20 54.000000
41 1
23 23 16 48.000000
42 1
69 8 20 42.000000
43 3
39 8 9 82.500000
44 8 9 82.500000
45 8 9 57.000000
44 1
179 17 12 41.000000
45 1
79 14 18 56.000000
46 1
30 12 24 33.000000
47 1
25 19 10 37.000000
48 1
13 1 16 69.000000
49 1
58 14 18 32.000000
50 1
58 8 20 30.000000
51 1
212 20 16 33.000000
52 1
69 23 8 32.000000
53 1
33 12 10 59.000000
54 1
217 17 12 32.000000
55 1
23 11 14 66.000000
56 1
101 23 16 74.000000
57 1
203 11 24 48.000000
58 2
179 13 13 122.500000
180 13 13 21.500000
59 1
89 13 13 33.000000
60 1
17 8 10 56.000000
61 1
177 17 10 48.000000
62 1
212 13 4 32.000000
63 1
68 14 11 60.000000
64 1
44 28 20 52.000000
65 1
208 17 17 33.000000
66 1
29 23 16 32.000000
67 1
211 25 17 56.000000
68 1
56 26 15 87.000000
69 1
24 28 15 44.000000
70 1
46 29 22 41.000000
71 1
203 21 23 41.000000
72 1
63 29 15 31.000000
73 1
50 4 18 36.000000
74 1
50 13 13 33.000000
75 1
79 13 26 34.000000
76 1
88 8 20 37.000000
77 1
32 20 16 34.000000
78 1
211 12 10 30.000000
79 1
25 19 10 42.000000
80 1
42 13 15 66.000000
81 1
33 23 21 32.000000
82 1
53 19 13 31.000000
83 1
209 13 15 30.000000
84 1
198 5 6 36.000000
85 1
64 18 15 33.000000
86 2
235 17 16 57.500000
236 17 16 0.500000
87 1
60 24 16 149.000000
88 1
18 7 6 49.000000
89 1
190 26 9 54.000000
90 1
37 15 14 55.000000
91 1
221 21 25 32.000000
92 1
197 17 10 48.000000
93 1
101 22 15 35.000000
94 1
28 18 15 35.000000
95 1
11 24 10 35.000000
96 1
48 24 16 43.000000
97 1
69 15 11 51.000000
98 1
70 17 17 50.000000
99 1
77 17 16 31.000000
100 1
23 19 13 35.000000
101 1
170 12 16 47.000000
102 1
38 14 18 74.000000
103 2
16 10 2 54.000000
17 10 2 14.000000
104 3
63 24 10 70.500000
68 24 10 70.500000
69 24 10 119.000000
105 1
25 19 13 32.000000
106 1
233 19 19 66.000000
107 1
95 12 10 37.000000
108 1
16 9 14 83.000000
109 1
64 18 12 47.000000
110 1
65 17 16 36.000000
111 1
71 21 25 30.000000
112 1
25 10 7 30.000000
113 1
63 19 14 41.000000
114 1
54 18 7 62.000000
115 1
35 19 13 45.000000
116 1
200 15 14 34.000000
117 1
59 13 26 47.000000
118 1
83 21 23 31.000000
119 1
216 9 14 41.000000
120 1
238 15 21 69.000000
121 1
164 10 8 67.000000
122 1
64 20 16 37.000000
123 1
64 18 16 50.000000
124 1
62 20 1 87.000000
125 1
228 24 16 37.000000
126 1
29 23 16 71.000000
127 1
82 14 18 32.000000
128 1
83 22 15 48.000000
129 1
180 12 16 38.000000
130 1
57 25 18 38.000000
131 1
75 21 23 50.000000
132 1
71 11 17 60.000000
133 1
198 14 18 40.000000
134 1
94 18 15 39.000000
135 1
25 18 16 31.000000
136 1
71 22 15 32.000000
137 1
45 22 12 59.000000
138 1
68 28 12 56.000000
139 2
28 14 17 77.500000
29 14 17 10.500000
140 1
41 11 11 35.000000
141 1
49 6 9 33.000000
142 1
44 8 20 40.000000
143 2
47 16 22 157.000000
48 16 22 34.000000
144 1
49 13 20 32.000000
145 1
63 13 13 40.000000
146 1
90 23 16 32.000000
147 2
90 22 17 95.500000
91 22 17 164.500000
148 1
205 7 17 30.000000
149 1
26 17 21 30.000000
150 1
209 14 18 70.000000
151 1
198 19 10 31.000000
152 1
249 13 20 32.000000
153 1
14 28 15 56.000000
154 2
33 9 8 83.000000
34 9 8 105.000000
155 1
47 15 22 33.000000
156 1
40 13 13 32.000000
157 1
92 11 14 41.000000
158 1
51 13 13 41.000000
159 1
55 7 6 38.000000
160 1
51 24 16 31.000000
161 1
175 8 20 53.000000
162 1
35 7 27 33.000000
163 1
164 18 10 43.000000
164 1
27 20 7 31.000000
165 1
177 15 14 31.000000
166 1
83 19 10 40.000000
167 1
238 26 15 33.000000
168 1
200 17 16 41.000000
169 1
22 13 19 34.000000
170 1
222 10 14 33.000000
171 1
26 28 18 37.000000
172 1
62 13 13 32.000000
173 1
46 17 17 115.000000
174 1
16 19 14 54.000000
175 1
217 15 15 34.000000
176 1
36 8 11 42.000000
177 1
24 23 13 38.000000
178 1
14 21 10 42.000000
179 1
40 12 10 62.000000
180 1
80 25 23 56.000000
181 1
24 22 12 35.000000
182 3
65 22 14 52.000000
70 22 14 52.000000
71 22 14 30.000000
183 1
21 11 14 42.000000
184 1
174 8 11 44.000000
185 1
187 15 16 31.000000
186 1
85 22 15 71.000000
187 1
210 13 13 41.000000
188 1
82 15 14 33.000000
189 3
27 10 13 86.500000
32 10 13 86.500000
33 10 13 30.000000
190 1
18 18 15 45.000000
191 1
42 21 23 35.000000
192 1
220 13 13 117.000000
193 1
63 19 13 59.000000
194 1
52 13 19 32.000000
195 3
59 8 20 88.000000
64 8 20 88.000000
65 8 20 84.000000
196 1
70 15 22 33.000000
197 1
71 13 13 33.000000
198 1
242 20 16 81.000000
199 1
228 17 16 34.000000
200 1
70 24 11 41.000000
201 1
223 19 19 32.000000
202 1
171 15 21 72.000000
203 1
59 26 4 94.000000
204 1
39 7 17 41.000000
205 1
16 11 19 41.000000
206 1
88 14 18 59.000000
207 1
199 23 19 33.000000
208 1
53 23 16 59.000000
209 2
47 15 21 89.500000
48 15 21 170.500000
210 1
20 17 10 34.000000
211 1
61 23 16 76.000000
212 1
40 13 13 35.000000
213 1
208 26 24 36.000000
214 1
35 11 16 43.000000
215 1
62 22 15 49.000000
216 1
30 23 19 83.000000
217 1
49 13 13 48.000000
218 1
189 24 11 55.000000
219 1
10 22 15 36.000000
220 1
232 20 23 33.000000
221 2
194 18 12 10.000000
195 18 12 21.000000
222 1
219 23 26 32.000000
223 2
167 15 18 56.500000
168 15 18 23.500000
224 1
33 19 12 31.000000
225 1
12 23 16 38.000000
226 1
47 15 9 49.000000
227 1
73 11 16 58.000000
228 1
175 17 17 49.000000
229 1
28 17 16 36.000000
230 1
49 17 10 33.000000
231 1
234 8 21 31.000000
232 2
204 18 15 50.500000
205 18 15 0.500000
233 1
180 22 12 71.000000
234 1
209 13 13 49.000000
235 1
193 21 23 140.000000
236 1
32 13 13 75.000000
237 1
184 18 16 68.000000
238 1
199 13 13 34.000000
239 1
66 16 10 43.000000
240 1
84 22 12 122.000000
241 1
46 16 6 41.000000
242 1
48 24 11 32.000000
243 1
37 15 21 31.000000
244 1
81 12 10 57.000000
245 1
79 17 16 37.000000
246 1
14 11 14 34.000000
247 1
27 19 19 49.000000
248 1
74 19 14 54.000000
249 1
236 16 21 68.000000
250 1
53 19 13 37.000000
251 1
43 13 13 32.000000
252 1
24 8 9 38.000000
253 1
227 25 19 41.000000
254 1
79 17 17 31.000000
255 1
32 15 21 31.000000
256 1
53 14 18 33.000000
257 1
79 13 13 37.000000
258 1
51 11 11 38.000000
259 1
39 15 14 57.000000
260 1
249 13 13 78.000000
261 1
34 19 19 52.000000
262 1
209 18 15 57.000000
263 1
69 13 13 41.000000
264 1
73 19 21 38.000000
265 1
72 10 6 43.000000
266 1
99 23 23 37.000000
267 1
38 15 21 30.000000
268 1
28 17 17 73.000000
269 1
57 17 10 60.000000
270 1
74 18 15 34.000000
271 2
87 15 22 91.000000
88 15 22 169.000000
272 1
52 23 14 42.000000
273 1
193 13 13 54.000000
274 1
13 23 16 63.000000
275 1
233 29 17 40.000000
276 1
24 10 25 42.000000
277 1
15 18 7 33.000000
278 1
62 14 18 32.000000
279 1
209 14 6 110.000000
280 2
41 21 10 87.000000
42 21 10 96.000000
281 1
163 10 9 39.000000
282 1
44 18 15 34.000000
283 1
27 25 22 41.000000
284 1
183 19 10 31.000000
285 1
173 19 13 42.000000
286 1
67 26 15 34.000000
287 1
83 13 13 34.000000
288 1
172 12 10 46.000000
289 1
234 18 12 32.000000
290 2
191 22 15 196.000000
192 22 15 64.000000
291 1
45 17 17 55.000000
292 1
47 15 14 44.000000
293 1
76 26 16 67.000000
294 1
72 23 16 38.000000
295 2
235 17 17 89.000000
236 17 17 3.000000
296 2
63 19 19 79.500000
64 19 19 0.500000
297 1
184 22 17 34.000000
298 1
191 21 10 30.000000
299 1
80 22 17 32.000000
300 1
52 23 16 134.000000
301 1
42 15 23 42.000000
302 1
198 17 23 65.000000
303 1
212 23 16 37.000000
304 1
184 22 15 30.000000
305 1
234 9 22 140.000000
306 1
215 27 18 31.000000
307 1
39 14 18 30.000000
308 1
201 12 27 40.000000
309 1
204 28 18 51.000000
310 2
229 16 6 155.000000
230 16 6 39.000000
311 1
92 13 13 78.000000
312 1
33 24 16 34.000000
313 1
37 8 9 44.000000
314 1
27 10 8 31.000000
315 1
71 21 26 57.000000
316 1
95 17 16 33.000000
317 1
49 28 15 49.000000
318 1
62 11 14 34.000000
319 1
210 15 14 112.000000
320 1
78 9 22 31.000000
321 1
86 17 17 40.000000
322 1
22 10 6 43.000000
323 1
14 29 17 113.000000
324 3
36 26 9 83.500000
37 26 9 167.000000
38 26 9 9.500000
325 1
56 26 20 39.000000
326 1
188 24 18 34.000000
327 1
39 13 20 39.000000
328 1
51 11 14 34.000000
329 1
16 26 14 36.000000
330 1
235 17 12 36.000000
331 1
66 16 21 31.000000
332 1
45 7 21 31.000000
333 1
48 18 15 43.000000
334 1
59 13 20 37.000000
335 1
57 10 20 33.000000
336 1
26 20 13 73.000000
337 1
46 16 25 35.000000
338 2
35 27 9 78.500000
36 27 9 88.500000
339 1
41 13 13 32.000000
340 1
20 12 22 54.000000
341 1
49 23 16 33.000000
342 1
40 22 12 42.000000
343 1
245 19 10 51.000000
344 1
36 6 8 59.000000
345 1
31 11 13 36.000000
346 1
97 5 23 33.000000
347 1
55 27 21 50.000000
348 1
51 13 13 34.000000
349 1
199 14 11 37.000000
350 1
195 27 15 34.000000
351 1
48 24 13 64.000000
352 1
88 14 11 30.000000
353 1
48 7 19 40.000000
354 1
49 13 19 33.000000
355 1
207 15 14 30.000000
356 1
69 13 13 72.000000
357 2
69 13 13 9.500000
70 13 13 24.500000
358 1
31 12 10 33.000000
359 1
51 14 18 32.000000
360 1
72 12 6 31.000000
361 1
68 17 10 32.000000
362 2
170 23 8 183.000000
171 23 8 19.000000
363 2
34 18 15 90.500000
35 18 15 30.500000
364 2
171 21 10 87.000000
172 21 10 19.000000
365 1
245 17 10 38.000000
366 1
40 15 14 37.000000
367 1
248 15 16 68.000000
368 1
46 17 10 38.000000
369 1
77 17 10 37.000000
370 1
30 14 18 64.000000
371 1
71 15 23 33.000000
372 1
17 18 15 34.000000
373 1
84 18 16 33.000000
374 1
27 15 11 59.000000
375 1
228 24 16 44.000000
376 1
59 18 16 37.000000
377 1
65 17 16 41.000000
378 1
207 17 12 36.000000
379 1
204 18 15 40.000000
380 1
197 18 15 47.000000
381 1
33 14 18 64.000000
382 1
79 23 23 42.000000
383 1
79 23 21 39.000000
384 1
49 14 11 40.000000
385 1
75 10 12 40.000000
386 2
46 19 14 180.000000
47 19 14 80.000000
387 1
65 17 10 33.000000
388 1
33 11 14 36.000000
389 1
245 17 17 44.000000
390 1
180 26 18 91.000000
391 1
213 23 23 45.000000
392 1
62 11 20 124.000000
393 1
191 6 11 44.000000
394 3
196 16 11 73.000000
197 16 11 146.000000
198 16 11 41.000000
395 1
199 13 14 33.000000
396 1
14 29 24 35.000000
397 1
189 13 15 31.000000
398 1
210 15 22 121.000000
399 1
44 13 19 73.000000
400 1
198 14 18 31.000000
401 1
54 23 14 49.000000
402 1
40 12 18 34.000000
403 1
55 27 18 47.000000
404 1
71 11 11 48.000000
405 1
211 11 24 32.000000
406 1
43 9 14 39.000000
407 1
41 5 18 38.000000
408 1
48 24 24 30.000000
409 1
206 20 15 79.000000
410 1
235 19 12 52.000000
411 1
43 10 25 33.000000
412 1
45 7 6 54.000000
413 1
174 18 26 30.000000
414 2
71 26 17 43.000000
76 26 17 1.000000
415 1
78 19 14 39.000000
416 1
69 13 14 55.000000
417 1
34 12 22 34.000000
418 1
35 17 17 58.000000
419 1
15 17 12 63.000000
420 1
32 12 10 35.000000
421 1
194 18 12 76.000000
422 1
62 23 16 34.000000
423 1
210 12 16 39.000000
424 1
80 13 13 78.000000
425 1
71 22 15 33.000000
426 1
23 19 10 45.000000
427 2
192 20 16 87.500000
193 20 16 13.500000
428 1
224 18 7 35.000000
429 1
174 21 23 82.000000
430 1
85 17 16 32.000000
431 1
44 18 12 45.000000
432 1
44 20 14 31.000000
433 1
73 9 16 35.000000
434 1
56 9 19 53.000000
435 1
51 13 18 31.000000
436 1
198 14 11 34.000000
437 1
32 15 14 32.000000
438 2
25 28 20 239.000000
26 28 20 21.000000
439 1
33 19 18 33.000000
440 1
225 17 17 53.000000
441 1
73 14 18 43.000000
442 1
109 23 16 35.000000
443 1
39 13 15 32.000000
444 1
33 19 17 37.000000
445 1
222 22 12 31.000000
446 1
66 6 11 49.000000
447 1
36 11 11 30.000000
448 1
76 16 11 41.000000
449 1
187 15 15 46.000000
450 1
18 16 22 31.000000
451 1
218 15 23 44.000000
452 1
230 13 13 35.000000
453 1
59 23 23 35.000000
454 2
181 16 6 77.500000
186 16 6 5.500000
455 1
211 12 24 36.000000
456 3
28 19 19 79.500000
33 19 19 79.500000
34 19 19 89.000000
457 1
37 18 16 78.000000
458 1
16 17 17 57.000000
459 1
203 23 8 175.000000
460 1
34 23 16 33.000000
461 1
92 15 21 36.000000
462 1
53 21 23 42.000000
463 1
193 9 6 34.000000
464 2
41 23 16 212.000000
42 23 16 37.000000
465 1
234 20 16 31.000000
466 1
188 14 18 39.000000
467 1
34 13 13 60.000000
468 1
42 13 20 37.000000
469 1
89 15 21 34.000000
470 1
202 11 11 61.000000
471 1
30 12 18 35.000000
472 1
194 13 15 33.000000
473 1
40 5 23 31.000000
474 1
17 7 17 39.000000
475 1
15 19 14 36.000000
476 1
27 28 23 46.000000
477 1
90 15 11 37.000000
478 1
235 19 14 56.000000
479 2
89 18 15 90.500000
94 18 15 8.500000
480 1
79 15 23 84.000000
481 1
67 19 10 30.000000
482 1
42 20 16 66.000000
483 1
169 25 4 31.000000
484 1
73 23 16 32.000000
485 1
33 13 13 41.000000
486 1
20 22 4 31.000000
487 1
215 9 14 41.000000
488 1
55 8 9 31.000000
489 1
61 26 7 38.000000
490 1
61 16 14 34.000000
491 1
38 19 10 34.000000
492 2
87 15 21 89.500000
88 15 21 47.500000
493 1
229 23 13 40.000000
494 1
29 13 15 50.000000
495 1
34 10 25 49.000000
496 1
190 7 19 34.000000
497 1
39 17 21 86.000000
498 1
75 17 17 43.000000
499 1
51 12 10 32.000000
500 1
57 26 9 32.000000
501 1
212 13 20 34.000000
502 1
194 18 15 42.000000
503 1
74 11 22 35.000000
504 1
68 14 18 57.000000
505 1
54 18 26 58.000000
506 1
71 13 13 97.000000
507 1
32 10 6 56.000000
508 3
229 18 7 80.000000
234 18 7 80.000000
235 18 7 100.000000
509 1
53 10 11 46.000000
510 1
56 6 8 63.000000
511 1
47 29 15 73.000000
512 1
92 15 14 44.000000
513 1
45 22 15 54.000000
514 1
53 23 19 33.000000
515 1
227 17 17 40.000000
516 1
174 18 10 36.000000
517 1
89 14 6 43.000000
518 1
236 17 17 53.000000
519 1
52 23 13 34.000000
520 1
25 21 7 38.000000
521 1
40 15 22 165.000000
522 1
66 26 20 36.000000
523 1
167 9 8 39.000000
524 1
40 27 19 31.000000
525 1
192 10 8 49.000000
526 1
78 24 16 35.000000
527 1
191 11 14 50.000000
528 1
43 24 11 39.000000
529 1
235 17 16 33.000000
530 1
82 20 9 64.000000
531 1
64 18 15 48.000000
532 1
218 19 12 61.000000
533 1
38 14 11 32.000000
534 1
79 18 15 37.000000
535 1
55 20 14 59.000000
536 1
56 19 21 60.000000
537 1
98 14 6 33.000000
538 1
59 17 16 113.000000
539 1
70 17 25 31.000000
540 1
54 20 26 40.000000
541 1
173 19 19 32.000000
542 1
191 26 24 31.000000
543 1
215 20 16 169.000000
544 1
34 8 25 39.000000
545 1
201 26 18 40.000000
546 1
83 22 8 35.000000
547 1
35 17 16 75.000000
548 1
191 15 21 48.000000
549 1
251 13 15 37.000000
550 1
45 20 14 51.000000
