1 3
85 20 7 68.500000
86 20 7 137.000000
87 20 7 42.500000
2 3
67 2 18 42.000000
68 2 18 42.000000
69 2 18 21.000000
3 2
42 18 10 71.500000
43 18 10 10.500000
4 2
27 22 15 32.000000
28 22 15 40.000000
5 2
29 14 14 139.000000
30 14 14 73.000000
6 2
66 21 6 44.000000
67 21 6 33.000000
7 6
67 13 10 22.500000
70 13 12 23.500000
71 13 12 47.000000
72 13 12 47.000000
73 13 12 47.000000
74 13 12 42.000000
8 3
16 23 7 106.000000
17 23 7 106.000000
18 23 7 20.000000
9 3
13 12 9 73.000000
14 12 9 146.000000
15 12 9 30.000000
10 2
50 15 12 37.500000
51 15 12 48.500000
11 4
153 20 9 28.000000
154 20 9 56.000000
155 20 9 56.000000
156 20 9 5.000000
12 2
28 8 16 105.000000
29 8 16 16.000000
13 1
21 16 3 58.000000
14 1
76 15 16 58.000000
15 1
61 6 14 30.000000
16 5
7 21 7 41.000000
8 21 7 41.000000
9 21 7 41.000000
10 21 7 20.500000
11 21 4 6.500000
17 1
149 20 13 76.000000
18 3
68 16 15 103.000000
69 16 15 103.000000
70 16 15 37.000000
19 1
28 12 9 46.000000
20 4
32 10 20 41.000000
33 10 20 82.000000
34 10 20 82.000000
35 10 20 47.000000
21 2
70 26 12 28.500000
71 26 12 35.500000
22 5
156 19 17 62.000000
157 19 17 62.000000
158 19 17 62.000000
159 19 17 62.000000
160 19 17 12.000000
23 3
49 11 13 58.000000
50 11 13 116.000000
51 11 13 18.000000
24 5
73 20 9 28.000000
74 20 9 56.000000
75 20 9 56.000000
76 20 9 56.000000
77 20 9 55.000000
25 2
30 24 12 66.000000
31 24 12 117.000000
26 2
35 13 8 97.000000
36 13 8 48.000000
27 3
39 11 14 51.000000
40 11 14 51.000000
41 11 14 6.000000
28 2
191 15 11 83.000000
192 15 11 17.000000
29 2
73 17 2 148.000000
74 17 2 64.000000
30 1
37 10 15 43.000000
31 2
190 10 13 82.000000
191 10 13 34.000000
32 2
82 12 10 70.000000
83 12 10 107.000000
33 1
30 21 15 66.000000
34 2
38 10 15 150.000000
39 10 15 5.000000
35 2
57 11 5 62.500000
58 11 5 4.500000
36 1
42 10 12 39.000000
37 1
199 11 7 44.000000
38 2
170 14 14 139.000000
171 14 14 81.000000
39 2
54 11 8 86.500000
55 11 8 59.500000
40 3
166 5 6 57.000000
167 5 6 114.000000
168 5 6 52.000000
41 2
38 21 8 99.000000
39 21 8 32.000000
42 1
66 10 16 78.000000
43 2
78 13 14 63.000000
79 13 14 42.000000
44 2
152 20 14 173.000000
153 20 14 72.000000
45 2
21 7 11 38.500000
22 7 11 67.500000
46 2
69 11 13 58.000000
70 11 13 60.000000
47 4
188 11 14 25.500000
189 11 14 51.000000
190 11 14 51.000000
191 11 14 29.500000
48 2
39 12 13 87.500000
40 12 13 150.500000
49 4
18 15 8 45.000000
19 15 8 22.500000
20 15 6 128.000000
21 15 6 3.500000
50 4
185 9 7 37.000000
186 9 7 74.000000
187 9 7 74.000000
188 9 7 17.000000
51 3
75 12 7 66.000000
76 12 7 132.000000
77 12 7 5.000000
52 2
182 10 13 82.000000
183 10 13 48.000000
53 3
18 7 14 63.500000
19 7 14 127.000000
20 7 14 4.500000
54 1
33 14 2 74.000000
55 3
45 17 7 49.000000
46 17 7 98.000000
47 17 7 25.000000
56 1
55 13 9 94.000000
57 6
10 11 7 43.500000
13 11 9 0.500000
14 11 9 1.000000
15 11 7 43.500000
16 11 7 87.000000
17 11 7 46.500000
58 3
23 16 13 135.000000
24 16 13 67.500000
25 16 12 0.500000
59 4
30 13 16 97.000000
31 13 16 48.500000
32 13 15 71.500000
33 13 14 35.000000
60 2
65 13 7 89.000000
66 13 7 128.000000
61 2
62 12 13 175.000000
63 12 13 68.000000
62 2
215 16 7 76.000000
216 16 7 28.000000
63 1
186 16 10 32.000000
64 4
172 5 5 66.000000
175 5 7 33.500000
176 5 7 67.000000
177 5 7 62.500000
65 1
201 15 11 33.000000
66 2
17 21 10 75.000000
20 21 12 27.000000
67 2
15 22 17 44.500000
16 22 17 72.500000
68 1
190 14 15 47.000000
69 1
173 11 11 72.000000
70 1
61 20 13 169.000000
71 2
209 14 13 92.500000
210 14 13 104.500000
72 1
21 20 14 137.000000
73 2
73 10 10 140.000000
74 10 10 42.000000
74 5
50 11 14 51.000000
51 11 14 51.000000
52 11 14 51.000000
53 11 14 25.500000
54 11 11 81.500000
75 1
169 26 5 54.000000
76 2
27 11 5 62.500000
28 11 5 31.500000
77 2
7 18 8 105.000000
8 18 8 92.000000
78 1
35 18 12 91.000000
79 3
66 22 16 57.500000
67 22 16 115.000000
68 22 16 80.500000
80 2
48 19 4 63.000000
49 19 4 43.000000
81 3
56 12 10 140.000000
57 12 10 70.000000
58 12 9 38.000000
82 1
55 15 7 30.000000
83 7
58 11 14 25.500000
59 11 14 51.000000
60 11 14 51.000000
61 11 14 51.000000
62 11 14 51.000000
63 11 14 25.500000
64 11 11 5.000000
84 5
203 13 14 63.000000
204 13 13 72.500000
205 13 12 23.500000
206 13 11 65.000000
207 13 10 3.000000
85 2
191 19 16 35.000000
193 19 14 14.000000
86 7
51 4 13 1.000000
52 4 13 1.000000
53 4 13 1.000000
54 4 13 0.500000
55 4 12 24.500000
56 4 16 54.000000
57 4 16 78.000000
87 2
55 16 7 76.000000
56 16 7 79.000000
88 5
41 12 11 28.000000
42 12 11 56.000000
43 12 11 56.000000
44 12 11 56.000000
45 12 11 5.000000
89 2
9 30 13 66.000000
10 30 13 55.000000
90 5
56 16 16 29.000000
57 16 16 58.000000
58 16 16 58.000000
59 16 16 58.000000
60 16 16 9.000000
91 3
50 13 12 23.500000
51 13 12 47.000000
52 13 12 11.500000
92 2
37 13 15 71.500000
38 13 15 94.500000
93 3
197 12 5 43.500000
198 12 5 87.000000
199 12 5 81.500000
94 2
34 23 8 53.500000
35 23 8 86.500000
95 3
22 23 10 24.000000
23 23 10 48.000000
24 23 10 17.000000
96 1
78 23 14 59.000000
97 3
138 8 14 75.000000
139 8 14 150.000000
140 8 14 32.000000
98 7
32 13 10 22.500000
33 13 10 45.000000
34 13 10 45.000000
35 13 10 45.000000
36 13 10 45.000000
37 13 10 22.500000
38 13 9 30.000000
99 1
63 13 13 73.000000
100 2
61 10 11 75.000000
62 10 11 37.000000
101 3
25 23 7 53.000000
26 23 7 106.000000
27 23 7 13.000000
102 1
58 13 7 177.000000
103 3
174 13 8 48.500000
175 13 8 97.000000
176 13 8 39.500000
104 4
156 25 7 56.000000
157 25 7 56.000000
158 25 7 56.000000
159 25 7 40.000000
105 2
34 16 13 67.500000
35 16 12 105.500000
106 2
18 22 14 64.500000
19 22 14 94.500000
107 4
71 2 6 36.000000
74 2 8 42.500000
75 2 8 85.000000
76 2 8 27.500000
108 3
61 21 16 58.000000
62 21 15 77.500000
63 21 14 14.500000
109 1
177 14 15 36.000000
110 4
176 20 6 38.500000
177 20 6 77.000000
178 20 6 77.000000
179 20 6 17.500000
111 2
137 22 6 106.000000
138 22 6 87.000000
112 1
32 13 14 118.000000
113 2
193 14 13 185.000000
194 14 13 42.000000
114 2
148 24 7 170.000000
149 24 7 56.000000
115 7
33 19 13 1.000000
34 19 12 100.500000
36 19 11 28.000000
37 19 15 0.500000
38 19 15 1.000000
39 19 15 1.000000
40 19 15 1.000000
116 2
65 13 17 39.000000
66 13 17 22.000000
117 2
54 22 8 71.500000
55 22 8 101.500000
118 1
55 4 10 105.000000
119 2
22 10 11 150.000000
23 10 11 59.000000
120 1
44 20 8 31.000000
121 4
67 13 8 97.000000
68 13 8 97.000000
69 13 8 48.500000
70 13 7 17.500000
122 4
190 13 12 23.500000
191 13 12 47.000000
192 13 12 47.000000
193 13 12 17.500000
123 2
160 15 12 37.500000
161 15 12 14.500000
124 1
57 17 8 80.000000
125 1
193 14 12 134.000000
126 2
34 19 8 24.000000
35 19 8 40.000000
127 3
42 16 10 34.500000
43 16 10 69.000000
44 16 10 5.500000
128 4
51 19 11 28.000000
52 19 11 56.000000
53 19 11 56.000000
54 19 11 30.000000
129 4
20 7 12 27.500000
21 7 12 55.000000
22 7 12 55.000000
23 7 12 51.500000
130 1
49 22 14 33.000000
131 4
166 23 6 29.500000
167 23 6 59.000000
168 23 6 59.000000
169 23 6 58.500000
132 2
141 10 16 85.000000
142 10 15 41.000000
133 6
57 11 15 22.500000
58 11 15 45.000000
59 11 15 45.000000
60 11 15 45.000000
61 11 15 45.000000
62 11 15 21.500000
134 2
27 15 15 84.500000
28 15 15 114.500000
135 2
17 13 15 71.500000
18 13 15 5.500000
136 3
71 13 11 65.000000
72 13 11 130.000000
73 13 11 59.000000
137 2
142 12 15 66.000000
143 12 14 38.000000
138 2
66 12 10 140.000000
67 12 10 47.000000
139 2
44 14 11 64.000000
45 14 11 10.000000
140 2
59 10 7 44.000000
60 10 7 8.000000
141 2
62 14 10 28.500000
63 14 10 19.500000
142 1
139 17 17 115.000000
143 2
210 17 12 121.000000
211 17 12 62.000000
144 4
54 11 12 91.000000
55 11 12 45.500000
56 11 11 73.500000
57 11 10 14.000000
145 2
40 19 12 76.500000
41 19 12 140.500000
146 1
165 20 12 78.000000
147 2
33 21 10 150.000000
34 21 10 52.000000
148 3
189 18 8 52.500000
192 18 10 71.500000
193 18 10 14.000000
149 2
27 12 8 141.000000
28 12 8 22.000000
150 3
65 17 7 49.000000
66 17 7 98.000000
67 17 7 34.000000
151 3
36 9 16 64.000000
37 9 16 128.000000
38 9 16 1.000000
152 3
31 5 15 79.000000
32 5 15 39.500000
33 5 13 28.500000
153 1
62 15 11 106.000000
154 4
24 19 13 0.500000
25 19 17 31.000000
26 19 17 62.000000
27 19 17 51.500000
155 1
151 9 11 96.000000
156 4
198 11 14 25.500000
199 11 14 51.000000
200 11 14 51.000000
201 11 14 39.500000
157 1
51 13 13 132.000000
158 6
13 25 14 31.000000
14 25 13 20.000000
15 25 12 50.000000
16 25 11 37.500000
17 25 10 24.500000
18 25 14 21.000000
159 2
207 14 15 71.000000
208 14 15 116.000000
160 2
40 8 12 101.500000
41 8 12 124.500000
161 2
22 11 10 95.500000
23 11 10 150.500000
162 3
37 12 15 66.000000
38 12 15 132.000000
39 12 15 48.000000
163 1
193 23 13 38.000000
164 2
23 20 13 183.000000
24 20 13 10.000000
165 2
38 21 15 155.000000
39 21 15 69.000000
166 2
35 12 9 146.000000
36 12 9 9.000000
167 2
36 10 16 85.000000
37 10 16 83.000000
168 5
31 14 11 32.000000
32 14 11 64.000000
33 14 11 64.000000
34 14 11 64.000000
35 14 11 28.000000
169 2
65 20 12 91.500000
68 20 14 25.500000
170 3
155 5 11 124.000000
156 5 11 62.000000
157 5 10 2.000000
171 4
190 6 6 88.000000
191 6 6 44.000000
192 6 5 35.000000
193 6 4 31.000000
172 2
26 10 16 85.000000
27 10 16 159.000000
173 4
49 11 15 45.000000
50 11 15 45.000000
51 11 15 45.000000
52 11 15 17.000000
174 1
146 14 8 39.000000
175 3
174 12 8 70.500000
175 12 8 141.000000
176 12 8 31.500000
176 3
179 13 13 72.500000
180 13 13 145.000000
181 13 13 22.500000
177 1
68 10 15 37.000000
178 3
158 5 14 43.500000
159 5 14 87.000000
160 5 14 86.500000
179 2
3 11 11 147.000000
4 11 11 25.000000
180 3
20 11 2 63.000000
21 11 2 126.000000
22 11 2 36.000000
181 2
22 13 11 130.000000
23 13 11 115.000000
182 3
190 7 7 68.000000
191 7 6 32.000000
192 7 5 33.000000
183 1
34 15 9 70.000000
184 1
25 14 11 59.000000
185 4
172 19 10 41.500000
173 19 10 83.000000
174 19 10 83.000000
175 19 10 42.500000
186 2
78 12 14 70.000000
79 12 14 92.000000
187 2
26 15 10 152.000000
27 15 10 34.000000
188 7
11 12 6 20.000000
12 12 5 43.500000
13 12 4 80.000000
14 12 3 31.500000
15 12 2 21.500000
16 12 6 20.000000
17 12 6 4.500000
189 3
67 12 10 23.000000
69 12 13 87.500000
70 12 13 95.500000
190 3
154 12 8 70.500000
155 12 8 141.000000
156 12 8 14.500000
191 2
174 11 8 86.500000
175 11 8 54.500000
192 1
40 5 6 32.000000
193 2
25 13 7 89.000000
26 13 7 60.000000
194 1
151 11 11 59.000000
195 1
79 21 14 75.000000
196 2
32 5 11 124.000000
33 5 11 73.000000
197 4
150 19 15 1.000000
151 19 15 1.000000
152 19 15 0.500000
153 19 12 126.500000
198 2
57 14 15 71.000000
58 14 15 119.000000
199 2
193 21 1 76.000000
194 21 1 23.000000
200 2
61 14 12 159.000000
62 14 12 29.000000
201 3
187 17 15 62.000000
188 17 15 124.000000
189 17 15 67.000000
202 2
26 6 6 44.000000
27 6 6 78.000000
203 3
163 9 9 69.000000
164 9 9 138.000000
165 9 9 12.000000
204 4
16 12 11 28.000000
17 12 10 70.000000
18 12 9 73.000000
19 12 13 22.000000
205 2
38 14 15 87.000000
39 14 15 123.000000
206 8
51 24 2 1.000000
52 24 2 1.000000
53 24 2 1.000000
54 24 2 1.000000
55 24 2 0.500000
56 24 1 36.500000
57 24 5 65.500000
58 24 5 14.500000
207 1
23 13 14 57.000000
208 1
155 14 8 173.000000
209 2
73 11 12 91.000000
74 11 12 12.000000
210 1
23 21 10 125.000000
211 4
28 16 9 33.000000
29 16 8 69.000000
30 16 7 76.000000
31 16 6 16.000000
212 3
65 3 8 42.000000
66 3 8 42.000000
67 3 8 34.000000
213 2
183 16 11 147.000000
184 16 11 87.000000
214 1
200 12 15 70.000000
215 3
71 30 11 42.500000
72 30 11 85.000000
73 30 11 65.500000
216 2
70 10 12 98.500000
71 10 12 28.500000
217 3
179 20 8 60.500000
182 20 10 66.500000
183 20 10 95.000000
218 3
183 13 9 48.500000
184 13 9 97.000000
185 13 9 40.500000
219 2
25 18 11 192.000000
26 18 11 34.000000
220 3
77 12 15 66.000000
78 12 15 132.000000
79 12 15 28.000000
221 3
59 5 13 64.000000
60 5 13 128.000000
61 5 13 37.000000
222 2
37 22 5 75.000000
38 22 5 10.000000
223 1
52 9 2 175.000000
224 1
186 10 9 52.000000
225 2
202 24 10 54.000000
203 24 10 35.000000
226 1
38 14 9 47.000000
227 2
18 2 14 33.500000
19 2 14 7.500000
228 6
21 19 15 1.000000
22 19 15 0.500000
23 19 14 23.000000
24 19 18 35.000000
25 19 18 70.000000
26 19 18 35.500000
229 2
18 14 14 69.500000
19 14 14 100.500000
230 5
50 19 15 1.000000
51 19 15 1.000000
52 19 15 0.500000
53 19 12 153.000000
54 19 12 44.500000
231 2
19 6 13 26.000000
20 6 13 51.000000
232 2
174 20 8 60.500000
175 20 8 31.500000
233 4
147 23 19 90.000000
148 23 19 45.000000
149 23 18 67.500000
150 23 17 43.500000
234 3
57 10 15 75.000000
58 10 15 150.000000
59 10 15 5.000000
235 1
60 10 15 136.000000
236 2
9 4 8 67.000000
12 4 10 45.000000
237 6
169 13 8 48.500000
172 13 10 22.500000
173 13 10 45.000000
174 13 10 45.000000
175 13 10 45.000000
176 13 10 45.000000
238 1
170 11 12 35.000000
239 1
15 24 12 63.000000
240 1
169 14 13 36.000000
241 2
27 10 5 62.500000
28 10 5 60.500000
242 1
33 13 9 34.000000
243 2
151 18 16 88.500000
154 18 18 48.500000
244 4
173 12 9 73.000000
174 11 9 1.000000
175 12 9 3.500000
179 12 13 46.500000
245 1
60 15 12 34.000000
246 6
10 19 16 70.000000
11 19 16 35.000000
12 19 15 0.500000
13 19 14 23.000000
14 19 13 0.500000
15 19 12 36.000000
247 5
55 18 7 33.500000
56 18 7 67.000000
57 18 7 67.000000
58 18 7 67.000000
59 18 7 14.500000
248 2
194 13 11 130.000000
195 13 11 5.000000
249 1
18 21 18 99.000000
250 4
202 10 14 76.000000
203 10 14 38.000000
204 10 13 41.000000
205 10 12 39.000000
251 5
39 19 16 70.000000
40 19 16 70.000000
41 19 16 35.000000
42 19 15 0.500000
43 19 14 11.500000
252 3
48 17 14 54.000000
49 17 14 108.000000
50 17 14 20.000000
253 5
29 6 13 26.000000
30 6 13 52.000000
31 6 13 52.000000
32 6 13 52.000000
33 6 13 49.000000
254 2
25 16 10 69.000000
26 16 10 19.000000
255 4
19 21 17 83.000000
20 21 17 41.500000
21 21 16 58.000000
22 21 15 51.500000
256 2
16 13 16 48.500000
17 13 16 91.500000
257 4
195 14 17 35.500000
196 14 17 71.000000
197 14 17 71.000000
198 14 17 68.500000
258 3
32 16 5 42.500000
33 16 4 83.000000
34 16 3 11.500000
259 1
176 10 8 66.000000
260 1
52 13 15 59.000000
261 2
186 4 16 54.000000
187 4 16 18.000000
262 4
37 25 16 1.000000
38 25 16 1.000000
39 25 14 54.500000
44 25 13 15.500000
263 1
42 28 10 51.000000
264 1
208 14 6 50.000000
265 2
33 5 14 43.500000
34 5 13 2.500000
266 1
193 9 9 46.000000
267 2
24 12 9 146.000000
25 12 9 24.000000
268 2
39 13 14 76.000000
40 13 14 20.000000
269 2
4 16 8 69.000000
5 16 8 55.000000
270 2
154 11 8 86.500000
155 11 8 117.500000
271 2
176 23 11 87.000000
177 23 10 11.000000
272 2
63 12 19 86.500000
64 12 19 56.500000
273 2
14 23 9 150.000000
15 23 9 1.000000
274 4
63 19 9 44.500000
64 19 9 89.000000
65 19 9 89.000000
66 19 9 11.500000
275 3
159 13 13 72.500000
160 13 13 145.000000
161 13 13 17.500000
276 1
16 19 10 36.000000
277 1
189 12 16 40.000000
278 2
32 14 10 28.500000
33 14 10 33.500000
279 4
15 16 10 69.000000
16 16 10 69.000000
17 16 10 34.500000
18 16 7 7.500000
280 2
176 19 8 48.000000
177 19 8 17.000000
281 3
216 22 6 53.000000
217 22 6 106.000000
218 22 6 90.000000
282 2
180 12 7 66.000000
183 12 9 32.000000
283 3
47 19 5 39.500000
48 19 5 79.000000
49 19 5 23.500000
284 4
67 15 9 96.000000
68 15 9 48.000000
69 15 8 22.500000
70 15 12 29.500000
285 3
198 14 14 69.500000
199 14 14 139.000000
200 14 14 14.500000
286 3
53 13 10 45.000000
54 13 10 45.000000
55 13 10 5.000000
287 1
154 23 9 117.000000
288 8
171 19 6 26.500000
172 19 5 39.500000
173 19 4 63.000000
174 19 3 30.500000
175 19 2 0.500000
176 19 6 26.500000
177 19 6 53.000000
178 19 6 10.500000
289 5
44 13 10 45.000000
45 13 10 45.000000
46 13 10 45.000000
47 13 10 22.500000
48 13 14 30.500000
290 2
36 17 16 87.000000
37 17 16 137.000000
291 2
24 11 8 86.500000
25 11 8 162.500000
292 2
167 4 15 68.500000
168 4 15 113.500000
293 1
66 16 10 32.000000
294 2
75 17 17 59.500000
76 17 17 72.500000
295 3
17 22 15 32.000000
18 22 15 64.000000
19 22 15 55.000000
296 2
67 11 15 22.500000
68 11 15 13.500000
297 3
180 19 14 46.000000
181 19 14 46.000000
182 19 14 43.000000
298 4
19 11 7 87.000000
20 11 7 5.500000
23 11 9 0.500000
24 11 9 1.000000
299 2
74 11 8 86.500000
75 11 8 158.500000
300 1
15 10 8 51.000000
301 3
168 20 6 77.000000
169 20 6 77.000000
170 20 6 67.000000
302 2
28 8 14 75.000000
29 8 14 103.000000
303 1
19 20 14 141.000000
304 4
175 22 17 44.500000
176 22 17 89.000000
177 22 17 89.000000
178 22 17 15.500000
305 3
4 20 8 60.500000
5 20 8 121.000000
6 20 8 8.500000
306 5
201 9 6 39.500000
202 9 5 39.000000
203 9 4 25.000000
204 9 3 61.000000
205 9 2 25.500000
307 4
27 19 5 39.500000
28 19 5 79.000000
29 19 5 79.000000
30 19 5 29.500000
308 2
17 15 15 84.500000
18 15 15 41.500000
309 1
30 15 14 142.000000
310 2
18 18 14 68.500000
19 18 14 91.500000
311 1
16 14 16 70.000000
312 2
21 13 13 102.000000
22 13 13 93.000000
313 4
210 13 12 23.500000
211 13 12 47.000000
212 13 12 47.000000
213 13 12 15.500000
314 2
203 10 9 31.500000
204 10 9 19.500000
315 1
30 14 12 77.000000
316 1
199 13 7 44.000000
317 2
56 4 8 134.000000
57 4 8 24.000000
318 2
30 12 12 75.500000
31 12 12 21.500000
319 2
37 10 5 62.500000
38 10 5 59.500000
320 2
6 5 6 57.000000
7 5 6 110.000000
321 2
65 24 7 85.000000
66 24 7 60.000000
322 2
24 12 8 70.500000
25 12 8 134.500000
323 1
200 5 16 43.000000
324 2
16 17 11 41.000000
19 17 13 124.000000
325 3
15 16 17 25.500000
16 16 17 51.000000
17 16 17 37.500000
326 1
49 12 15 60.000000
327 2
142 20 10 66.500000
143 20 10 113.500000
328 2
32 10 11 150.000000
33 10 11 1.000000
329 1
168 19 16 30.000000
330 2
194 5 9 85.000000
195 5 9 4.000000
331 3
70 19 7 44.000000
71 19 6 26.500000
72 19 5 16.500000
332 5
76 12 6 20.000000
77 12 6 40.000000
78 12 6 40.000000
79 12 6 40.000000
80 12 6 5.000000
333 1
42 12 13 30.000000
334 4
173 21 13 58.000000
174 21 12 125.000000
176 21 11 27.000000
177 21 15 43.000000
335 2
175 7 17 76.500000
176 7 17 138.500000
336 2
135 13 7 89.000000
136 13 7 19.000000
337 3
181 25 11 37.500000
182 25 11 75.000000
183 25 11 26.500000
338 2
38 12 14 70.000000
39 12 14 34.000000
339 2
38 10 14 38.000000
39 10 14 9.000000
340 2
70 10 15 150.000000
71 10 15 108.000000
341 2
189 10 15 150.000000
190 10 15 81.000000
342 2
40 11 12 45.500000
41 11 12 78.500000
343 2
61 15 11 83.000000
62 15 11 28.000000
344 1
27 23 17 115.000000
345 3
80 22 12 29.000000
81 22 12 58.000000
82 22 12 52.000000
346 1
6 11 17 149.000000
347 3
149 5 13 64.000000
150 5 13 128.000000
151 5 13 32.000000
348 2
40 18 12 130.500000
41 18 12 54.500000
349 2
59 10 13 41.000000
60 10 13 29.000000
350 2
17 14 15 71.000000
18 14 15 116.000000
351 1
174 25 10 34.000000
352 1
25 5 10 48.000000
353 5
36 7 6 32.000000
37 7 6 64.000000
38 7 6 64.000000
39 7 6 64.000000
40 7 6 17.000000
354 2
157 7 5 51.500000
158 7 5 35.500000
355 1
71 15 6 51.000000
356 3
24 8 8 39.000000
25 8 8 78.000000
26 8 8 71.000000
357 1
52 6 12 140.000000
358 3
74 21 8 49.500000
75 21 8 99.000000
76 21 8 28.500000
359 2
26 9 9 138.000000
27 9 9 106.000000
360 2
19 1 6 153.000000
20 1 6 1.000000
361 1
44 21 12 146.000000
362 3
192 13 14 126.000000
193 13 14 63.000000
195 13 17 29.000000
363 1
43 9 12 93.000000
364 2
37 14 15 71.000000
38 14 15 55.000000
365 3
135 17 12 121.000000
136 17 11 41.000000
137 17 10 16.000000
366 3
146 10 11 75.000000
147 10 10 70.000000
148 10 9 19.000000
367 2
49 12 15 72.000000
50 12 15 110.000000
368 2
204 13 11 130.000000
205 13 11 5.000000
369 1
15 21 10 71.000000
370 1
190 33 12 83.000000
371 2
15 15 11 166.000000
16 15 11 52.000000
372 5
38 9 14 0.500000
39 9 14 1.000000
40 9 14 1.000000
41 10 11 75.000000
42 10 11 39.500000
373 2
53 12 13 175.000000
54 12 13 45.000000
374 2
24 12 11 56.000000
25 12 11 4.000000
375 2
56 13 16 48.500000
57 13 16 64.500000
376 2
162 23 14 181.000000
163 23 14 6.000000
377 2
146 18 16 88.500000
147 18 16 53.500000
378 2
187 10 5 62.500000
188 10 5 92.500000
379 5
149 15 13 0.500000
150 15 13 1.000000
151 15 13 1.000000
152 15 10 76.000000
153 15 10 75.500000
380 2
42 11 10 95.500000
43 11 10 133.500000
381 1
36 20 10 39.000000
382 1
47 6 8 48.000000
383 2
16 17 16 87.000000
17 17 16 39.000000
384 1
11 14 14 45.000000
385 3
56 10 10 140.000000
57 10 10 70.000000
58 10 9 21.000000
386 1
60 12 13 46.000000
387 2
200 21 14 166.000000
201 21 14 49.000000
388 2
176 4 8 134.000000
177 4 8 99.000000
389 2
27 14 15 71.000000
28 14 15 120.000000
390 3
16 16 11 73.500000
19 16 13 67.500000
20 16 13 84.000000
391 2
181 13 15 143.000000
182 13 15 61.000000
392 2
158 14 9 75.000000
159 14 8 70.000000
393 2
198 14 8 178.000000
199 14 8 63.000000
394 3
26 13 11 65.000000
27 13 10 22.500000
28 13 9 3.500000
395 3
42 19 10 41.500000
43 19 10 83.000000
44 19 10 62.500000
396 2
25 7 9 193.000000
26 7 9 24.000000
397 3
146 11 16 57.000000
147 11 16 114.000000
148 11 16 39.000000
398 2
27 10 9 63.000000
28 10 9 8.000000
399 4
33 17 4 76.500000
34 17 3 29.000000
35 17 2 74.000000
36 17 1 7.500000
400 2
27 10 15 75.000000
28 10 15 145.000000
401 5
183 11 9 0.500000
184 11 9 1.000000
185 11 9 1.000000
186 11 6 30.500000
187 11 6 4.000000
402 2
179 23 13 53.500000
180 23 13 1.500000
403 10
33 6 9 0.500000
34 6 9 1.000000
35 6 9 1.000000
36 6 9 1.000000
37 6 9 1.000000
38 6 9 0.500000
39 6 13 26.000000
40 6 13 52.000000
41 6 13 52.000000
42 6 13 15.000000
404 3
145 1 11 110.000000
146 1 11 55.000000
148 1 14 44.000000
405 2
203 23 11 174.000000
204 23 11 25.000000
406 2
168 10 14 38.000000
169 10 14 10.000000
407 1
22 18 14 37.000000
408 2
207 12 15 66.000000
208 12 15 99.000000
409 2
9 16 13 67.500000
10 16 13 100.500000
410 3
195 6 11 146.000000
196 6 11 73.000000
197 6 10 8.000000
411 1
23 21 9 31.000000
412 3
44 13 8 48.500000
45 13 8 97.000000
46 13 8 68.500000
413 2
210 18 12 130.500000
211 18 12 71.500000
414 1
48 12 7 62.000000
415 3
82 20 15 61.000000
83 20 14 86.500000
84 20 13 14.500000
416 2
59 8 13 100.000000
60 8 13 15.000000
417 4
46 16 9 66.000000
47 16 9 66.000000
48 16 9 33.000000
49 16 6 63.000000
418 2
42 14 10 28.500000
43 14 10 14.500000
419 1
201 15 16 50.000000
420 2
55 16 17 25.500000
56 16 17 13.500000
421 2
38 14 14 69.500000
39 14 14 74.500000
422 1
34 14 9 37.000000
423 3
41 13 6 38.000000
44 12 8 70.500000
45 12 8 37.500000
424 2
55 17 7 49.000000
56 17 7 46.000000
425 5
155 22 7 28.000000
156 22 7 56.000000
157 22 7 56.000000
158 22 7 56.000000
159 22 7 4.000000
426 1
175 23 8 69.000000
427 2
51 23 12 113.000000
52 23 12 30.000000
428 1
167 14 9 60.000000
429 2
196 18 6 87.500000
197 18 6 43.500000
430 1
5 7 9 49.000000
431 3
166 2 8 85.000000
167 2 8 85.000000
168 2 8 23.000000
432 2
64 23 18 67.500000
65 23 18 101.500000
433 1
47 9 7 37.000000
434 1
47 15 15 58.000000
435 2
34 12 8 70.500000
35 12 8 58.500000
436 3
50 25 13 40.000000
51 25 13 40.000000
52 25 13 39.000000
437 2
12 11 13 116.000000
13 11 13 50.000000
438 4
61 14 11 32.000000
62 14 11 64.000000
63 14 11 64.000000
64 14 11 1.000000
439 2
150 13 13 145.000000
151 13 13 3.000000
440 3
43 18 19 31.500000
44 18 19 63.000000
45 18 19 7.500000
441 3
64 9 8 65.500000
65 9 8 131.000000
66 9 8 7.500000
442 11
187 19 15 0.500000
188 19 15 1.000000
189 19 15 1.000000
190 19 15 1.000000
191 19 15 1.000000
192 19 15 0.500000
193 19 14 9.000000
194 19 18 35.000000
195 19 18 70.000000
196 19 18 70.000000
197 19 18 63.000000
443 3
196 16 9 66.000000
197 16 9 66.000000
198 16 9 24.000000
444 1
170 17 12 85.000000
445 3
35 19 7 44.000000
36 19 7 88.000000
37 19 7 49.000000
446 4
24 14 13 92.500000
25 14 12 79.500000
26 14 11 32.000000
27 14 10 1.000000
447 2
50 12 12 75.500000
51 12 12 13.500000
448 2
68 5 8 93.000000
69 5 8 25.000000
449 3
41 14 11 32.000000
42 14 11 64.000000
43 14 11 37.000000
450 1
26 23 17 66.000000
451 2
25 16 17 25.500000
26 16 17 33.500000
452 3
195 13 11 125.000000
196 13 11 65.000000
197 13 10 10.000000
453 1
147 20 7 93.000000
454 1
12 8 10 35.000000
455 4
29 10 13 41.000000
30 10 13 82.000000
31 10 13 82.000000
32 10 13 25.000000
456 6
18 19 14 23.000000
19 19 14 46.000000
20 19 14 46.000000
21 19 14 46.000000
22 19 14 46.000000
23 19 12 47.000000
457 2
6 15 10 152.000000
7 15 10 36.000000
458 2
38 13 14 63.000000
39 13 14 50.000000
459 2
162 20 10 66.500000
163 20 10 1.500000
460 2
35 20 7 68.500000
36 20 7 50.500000
461 3
80 23 7 53.000000
83 23 9 75.000000
84 23 9 67.000000
462 3
189 7 16 112.000000
190 7 16 112.000000
191 7 16 21.000000
463 7
50 11 7 43.500000
53 11 9 0.500000
54 11 9 1.000000
55 11 7 43.500000
56 11 7 87.000000
57 11 7 3.500000
61 11 11 47.000000
464 1
46 13 16 42.000000
465 1
48 15 15 34.000000
466 2
12 20 10 66.500000
13 20 10 106.500000
467 3
54 33 8 33.500000
55 33 8 67.000000
56 33 8 0.500000
468 2
86 10 7 44.000000
87 10 7 31.000000
469 2
67 22 15 32.000000
68 22 15 30.000000
470 2
70 11 12 45.500000
71 11 12 7.500000
471 1
184 12 9 33.000000
472 2
57 14 16 157.000000
58 14 16 14.000000
473 4
58 10 14 38.000000
59 10 14 76.000000
60 10 14 76.000000
61 10 14 47.000000
474 1
61 19 12 143.000000
475 2
26 14 8 178.000000
27 14 8 16.000000
476 1
42 18 4 67.000000
477 2
74 5 8 46.500000
75 5 8 67.500000
478 2
208 14 14 69.500000
209 14 14 31.500000
479 2
35 13 18 55.000000
36 13 18 2.000000
480 2
15 23 12 56.500000
18 23 14 35.500000
481 4
19 13 6 76.000000
20 13 6 76.000000
21 13 6 38.000000
22 13 3 3.000000
482 2
45 13 9 97.000000
46 13 9 19.000000
483 3
46 11 16 57.000000
47 11 16 114.000000
48 11 16 60.000000
484 2
199 23 14 181.000000
200 23 14 55.000000
485 2
22 16 20 33.500000
23 16 20 35.500000
486 1
49 23 4 60.000000
487 2
174 12 9 146.000000
175 12 9 96.000000
488 2
161 18 11 96.000000
162 18 11 19.000000
489 2
53 5 9 42.500000
54 5 9 10.500000
490 5
72 10 10 70.000000
73 10 9 31.500000
74 10 9 63.000000
75 10 9 63.000000
76 10 9 18.500000
491 1
53 11 10 85.000000
492 2
20 13 13 145.000000
21 13 13 43.000000
493 3
162 14 10 28.500000
163 14 10 57.000000
164 14 10 10.500000
494 1
206 18 16 40.000000
495 4
16 10 9 63.000000
17 10 9 63.000000
18 10 9 31.500000
19 10 6 77.500000
496 1
142 15 11 106.000000
497 1
40 8 14 72.000000
498 1
69 19 5 69.000000
499 1
18 15 6 90.000000
500 1
159 15 15 65.000000
