1 1
15 17 9 23.000000
2 1
184 9 8 21.000000
3 1
49 10 15 29.000000
4 1
13 14 13 39.000000
5 1
8 28 7 46.000000
6 1
12 3 10 36.000000
7 1
38 8 15 22.000000
8 1
187 18 5 26.000000
9 1
75 18 7 26.000000
10 1
82 18 5 20.000000
11 1
27 20 15 27.000000
12 1
52 21 10 34.000000
13 2
167 13 15 93.500000
168 13 15 21.500000
14 1
182 11 10 87.000000
15 1
69 14 13 32.000000
16 1
43 33 1 29.000000
17 1
197 9 15 47.000000
18 2
42 10 15 171.500000
47 10 15 2.500000
19 1
55 7 8 27.000000
20 1
79 20 3 27.000000
21 1
12 11 10 38.000000
22 1
42 27 10 24.000000
23 1
29 2 6 23.000000
24 1
78 10 15 33.000000
25 1
21 15 11 26.000000
26 1
30 24 12 32.000000
27 1
9 9 8 21.000000
28 1
144 14 13 35.000000
29 1
68 20 8 29.000000
30 1
172 8 15 73.000000
31 1
58 26 14 22.000000
32 2
35 17 7 94.000000
36 17 7 126.000000
33 1
35 33 7 25.000000
34 1
69 14 13 21.000000
35 1
193 8 14 24.000000
36 1
28 8 14 20.000000
37 1
143 14 13 32.000000
38 1
42 3 10 23.000000
39 1
22 3 11 31.000000
40 1
9 7 3 30.000000
41 1
175 19 7 23.000000
42 1
190 8 14 60.000000
43 1
189 9 13 26.000000
44 1
209 12 13 25.000000
45 1
27 18 5 20.000000
46 1
7 9 5 24.000000
47 1
44 23 12 20.000000
48 1
43 22 12 21.000000
49 1
177 10 15 23.000000
50 1
45 4 17 48.000000
51 1
38 10 7 22.000000
52 1
63 3 10 27.000000
53 1
68 10 15 24.000000
54 1
41 5 13 56.000000
55 1
84 23 8 39.000000
56 1
142 28 10 22.000000
57 1
35 5 10 26.000000
58 1
183 9 9 25.000000
59 1
55 1 7 41.000000
60 1
184 9 8 64.000000
61 1
143 15 11 33.000000
62 1
194 4 8 45.000000
63 1
185 11 9 30.000000
64 1
35 13 17 23.000000
65 1
66 21 10 45.000000
66 1
13 5 13 136.000000
67 1
2 9 13 26.000000
68 1
154 3 10 25.000000
69 1
33 13 9 30.000000
70 1
45 10 7 33.000000
71 1
192 3 10 20.000000
72 1
51 14 13 27.000000
73 1
64 11 9 37.000000
74 1
46 22 16 21.000000
75 1
70 10 15 55.000000
76 1
52 20 10 27.000000
77 1
23 3 10 31.000000
78 1
56 3 11 31.000000
79 1
77 15 15 48.000000
80 1
67 15 15 24.000000
81 1
26 5 17 28.000000
82 1
40 1 2 20.000000
83 1
163 13 9 31.000000
84 1
39 3 13 23.000000
85 1
73 17 9 35.000000
86 1
34 9 13 30.000000
87 1
7 8 15 20.000000
88 1
52 5 10 20.000000
89 1
63 14 12 25.000000
90 1
60 8 15 50.000000
91 1
25 17 7 32.000000
92 1
32 15 11 28.000000
93 1
146 13 16 25.000000
94 1
48 10 15 35.000000
95 1
22 5 10 21.000000
96 1
27 14 6 25.000000
97 1
17 15 15 30.000000
98 1
25 19 11 26.000000
99 1
66 16 7 44.000000
100 1
23 9 10 47.000000
101 1
62 22 12 23.000000
102 1
27 14 7 26.000000
103 1
41 15 11 25.000000
104 1
58 25 8 25.000000
105 2
39 12 13 96.000000
40 12 13 29.000000
106 1
24 23 8 21.000000
107 1
17 17 7 21.000000
108 1
51 14 13 31.000000
109 1
64 14 13 27.000000
110 1
50 5 12 29.000000
111 1
81 15 11 28.000000
112 1
86 13 6 49.000000
113 1
20 16 15 22.000000
114 1
34 34 3 36.000000
115 1
177 13 15 32.000000
116 1
50 11 2 52.000000
117 1
65 31 7 32.000000
118 1
61 10 15 41.000000
119 1
35 15 11 30.000000
120 1
187 6 7 22.000000
121 1
187 21 7 48.000000
122 1
45 17 7 47.000000
123 1
37 18 5 25.000000
124 1
179 5 13 26.000000
125 1
162 10 15 35.000000
126 1
12 9 15 124.000000
127 1
173 15 11 63.000000
128 1
22 7 15 23.000000
129 1
38 14 14 24.000000
130 2
72 9 10 89.000000
73 9 10 6.000000
131 1
40 22 12 30.000000
132 1
190 10 14 24.000000
133 1
51 18 11 26.000000
134 1
73 11 9 21.000000
135 1
42 3 10 36.000000
136 1
11 3 13 21.000000
137 1
164 9 13 21.000000
138 1
47 13 5 23.000000
139 1
61 15 11 20.000000
140 1
198 13 16 24.000000
141 1
62 16 1 36.000000
142 1
181 15 11 53.000000
143 1
174 3 8 25.000000
144 1
50 5 13 26.000000
145 1
33 9 13 26.000000
146 1
177 11 10 21.000000
147 1
69 16 14 49.000000
148 1
209 14 13 40.000000
149 1
178 9 8 47.000000
150 1
68 8 14 32.000000
151 1
61 10 15 82.000000
152 1
164 3 8 21.000000
153 1
27 8 15 63.000000
154 1
49 28 13 31.000000
155 1
13 15 0 43.000000
156 2
215 16 7 86.500000
216 16 7 89.500000
157 1
12 3 10 27.000000
158 1
198 4 14 33.000000
159 1
208 16 14 27.000000
160 1
34 14 13 22.000000
161 1
31 10 12 39.000000
162 1
17 9 8 38.000000
163 2
157 20 16 174.000000
158 20 16 46.000000
164 1
23 14 13 41.000000
165 1
37 3 10 94.000000
166 1
164 9 8 24.000000
167 1
43 15 11 24.000000
168 1
84 15 11 34.000000
169 1
69 14 13 44.000000
170 1
154 9 11 28.000000
171 1
33 3 10 24.000000
172 1
59 14 13 29.000000
173 1
36 2 6 26.000000
174 2
66 14 16 60.000000
67 14 16 8.000000
175 1
29 21 4 56.000000
176 1
31 15 15 23.000000
177 1
172 15 11 50.000000
178 1
196 11 10 21.000000
179 1
16 13 6 24.000000
180 1
158 18 5 23.000000
181 1
63 22 3 22.000000
182 1
35 12 12 25.000000
183 1
71 25 1 30.000000
184 1
31 15 11 21.000000
185 1
59 14 13 25.000000
186 1
163 11 11 35.000000
187 1
210 14 4 67.000000
188 1
29 21 4 27.000000
189 1
28 13 9 77.000000
190 1
201 26 12 28.000000
191 1
16 32 9 78.000000
192 1
57 1 8 23.000000
193 1
74 21 12 22.000000
194 1
53 13 9 49.000000
195 1
46 17 8 22.000000
196 1
45 19 11 27.000000
197 1
6 10 16 27.000000
198 1
168 14 6 30.000000
199 1
150 9 15 73.000000
200 1
176 15 11 37.000000
201 1
38 6 8 35.000000
202 1
54 14 8 23.000000
203 1
23 11 10 21.000000
204 1
157 3 10 24.000000
205 1
53 22 10 74.000000
206 1
43 20 3 21.000000
207 1
182 14 10 52.000000
208 1
32 22 12 29.000000
209 1
44 15 11 24.000000
210 1
198 16 15 45.000000
211 1
11 8 15 25.000000
212 1
174 11 10 37.000000
213 1
195 13 9 22.000000
214 1
182 15 11 26.000000
215 1
32 3 10 22.000000
216 1
183 10 9 24.000000
217 1
150 13 17 27.000000
218 1
73 3 10 29.000000
219 1
178 10 14 21.000000
220 1
142 7 12 22.000000
221 1
177 25 5 21.000000
222 1
33 22 10 23.000000
223 1
207 20 8 27.000000
224 1
35 18 17 21.000000
225 1
15 9 8 26.000000
226 1
165 19 11 41.000000
227 1
21 15 15 29.000000
228 1
44 15 11 22.000000
229 1
40 14 13 76.000000
230 1
192 5 10 54.000000
231 1
64 3 10 33.000000
232 1
29 16 13 21.000000
233 1
63 11 9 42.000000
234 1
198 3 9 27.000000
235 1
30 16 15 47.000000
236 1
42 14 10 25.000000
237 1
73 3 10 33.000000
238 1
172 27 10 28.000000
239 1
181 13 6 53.000000
240 1
47 10 15 41.000000
241 1
21 14 11 20.000000
242 1
28 6 4 28.000000
243 1
165 13 17 22.000000
244 1
61 15 11 34.000000
245 1
31 15 11 30.000000
246 1
67 9 15 24.000000
247 1
22 9 11 80.000000
248 1
65 10 7 21.000000
249 1
183 17 9 31.000000
250 1
54 10 12 28.000000
251 2
182 11 10 16.500000
183 11 10 53.500000
252 1
39 10 14 22.000000
253 1
39 10 15 34.000000
254 1
215 10 7 63.000000
255 1
7 13 16 25.000000
256 1
32 30 12 25.000000
257 1
42 14 13 92.000000
258 1
153 15 11 27.000000
259 1
143 15 11 37.000000
260 1
72 3 10 22.000000
261 1
70 9 13 90.000000
262 1
154 20 9 22.000000
263 1
7 5 15 22.000000
264 1
72 15 11 20.000000
265 1
54 14 13 30.000000
266 1
42 10 13 28.000000
267 1
142 27 10 29.000000
268 1
161 15 11 35.000000
269 1
192 22 13 21.000000
270 1
64 9 13 47.000000
271 1
36 28 7 21.000000
272 1
19 11 7 49.000000
273 1
21 19 16 35.000000
274 1
15 19 7 27.000000
275 1
32 4 11 32.000000
276 2
58 18 14 87.000000
59 18 14 27.000000
277 1
63 5 12 41.000000
278 1
52 14 13 45.000000
279 1
35 17 9 21.000000
280 1
29 14 13 33.000000
281 1
20 13 6 21.000000
282 1
207 22 7 54.000000
283 1
54 23 8 21.000000
284 2
184 9 8 24.000000
185 9 8 1.000000
285 1
158 16 14 26.000000
286 1
47 19 5 46.000000
287 1
18 18 14 20.000000
288 1
81 15 11 23.000000
289 1
186 7 10 29.000000
290 1
47 12 5 21.000000
291 1
197 10 15 36.000000
292 2
202 7 10 87.500000
203 7 10 2.500000
293 1
195 19 7 21.000000
294 1
194 0 8 54.000000
295 1
188 10 15 36.000000
296 1
34 17 9 30.000000
297 1
58 5 14 78.000000
298 1
18 14 14 31.000000
299 1
165 15 11 44.000000
300 1
67 10 9 24.000000
301 1
22 25 5 33.000000
302 1
45 3 10 21.000000
303 1
58 19 7 38.000000
304 1
4 11 10 22.000000
305 1
147 10 15 55.000000
306 1
194 18 8 21.000000
307 1
151 11 1 42.000000
308 1
70 3 13 36.000000
309 1
64 12 13 23.000000
310 1
32 11 10 28.000000
311 1
81 15 11 24.000000
312 1
210 17 13 77.000000
313 1
59 9 13 21.000000
314 1
59 12 13 22.000000
315 1
207 25 5 27.000000
316 1
37 3 10 37.000000
317 1
157 18 5 31.000000
318 1
175 5 7 63.000000
319 1
51 12 13 92.000000
320 1
37 18 5 21.000000
321 2
82 3 10 219.500000
83 3 10 0.500000
322 1
29 15 15 35.000000
323 1
8 9 15 39.000000
324 1
53 12 13 30.000000
325 1
7 3 10 29.000000
326 1
162 23 13 22.000000
327 1
11 15 11 21.000000
328 1
34 3 10 24.000000
329 1
22 15 11 24.000000
330 1
62 14 10 33.000000
331 1
29 5 13 32.000000
332 1
203 13 9 23.000000
333 1
182 14 10 28.000000
334 1
147 13 15 31.000000
335 1
34 17 13 56.000000
336 1
170 16 14 116.000000
337 1
32 21 12 20.000000
338 1
152 3 10 23.000000
339 1
10 9 13 21.000000
340 1
57 14 6 25.000000
341 1
42 15 11 23.000000
342 1
76 22 10 37.000000
343 1
42 10 13 20.000000
344 1
47 3 10 32.000000
345 1
40 12 13 28.000000
346 1
49 9 15 22.000000
347 1
14 19 11 20.000000
348 1
22 3 10 29.000000
349 1
22 22 10 34.000000
350 1
183 6 11 23.000000
351 1
32 17 11 32.000000
352 1
152 9 13 150.000000
353 1
31 14 13 20.000000
354 2
141 14 11 78.500000
142 14 11 36.500000
355 1
43 0 12 35.000000
356 1
59 7 7 32.000000
357 1
161 15 11 21.000000
358 1
151 15 11 47.000000
359 1
31 18 11 22.000000
360 1
64 14 13 59.000000
361 1
47 15 15 39.000000
362 1
45 19 11 84.000000
363 1
164 9 8 27.000000
364 1
150 4 14 25.000000
365 1
85 15 11 69.000000
366 1
34 15 11 28.000000
367 1
191 10 15 21.000000
368 1
43 17 9 31.000000
369 1
189 2 13 26.000000
370 1
219 7 13 28.000000
371 1
35 31 7 21.000000
372 1
14 19 11 85.000000
373 1
39 14 13 79.000000
374 1
33 17 12 25.000000
375 1
43 15 11 27.000000
376 1
39 9 13 67.000000
377 1
185 5 17 32.000000
378 1
189 14 13 31.000000
379 1
182 9 13 91.000000
380 1
37 9 8 38.000000
381 1
29 14 6 38.000000
382 1
62 3 10 23.000000
383 1
53 17 9 34.000000
384 1
7 15 15 30.000000
385 1
181 12 12 24.000000
386 1
49 10 14 22.000000
387 1
196 31 10 26.000000
388 1
33 17 9 22.000000
389 1
62 3 10 31.000000
390 1
33 14 11 29.000000
391 1
22 3 10 44.000000
392 1
165 16 11 20.000000
393 1
27 10 15 26.000000
394 1
151 9 11 26.000000
395 1
202 9 10 67.000000
396 1
53 3 9 27.000000
397 1
39 10 15 41.000000
398 1
171 19 11 23.000000
399 1
75 11 2 41.000000
400 1
61 5 16 28.000000
401 1
167 16 16 38.000000
402 1
55 9 11 31.000000
403 1
192 4 10 20.000000
404 1
52 3 10 27.000000
405 1
176 15 11 31.000000
406 1
69 17 3 30.000000
407 1
30 18 5 27.000000
408 1
197 9 8 24.000000
409 1
54 3 8 23.000000
410 1
42 4 13 33.000000
411 2
187 22 5 88.500000
188 22 5 85.500000
412 1
26 10 7 25.000000
413 1
51 9 13 41.000000
414 1
204 20 8 22.000000
415 1
162 14 10 24.000000
416 1
155 11 11 39.000000
417 1
15 15 11 27.000000
418 1
57 13 5 42.000000
419 1
67 18 5 24.000000
420 1
177 21 15 26.000000
