1 1
175 25 6 117.000000
2 1
35 23 12 27.000000
3 1
48 2 16 27.000000
4 1
4 18 0 21.000000
5 1
90 2 16 30.000000
6 1
94 14 7 51.000000
7 1
82 2 16 96.000000
8 1
8 22 16 49.000000
9 1
7 28 9 91.000000
10 1
39 7 8 20.000000
11 1
202 21 5 47.000000
12 1
79 2 16 68.000000
13 1
184 14 7 26.000000
14 1
208 25 6 23.000000
15 1
96 21 9 38.000000
16 1
183 8 1 25.000000
17 1
200 16 3 25.000000
18 1
236 22 9 45.000000
19 1
21 21 0 46.000000
20 1
67 20 3 21.000000
21 1
25 14 14 24.000000
22 1
236 14 6 40.000000
23 1
72 7 8 85.000000
24 1
225 20 5 88.000000
25 1
230 12 5 27.000000
26 1
197 25 6 37.000000
27 1
60 6 3 27.000000
28 1
179 14 7 58.000000
29 1
235 25 6 42.000000
30 1
209 22 7 28.000000
31 1
6 2 12 41.000000
32 1
171 25 8 26.000000
33 1
95 29 14 32.000000
34 1
212 9 11 22.000000
35 1
42 14 14 44.000000
36 1
180 31 16 36.000000
37 1
52 13 16 29.000000
38 1
68 6 10 33.000000
39 1
62 21 0 55.000000
40 1
195 25 3 29.000000
41 2
206 24 6 128.000000
207 24 6 8.000000
42 2
215 25 6 36.000000
216 25 6 9.000000
43 1
72 2 16 26.000000
44 1
38 25 6 22.000000
45 1
240 21 11 24.000000
46 1
44 18 10 31.000000
47 1
39 24 6 27.000000
48 1
26 24 6 24.000000
49 1
39 25 6 26.000000
50 1
216 21 5 87.000000
51 1
218 2 16 40.000000
52 1
179 23 12 24.000000
53 1
64 26 11 24.000000
54 1
25 19 4 25.000000
55 1
46 14 7 34.000000
56 1
196 0 18 39.000000
57 1
52 23 1 25.000000
58 1
15 17 5 51.000000
59 1
203 14 14 34.000000
60 1
41 33 19 25.000000
61 1
51 14 14 63.000000
62 1
76 31 13 75.000000
63 1
231 9 11 23.000000
64 1
256 24 11 24.000000
65 1
41 25 3 57.000000
66 1
55 23 12 38.000000
67 1
194 4 13 30.000000
68 1
50 7 8 31.000000
69 1
78 14 7 23.000000
70 1
51 9 11 25.000000
71 1
38 2 16 37.000000
72 1
63 8 18 22.000000
73 1
76 25 6 54.000000
74 1
215 4 22 20.000000
75 1
50 6 10 27.000000
76 1
184 21 15 21.000000
77 1
91 31 10 80.000000
78 1
86 25 6 20.000000
79 1
59 12 2 57.000000
80 2
24 18 10 89.000000
25 18 10 14.000000
81 1
31 13 16 21.000000
82 1
15 25 6 65.000000
83 1
177 25 6 24.000000
84 1
175 21 15 101.000000
85 1
56 28 9 75.000000
86 1
47 19 8 83.000000
87 1
33 23 15 36.000000
88 2
60 14 14 75.500000
61 14 14 2.500000
89 1
56 21 5 35.000000
90 1
207 8 10 30.000000
91 1
48 28 13 25.000000
92 1
31 6 19 22.000000
93 1
105 30 14 142.000000
94 1
19 28 9 53.000000
95 1
56 25 6 28.000000
96 1
51 4 20 25.000000
97 1
52 5 14 83.000000
98 1
81 9 11 80.000000
99 1
43 20 11 56.000000
100 1
209 24 10 23.000000
101 1
110 25 6 55.000000
102 1
56 24 6 84.000000
103 1
33 18 1 25.000000
104 1
200 24 9 53.000000
105 1
99 5 14 73.000000
106 1
36 21 5 26.000000
107 1
64 3 15 33.000000
108 1
44 14 7 20.000000
109 1
77 23 11 71.000000
110 1
55 25 6 44.000000
111 1
34 21 5 20.000000
112 2
38 28 13 98.000000
39 28 13 97.000000
113 2
85 31 13 97.500000
86 31 13 18.500000
114 1
213 6 12 30.000000
115 1
197 25 6 33.000000
116 1
53 2 16 22.000000
117 1
41 23 1 26.000000
118 1
165 26 7 23.000000
119 1
25 27 5 79.000000
120 1
84 35 17 25.000000
121 1
171 32 11 25.000000
122 1
23 13 13 28.000000
123 1
73 2 16 31.000000
124 1
52 28 13 40.000000
125 1
175 21 9 23.000000
126 1
62 28 17 28.000000
127 1
84 14 17 23.000000
128 1
25 17 11 21.000000
129 2
38 6 19 96.000000
39 6 19 166.000000
130 1
231 31 16 51.000000
131 1
43 5 14 23.000000
132 1
13 23 3 55.000000
133 2
174 0 14 122.000000
175 0 14 145.000000
134 1
45 25 6 31.000000
135 1
238 6 9 28.000000
136 1
18 16 10 97.000000
137 1
24 24 2 30.000000
138 1
40 14 14 36.000000
139 1
21 21 5 41.000000
140 1
36 21 5 39.000000
141 1
51 5 14 52.000000
142 1
214 8 10 46.000000
143 1
54 0 14 39.000000
144 1
38 13 12 20.000000
145 1
36 25 6 111.000000
146 1
66 24 6 21.000000
147 1
95 21 5 193.000000
148 1
96 6 10 27.000000
149 1
6 21 9 41.000000
150 1
69 17 13 25.000000
151 1
72 6 12 42.000000
152 1
35 21 15 66.000000
153 1
182 30 10 20.000000
154 1
71 21 5 26.000000
155 1
66 27 10 27.000000
156 1
43 9 11 45.000000
157 2
4 0 10 164.000000
5 0 10 136.000000
158 1
24 9 11 55.000000
159 1
14 28 15 22.000000
160 1
171 31 10 31.000000
161 1
228 10 18 20.000000
162 1
180 30 6 26.000000
163 1
68 32 11 34.000000
164 1
99 2 16 56.000000
165 1
35 14 17 31.000000
166 1
185 25 6 23.000000
167 1
22 6 12 39.000000
168 1
47 25 6 59.000000
169 1
51 21 5 30.000000
170 1
50 29 14 26.000000
171 1
191 10 21 85.000000
172 1
246 24 6 61.000000
173 1
65 30 14 49.000000
174 1
14 14 7 43.000000
175 1
80 2 16 88.000000
176 1
96 25 6 23.000000
177 1
12 22 1 26.000000
178 1
89 7 8 31.000000
179 2
31 21 5 132.000000
32 21 5 168.000000
180 1
222 6 12 49.000000
181 1
68 25 6 26.000000
182 1
70 13 12 81.000000
183 1
50 20 11 39.000000
184 1
224 17 16 39.000000
185 1
245 14 7 174.000000
186 1
12 6 9 58.000000
187 1
65 25 6 37.000000
188 1
201 21 5 37.000000
189 1
29 17 18 26.000000
190 1
104 0 14 25.000000
191 1
244 18 10 38.000000
192 2
75 25 6 43.000000
76 25 6 38.000000
193 1
72 3 6 29.000000
194 1
49 27 15 21.000000
195 1
183 21 5 24.000000
196 1
40 4 10 31.000000
197 1
69 13 12 22.000000
198 1
166 31 10 20.000000
199 1
236 18 10 21.000000
200 1
45 25 6 21.000000
201 1
192 19 7 39.000000
202 1
183 25 3 22.000000
203 1
95 25 6 25.000000
204 1
59 17 13 80.000000
205 1
3 21 4 32.000000
206 1
83 11 14 24.000000
207 1
228 28 3 48.000000
208 1
4 16 6 33.000000
209 1
10 32 5 23.000000
210 1
56 29 4 30.000000
211 1
84 14 7 21.000000
212 1
218 6 9 51.000000
213 1
196 24 6 26.000000
214 1
241 9 11 59.000000
215 1
85 25 6 57.000000
216 1
15 21 9 69.000000
217 1
41 21 1 26.000000
218 1
27 21 9 61.000000
219 1
55 25 6 68.000000
220 2
50 16 3 97.000000
51 16 3 192.000000
221 1
228 14 16 26.000000
222 1
191 21 5 42.000000
223 2
185 25 6 145.000000
186 25 6 155.000000
224 2
81 9 11 16.500000
82 9 11 24.500000
225 1
66 9 11 27.000000
226 1
199 11 6 25.000000
227 1
97 33 8 174.000000
228 1
41 2 16 37.000000
229 1
225 21 0 40.000000
230 1
74 21 5 68.000000
231 1
86 25 6 22.000000
232 1
187 13 12 37.000000
233 1
81 21 5 24.000000
234 1
199 13 12 30.000000
235 1
85 25 6 27.000000
236 1
52 27 9 45.000000
237 1
202 2 16 25.000000
238 1
69 20 3 75.000000
239 1
222 26 7 80.000000
240 1
46 25 6 110.000000
241 1
239 17 13 37.000000
242 3
60 30 1 89.000000
61 30 1 178.000000
62 30 1 33.000000
243 1
227 34 11 45.000000
244 1
75 29 4 21.000000
245 1
54 0 14 52.000000
246 1
68 20 17 33.000000
247 1
58 8 20 22.000000
248 1
43 24 10 28.000000
249 1
19 19 4 42.000000
250 1
77 21 7 58.000000
251 1
8 22 2 29.000000
252 1
220 31 7 94.000000
253 1
54 25 3 91.000000
254 1
69 4 16 58.000000
255 1
39 28 9 30.000000
256 2
76 11 0 97.500000
81 11 0 20.500000
257 1
80 5 14 26.000000
258 1
198 25 6 97.000000
259 1
71 25 3 70.000000
260 1
31 23 1 62.000000
261 1
72 3 20 23.000000
262 1
58 28 13 20.000000
263 2
41 9 11 30.000000
42 9 11 32.000000
264 1
38 14 5 55.000000
265 1
23 9 10 21.000000
266 1
75 31 13 32.000000
267 1
54 30 14 39.000000
268 1
165 0 14 55.000000
269 1
58 21 9 27.000000
270 1
166 24 6 21.000000
271 1
227 31 7 21.000000
272 1
89 8 10 22.000000
273 1
36 26 7 59.000000
274 1
238 23 12 23.000000
275 1
77 25 6 28.000000
276 1
23 14 10 36.000000
277 1
45 25 6 38.000000
278 1
71 9 11 34.000000
279 1
224 8 10 28.000000
280 1
193 21 5 38.000000
281 2
14 12 8 45.000000
15 12 8 72.000000
282 1
44 19 7 21.000000
283 1
80 2 16 20.000000
284 1
62 26 7 23.000000
285 1
16 21 4 46.000000
286 1
74 23 3 94.000000
287 1
39 2 16 24.000000
288 1
39 10 19 35.000000
289 1
37 28 6 31.000000
290 1
190 14 14 62.000000
291 2
55 25 6 22.000000
56 25 6 8.000000
292 1
192 31 16 20.000000
293 1
83 4 10 27.000000
294 1
107 30 14 63.000000
295 1
48 16 4 54.000000
296 1
20 14 14 28.000000
297 1
198 23 1 36.000000
298 1
197 23 1 22.000000
299 1
63 23 3 42.000000
300 1
226 15 8 20.000000
301 1
52 14 10 25.000000
302 1
39 14 10 26.000000
303 1
69 2 16 28.000000
304 1
76 25 6 54.000000
305 1
14 21 5 31.000000
306 2
54 27 16 197.000000
55 27 16 28.000000
307 1
24 17 18 24.000000
308 1
51 23 1 34.000000
309 1
24 19 7 24.000000
310 1
76 20 3 32.000000
311 0
312 1
52 3 19 28.000000
313 1
57 19 8 38.000000
314 1
88 32 3 23.000000
315 1
183 23 3 40.000000
316 1
36 24 6 20.000000
317 1
76 25 6 32.000000
318 1
83 32 11 29.000000
319 1
234 30 14 51.000000
320 1
69 27 5 22.000000
321 1
47 25 6 21.000000
322 1
95 25 6 23.000000
323 1
68 2 16 22.000000
324 1
34 23 18 36.000000
325 1
75 25 6 125.000000
326 1
184 0 14 21.000000
327 1
53 35 17 91.000000
328 1
107 0 14 110.000000
329 1
66 21 9 200.000000
330 1
36 20 3 25.000000
331 1
46 14 17 25.000000
332 2
243 21 9 100.500000
244 21 9 199.500000
333 2
26 18 10 178.000000
27 18 10 19.000000
334 1
59 26 5 48.000000
335 1
41 23 6 26.000000
336 1
40 25 6 33.000000
337 1
29 22 7 103.000000
338 1
13 21 5 24.000000
339 1
80 26 9 92.000000
340 1
86 21 5 65.000000
341 2
210 25 6 168.000000
215 25 6 132.000000
342 1
161 25 3 27.000000
343 1
60 13 16 30.000000
344 1
55 25 6 34.000000
345 1
46 25 6 20.000000
346 1
7 26 11 36.000000
347 1
86 6 12 24.000000
348 1
67 21 7 23.000000
349 1
168 29 8 26.000000
350 2
62 21 5 264.000000
63 21 5 36.000000
351 1
49 14 17 22.000000
352 1
21 15 8 78.000000
353 1
88 25 6 23.000000
354 1
24 0 14 39.000000
355 2
24 6 16 85.500000
25 6 16 12.500000
356 1
60 25 6 21.000000
357 2
14 34 17 91.500000
15 34 17 44.500000
358 1
49 19 7 77.000000
359 1
17 9 15 23.000000
360 1
99 19 7 56.000000
361 1
78 26 9 71.000000
362 1
55 23 12 26.000000
363 1
14 18 10 32.000000
364 1
45 25 6 21.000000
365 2
86 21 5 67.000000
91 21 5 30.000000
366 1
21 12 16 23.000000
367 1
243 6 12 22.000000
368 1
47 23 12 33.000000
369 1
37 25 22 23.000000
370 1
36 11 14 28.000000
371 1
186 15 12 31.000000
372 1
44 14 7 46.000000
373 1
40 2 10 26.000000
374 1
12 21 10 34.000000
375 1
48 0 18 25.000000
376 1
78 0 12 20.000000
377 2
232 28 6 89.000000
233 28 6 64.000000
378 1
63 5 14 99.000000
379 1
63 15 12 24.000000
380 1
72 6 12 33.000000
381 1
189 24 5 126.000000
382 1
236 14 7 25.000000
383 1
77 11 22 27.000000
384 1
71 0 18 20.000000
385 1
70 26 5 50.000000
386 1
30 13 12 40.000000
387 2
86 28 9 93.000000
87 28 9 62.000000
388 1
53 5 14 32.000000
389 1
90 25 6 25.000000
390 1
44 32 13 21.000000
391 1
46 24 6 25.000000
392 1
238 2 16 29.000000
393 1
193 25 8 27.000000
394 1
36 2 8 34.000000
395 1
75 19 20 22.000000
396 1
31 2 16 21.000000
397 1
56 22 7 25.000000
398 1
52 3 24 37.000000
399 1
25 19 4 35.000000
400 1
36 22 3 20.000000
401 2
56 34 11 94.500000
57 34 11 30.500000
402 1
85 11 15 47.000000
403 2
36 9 11 96.500000
41 9 11 66.500000
404 1
54 21 4 24.000000
405 1
227 13 12 28.000000
406 1
113 2 16 27.000000
407 1
25 27 10 81.000000
408 1
77 25 6 79.000000
409 1
226 27 5 43.000000
410 1
159 28 8 33.000000
411 1
69 27 9 26.000000
412 2
23 23 3 81.500000
24 23 3 8.500000
413 1
27 13 12 29.000000
414 1
183 21 5 27.000000
415 1
85 12 13 21.000000
416 1
71 6 19 21.000000
417 1
206 25 6 71.000000
418 1
50 2 16 86.000000
419 1
219 0 14 21.000000
420 1
237 25 6 42.000000
421 1
78 25 6 33.000000
422 1
223 27 16 50.000000
423 1
73 21 5 30.000000
424 2
225 25 6 168.000000
226 25 6 4.000000
425 1
16 22 7 36.000000
426 1
18 20 9 23.000000
427 1
179 3 15 52.000000
428 1
58 2 16 41.000000
429 1
44 21 5 22.000000
430 1
15 0 14 33.000000
431 1
202 5 14 27.000000
432 1
213 9 10 39.000000
433 1
76 24 1 29.000000
434 1
192 21 5 23.000000
435 2
234 32 13 92.000000
235 32 13 122.000000
436 1
41 17 13 33.000000
437 1
39 25 6 48.000000
438 1
98 2 16 35.000000
439 1
204 14 17 28.000000
440 1
35 25 6 33.000000
441 1
232 26 2 23.000000
442 1
48 14 10 29.000000
443 1
208 30 3 32.000000
444 1
90 8 18 48.000000
445 1
40 25 6 29.000000
446 1
36 30 14 23.000000
447 1
198 14 16 30.000000
448 1
191 21 17 62.000000
449 1
52 2 16 61.000000
450 1
32 5 10 31.000000
451 1
228 2 16 40.000000
452 1
78 25 6 26.000000
453 1
201 21 5 42.000000
454 1
187 18 10 26.000000
455 1
41 19 7 44.000000
456 1
89 17 13 28.000000
457 1
49 17 13 21.000000
458 1
8 0 14 55.000000
459 1
45 6 12 23.000000
460 1
13 30 6 35.000000
461 1
199 5 14 56.000000
462 1
46 25 6 37.000000
463 1
17 21 17 28.000000
464 1
53 2 10 21.000000
465 1
69 19 7 50.000000
466 1
190 21 7 89.000000
467 1
40 10 21 32.000000
468 1
37 33 8 22.000000
469 1
11 15 8 25.000000
470 1
62 16 4 75.000000
471 2
71 9 11 62.500000
72 9 11 8.500000
472 1
5 28 6 22.000000
473 1
199 21 11 57.000000
474 1
227 7 14 22.000000
475 1
24 14 7 23.000000
476 1
57 19 8 20.000000
477 1
101 21 5 24.000000
478 1
26 31 9 112.000000
479 1
166 18 10 28.000000
480 1
7 11 13 34.000000
481 1
203 21 9 23.000000
482 1
17 19 8 62.000000
483 1
83 2 16 78.000000
484 1
238 25 6 26.000000
485 1
195 25 6 46.000000
486 1
203 6 12 40.000000
487 2
171 17 7 51.500000
172 17 7 6.500000
488 3
208 17 1 66.500000
213 17 1 66.500000
214 17 1 14.000000
489 1
12 7 14 31.000000
490 1
9 2 16 56.000000
491 1
34 11 14 113.000000
492 1
68 14 10 26.000000
493 1
224 22 23 66.000000
494 1
75 27 0 67.000000
495 1
63 21 5 76.000000
496 1
24 14 7 48.000000
497 1
65 25 6 24.000000
498 1
189 18 10 26.000000
499 1
7 16 0 21.000000
500 1
76 3 19 24.000000
501 1
243 25 22 87.000000
502 1
190 18 17 26.000000
503 2
21 15 8 0.500000
22 15 8 25.500000
504 1
70 14 14 25.000000
505 1
199 25 6 81.000000
506 1
205 25 6 31.000000
507 3
11 29 8 161.000000
12 29 8 80.500000
17 29 8 58.500000
508 1
83 2 16 24.000000
509 2
61 24 11 77.500000
66 24 11 24.500000
510 1
22 21 5 120.000000
511 1
20 5 14 22.000000
512 1
20 25 6 36.000000
513 2
105 25 6 168.000000
106 25 6 128.000000
514 1
22 1 16 35.000000
515 1
60 14 14 24.000000
516 1
59 25 6 300.000000
517 1
8 25 6 22.000000
518 1
236 24 6 36.000000
519 1
206 23 12 20.000000
520 1
228 19 4 24.000000
521 1
9 0 14 27.000000
522 1
26 27 16 22.000000
523 1
12 28 2 45.000000
524 1
193 34 15 30.000000
525 1
74 31 4 23.000000
526 1
239 25 6 22.000000
527 1
173 24 15 26.000000
528 1
64 0 14 33.000000
529 1
57 25 6 25.000000
530 1
13 22 9 48.000000
531 1
11 25 3 59.000000
532 1
76 25 6 102.000000
533 1
90 25 6 23.000000
534 1
190 2 10 21.000000
535 1
81 18 17 26.000000
536 1
76 31 9 29.000000
537 2
66 0 18 109.500000
67 0 18 190.500000
538 1
29 34 11 32.000000
539 1
215 21 9 118.000000
540 1
33 14 14 20.000000
541 1
63 3 13 35.000000
542 1
87 14 7 21.000000
543 1
17 12 9 37.000000
544 1
69 31 16 22.000000
545 1
186 25 6 40.000000
546 1
55 27 5 25.000000
547 2
237 7 9 89.500000
238 7 9 2.500000
548 1
229 22 7 154.000000
549 1
106 21 5 32.000000
550 1
72 14 14 25.000000
551 1
56 25 6 71.000000
552 1
57 0 14 88.000000
553 1
80 14 14 24.000000
554 1
81 7 14 39.000000
555 1
58 14 10 28.000000
556 2
46 19 4 212.000000
47 19 4 88.000000
557 1
2 22 9 35.000000
558 1
43 12 19 34.000000
559 1
187 0 14 30.000000
560 1
209 25 6 149.000000
561 1
33 6 12 50.000000
562 1
29 22 7 29.000000
563 1
72 25 3 20.000000
564 1
88 14 10 35.000000
565 1
162 31 5 84.000000
566 2
246 24 6 67.000000
247 24 6 3.000000
567 1
81 17 13 22.000000
568 2
7 20 5 101.000000
12 20 5 52.000000
569 1
40 29 8 38.000000
570 1
13 9 15 26.000000
571 1
221 9 11 34.000000
572 1
43 11 14 26.000000
573 1
53 11 14 22.000000
574 1
47 25 6 26.000000
575 1
65 25 6 58.000000
576 1
194 5 14 25.000000
577 1
58 29 8 22.000000
578 1
229 24 6 22.000000
579 1
23 15 8 133.000000
580 1
46 14 7 98.000000
581 1
178 30 4 22.000000
582 1
45 19 4 56.000000
583 1
53 21 9 76.000000
584 1
36 21 5 22.000000
585 1
236 22 7 24.000000
586 1
11 21 10 59.000000
587 1
209 16 10 89.000000
588 1
202 21 5 62.000000
589 1
54 6 12 38.000000
590 1
69 25 6 24.000000
591 1
18 34 11 28.000000
592 1
44 30 14 29.000000
593 1
38 9 10 32.000000
594 1
94 8 1 23.000000
595 1
44 6 16 51.000000
596 1
248 19 8 39.000000
597 1
198 25 6 35.000000
598 1
80 13 12 36.000000
599 2
19 23 15 86.500000
20 23 15 17.500000
600 1
180 1 13 54.000000
