1 2
52 24 1 71.500000
53 24 1 8.500000
2 1
250 28 9 47.000000
3 1
32 3 21 44.000000
4 1
45 17 17 45.000000
5 1
246 18 22 59.000000
6 1
12 26 6 40.000000
7 1
76 13 25 43.000000
8 1
245 21 22 42.000000
9 1
232 28 14 55.000000
10 1
83 23 20 43.000000
11 1
18 18 22 71.000000
12 2
201 25 18 76.000000
202 25 18 16.000000
13 1
76 4 24 63.000000
14 1
63 23 20 57.000000
15 1
217 12 8 61.000000
16 1
254 24 16 109.000000
17 1
192 15 21 45.000000
18 1
66 8 13 55.000000
19 1
53 10 17 44.000000
20 1
108 8 7 43.000000
21 2
26 28 8 86.500000
27 28 8 46.500000
22 1
251 10 16 54.000000
23 2
37 19 28 118.000000
38 19 28 182.000000
24 1
249 27 21 49.000000
25 1
217 23 9 96.000000
26 1
49 24 11 88.000000
27 2
37 25 7 88.000000
38 25 7 34.000000
28 1
60 23 14 46.000000
29 1
106 26 10 117.000000
30 1
89 6 20 73.000000
31 1
31 18 12 71.000000
32 1
56 26 9 45.000000
33 1
22 13 15 54.000000
34 1
61 15 25 54.000000
35 1
76 26 26 60.000000
36 1
75 4 13 43.000000
37 1
78 3 28 50.000000
38 1
60 20 11 42.000000
39 1
252 29 4 51.000000
40 1
193 13 15 61.000000
41 1
91 6 20 47.000000
42 1
27 18 20 45.000000
43 1
250 23 0 62.000000
44 1
91 17 9 40.000000
45 1
46 13 10 62.000000
46 1
64 25 20 75.000000
47 1
223 21 28 44.000000
48 1
37 1 27 71.000000
49 1
39 20 21 43.000000
50 2
30 31 11 51.000000
31 31 11 25.000000
51 1
249 5 25 83.000000
52 1
52 21 7 48.000000
53 1
81 24 25 42.000000
54 1
39 6 19 82.000000
55 1
232 20 24 41.000000
56 1
85 24 25 41.000000
57 1
86 9 20 66.000000
58 1
84 24 8 55.000000
59 1
41 24 25 42.000000
60 1
46 20 27 45.000000
61 1
28 17 19 41.000000
62 1
216 18 22 57.000000
63 1
232 7 22 47.000000
64 1
24 30 16 45.000000
65 1
99 26 25 65.000000
66 1
51 21 28 50.000000
67 1
264 24 8 42.000000
68 2
87 18 10 167.000000
88 18 10 41.000000
69 1
62 24 16 47.000000
70 1
18 9 20 61.000000
71 1
15 27 15 168.000000
72 1
32 28 1 48.000000
73 1
26 27 17 61.000000
74 1
85 10 26 41.000000
75 1
212 23 5 48.000000
76 1
220 32 1 49.000000
77 2
21 23 14 191.000000
22 23 14 42.000000
78 1
95 21 28 41.000000
79 1
39 31 24 46.000000
80 2
34 24 8 96.500000
35 24 8 9.500000
81 1
198 17 17 46.000000
82 1
11 24 11 53.000000
83 2
81 29 4 23.000000
82 29 4 18.000000
84 1
94 13 15 43.000000
85 1
70 23 14 46.000000
86 1
16 18 22 66.000000
87 1
27 19 9 78.000000
88 1
79 19 13 40.000000
89 1
78 8 4 47.000000
90 2
41 14 12 65.500000
42 14 12 16.500000
91 2
96 10 18 30.000000
97 10 18 12.000000
92 1
183 23 12 49.000000
93 1
76 22 9 52.000000
94 1
204 6 28 42.000000
95 1
201 24 25 87.000000
96 1
96 26 10 92.000000
97 1
93 29 4 57.000000
98 2
242 6 28 44.000000
243 6 28 9.000000
99 1
192 24 12 41.000000
100 1
242 24 25 71.000000
101 1
83 27 17 58.000000
102 1
214 19 17 47.000000
103 1
59 19 28 42.000000
104 1
245 23 6 44.000000
105 1
89 4 24 44.000000
106 1
34 6 28 73.000000
107 1
247 3 23 57.000000
108 1
237 26 10 118.000000
109 1
228 9 20 62.000000
110 1
94 24 8 62.000000
111 2
55 18 20 92.000000
56 18 20 43.000000
112 1
10 18 22 55.000000
113 1
118 4 16 42.000000
114 1
50 26 9 48.000000
115 1
38 10 8 42.000000
116 1
81 29 4 63.000000
117 1
222 10 23 50.000000
118 1
57 13 10 61.000000
119 1
191 17 25 51.000000
120 1
61 26 10 52.000000
121 1
230 32 7 46.000000
122 2
71 29 4 80.000000
72 29 4 29.000000
123 1
87 25 7 51.000000
124 1
265 15 15 57.000000
125 1
94 3 21 58.000000
126 1
216 8 13 62.000000
127 1
207 23 5 41.000000
128 1
96 29 4 52.000000
129 1
200 31 11 53.000000
130 1
51 20 28 40.000000
131 1
69 30 22 85.000000
132 1
200 10 23 124.000000
133 1
19 11 7 44.000000
134 1
182 6 19 70.000000
135 1
15 12 21 44.000000
136 1
37 19 13 45.000000
137 1
258 24 11 100.000000
138 1
98 18 22 41.000000
139 1
64 18 17 53.000000
140 1
242 3 21 65.000000
141 1
83 24 23 51.000000
142 1
52 22 26 50.000000
143 2
74 26 6 168.000000
75 26 6 20.000000
144 1
101 10 23 82.000000
145 1
81 23 14 115.000000
146 1
228 11 22 44.000000
147 1
86 29 4 66.000000
148 1
223 8 7 50.000000
149 1
211 24 25 75.000000
150 1
24 16 3 46.000000
151 1
126 26 10 45.000000
152 1
268 24 11 47.000000
153 1
86 26 10 56.000000
154 1
51 24 25 55.000000
155 1
209 11 22 70.000000
156 1
71 24 12 53.000000
157 1
65 29 4 45.000000
158 1
35 25 20 72.000000
159 1
64 7 23 41.000000
160 1
266 4 24 80.000000
161 1
245 24 23 53.000000
162 1
43 24 25 117.000000
163 1
226 18 22 64.000000
164 1
38 26 10 42.000000
165 1
23 24 12 106.000000
166 1
89 10 23 53.000000
167 1
71 15 21 74.000000
168 1
102 24 25 175.000000
169 1
61 24 25 40.000000
170 1
87 1 27 44.000000
171 1
43 23 20 58.000000
172 1
45 23 23 41.000000
173 1
96 9 20 59.000000
174 1
66 24 25 76.000000
175 1
251 22 20 66.000000
176 2
8 23 18 56.000000
13 23 18 17.000000
177 1
11 17 25 55.000000
178 1
20 18 22 94.000000
179 1
42 24 25 109.000000
180 1
209 11 7 52.000000
181 1
89 31 14 68.000000
182 1
211 26 19 60.000000
183 1
236 26 10 58.000000
184 1
219 26 25 57.000000
185 1
99 1 27 50.000000
186 1
176 26 23 53.000000
187 1
20 24 11 42.000000
188 1
236 26 10 50.000000
189 1
209 7 23 50.000000
190 1
35 27 15 41.000000
191 1
180 26 10 68.000000
192 1
9 19 19 65.000000
193 1
220 8 13 55.000000
194 2
202 28 9 94.500000
207 28 9 16.500000
195 1
58 12 11 43.000000
196 1
34 28 14 114.000000
197 1
78 21 10 59.000000
198 1
11 18 22 72.000000
199 1
97 29 19 59.000000
200 1
184 25 20 42.000000
201 1
82 24 25 86.000000
202 1
45 13 15 63.000000
203 2
79 29 10 58.000000
80 29 10 36.000000
204 1
14 12 21 46.000000
205 1
43 24 29 52.000000
206 1
24 20 11 57.000000
207 1
98 12 11 93.000000
208 1
33 21 2 45.000000
209 1
54 24 25 54.000000
210 1
186 18 20 46.000000
211 1
105 17 17 49.000000
212 1
48 4 24 41.000000
213 1
71 10 26 47.000000
214 1
31 26 9 49.000000
215 1
26 26 10 40.000000
216 1
59 17 19 77.000000
217 1
70 6 11 42.000000
218 1
199 23 9 57.000000
219 1
100 12 11 43.000000
220 1
45 24 25 86.000000
221 1
238 21 26 43.000000
222 1
81 27 14 40.000000
223 2
48 8 7 88.500000
49 8 7 4.500000
224 2
37 27 17 87.000000
42 27 17 7.000000
225 2
46 22 9 72.500000
47 22 9 22.500000
226 1
27 4 24 49.000000
227 1
241 27 14 48.000000
228 1
43 20 11 50.000000
229 1
206 25 14 46.000000
230 1
70 23 14 47.000000
231 2
91 24 25 54.000000
92 24 25 19.000000
232 1
46 26 23 46.000000
233 2
243 23 20 29.000000
244 23 20 21.000000
234 1
64 22 21 48.000000
235 1
61 29 4 42.000000
236 1
46 15 15 44.000000
237 1
64 10 16 81.000000
238 2
56 9 20 93.000000
57 9 20 10.000000
239 1
200 26 10 42.000000
240 1
62 22 29 43.000000
241 1
71 24 25 102.000000
242 1
225 22 24 55.000000
243 1
213 24 25 41.000000
244 1
70 30 25 53.000000
245 1
251 1 27 120.000000
246 1
33 24 25 46.000000
247 2
275 21 22 74.000000
276 21 22 12.000000
248 1
73 21 27 41.000000
249 1
18 13 10 49.000000
250 1
92 28 9 40.000000
251 1
59 12 11 51.000000
252 1
72 24 12 43.000000
253 1
81 26 19 42.000000
254 1
252 2 29 53.000000
255 1
241 21 18 68.000000
256 1
220 23 14 83.000000
257 1
72 24 11 42.000000
258 1
74 22 1 122.000000
259 1
57 26 26 46.000000
260 1
193 19 17 40.000000
261 1
233 24 25 40.000000
262 1
26 1 23 40.000000
263 1
187 10 24 61.000000
264 1
266 28 8 46.000000
265 1
106 21 28 44.000000
266 1
41 21 28 47.000000
267 1
61 21 28 44.000000
268 2
6 15 13 165.000000
7 15 13 85.000000
269 1
99 9 20 69.000000
270 1
61 9 29 66.000000
271 2
46 26 10 47.500000
47 26 10 1.500000
272 1
90 20 27 52.000000
273 1
88 18 20 42.000000
274 1
209 10 23 50.000000
275 1
18 4 29 47.000000
276 1
46 17 17 47.000000
277 1
75 16 3 45.000000
278 1
190 22 24 42.000000
279 2
213 14 24 77.000000
214 14 24 112.000000
280 1
76 19 27 44.000000
281 1
28 15 21 42.000000
282 1
205 24 25 43.000000
283 1
101 21 28 53.000000
284 1
90 23 14 57.000000
285 1
22 31 14 43.000000
286 1
212 13 15 45.000000
287 1
74 11 10 106.000000
288 1
57 21 10 53.000000
289 2
71 27 14 95.500000
72 27 14 137.500000
290 1
41 1 27 51.000000
291 1
81 19 27 44.000000
292 1
242 6 28 49.000000
293 1
233 29 4 45.000000
294 1
44 22 11 84.000000
295 1
241 17 25 68.000000
296 1
243 23 20 60.000000
297 1
24 18 17 79.000000
298 1
265 10 8 48.000000
299 1
85 16 3 47.000000
300 1
202 27 17 41.000000
301 1
57 21 22 60.000000
302 1
79 10 12 68.000000
303 1
32 29 4 42.000000
304 1
41 18 22 46.000000
305 1
42 14 6 57.000000
306 1
88 8 20 80.000000
307 2
252 20 9 147.000000
253 20 9 37.000000
308 2
32 31 20 58.000000
33 31 20 21.000000
309 1
92 24 12 42.000000
310 1
196 26 10 42.000000
311 1
79 26 9 84.000000
312 1
40 26 10 41.000000
313 1
243 8 4 41.000000
314 1
83 8 7 52.000000
315 1
72 27 17 44.000000
316 2
86 9 20 27.000000
87 9 20 30.000000
317 1
81 26 10 48.000000
318 1
203 13 15 46.000000
319 1
36 26 10 54.000000
320 1
40 26 10 197.000000
321 1
51 14 14 99.000000
322 1
81 17 25 44.000000
323 2
61 21 18 71.000000
62 21 18 11.000000
324 1
58 14 14 58.000000
325 1
85 18 10 44.000000
326 1
184 27 17 64.000000
327 1
88 26 10 42.000000
328 1
97 32 18 47.000000
329 1
24 25 21 46.000000
330 1
215 24 25 55.000000
331 1
41 26 10 41.000000
332 1
33 13 15 47.000000
333 2
220 23 14 12.500000
221 23 14 28.500000
334 1
182 10 23 58.000000
335 2
76 26 10 33.500000
77 26 10 8.500000
336 1
79 31 24 70.000000
337 1
75 12 13 41.000000
338 1
26 32 18 42.000000
339 1
26 11 13 42.000000
340 2
101 24 25 85.000000
102 24 25 19.000000
341 1
67 21 10 59.000000
342 1
26 28 10 42.000000
343 1
18 18 22 43.000000
344 1
204 18 17 98.000000
345 1
88 18 20 68.000000
346 1
105 21 28 44.000000
347 1
57 23 5 54.000000
348 1
195 24 25 44.000000
349 1
65 24 8 43.000000
350 1
85 12 3 42.000000
351 1
50 1 27 52.000000
352 1
22 26 19 42.000000
353 1
251 30 10 51.000000
354 1
64 21 7 70.000000
355 1
76 26 10 47.000000
356 1
63 29 4 148.000000
357 2
91 29 4 36.000000
92 29 4 6.000000
358 1
226 24 16 65.000000
359 1
26 11 13 52.000000
360 1
58 28 8 53.000000
361 1
41 12 11 89.000000
362 2
92 13 15 31.000000
93 13 15 10.000000
363 1
30 26 10 55.000000
364 1
101 10 18 58.000000
365 1
184 27 17 58.000000
366 1
251 21 28 46.000000
367 1
31 25 3 62.000000
368 1
226 8 13 48.000000
369 1
67 10 8 45.000000
370 1
93 19 20 50.000000
371 1
110 26 10 68.000000
372 1
88 17 7 45.000000
373 1
193 23 18 44.000000
374 1
201 9 20 90.000000
375 1
121 29 4 48.000000
376 1
30 19 17 72.000000
377 1
36 8 20 49.000000
378 1
52 29 5 151.000000
379 1
73 29 4 55.000000
380 1
92 13 15 63.000000
381 1
202 8 7 96.000000
382 1
64 24 25 45.000000
383 1
19 15 15 58.000000
384 1
201 20 27 50.000000
385 2
81 24 25 43.000000
82 24 25 4.000000
386 1
69 2 29 46.000000
387 1
51 24 25 71.000000
388 1
182 28 1 43.000000
389 3
57 28 14 93.500000
62 28 14 93.500000
63 28 14 25.000000
390 1
89 22 11 48.000000
391 1
239 1 27 57.000000
392 1
48 26 3 66.000000
393 1
78 8 13 59.000000
394 1
31 24 25 44.000000
395 1
37 20 27 43.000000
396 1
240 6 11 75.000000
397 1
24 25 20 49.000000
398 1
49 19 28 42.000000
399 2
43 23 20 31.000000
44 23 20 13.000000
400 1
21 27 11 42.000000
401 1
14 24 8 59.000000
402 1
242 20 24 48.000000
403 1
39 10 23 45.000000
404 1
244 24 8 53.000000
405 1
24 21 28 45.000000
406 1
253 23 20 73.000000
407 1
247 10 24 82.000000
408 1
106 21 28 48.000000
409 1
53 21 18 112.000000
410 1
258 17 19 42.000000
411 1
210 23 14 44.000000
412 1
62 9 29 41.000000
413 1
95 21 28 41.000000
414 2
10 21 22 74.000000
15 21 22 11.000000
415 1
231 29 4 41.000000
416 3
80 21 27 84.000000
81 21 27 168.000000
82 21 27 48.000000
417 1
94 21 28 57.000000
418 1
93 21 28 46.000000
419 2
72 27 17 43.000000
73 27 17 1.000000
420 1
228 21 26 45.000000
421 1
74 24 12 42.000000
422 2
61 9 29 10.000000
62 9 29 34.000000
423 1
19 26 25 45.000000
424 1
252 24 12 63.000000
425 1
46 9 20 55.000000
426 1
50 20 11 52.000000
427 1
81 16 12 51.000000
428 1
211 29 4 41.000000
429 1
90 17 19 63.000000
430 1
36 24 25 59.000000
431 1
75 17 25 42.000000
432 1
52 26 6 41.000000
433 1
76 26 10 41.000000
434 1
17 31 5 67.000000
435 1
249 22 11 56.000000
436 1
216 24 25 82.000000
437 1
189 15 21 46.000000
438 1
26 26 10 70.000000
439 1
56 26 10 57.000000
440 1
230 15 22 43.000000
441 1
29 28 11 53.000000
442 1
102 24 25 53.000000
443 1
42 20 9 67.000000
444 1
236 17 25 48.000000
445 1
213 29 4 42.000000
446 1
44 24 8 55.000000
447 1
50 26 10 112.000000
448 1
46 18 20 44.000000
449 1
69 1 27 41.000000
450 2
202 24 16 78.500000
203 24 16 98.500000
451 1
101 21 28 61.000000
452 1
75 29 4 42.000000
453 1
72 24 12 41.000000
454 1
96 10 18 61.000000
455 1
33 19 12 53.000000
456 1
51 28 8 42.000000
457 2
96 26 10 29.500000
97 26 10 16.500000
458 3
84 27 20 131.000000
85 27 20 131.000000
86 27 20 38.000000
459 1
103 21 28 48.000000
460 1
20 23 14 49.000000
461 1
71 29 4 51.000000
462 1
216 9 20 50.000000
463 1
115 21 28 52.000000
464 1
98 17 19 54.000000
465 1
82 28 11 43.000000
466 1
41 29 4 40.000000
467 1
80 3 9 41.000000
468 1
8 22 29 48.000000
469 1
276 18 5 45.000000
470 1
91 21 17 55.000000
471 1
42 20 24 45.000000
472 1
54 26 6 53.000000
473 2
232 27 17 87.000000
233 27 17 67.000000
474 1
203 21 28 43.000000
475 1
267 23 20 60.000000
476 1
66 26 10 55.000000
477 1
242 19 13 44.000000
478 1
27 4 27 42.000000
479 1
215 24 16 42.000000
480 1
256 27 16 42.000000
481 2
212 18 12 189.000000
213 18 12 8.000000
482 1
46 29 4 103.000000
483 1
54 13 15 53.000000
484 1
60 23 14 45.000000
485 1
22 27 17 50.000000
486 2
84 24 8 41.500000
85 24 8 15.500000
487 1
71 30 11 42.000000
488 2
13 26 23 90.000000
14 26 23 35.000000
489 2
74 27 2 73.500000
79 27 2 40.500000
490 1
23 23 20 48.000000
491 2
70 20 27 225.000000
71 20 27 75.000000
492 1
58 22 9 56.000000
493 1
188 26 10 44.000000
494 1
88 23 10 43.000000
495 1
194 20 24 41.000000
496 1
77 10 18 73.000000
497 1
190 26 10 42.000000
498 1
99 10 8 83.000000
499 3
69 3 17 55.500000
74 3 17 55.500000
75 3 17 10.000000
500 1
28 19 28 41.000000
501 2
91 21 17 18.500000
92 21 17 33.500000
502 1
217 19 28 77.000000
503 1
32 6 20 43.000000
504 1
63 20 11 48.000000
505 1
51 29 4 54.000000
506 1
72 13 15 62.000000
507 1
270 10 22 43.000000
508 1
111 1 27 43.000000
509 1
60 26 28 58.000000
510 1
92 24 25 50.000000
511 1
49 30 1 43.000000
512 3
216 29 19 76.500000
217 29 19 153.000000
218 29 19 6.500000
513 1
46 26 10 74.000000
514 2
212 25 7 88.000000
217 25 7 39.000000
515 1
71 30 11 54.000000
516 1
111 21 28 43.000000
517 1
201 5 16 75.000000
518 1
217 0 27 51.000000
519 1
96 20 27 55.000000
520 1
22 24 12 151.000000
521 1
61 33 3 50.000000
522 1
25 10 26 71.000000
523 1
176 28 14 53.000000
524 1
89 21 10 40.000000
525 1
30 20 11 48.000000
526 1
29 31 11 51.000000
527 2
30 25 19 56.500000
35 25 19 25.500000
528 1
221 19 27 48.000000
529 1
55 21 28 78.000000
530 1
23 1 15 51.000000
531 1
262 18 7 50.000000
532 1
244 29 4 96.000000
533 1
35 27 15 66.000000
534 1
57 26 10 44.000000
535 1
76 24 16 41.000000
536 1
31 24 25 55.000000
537 1
21 24 12 41.000000
538 1
206 26 10 58.000000
539 2
29 31 11 42.000000
30 31 11 135.000000
540 1
216 20 27 102.000000
541 1
18 23 5 48.000000
542 1
90 28 11 51.000000
543 1
261 21 17 62.000000
544 1
46 8 19 52.000000
545 1
217 14 14 52.000000
546 1
218 28 9 49.000000
547 1
232 6 24 45.000000
548 1
220 12 11 115.000000
549 2
80 10 16 86.000000
81 10 16 7.000000
550 1
49 26 25 51.000000
551 1
121 29 4 61.000000
552 1
56 26 10 44.000000
553 1
95 8 21 90.000000
554 1
236 8 13 63.000000
555 1
80 18 22 53.000000
556 1
82 29 5 164.000000
557 1
86 23 20 55.000000
558 1
15 10 8 79.000000
559 1
181 17 25 42.000000
560 1
101 24 25 45.000000
561 1
222 19 28 45.000000
562 1
50 11 7 56.000000
563 1
60 14 14 49.000000
564 1
70 17 19 52.000000
565 1
247 25 7 42.000000
566 2
84 27 15 88.000000
85 27 15 21.000000
567 1
17 6 19 71.000000
568 1
191 19 17 68.000000
569 1
91 17 16 52.000000
570 1
32 21 28 75.000000
571 2
250 23 14 95.500000
251 23 14 97.500000
572 1
255 8 20 43.000000
573 1
200 23 14 77.000000
574 1
254 24 8 42.000000
575 1
61 24 25 40.000000
576 1
226 20 28 70.000000
577 1
87 26 10 76.000000
578 1
54 26 25 47.000000
579 3
50 2 19 77.500000
51 2 19 155.000000
52 2 19 67.500000
580 1
211 21 28 41.000000
581 1
67 23 5 79.000000
582 1
47 21 10 43.000000
583 1
59 7 23 47.000000
584 2
246 10 18 91.000000
247 10 18 15.000000
585 2
101 10 18 33.000000
106 10 18 20.000000
586 1
194 21 28 47.000000
587 1
57 18 20 41.000000
588 1
241 16 6 43.000000
589 1
189 1 4 44.000000
590 1
101 29 4 44.000000
591 1
61 27 14 54.000000
592 1
85 26 21 106.000000
593 1
81 24 25 45.000000
594 1
199 12 21 50.000000
595 1
70 30 11 41.000000
596 1
251 7 17 46.000000
597 1
44 28 14 52.000000
598 1
8 26 10 41.000000
599 1
97 10 18 47.000000
600 1
10 15 4 40.000000
601 1
76 26 6 68.000000
602 1
80 24 29 49.000000
603 1
82 3 21 67.000000
604 1
78 18 20 40.000000
605 1
73 29 4 67.000000
606 1
122 29 4 152.000000
607 1
30 22 29 99.000000
608 1
202 14 19 40.000000
609 1
91 24 25 76.000000
610 1
81 29 4 45.000000
611 2
81 26 10 73.500000
87 26 10 13.500000
612 2
76 26 9 97.500000
77 26 9 62.500000
613 1
226 10 18 48.000000
614 1
237 0 27 46.000000
615 1
21 17 25 55.000000
616 2
26 25 3 88.000000
27 25 3 97.000000
617 1
19 23 5 85.000000
618 1
260 17 19 41.000000
619 1
87 1 27 45.000000
620 1
256 20 12 43.000000
621 2
71 24 12 47.000000
72 24 12 89.000000
622 1
84 26 6 76.000000
623 1
98 26 10 48.000000
624 2
14 1 17 93.500000
15 1 17 21.500000
625 2
107 6 20 84.500000
108 6 20 21.500000
626 1
102 1 27 51.000000
627 1
22 24 25 83.000000
628 2
86 26 10 65.500000
87 26 10 35.500000
629 1
25 24 16 75.000000
630 1
58 17 19 51.000000
631 1
33 23 20 48.000000
632 1
62 31 7 62.000000
633 1
75 23 20 40.000000
634 1
63 24 25 43.000000
635 1
62 24 12 59.000000
636 1
38 27 11 50.000000
637 1
75 16 22 54.000000
638 1
27 11 10 43.000000
639 2
36 25 3 88.000000
37 25 3 22.000000
640 1
85 22 24 45.000000
641 1
79 25 7 42.000000
642 1
83 29 4 50.000000
643 1
73 2 24 58.000000
644 1
182 4 14 41.000000
645 1
55 10 12 47.000000
646 1
175 29 4 63.000000
647 1
38 13 25 114.000000
648 2
56 26 10 20.500000
57 26 10 19.500000
649 1
235 27 17 97.000000
650 1
193 24 25 41.000000
651 1
257 6 20 56.000000
652 1
275 18 20 47.000000
653 1
180 15 22 98.000000
654 1
109 10 18 47.000000
655 1
66 23 6 155.000000
656 1
65 24 25 72.000000
657 1
45 13 10 77.000000
658 2
121 29 4 22.000000
122 29 4 19.000000
659 1
76 9 20 45.000000
660 1
87 4 24 59.000000
661 1
73 19 27 64.000000
662 1
213 12 11 47.000000
663 1
248 16 10 73.000000
664 1
47 4 24 46.000000
665 1
5 27 16 59.000000
666 1
225 13 15 43.000000
667 1
47 19 28 59.000000
668 1
31 29 4 43.000000
669 1
230 18 12 42.000000
670 1
62 15 22 57.000000
671 1
221 24 25 51.000000
672 1
202 13 15 41.000000
673 1
62 21 28 53.000000
674 1
87 23 5 51.000000
675 1
250 26 10 85.000000
676 1
47 27 21 54.000000
677 1
252 12 3 47.000000
678 1
44 21 28 79.000000
679 1
72 26 19 47.000000
680 1
37 16 10 70.000000
681 1
222 24 25 53.000000
682 1
31 1 27 60.000000
683 1
61 32 18 45.000000
684 1
59 10 18 44.000000
685 1
64 13 15 43.000000
686 1
49 6 6 48.000000
687 1
46 23 20 70.000000
688 2
73 19 27 142.000000
74 19 27 2.000000
689 1
27 15 13 44.000000
690 1
208 8 13 96.000000
691 1
31 17 25 59.000000
692 1
53 27 14 45.000000
693 1
49 22 24 46.000000
694 1
68 17 7 44.000000
695 1
31 23 14 94.000000
696 1
91 29 4 95.000000
697 1
90 17 5 61.000000
698 1
47 27 17 55.000000
699 1
89 15 22 54.000000
700 1
239 20 28 48.000000
