1 2
21 4 15 42.500000
22 4 15 32.500000
2 1
44 11 13 48.000000
3 1
50 15 14 50.000000
4 1
70 16 15 34.000000
5 2
63 6 12 44.000000
64 6 12 50.000000
6 1
192 10 13 34.000000
7 2
68 0 24 47.000000
69 0 24 27.000000
8 2
148 9 23 28.000000
149 9 23 19.000000
9 1
39 1 24 32.000000
10 2
51 9 12 34.500000
52 9 13 2.500000
11 2
50 15 14 26.000000
51 15 14 18.000000
12 1
63 7 11 47.000000
13 1
25 10 17 61.000000
14 2
34 8 11 20.500000
35 8 11 9.500000
15 1
172 13 16 32.000000
16 4
152 5 12 0.500000
153 5 12 1.000000
154 5 12 1.000000
155 8 12 68.500000
17 1
182 16 12 39.000000
18 1
31 6 9 37.000000
19 1
163 21 11 36.000000
20 1
194 6 11 54.000000
21 1
56 23 7 39.000000
22 1
58 27 14 37.000000
23 1
207 9 13 39.000000
24 1
37 13 9 32.000000
25 1
187 14 9 33.000000
26 1
32 5 15 34.000000
27 2
58 10 8 0.500000
59 10 9 33.500000
28 1
28 8 5 30.000000
29 1
15 15 19 38.000000
30 1
31 5 26 54.000000
31 2
38 7 21 40.500000
39 7 21 0.500000
32 1
31 2 15 30.000000
33 1
79 13 19 41.000000
34 1
29 15 10 35.000000
35 7
40 14 12 0.500000
41 14 12 1.000000
42 14 12 1.000000
43 14 12 1.000000
44 14 12 1.000000
45 14 12 0.500000
46 16 10 36.000000
36 1
15 7 1 50.000000
37 2
171 3 13 24.000000
172 3 13 10.000000
38 1
52 7 21 31.000000
39 1
63 0 8 30.000000
40 1
27 14 9 33.000000
41 2
68 11 12 28.000000
69 11 12 5.000000
42 1
180 10 22 42.000000
43 1
40 7 20 45.000000
44 1
61 4 17 48.000000
45 2
172 19 18 52.500000
173 19 18 1.500000
46 1
38 6 15 31.000000
47 1
181 10 11 31.000000
48 2
44 8 1 27.500000
45 8 1 18.500000
49 1
68 11 12 41.000000
50 1
193 11 12 37.000000
51 2
60 17 11 131.000000
61 17 11 23.000000
52 2
197 16 11 22.000000
198 16 11 13.000000
53 3
21 0 21 28.000000
22 0 21 56.000000
23 0 21 24.000000
54 1
68 16 17 34.000000
55 2
152 5 25 44.500000
153 5 25 1.500000
56 1
38 12 20 30.000000
57 1
185 8 26 31.000000
58 2
161 7 21 81.000000
162 7 21 6.000000
59 2
37 6 21 40.000000
38 6 21 17.000000
60 1
184 0 9 40.000000
61 3
33 14 5 53.500000
34 14 5 107.000000
35 14 5 11.500000
62 2
9 7 7 20.000000
10 7 7 12.000000
63 1
18 0 14 34.000000
64 1
62 4 13 35.000000
65 1
156 8 12 30.000000
66 2
53 3 15 1.000000
54 4 15 37.000000
67 2
40 13 12 37.000000
41 13 12 38.000000
68 2
30 7 13 40.500000
31 8 13 2.500000
69 3
39 8 11 20.500000
40 9 11 55.500000
41 10 11 1.000000
70 1
152 3 12 38.000000
71 2
42 8 9 28.500000
43 8 9 9.500000
72 1
29 7 4 40.000000
73 3
141 12 23 38.500000
142 12 23 77.000000
143 12 23 5.500000
74 5
47 11 11 0.500000
48 11 11 1.000000
49 11 11 1.000000
50 13 12 36.000000
51 13 12 24.500000
75 4
84 17 9 0.500000
85 17 9 1.000000
86 17 9 1.000000
87 17 12 37.500000
76 2
48 0 13 39.500000
49 0 13 10.500000
77 2
203 9 4 26.000000
204 9 5 4.000000
78 1
60 2 19 34.000000
79 1
18 15 6 45.000000
80 1
41 7 7 32.000000
81 1
53 18 4 32.000000
82 4
26 0 26 0.500000
27 0 26 1.000000
28 1 25 94.000000
29 1 25 71.500000
83 1
48 12 16 54.000000
84 1
67 14 19 39.000000
85 1
201 0 15 38.000000
86 2
14 1 23 104.000000
15 1 23 19.000000
87 1
61 2 12 48.000000
88 1
11 2 23 32.000000
89 1
53 0 21 45.000000
90 1
26 3 6 68.000000
91 1
168 10 3 30.000000
92 1
181 6 17 39.000000
93 1
38 11 15 53.000000
94 1
65 12 8 55.000000
95 1
39 13 6 36.000000
96 1
147 7 13 33.000000
97 2
176 11 10 26.500000
177 11 10 5.500000
98 2
138 2 8 87.000000
139 2 8 13.000000
99 2
34 6 19 28.000000
37 4 19 11.000000
100 1
41 0 15 57.000000
101 1
29 18 22 40.000000
102 2
25 7 14 59.500000
26 7 14 9.500000
103 1
10 13 10 30.000000
104 1
40 2 15 32.000000
105 1
37 6 22 32.000000
106 2
21 20 9 62.500000
22 20 9 0.500000
107 1
69 10 14 31.000000
108 1
186 8 14 42.000000
109 2
56 8 14 44.500000
57 8 14 25.500000
110 7
71 10 21 0.500000
72 10 21 1.000000
73 10 21 1.000000
74 10 21 1.000000
75 10 21 1.000000
76 10 21 0.500000
77 10 25 46.000000
111 1
16 7 10 47.000000
112 1
168 0 14 33.000000
113 1
78 13 9 35.000000
114 1
27 18 3 34.000000
115 1
70 10 12 61.000000
116 2
53 13 5 50.000000
54 13 5 50.000000
117 1
33 2 22 35.000000
118 1
181 9 4 34.000000
119 2
148 10 8 0.500000
149 10 9 45.500000
120 1
72 6 8 62.000000
121 3
10 17 14 100.000000
11 17 14 100.000000
12 17 14 5.000000
122 4
66 18 12 25.000000
67 18 12 50.000000
68 18 12 50.000000
69 18 12 11.000000
123 1
80 12 14 32.000000
124 4
73 5 14 45.000000
74 5 14 90.000000
75 5 14 90.000000
76 5 14 2.000000
125 1
170 8 12 34.000000
126 1
187 0 15 34.000000
127 2
208 0 14 64.500000
209 0 14 0.500000
128 1
70 9 6 43.000000
129 2
168 7 21 40.500000
169 7 21 9.500000
130 1
191 9 6 40.000000
131 1
77 22 13 31.000000
132 1
34 5 4 61.000000
133 2
35 16 18 59.500000
36 16 18 24.500000
134 1
30 21 18 49.000000
135 1
171 0 13 39.000000
136 2
17 14 22 53.000000
18 14 22 14.000000
137 1
67 11 20 43.000000
138 1
14 9 21 37.000000
139 3
20 12 19 28.000000
23 10 19 13.000000
24 10 19 8.000000
140 1
154 5 10 43.000000
141 2
33 5 13 50.500000
34 5 13 8.500000
142 1
218 13 17 49.000000
143 1
55 14 13 34.000000
144 2
28 9 4 26.000000
29 9 4 17.000000
145 1
32 17 7 34.000000
146 3
23 7 21 40.500000
24 7 20 64.500000
25 7 19 21.000000
147 1
22 9 19 35.000000
148 1
78 27 13 37.000000
149 2
215 17 17 36.500000
216 17 17 28.500000
150 1
185 17 8 35.000000
151 2
74 16 19 74.000000
75 16 19 27.000000
152 2
163 0 13 39.500000
164 1 13 43.500000
153 2
23 4 14 99.000000
24 4 14 16.000000
154 1
58 14 7 33.000000
155 1
24 18 21 57.000000
156 4
175 14 20 0.500000
176 14 20 1.000000
177 14 20 1.000000
178 14 17 31.500000
157 2
64 3 12 43.000000
65 3 12 10.000000
158 1
21 11 22 55.000000
159 2
145 7 24 69.500000
146 7 24 37.500000
160 1
52 9 13 30.000000
161 1
57 13 4 31.000000
162 1
159 10 17 47.000000
163 1
36 4 14 43.000000
164 2
54 12 7 30.000000
55 12 7 2.000000
165 1
43 8 10 47.000000
166 1
32 21 16 58.000000
167 1
56 8 13 36.000000
168 2
50 4 16 39.000000
51 4 16 11.000000
169 1
12 17 7 34.000000
170 2
49 15 12 28.500000
50 15 12 43.500000
171 2
38 17 13 27.000000
39 17 13 20.000000
172 1
65 5 15 43.000000
173 1
187 20 12 31.000000
174 1
38 8 5 39.000000
175 2
46 12 18 63.000000
47 12 18 24.000000
176 2
207 20 5 51.500000
208 20 5 9.500000
177 3
27 1 11 28.000000
28 1 11 56.000000
29 1 11 11.000000
178 1
10 8 7 35.000000
179 2
161 1 22 101.000000
162 1 22 159.000000
180 4
203 13 15 1.000000
204 13 15 1.000000
205 13 15 0.500000
207 11 16 32.500000
181 1
14 20 10 35.000000
182 2
49 8 6 65.500000
50 8 6 12.500000
183 2
13 16 22 48.000000
14 16 22 17.000000
184 1
195 1 22 34.000000
185 1
16 14 7 35.000000
186 1
28 14 19 57.000000
187 1
54 10 9 32.000000
188 1
51 15 4 63.000000
189 2
26 18 12 25.000000
27 18 12 8.000000
190 1
31 13 10 32.000000
191 1
151 2 23 39.000000
192 6
25 15 20 1.000000
26 15 20 1.000000
27 15 20 1.000000
28 15 20 1.000000
29 15 20 0.500000
30 15 24 38.500000
193 1
154 18 22 58.000000
194 1
203 7 16 32.000000
195 1
32 5 17 34.000000
196 1
154 6 12 57.000000
197 1
53 5 3 37.000000
198 2
168 15 16 49.500000
169 15 16 8.500000
199 1
157 12 5 31.000000
200 1
0 2 24 132.000000
201 1
22 0 13 68.000000
202 2
15 8 10 160.000000
16 8 10 100.000000
203 1
33 15 22 36.000000
204 1
77 0 11 78.000000
205 1
21 15 3 54.000000
206 1
71 18 6 34.000000
207 2
18 11 11 1.000000
19 12 11 30.000000
208 2
65 3 14 81.000000
66 3 14 16.000000
209 1
47 9 13 69.000000
210 2
138 0 3 22.500000
139 0 3 22.500000
211 1
163 21 12 53.000000
212 2
66 18 19 49.000000
67 18 19 3.000000
213 1
25 12 8 40.000000
214 1
54 7 19 37.000000
215 1
180 0 27 37.000000
216 1
36 10 16 34.000000
217 2
138 1 25 94.000000
139 1 25 7.000000
218 5
192 12 13 1.000000
193 12 13 1.000000
194 12 13 1.000000
195 12 13 0.500000
196 10 11 29.500000
219 8
57 11 11 0.500000
58 11 11 1.000000
59 11 11 1.000000
60 11 11 1.000000
61 11 11 1.000000
62 11 11 0.500000
63 7 11 35.000000
64 7 11 6.000000
220 1
146 10 11 40.000000
221 1
60 3 26 55.000000
222 2
48 10 3 36.000000
49 10 3 43.000000
223 1
36 0 11 32.000000
224 2
32 15 5 52.500000
33 15 5 10.500000
225 1
200 20 19 41.000000
226 1
31 11 16 46.000000
227 1
34 15 22 34.000000
228 1
17 20 5 39.000000
229 1
179 6 21 46.000000
230 1
188 17 18 63.000000
231 1
170 20 8 54.000000
232 2
34 0 21 56.000000
35 0 21 54.000000
233 1
160 2 14 32.000000
234 1
72 0 13 41.000000
235 2
39 14 11 77.500000
40 14 11 1.500000
236 3
49 12 12 0.500000
50 13 12 1.000000
51 13 12 28.500000
237 2
41 17 6 31.500000
42 17 6 29.500000
238 2
38 11 15 1.000000
39 11 15 56.000000
239 1
64 9 6 31.000000
240 3
159 11 14 40.500000
160 11 14 81.000000
161 11 14 15.500000
241 1
209 11 18 51.000000
242 1
36 17 26 60.000000
243 1
48 2 16 32.000000
244 1
45 7 18 32.000000
245 1
3 16 4 33.000000
246 1
69 14 11 34.000000
247 2
17 16 7 1.000000
18 15 7 66.000000
248 1
28 18 4 39.000000
249 1
51 5 26 32.000000
250 1
157 9 13 77.000000
251 1
24 6 3 40.000000
252 1
40 13 8 30.000000
253 1
33 6 15 36.000000
254 1
190 4 16 33.000000
255 1
69 6 4 37.000000
256 2
25 0 21 56.000000
26 0 21 9.000000
257 1
192 4 13 34.000000
258 1
62 6 26 39.000000
259 1
20 21 5 34.000000
260 1
185 0 22 31.000000
261 1
64 1 19 38.000000
262 1
16 15 9 38.000000
263 1
58 10 12 56.000000
264 1
22 14 10 45.000000
265 1
162 1 5 52.000000
266 1
26 0 20 39.000000
267 1
62 13 16 99.000000
268 1
59 10 23 41.000000
269 1
42 13 12 36.000000
270 1
183 6 18 42.000000
271 1
66 10 11 38.000000
272 1
147 6 5 34.000000
273 1
188 8 15 58.000000
274 1
197 10 15 39.000000
275 1
223 5 11 41.000000
276 4
35 7 0 1.000000
36 7 0 1.000000
37 7 0 0.500000
38 9 1 29.500000
277 1
203 5 15 46.000000
278 2
60 12 9 1.000000
61 13 9 35.000000
279 2
47 4 22 76.000000
48 4 22 7.000000
280 1
178 7 13 34.000000
281 1
210 22 20 37.000000
282 1
50 16 10 33.000000
283 3
145 16 7 1.000000
146 15 7 97.500000
150 19 7 18.500000
284 1
17 7 13 53.000000
285 1
86 7 11 134.000000
286 1
46 6 15 107.000000
287 1
33 6 11 36.000000
288 4
28 11 25 0.500000
29 11 25 1.000000
30 11 25 1.000000
31 12 23 29.500000
289 2
12 8 9 28.500000
13 8 9 8.500000
290 1
5 3 7 36.000000
291 2
3 16 7 0.500000
4 15 7 33.500000
292 2
182 16 6 21.000000
183 16 6 26.000000
293 4
184 15 20 0.500000
185 15 20 1.000000
186 15 20 1.000000
187 14 18 35.500000
294 1
65 0 27 39.000000
295 1
65 8 15 37.000000
296 1
185 5 22 40.000000
297 1
69 1 13 74.000000
298 1
176 6 5 64.000000
299 1
90 15 14 34.000000
300 6
13 5 12 1.000000
14 5 12 1.000000
15 5 12 1.000000
16 5 12 1.000000
17 5 12 0.500000
18 5 8 37.500000
301 1
41 10 11 34.000000
302 2
52 12 22 75.500000
53 12 22 11.500000
303 1
191 8 21 94.000000
304 1
206 9 12 34.000000
305 1
140 0 27 35.000000
306 4
60 6 21 80.000000
61 6 21 80.000000
62 6 21 40.000000
63 6 18 17.000000
307 1
44 12 14 35.000000
308 1
25 10 10 39.000000
309 5
36 12 9 0.500000
37 12 9 1.000000
38 12 9 1.000000
39 13 11 29.000000
40 13 11 15.500000
310 1
144 12 14 37.000000
311 1
193 12 11 30.000000
312 2
169 17 4 24.000000
170 17 4 25.000000
313 1
20 15 12 36.000000
314 4
19 0 4 0.500000
20 0 4 1.000000
21 0 6 85.000000
22 0 6 42.500000
315 1
192 20 6 42.000000
316 1
19 21 22 38.000000
317 1
180 5 10 32.000000
318 1
172 15 22 41.000000
319 2
53 3 12 43.000000
54 3 12 13.000000
320 1
157 5 13 40.000000
321 1
20 12 10 45.000000
322 2
9 11 10 53.000000
10 11 10 51.000000
323 1
176 19 13 61.000000
324 1
62 20 10 35.000000
325 1
34 20 12 36.000000
326 2
7 15 10 31.000000
8 15 10 18.000000
327 1
68 8 5 35.000000
328 1
50 9 6 32.000000
329 2
52 7 10 57.500000
53 7 10 3.500000
330 2
37 5 12 0.500000
38 5 13 42.500000
331 1
198 14 6 46.000000
332 1
58 17 10 62.000000
333 1
166 8 13 32.000000
334 1
54 7 12 33.000000
335 1
27 10 20 41.000000
336 2
9 11 14 40.500000
10 11 14 0.500000
337 1
54 15 7 95.000000
338 1
6 3 8 56.000000
339 2
15 9 26 61.500000
16 9 26 13.500000
340 2
11 3 14 40.500000
12 3 14 17.500000
341 1
35 7 3 41.000000
342 1
4 18 5 35.000000
343 1
152 22 15 33.000000
344 1
28 9 9 36.000000
345 2
32 6 21 40.000000
35 5 22 1.000000
346 1
32 7 6 39.000000
347 1
84 10 9 35.000000
348 2
47 6 21 40.000000
48 6 21 15.000000
349 1
158 10 13 36.000000
350 8
173 19 17 0.500000
174 19 17 1.000000
175 21 17 177.000000
176 21 17 15.500000
177 19 17 1.000000
178 19 17 0.500000
179 18 17 0.500000
180 18 16 64.000000
351 2
183 10 8 0.500000
184 10 9 30.500000
352 1
36 16 10 48.000000
353 1
23 10 19 33.000000
354 1
24 5 4 74.000000
355 1
40 19 7 37.000000
356 1
73 8 17 40.000000
357 1
26 4 21 30.000000
358 1
187 8 11 34.000000
359 1
170 17 22 32.000000
360 1
4 14 5 52.000000
361 1
154 11 19 34.000000
362 2
37 10 19 92.000000
38 10 19 6.000000
363 1
133 6 11 32.000000
364 1
55 8 16 69.000000
365 1
65 14 5 35.000000
366 1
40 16 10 35.000000
367 1
199 12 16 92.000000
368 2
5 4 6 34.500000
6 4 6 57.500000
369 1
144 6 15 50.000000
370 1
13 13 12 42.000000
371 1
138 10 9 37.000000
372 1
77 6 13 33.000000
373 1
73 6 15 37.000000
374 1
184 3 21 35.000000
375 1
20 11 12 38.000000
376 1
48 11 18 49.000000
377 1
34 0 9 33.000000
378 1
29 4 18 38.000000
379 1
179 9 5 42.000000
380 1
66 9 7 51.000000
381 1
133 13 5 40.000000
382 1
82 13 13 74.000000
383 1
200 18 22 85.000000
384 1
41 9 12 31.000000
385 1
161 14 10 31.000000
386 1
13 15 11 60.000000
387 1
203 5 9 54.000000
388 2
18 3 27 44.500000
19 3 27 59.500000
389 1
46 0 11 39.000000
390 1
9 11 17 33.000000
391 3
7 9 12 69.000000
8 9 12 69.000000
9 9 12 51.000000
392 1
168 24 17 45.000000
393 1
62 15 15 35.000000
394 1
40 14 8 36.000000
395 1
59 14 8 111.000000
396 1
67 7 23 41.000000
397 1
19 15 19 46.000000
398 3
197 2 10 22.500000
198 2 10 45.000000
199 2 10 44.500000
399 1
217 9 13 30.000000
400 1
53 19 10 30.000000
401 1
34 7 12 33.000000
402 1
58 9 13 96.000000
403 1
12 23 14 49.000000
404 1
142 14 23 55.000000
405 1
40 0 5 74.000000
406 1
64 15 5 31.000000
407 2
14 5 9 29.000000
15 5 10 8.000000
408 1
175 5 5 32.000000
409 1
57 5 21 38.000000
410 1
40 9 13 34.000000
411 1
53 15 13 36.000000
412 1
198 8 10 55.000000
413 1
176 8 13 38.000000
414 2
55 24 22 100.000000
56 24 22 88.000000
415 1
49 10 10 35.000000
416 1
208 14 21 31.000000
417 1
51 2 12 34.000000
418 1
151 2 15 43.000000
419 2
68 8 5 35.500000
69 8 5 71.500000
420 1
187 19 16 40.000000
421 8
52 5 12 0.500000
53 5 12 1.000000
54 5 12 1.000000
55 5 12 1.000000
56 5 12 1.000000
57 5 12 0.500000
58 1 12 27.500000
59 1 12 13.500000
422 1
182 10 20 35.000000
423 1
49 8 13 151.000000
424 2
39 5 9 29.000000
40 5 9 4.000000
425 1
178 15 11 34.000000
426 3
186 17 8 44.000000
187 17 8 44.000000
188 17 8 16.000000
427 1
62 5 2 36.000000
428 1
67 3 18 33.000000
429 1
157 6 12 55.000000
430 1
69 15 18 86.000000
431 1
194 1 4 40.000000
432 2
197 13 9 37.500000
198 13 9 12.500000
433 1
69 8 4 31.000000
434 5
15 14 20 0.500000
16 14 20 1.000000
17 14 20 1.000000
18 14 17 4.000000
19 14 17 50.500000
435 1
2 24 16 78.000000
436 1
195 13 4 32.000000
437 1
43 9 9 34.000000
438 1
187 3 8 35.000000
439 2
206 9 15 29.500000
207 9 15 6.500000
440 3
83 7 7 40.000000
84 7 7 20.000000
85 9 7 6.000000
441 3
40 14 17 98.000000
41 14 17 98.000000
42 14 17 64.000000
442 1
66 4 15 38.000000
443 1
11 22 20 50.000000
444 2
29 12 15 39.000000
30 12 15 38.000000
445 3
25 3 15 0.500000
26 4 15 42.500000
27 5 15 62.000000
446 1
30 4 26 32.000000
447 1
18 14 17 45.000000
448 1
73 0 14 39.000000
449 1
45 8 17 38.000000
450 1
29 19 5 32.000000
451 1
188 15 11 57.000000
452 1
52 5 10 41.000000
453 1
51 20 9 32.000000
454 2
56 7 1 143.000000
57 7 1 77.000000
455 2
70 13 15 0.500000
71 13 14 35.500000
456 1
205 7 13 30.000000
457 1
37 8 23 31.000000
458 2
177 11 10 47.500000
178 11 10 4.500000
459 1
64 13 2 33.000000
460 1
142 18 20 69.000000
461 1
47 17 12 34.000000
462 1
40 15 3 49.000000
463 1
16 23 14 87.000000
464 2
45 9 26 61.500000
46 9 26 53.500000
465 1
2 2 5 80.000000
466 1
49 11 10 39.000000
467 1
13 9 8 46.000000
468 3
154 6 24 31.500000
155 6 24 63.000000
156 6 24 43.500000
469 2
32 0 4 1.000000
33 0 5 63.000000
470 1
180 6 4 58.000000
471 1
76 12 18 30.000000
472 2
51 4 12 86.000000
52 4 12 1.000000
473 1
192 20 20 55.000000
474 1
197 0 11 31.000000
475 4
183 19 17 0.500000
184 19 17 1.000000
185 19 17 1.000000
186 18 15 35.500000
476 2
1 5 17 59.000000
2 5 17 9.000000
477 1
66 6 15 31.000000
478 1
70 12 16 34.000000
479 1
38 23 18 33.000000
480 1
18 12 11 41.000000
481 1
68 7 15 67.000000
482 2
205 4 21 21.500000
206 4 21 20.500000
483 1
216 8 14 33.000000
484 2
25 10 10 26.000000
26 10 10 13.000000
485 1
215 5 14 32.000000
486 1
53 2 21 43.000000
487 1
64 7 10 53.000000
488 1
208 5 14 36.000000
489 1
172 9 13 38.000000
490 1
169 13 6 45.000000
491 1
198 9 16 31.000000
492 1
87 10 15 32.000000
493 1
16 3 8 42.000000
494 2
58 10 13 79.500000
59 10 13 15.500000
495 1
191 15 11 32.000000
496 1
1 16 3 66.000000
497 1
51 14 11 56.000000
498 1
83 13 22 38.000000
499 1
186 9 20 63.000000
500 1
152 14 3 31.000000
