1 5
31 12 11 20.000000
32 12 11 20.000000
33 12 11 10.000000
34 12 9 26.000000
35 12 9 5.000000
2 2
12 14 8 18.500000
13 14 8 21.500000
3 2
35 7 10 18.000000
36 7 10 15.000000
4 1
9 15 9 43.000000
5 1
30 12 6 54.000000
6 1
20 12 7 35.000000
7 3
10 7 5 27.500000
11 7 7 19.000000
12 7 7 21.500000
8 2
23 6 4 54.500000
24 6 3 10.500000
9 2
4 12 8 19.500000
5 12 8 23.500000
10 2
9 9 7 1.500000
10 9 7 29.500000
11 1
28 11 4 46.000000
12 1
8 12 7 30.000000
13 1
19 11 6 37.000000
14 2
23 11 9 41.000000
24 11 9 17.000000
15 2
27 12 9 29.500000
28 12 8 17.500000
16 2
0 12 5 24.500000
1 12 5 11.500000
17 1
9 14 11 46.000000
18 1
36 10 9 54.000000
19 1
23 7 6 31.000000
20 2
19 4 12 0.500000
20 6 13 49.500000
21 2
9 13 10 33.500000
10 13 10 1.500000
22 1
23 6 12 44.000000
23 2
21 7 12 18.000000
22 7 12 15.000000
24 1
4 15 9 34.000000
25 1
28 7 9 34.000000
26 1
29 8 3 33.000000
27 1
28 10 8 30.000000
28 1
9 11 11 30.000000
29 1
28 6 6 32.000000
30 2
4 10 4 28.000000
5 10 4 6.000000
31 1
11 7 4 35.000000
32 2
18 8 9 27.000000
19 8 9 9.000000
33 2
9 7 4 42.000000
10 7 4 6.000000
34 2
33 7 8 125.000000
34 7 8 29.000000
35 1
10 10 12 47.000000
36 1
35 4 8 36.000000
37 2
9 10 9 19.000000
10 10 8 12.000000
38 3
31 3 4 20.000000
32 3 4 40.000000
33 3 4 5.000000
39 2
29 12 7 37.000000
30 12 7 17.000000
40 2
26 10 3 37.000000
27 10 3 11.000000
41 1
22 13 5 32.000000
42 2
25 11 9 31.000000
26 11 9 1.000000
43 1
12 12 5 31.000000
44 1
26 15 8 32.000000
45 1
9 7 8 41.000000
46 1
14 9 5 55.000000
47 5
26 13 7 1.000000
27 13 7 1.000000
28 13 7 1.000000
29 13 5 23.000000
30 13 5 5.500000
48 2
27 12 7 37.000000
28 12 7 5.000000
49 2
32 7 7 9.000000
33 7 7 27.000000
50 1
6 14 11 50.000000
51 2
11 11 5 35.500000
12 11 5 2.500000
52 1
3 13 5 34.000000
53 1
38 12 6 33.000000
54 2
22 10 5 44.500000
23 10 5 8.500000
55 1
14 8 10 32.000000
56 1
30 14 11 42.000000
57 2
8 14 10 31.000000
9 14 10 24.000000
58 2
5 12 8 15.500000
6 12 8 22.500000
59 1
6 4 6 34.000000
60 1
9 10 8 86.000000
61 1
38 10 7 34.000000
62 2
26 12 7 18.500000
27 12 8 22.500000
63 1
19 9 9 32.000000
64 1
30 11 8 32.000000
65 2
31 7 7 19.000000
32 7 7 29.000000
66 1
26 11 5 35.000000
67 1
13 8 3 32.000000
68 1
24 11 6 34.000000
69 1
18 11 9 35.000000
70 2
18 12 6 50.000000
19 12 6 56.000000
71 1
27 11 8 44.000000
72 1
19 7 8 40.000000
73 1
25 11 8 40.000000
74 1
25 9 4 38.000000
75 2
21 7 7 19.000000
22 7 7 15.000000
76 1
26 10 9 43.000000
77 1
30 7 8 33.000000
78 1
13 12 10 30.000000
79 1
17 9 8 30.000000
80 1
23 6 7 44.000000
81 5
15 13 7 0.500000
16 13 7 1.000000
17 13 7 1.000000
18 13 7 1.000000
19 12 6 29.000000
82 2
29 5 4 38.000000
30 5 4 9.000000
83 1
9 10 9 36.000000
84 1
14 7 6 57.000000
85 2
5 11 3 14.500000
6 11 3 24.500000
86 1
14 14 9 34.000000
87 2
16 15 7 80.000000
17 15 7 77.000000
88 1
16 12 8 34.000000
89 2
29 11 7 26.000000
30 11 7 12.000000
90 2
15 7 5 27.500000
16 7 5 2.500000
91 1
34 11 6 41.000000
92 1
13 11 5 62.000000
93 1
1 6 9 32.000000
94 1
4 9 7 37.000000
95 2
12 13 6 36.500000
13 13 5 37.500000
96 1
36 15 8 34.000000
97 1
20 12 6 48.000000
98 2
29 13 10 33.500000
30 13 10 7.500000
99 1
29 9 9 32.000000
100 1
25 11 9 51.000000
101 3
8 15 7 10.000000
9 15 9 14.500000
10 15 9 10.500000
102 1
28 10 7 33.000000
103 3
16 5 8 28.000000
17 7 9 2.000000
18 7 9 6.000000
104 2
14 10 9 55.000000
15 10 9 46.000000
105 1
27 9 8 30.000000
106 1
8 7 5 30.000000
107 2
22 8 6 26.500000
23 8 6 34.500000
108 1
31 15 8 31.000000
109 2
23 11 4 52.000000
24 11 4 16.000000
110 2
7 7 4 21.000000
8 7 4 28.000000
111 1
20 10 11 34.000000
112 2
20 12 5 24.500000
21 12 5 17.500000
113 1
18 3 6 33.000000
114 1
22 7 8 32.000000
115 2
17 7 4 21.000000
18 7 4 27.000000
116 1
26 7 6 70.000000
117 1
30 15 9 32.000000
118 2
28 12 6 12.000000
29 12 6 22.000000
119 4
10 6 8 22.000000
11 6 8 44.000000
12 6 8 44.000000
13 6 8 6.000000
120 1
23 12 9 46.000000
121 2
9 13 5 23.000000
10 13 5 8.000000
122 1
20 10 6 30.000000
123 2
15 14 9 34.500000
16 14 8 1.500000
124 2
19 13 5 23.000000
20 13 5 21.000000
125 1
16 9 4 32.000000
126 2
16 12 7 18.500000
17 12 7 17.500000
127 1
16 10 8 37.000000
128 2
11 13 9 26.000000
12 13 9 8.000000
129 1
15 3 7 30.000000
130 1
2 11 6 78.000000
131 1
25 5 11 35.000000
132 2
32 11 10 51.000000
33 11 10 11.000000
133 2
32 8 6 26.500000
33 8 6 27.500000
134 2
33 5 9 39.000000
34 5 9 12.000000
135 2
8 13 6 73.000000
9 13 6 7.000000
136 1
32 11 10 33.000000
137 2
14 14 7 17.500000
15 14 7 32.500000
138 1
21 8 7 46.000000
139 2
12 14 3 19.000000
13 14 3 15.000000
140 2
23 14 3 38.000000
24 14 3 9.000000
141 1
7 2 8 36.000000
142 1
13 9 6 39.000000
143 2
17 13 6 2.500000
18 13 6 29.500000
144 3
2 15 5 26.000000
3 15 7 10.000000
4 15 7 7.000000
145 2
27 6 7 26.000000
28 6 6 8.000000
146 1
10 11 6 46.000000
147 2
13 10 10 39.000000
14 10 10 10.000000
148 4
8 13 7 1.000000
9 13 7 1.000000
10 13 5 38.000000
11 13 5 20.500000
149 2
13 7 6 22.000000
14 7 6 9.000000
150 1
25 8 7 37.000000
151 1
14 8 5 51.000000
152 1
3 15 7 30.000000
153 2
26 12 8 39.000000
27 12 8 14.000000
154 2
28 7 6 58.000000
29 9 7 10.000000
155 1
16 14 6 32.000000
156 1
9 12 6 31.000000
157 2
29 10 4 28.000000
30 9 4 6.000000
158 2
7 13 6 36.500000
8 12 6 6.500000
159 2
30 8 7 37.000000
31 8 7 21.000000
160 2
18 7 1 13.000000
20 8 2 19.000000
161 2
6 14 6 57.000000
7 14 6 29.000000
162 2
27 10 10 19.500000
28 10 9 22.500000
163 1
17 7 9 51.000000
164 1
33 8 8 33.000000
165 1
23 8 7 39.000000
166 1
28 8 8 44.000000
167 2
25 15 6 18.000000
26 15 6 14.000000
168 3
12 12 4 56.500000
13 12 4 113.000000
14 12 4 10.500000
169 1
27 11 8 34.000000
170 2
10 14 9 34.500000
11 14 9 25.500000
171 1
30 11 12 30.000000
172 2
7 11 7 13.000000
8 11 7 20.000000
173 1
5 11 8 34.000000
174 2
9 10 4 28.000000
10 12 5 4.000000
175 1
29 9 8 101.000000
176 1
26 12 4 32.000000
177 1
3 14 9 34.000000
178 1
20 6 3 31.000000
179 1
13 12 5 37.000000
180 1
26 7 6 33.000000
181 1
10 11 6 31.000000
182 2
5 6 8 22.000000
7 6 10 10.000000
183 1
24 12 4 31.000000
184 2
12 11 7 13.000000
13 11 9 20.000000
185 1
10 14 11 33.000000
186 1
5 8 5 33.000000
187 1
22 10 5 32.000000
188 1
6 7 5 35.000000
189 1
24 10 9 34.000000
190 1
17 9 8 34.000000
191 2
7 7 9 53.000000
8 7 9 3.000000
192 1
17 14 11 35.000000
193 1
25 6 6 32.000000
194 1
9 9 7 92.000000
195 1
33 10 6 83.000000
196 1
20 2 5 31.000000
197 2
22 11 7 13.000000
23 10 7 21.000000
198 2
26 15 6 22.000000
27 15 6 13.000000
199 2
2 5 8 56.000000
3 5 8 5.000000
200 2
17 8 6 26.500000
18 8 8 13.500000
201 1
18 11 8 42.000000
202 1
4 10 10 33.000000
203 1
17 13 6 34.000000
204 1
34 7 3 39.000000
205 1
12 15 8 31.000000
206 1
19 6 9 43.000000
207 2
5 7 10 18.000000
6 7 10 17.000000
208 1
27 10 8 35.000000
209 2
8 10 7 35.000000
9 10 7 7.000000
210 1
13 11 4 31.000000
211 4
30 11 7 14.000000
31 11 7 26.000000
32 11 7 13.000000
33 11 9 9.000000
212 1
14 9 7 60.000000
213 1
15 8 6 31.000000
214 2
4 14 8 37.000000
5 14 8 3.000000
215 1
22 10 6 45.000000
216 2
27 11 7 13.000000
28 11 7 20.000000
217 1
32 12 6 34.000000
218 2
12 12 9 29.500000
13 12 9 9.500000
219 1
40 3 10 32.000000
220 2
26 9 6 40.500000
27 9 8 1.500000
221 2
6 7 5 15.500000
7 7 5 15.500000
222 2
7 6 7 26.000000
8 8 8 39.000000
223 1
10 10 8 36.000000
224 1
24 12 9 32.000000
225 2
15 5 7 94.000000
16 5 7 15.000000
226 1
22 12 10 45.000000
227 1
8 12 6 38.000000
228 1
32 13 4 52.000000
229 2
6 6 5 41.000000
7 6 5 25.000000
230 1
10 10 7 69.000000
231 1
19 6 4 32.000000
232 1
28 12 6 38.000000
233 2
13 7 7 38.000000
14 7 7 14.000000
234 1
14 15 9 36.000000
235 1
18 6 6 37.000000
236 1
33 7 6 41.000000
237 1
21 12 10 32.000000
238 2
18 10 7 35.000000
19 10 7 9.000000
239 1
10 6 3 31.000000
240 1
11 15 9 45.000000
241 3
33 12 5 49.000000
34 12 5 49.000000
35 12 5 11.000000
242 1
26 11 8 37.000000
243 1
34 12 9 33.000000
244 2
15 15 11 12.500000
16 15 11 23.500000
245 2
26 12 2 28.500000
27 12 2 16.500000
246 1
15 11 10 30.000000
247 1
30 7 13 35.000000
248 2
34 7 8 33.500000
35 7 11 2.500000
249 2
5 7 5 27.500000
6 7 5 4.500000
250 1
13 12 10 34.000000
251 1
8 7 6 32.000000
252 1
2 12 5 38.000000
253 1
3 7 6 32.000000
254 1
4 5 8 31.000000
255 1
23 15 9 31.000000
256 1
9 11 8 30.000000
257 1
18 8 8 51.000000
258 1
22 10 7 66.000000
259 1
19 9 9 35.000000
260 2
19 12 6 15.000000
20 12 6 12.500000
261 2
6 12 7 18.500000
7 12 7 17.500000
262 1
9 11 6 55.000000
263 1
6 6 7 30.000000
264 2
26 12 12 22.000000
27 12 12 32.000000
265 1
12 13 4 49.000000
266 3
30 12 7 20.000000
31 12 7 18.500000
32 12 5 5.500000
267 1
29 11 8 33.000000
268 1
13 7 6 36.000000
269 3
17 12 7 19.500000
18 12 7 4.000000
19 12 7 25.500000
270 2
18 13 8 14.500000
19 13 10 20.500000
271 2
25 14 9 34.500000
26 14 11 24.500000
272 1
12 12 10 51.000000
273 2
30 12 10 58.000000
31 12 10 94.000000
274 1
8 15 7 30.000000
275 2
21 12 7 18.500000
22 12 6 16.500000
276 1
9 14 5 38.000000
277 1
4 6 6 36.000000
278 1
18 12 7 33.000000
279 1
16 7 6 31.000000
280 1
16 9 10 38.000000
281 1
9 2 7 34.000000
282 2
32 12 9 29.500000
33 12 9 0.500000
283 1
30 10 11 31.000000
284 2
27 8 6 26.500000
28 8 8 8.500000
285 2
29 12 6 34.000000
30 12 6 7.000000
286 1
26 11 9 31.000000
287 1
29 12 6 44.000000
288 2
29 7 3 51.500000
30 7 3 12.500000
289 1
27 14 11 68.000000
290 2
29 3 6 115.000000
30 3 6 10.000000
291 2
17 15 5 26.000000
18 15 5 6.000000
292 1
14 8 7 45.000000
293 1
14 6 6 56.000000
294 1
35 11 8 36.000000
295 3
11 12 11 20.000000
12 12 11 20.000000
13 12 11 1.000000
296 1
37 12 4 53.000000
297 1
4 12 5 34.000000
298 1
13 6 7 42.000000
299 1
33 9 6 40.000000
300 1
9 14 10 32.000000
