1 1
16 17 16 60.000000
2 1
3 8 22 72.000000
3 1
6 9 12 70.000000
4 1
2 1 24 61.000000
5 1
1 27 10 68.000000
6 2
2 7 23 92.000000
3 7 22 8.000000
7 1
14 20 12 86.000000
8 2
15 9 16 57.000000
16 9 16 60.000000
9 1
7 10 15 66.000000
10 2
17 10 9 46.000000
18 10 9 40.000000
11 2
11 8 12 46.500000
12 8 12 17.500000
12 2
10 6 8 58.000000
11 6 8 6.000000
13 3
5 17 17 1.500000
6 17 17 57.000000
7 17 17 10.500000
14 1
0 13 15 65.000000
15 2
18 11 10 74.000000
20 10 10 22.000000
16 1
1 4 22 82.000000
17 1
1 12 19 67.000000
18 2
8 3 18 36.500000
9 3 18 52.500000
19 2
22 8 17 47.500000
23 8 17 16.500000
20 2
12 24 12 67.000000
13 24 12 64.000000
21 2
11 16 15 60.000000
12 16 15 48.000000
22 3
8 16 10 6.500000
9 16 10 45.000000
10 16 10 15.500000
23 1
10 12 12 60.000000
24 1
23 8 12 61.000000
25 4
11 14 11 87.000000
12 14 11 79.000000
13 14 10 124.000000
14 14 10 10.000000
26 1
11 13 18 68.000000
27 1
26 14 18 67.000000
28 3
21 16 10 45.000000
22 16 10 22.500000
23 15 9 21.500000
29 1
22 9 14 70.000000
30 1
17 14 14 61.000000
31 1
8 9 20 115.000000
32 1
10 18 18 61.000000
33 2
19 8 8 41.000000
20 8 8 61.000000
34 3
21 8 14 45.000000
22 8 14 22.500000
23 8 16 19.500000
35 3
9 23 7 93.500000
10 23 7 187.000000
11 23 7 19.500000
36 1
12 9 5 60.000000
37 1
1 22 9 68.000000
38 3
7 7 13 34.500000
8 7 13 69.000000
9 7 13 62.500000
39 3
0 27 2 1.000000
1 27 2 1.000000
2 27 3 58.500000
40 2
15 17 15 59.500000
16 17 16 2.500000
41 1
7 9 17 62.000000
42 1
1 18 18 83.000000
43 3
6 8 5 42.000000
7 8 5 42.000000
8 8 5 21.000000
44 1
2 3 17 88.000000
45 1
6 21 14 67.000000
46 1
8 9 16 62.000000
47 1
13 16 15 61.000000
48 2
7 11 17 44.000000
8 11 17 37.000000
49 1
20 18 18 62.000000
50 1
5 9 24 67.000000
51 1
0 14 3 71.000000
52 1
6 19 25 72.000000
53 1
14 13 8 62.000000
54 1
22 12 9 77.000000
55 1
2 5 17 67.000000
56 1
29 13 19 65.000000
57 1
5 6 21 62.000000
58 2
18 15 18 53.000000
19 15 18 56.000000
59 3
0 22 4 40.500000
2 22 3 23.500000
3 22 3 11.000000
60 1
2 15 8 67.000000
61 2
10 16 19 53.500000
11 16 19 34.500000
62 2
1 7 16 67.000000
2 7 16 16.000000
63 1
7 9 26 61.000000
64 2
19 10 16 47.000000
20 10 16 15.000000
65 1
7 7 14 95.000000
66 1
7 15 9 65.000000
67 2
1 23 12 63.000000
2 23 12 36.000000
68 1
12 15 9 63.000000
69 1
0 15 16 60.000000
70 1
16 21 10 76.000000
71 2
3 17 22 60.500000
4 17 22 36.500000
72 2
1 10 16 51.000000
2 10 16 22.000000
73 6
6 8 11 58.000000
7 8 11 10.000000
8 8 10 1.000000
9 8 10 1.000000
10 8 10 1.000000
11 8 10 0.500000
74 2
8 6 17 81.000000
9 6 17 10.000000
75 1
20 13 9 82.000000
76 2
2 10 17 74.000000
3 10 17 26.000000
77 1
5 9 22 81.000000
78 2
3 10 24 28.500000
4 10 24 55.500000
79 2
22 21 15 14.500000
23 21 15 51.500000
80 3
3 10 18 15.000000
4 10 18 50.000000
5 10 18 6.000000
81 1
12 11 26 62.000000
82 3
7 15 15 81.000000
8 15 15 162.000000
9 15 15 4.000000
83 1
26 9 16 66.000000
84 1
2 11 18 94.000000
85 2
12 16 15 42.000000
13 16 15 19.000000
86 1
22 10 17 71.000000
87 1
9 16 11 65.000000
88 2
1 11 16 22.500000
2 11 16 66.500000
89 2
10 17 15 59.500000
11 17 15 18.500000
90 1
1 6 22 88.000000
91 4
19 15 10 40.000000
20 15 10 40.000000
21 15 10 20.000000
22 15 9 33.000000
92 1
9 12 2 61.000000
93 2
12 16 18 80.000000
13 16 18 13.000000
94 1
2 6 20 111.000000
95 2
2 10 24 36.500000
3 10 24 44.500000
96 2
1 27 3 25.500000
2 27 3 62.500000
97 1
4 8 18 69.000000
98 6
4 8 20 55.000000
5 8 20 26.000000
6 9 19 1.000000
7 9 19 1.000000
8 9 19 1.000000
9 9 19 0.500000
99 4
13 17 18 1.000000
14 17 18 1.000000
15 17 18 1.000000
16 14 18 60.500000
100 6
12 16 9 1.000000
13 16 9 1.000000
14 16 9 1.000000
15 16 9 1.000000
16 16 9 0.500000
17 15 8 76.500000
101 1
4 14 19 60.000000
102 2
12 6 17 40.500000
13 7 17 24.500000
103 1
5 7 22 77.000000
104 1
1 27 3 87.000000
105 2
2 25 10 54.000000
3 25 10 11.000000
106 1
1 11 23 75.000000
107 1
0 4 17 68.000000
108 1
10 23 13 65.000000
109 1
2 7 17 67.000000
110 3
2 7 18 26.500000
3 7 18 53.000000
4 7 18 21.500000
111 2
1 18 17 79.500000
2 18 17 35.500000
112 2
7 10 9 46.000000
8 10 9 17.000000
113 2
2 16 23 23.000000
3 16 23 37.000000
114 1
5 11 16 69.000000
115 1
7 10 19 63.000000
116 1
3 6 24 121.000000
117 2
5 6 18 74.000000
6 6 18 16.000000
118 1
24 14 10 81.000000
119 1
0 10 15 61.000000
120 1
2 9 15 68.000000
121 1
8 18 20 75.000000
122 1
0 27 10 74.000000
123 2
5 10 20 66.000000
6 10 20 2.000000
124 2
6 7 20 67.000000
7 7 20 1.000000
125 1
6 21 12 61.000000
126 1
12 18 9 61.000000
127 1
4 22 8 70.000000
128 1
4 14 6 63.000000
129 2
13 17 11 82.000000
14 17 11 20.000000
130 2
17 19 1 90.000000
18 19 1 35.000000
131 1
8 19 11 61.000000
132 2
24 14 19 60.000000
25 14 19 15.000000
133 2
10 17 13 62.000000
11 17 13 39.000000
134 2
1 10 21 61.000000
2 10 21 13.000000
135 2
9 10 21 35.000000
10 10 21 33.000000
136 4
5 11 14 20.000000
6 11 14 40.000000
7 11 14 40.000000
8 11 14 15.000000
137 3
0 9 21 39.500000
1 9 21 79.000000
2 9 21 25.500000
138 2
0 8 23 22.000000
1 7 23 43.000000
139 2
10 13 15 164.000000
11 13 15 88.000000
140 1
9 14 3 72.000000
141 2
2 24 11 71.500000
3 24 11 2.500000
142 1
5 24 8 66.000000
143 1
25 20 10 82.000000
144 1
9 17 19 64.000000
145 7
0 3 26 1.000000
1 3 26 1.000000
2 3 26 1.000000
3 3 26 1.000000
4 3 26 0.500000
5 4 27 68.500000
6 4 27 20.000000
146 1
0 25 6 73.000000
147 1
10 11 12 64.000000
148 1
9 9 20 66.000000
149 1
10 11 12 79.000000
150 1
3 13 18 68.000000
151 1
9 13 9 60.000000
152 2
17 17 7 37.500000
18 17 7 23.500000
153 2
3 11 19 51.000000
4 11 19 11.000000
154 2
6 23 8 37.500000
7 23 8 55.500000
155 1
17 19 11 63.000000
156 2
7 26 12 27.500000
8 26 13 48.500000
157 2
1 22 9 70.000000
2 22 9 51.000000
158 2
25 12 11 35.500000
26 12 11 53.500000
159 1
6 17 11 76.000000
160 2
14 13 11 39.500000
15 13 11 45.500000
161 2
5 8 23 22.000000
6 8 23 40.000000
162 2
1 20 21 35.000000
2 20 21 52.000000
163 2
23 10 16 94.000000
24 10 16 19.000000
164 1
19 11 17 77.000000
165 2
14 14 19 60.000000
15 14 19 2.000000
166 1
27 10 15 63.000000
167 1
20 10 15 64.000000
168 1
1 9 20 81.000000
169 6
17 21 13 66.000000
18 21 13 66.000000
19 21 13 33.000000
20 21 15 26.500000
21 21 15 53.000000
22 21 15 38.500000
170 2
2 11 18 6.000000
3 11 18 55.000000
171 1
2 12 9 77.000000
172 1
21 22 7 77.000000
173 3
15 14 12 30.000000
16 14 12 78.000000
17 14 12 33.000000
174 1
17 12 12 91.000000
175 2
11 16 19 72.500000
12 16 19 1.500000
176 2
2 2 18 54.000000
3 2 18 51.000000
177 2
13 14 2 38.500000
14 14 2 41.500000
178 2
0 8 21 46.000000
1 8 21 16.000000
179 2
18 10 11 35.500000
19 10 11 28.500000
180 1
3 12 22 60.000000
181 2
5 17 10 47.500000
6 17 10 36.500000
182 1
1 25 26 81.000000
183 1
3 11 16 66.000000
184 2
0 8 20 27.500000
1 8 20 35.500000
185 2
16 14 17 58.000000
17 14 17 22.000000
186 2
12 19 10 31.000000
13 19 10 43.000000
187 1
19 15 15 75.000000
188 1
0 12 23 61.000000
189 1
6 14 21 61.000000
190 1
1 11 17 60.000000
191 1
0 2 17 60.000000
192 1
13 8 18 87.000000
193 2
1 8 22 29.500000
2 8 22 33.500000
194 1
8 13 5 74.000000
195 1
0 21 5 61.000000
196 2
11 18 17 7.500000
12 18 17 59.500000
197 1
6 6 23 65.000000
198 1
20 12 15 76.000000
199 3
8 18 13 24.000000
9 18 13 170.000000
10 18 13 106.000000
200 2
0 10 21 70.000000
1 10 21 9.000000
201 1
26 10 17 61.000000
202 2
16 12 9 65.000000
17 11 9 43.000000
203 1
27 15 11 61.000000
204 6
11 17 13 23.000000
12 17 13 62.000000
13 17 13 62.000000
14 17 13 31.000000
15 17 12 121.000000
16 17 12 1.000000
205 2
19 13 7 57.500000
20 12 7 5.500000
206 3
1 11 17 28.000000
2 11 17 44.000000
3 11 18 8.000000
207 1
6 14 12 61.000000
208 2
23 19 16 54.500000
24 19 17 8.500000
209 1
6 8 11 60.000000
210 2
2 14 21 57.000000
3 14 21 14.000000
211 2
19 16 12 47.500000
20 16 12 27.500000
212 1
18 19 14 81.000000
213 1
1 3 25 71.000000
214 1
8 22 7 69.000000
215 4
8 15 7 60.000000
9 15 7 60.000000
10 15 7 30.000000
11 15 8 145.000000
216 1
29 11 17 73.000000
217 2
7 14 8 71.000000
8 14 8 47.000000
218 1
14 17 11 65.000000
219 1
24 14 21 65.000000
220 1
0 6 18 62.000000
221 1
23 17 16 61.000000
222 1
0 3 19 66.000000
223 2
10 12 14 31.500000
11 12 14 46.500000
224 2
32 10 18 50.000000
33 10 18 50.000000
225 2
23 13 12 55.500000
24 14 12 20.500000
226 1
19 19 12 85.000000
227 2
2 10 16 72.000000
3 10 16 31.000000
228 4
4 13 16 122.000000
5 13 16 61.000000
6 13 18 87.000000
7 13 19 23.000000
229 1
28 20 9 81.000000
230 1
3 19 19 61.000000
231 1
20 18 13 67.000000
232 1
12 7 15 77.000000
233 2
6 13 14 56.500000
7 13 13 26.500000
234 2
0 13 23 57.000000
1 13 22 6.000000
235 1
26 17 10 64.000000
236 2
0 17 15 59.500000
1 17 15 3.500000
237 1
11 14 11 71.000000
238 2
4 2 23 59.000000
5 2 23 15.000000
239 2
30 9 15 55.500000
31 9 15 26.500000
240 1
11 18 17 72.000000
241 1
17 18 6 82.000000
242 2
8 9 10 81.000000
9 9 10 27.000000
243 1
5 7 16 68.000000
244 5
4 15 22 90.000000
6 15 23 1.000000
7 15 23 1.000000
8 15 23 1.000000
9 15 23 0.500000
245 1
5 5 15 86.000000
246 2
5 13 11 79.000000
6 13 11 8.000000
247 2
2 17 7 37.500000
3 16 8 24.500000
248 1
0 6 16 72.000000
249 1
28 20 8 95.000000
250 3
2 12 24 15.500000
3 12 24 159.000000
4 12 24 104.500000
251 2
28 9 17 68.500000
29 9 18 39.500000
252 2
0 7 15 18.000000
1 7 15 53.000000
253 1
1 8 19 62.000000
254 1
7 14 19 60.000000
255 1
12 15 17 71.000000
256 2
8 16 8 51.000000
9 18 9 12.000000
257 4
0 10 18 25.000000
1 10 18 50.000000
2 10 18 50.000000
3 10 18 35.000000
258 1
15 12 12 72.000000
259 2
9 7 11 84.500000
10 7 11 34.500000
260 2
30 10 18 25.000000
31 10 18 36.000000
261 1
11 5 16 65.000000
262 1
11 23 15 70.000000
263 2
24 7 8 57.000000
25 7 8 6.000000
264 2
15 17 10 47.500000
16 17 10 13.500000
265 1
12 18 17 84.000000
266 1
7 26 7 88.000000
267 1
1 12 19 64.000000
268 1
13 15 9 61.000000
269 1
14 16 22 64.000000
270 1
20 9 13 64.000000
271 1
2 15 22 88.000000
272 1
3 1 8 80.000000
273 2
3 10 20 66.000000
4 10 20 2.000000
274 2
16 9 16 54.000000
17 9 16 14.000000
275 1
0 7 15 65.000000
276 2
0 7 25 81.000000
1 7 25 16.000000
277 1
1 11 16 64.000000
278 1
5 12 24 78.000000
279 2
3 9 17 6.500000
4 9 17 72.500000
280 3
10 15 10 40.000000
11 15 10 20.000000
12 15 9 6.000000
281 4
12 15 12 32.500000
13 15 12 65.000000
14 15 12 65.000000
15 15 12 8.500000
282 1
25 15 14 63.000000
283 2
11 17 21 56.500000
12 17 21 11.500000
284 2
31 8 16 32.000000
32 8 16 33.000000
285 1
6 7 14 75.000000
286 1
19 6 17 62.000000
287 2
9 13 15 85.000000
10 13 15 6.000000
288 1
17 17 11 67.000000
289 2
13 21 16 26.500000
14 21 16 37.500000
290 3
19 17 13 31.000000
20 17 13 62.000000
21 17 13 24.000000
291 1
0 7 21 65.000000
292 2
5 9 16 57.000000
6 9 16 14.000000
293 1
14 12 15 60.000000
294 1
1 13 18 87.000000
295 1
8 18 13 61.000000
296 2
17 15 16 53.500000
18 15 16 7.500000
297 2
2 8 18 63.000000
3 8 18 11.000000
298 1
27 14 13 63.000000
299 1
5 15 19 132.000000
300 2
17 19 13 33.500000
18 18 13 42.500000
301 1
2 12 24 64.000000
302 1
1 4 14 73.000000
303 1
15 11 16 70.000000
304 2
0 10 16 27.000000
1 10 16 43.000000
305 1
0 10 16 67.000000
306 1
12 8 22 68.000000
307 2
9 11 15 26.500000
10 11 15 37.500000
308 6
14 8 15 0.500000
15 9 15 55.000000
16 8 15 1.000000
17 8 15 1.000000
18 8 15 1.000000
19 8 15 0.500000
309 2
6 21 7 45.000000
7 21 7 23.000000
310 2
4 17 17 28.500000
5 17 17 55.500000
311 1
23 10 17 118.000000
312 7
14 15 23 0.500000
15 15 22 61.500000
16 15 23 1.000000
17 15 23 1.000000
18 15 23 1.000000
19 15 23 0.500000
20 15 22 9.500000
313 2
2 8 16 34.000000
3 8 16 28.000000
314 1
25 18 10 62.000000
315 2
19 15 13 64.000000
20 15 13 44.000000
316 1
3 10 23 89.000000
317 2
27 14 17 29.000000
28 14 18 40.000000
318 1
6 16 16 74.000000
319 1
0 1 20 61.000000
320 1
1 11 8 74.000000
321 1
14 12 9 108.000000
322 2
17 9 13 85.500000
18 9 13 11.500000
323 2
15 6 15 44.000000
16 6 15 56.000000
324 1
8 7 10 107.000000
325 2
31 8 18 44.000000
32 8 18 24.000000
326 3
0 27 7 58.000000
1 27 7 136.000000
2 27 7 93.000000
327 1
0 23 7 94.000000
328 1
14 18 15 61.000000
329 2
15 16 11 34.500000
16 16 11 27.500000
330 2
16 19 10 62.000000
17 19 10 25.000000
331 2
18 11 9 71.500000
20 12 8 20.500000
332 2
13 11 15 53.000000
14 11 15 12.000000
333 2
21 8 18 44.000000
22 8 18 38.000000
334 1
9 16 3 61.000000
335 1
8 21 12 85.000000
336 2
3 11 13 61.000000
4 11 13 24.000000
337 1
0 9 18 67.000000
338 1
10 12 10 69.000000
339 2
0 12 23 81.000000
1 12 23 2.000000
340 1
2 9 14 65.000000
341 1
25 11 18 97.000000
342 1
6 15 4 67.000000
343 1
14 12 17 63.000000
344 1
13 13 15 68.000000
345 2
1 12 26 43.500000
2 12 26 43.500000
346 1
15 18 14 68.000000
347 3
1 2 19 1.000000
2 2 20 87.500000
3 2 20 15.000000
348 2
6 9 20 96.000000
7 9 20 11.000000
349 1
0 23 9 71.000000
350 2
0 14 22 39.500000
1 15 22 33.500000
351 2
1 8 18 44.000000
2 8 18 25.000000
352 1
21 7 17 122.000000
353 1
2 11 23 67.000000
354 1
6 17 20 63.000000
355 1
10 20 6 78.000000
356 2
0 27 3 61.500000
1 27 3 10.500000
357 3
14 11 15 14.500000
15 10 15 75.000000
16 10 15 2.500000
358 1
1 7 17 71.000000
359 1
0 1 7 79.000000
360 1
11 13 20 63.000000
361 1
8 16 14 81.000000
362 1
0 27 4 73.000000
363 1
8 18 18 66.000000
364 2
2 11 15 53.000000
3 11 15 14.000000
365 1
14 18 14 62.000000
366 3
25 16 9 1.000000
26 16 9 0.500000
27 18 9 62.500000
367 1
0 12 19 101.000000
368 2
1 8 16 32.000000
2 8 16 30.000000
369 2
14 13 8 22.000000
15 13 8 75.000000
370 1
6 20 8 67.000000
371 1
6 11 21 99.000000
372 1
8 19 3 63.000000
373 1
21 10 16 84.000000
374 2
25 9 15 55.500000
26 9 16 6.500000
375 2
2 11 16 106.500000
3 11 16 18.500000
376 2
10 16 15 45.000000
11 16 15 30.000000
377 2
22 14 17 29.000000
23 14 17 55.000000
378 5
12 10 13 71.000000
13 10 13 35.500000
14 10 12 1.000000
15 10 12 1.000000
16 10 12 0.500000
379 1
11 6 12 63.000000
380 3
5 25 14 31.500000
6 25 14 63.000000
7 25 14 28.500000
381 2
6 21 8 24.500000
7 21 8 38.500000
382 2
11 14 10 62.000000
12 14 10 16.000000
383 1
5 6 25 88.000000
384 1
3 13 15 77.000000
385 4
23 21 15 1.500000
24 21 15 53.000000
25 21 15 26.500000
26 21 14 4.000000
386 1
3 17 15 73.000000
387 1
28 22 10 63.000000
388 1
1 16 19 72.000000
389 2
7 16 10 22.500000
8 16 10 38.500000
390 1
29 13 19 66.000000
391 1
11 18 13 65.000000
392 1
3 15 22 80.000000
393 1
3 12 19 95.000000
394 2
1 24 14 43.500000
2 24 14 64.500000
395 2
0 9 16 57.000000
1 9 15 21.000000
396 2
2 9 15 43.000000
3 9 15 61.000000
397 1
10 8 21 70.000000
398 2
18 21 10 61.000000
19 22 10 3.000000
399 1
1 24 1 83.000000
400 1
15 17 16 61.000000
401 1
27 9 18 73.000000
402 2
15 16 14 58.500000
16 16 14 47.500000
403 2
1 16 15 90.000000
2 16 15 49.000000
404 6
1 26 2 1.000000
2 26 2 1.000000
3 26 2 1.000000
4 26 2 1.000000
5 26 1 81.000000
6 26 1 61.500000
405 1
13 18 15 63.000000
406 2
0 13 16 61.000000
1 13 16 4.000000
407 1
20 10 16 61.000000
408 6
15 19 20 0.500000
16 19 19 65.000000
17 19 20 1.000000
18 19 20 1.000000
19 19 20 1.000000
20 19 20 0.500000
409 1
0 6 17 62.000000
410 1
1 7 25 61.000000
411 1
3 26 3 78.000000
412 2
2 16 22 53.500000
3 16 22 12.500000
413 2
7 4 15 32.000000
8 4 15 40.000000
414 2
4 12 24 54.500000
5 12 24 17.500000
415 2
15 20 15 52.000000
16 20 14 13.000000
416 1
1 8 22 60.000000
417 1
3 14 21 75.000000
418 3
4 5 19 93.000000
5 5 20 0.500000
6 5 21 49.500000
419 1
0 27 7 78.000000
420 1
19 19 14 79.000000
421 2
2 8 17 47.500000
3 8 17 34.500000
422 1
9 11 12 75.000000
423 1
14 15 17 74.000000
424 2
16 17 17 57.000000
17 17 17 25.000000
425 1
6 7 21 72.000000
426 1
17 4 18 72.000000
427 1
1 12 16 64.000000
428 1
0 5 22 88.000000
429 1
9 11 17 78.000000
430 6
5 22 5 0.500000
6 22 5 1.000000
7 22 5 1.000000
8 22 5 1.000000
9 22 6 85.500000
10 22 6 15.500000
431 1
4 8 22 64.000000
432 2
13 19 13 67.000000
14 19 13 15.000000
433 2
7 3 16 77.500000
8 4 15 14.500000
434 2
14 14 9 48.000000
15 14 9 24.000000
435 1
12 11 12 60.000000
436 1
3 9 17 62.000000
437 1
6 11 19 68.000000
438 1
16 11 16 77.000000
439 1
26 10 15 76.000000
440 2
8 9 9 34.000000
9 9 9 28.000000
441 1
12 13 12 61.000000
442 2
14 14 12 39.000000
15 14 12 48.000000
443 2
15 5 15 99.000000
16 5 15 62.000000
444 1
15 25 16 70.000000
445 1
10 15 21 60.000000
446 1
17 26 10 61.000000
447 2
1 7 17 77.000000
2 7 17 4.000000
448 2
2 5 24 68.000000
3 6 24 3.000000
449 1
0 8 19 65.000000
450 1
13 9 15 83.000000
451 1
8 15 16 60.000000
452 2
1 16 19 35.000000
2 16 19 37.000000
453 1
23 22 9 62.000000
454 2
31 8 13 58.500000
32 8 13 28.500000
455 1
21 12 15 61.000000
456 2
15 15 12 56.500000
16 15 12 17.500000
457 1
0 8 21 61.000000
458 1
17 14 8 65.000000
459 2
1 23 11 61.500000
2 23 11 54.500000
460 1
4 8 25 147.000000
461 2
0 6 18 12.000000
1 5 18 75.000000
462 2
1 4 20 51.000000
2 4 20 27.000000
463 1
8 9 17 63.000000
464 1
6 18 6 83.000000
465 1
13 14 15 67.000000
466 1
0 22 10 74.000000
467 2
11 23 11 61.500000
12 23 11 5.500000
468 2
11 7 12 45.500000
12 7 12 50.500000
469 1
12 17 16 61.000000
470 1
20 19 16 73.000000
471 3
6 17 8 21.000000
7 17 8 42.000000
8 17 8 28.000000
472 2
2 17 16 61.500000
3 17 16 26.500000
473 1
19 21 14 64.000000
474 2
15 12 10 83.000000
16 12 10 17.000000
475 1
17 9 24 106.000000
476 1
1 13 22 63.000000
477 1
1 11 21 63.000000
478 1
1 3 18 60.000000
479 1
5 11 19 72.000000
480 2
4 11 22 45.500000
5 11 22 77.500000
481 2
22 19 17 67.500000
23 19 17 21.500000
482 3
5 16 14 58.500000
6 16 14 117.000000
7 16 14 101.500000
483 2
2 9 21 53.500000
3 9 21 6.500000
484 1
6 21 0 61.000000
485 2
3 5 23 43.000000
4 5 23 22.000000
486 2
16 21 8 24.500000
17 21 8 42.500000
487 6
0 5 13 56.500000
1 5 14 1.000000
2 5 14 1.000000
3 5 14 1.000000
4 5 14 1.000000
5 5 13 17.000000
488 2
1 14 7 72.000000
2 12 8 12.000000
489 1
12 4 14 67.000000
490 1
2 22 3 64.000000
491 1
15 18 10 67.000000
492 2
4 10 19 44.000000
5 10 19 34.000000
493 1
11 10 13 61.000000
494 1
7 6 16 89.000000
495 1
6 16 5 82.000000
496 2
6 26 8 47.000000
7 26 8 17.000000
497 1
9 9 18 67.000000
498 1
12 15 8 63.000000
499 1
21 20 11 61.000000
500 2
4 11 12 81.000000
5 12 12 2.000000
