1 2
203 12 5 50.000000
204 12 5 8.000000
2 1
145 7 9 41.000000
3 1
27 16 12 57.000000
4 2
54 8 7 0.500000
55 7 7 27.000000
5 1
150 12 13 44.000000
6 1
28 7 1 32.000000
7 1
138 6 10 32.000000
8 3
203 9 12 32.000000
204 9 12 64.000000
205 9 12 38.000000
9 1
181 15 10 43.000000
10 1
17 15 13 38.000000
11 1
36 6 9 37.000000
12 1
3 23 10 40.000000
13 1
1 15 8 35.000000
14 1
179 13 13 55.000000
15 1
163 19 4 58.000000
16 1
49 18 3 35.000000
17 2
185 7 9 52.000000
186 7 9 95.000000
18 1
38 14 12 36.000000
19 1
27 7 12 49.000000
20 1
4 18 10 34.000000
21 2
200 12 18 31.500000
201 12 18 8.500000
22 1
45 7 8 43.000000
23 1
32 21 11 37.000000
24 2
68 9 9 35.000000
69 8 9 5.000000
25 1
28 19 11 36.000000
26 2
34 8 6 25.000000
35 8 6 12.000000
27 1
5 19 9 33.000000
28 7
80 22 17 0.500000
81 22 17 1.000000
82 22 17 1.000000
83 22 17 1.000000
84 22 17 1.000000
85 22 17 0.500000
87 25 17 29.000000
29 2
200 22 13 68.000000
201 22 13 64.000000
30 1
186 20 15 38.000000
31 5
201 13 11 41.000000
202 13 11 41.000000
203 13 11 41.000000
204 13 11 20.500000
206 16 11 35.500000
32 1
39 5 6 48.000000
33 1
162 20 7 42.000000
34 1
188 17 11 41.000000
35 1
18 24 6 36.000000
36 1
62 11 17 31.000000
37 2
15 21 12 92.000000
16 21 12 43.000000
38 1
57 15 10 40.000000
39 1
151 15 9 55.000000
40 1
186 18 14 76.000000
41 1
33 11 4 32.000000
42 1
148 9 18 44.000000
43 1
50 16 1 33.000000
44 2
42 21 7 143.000000
43 21 7 53.000000
45 1
34 18 16 52.000000
46 2
6 16 15 68.500000
7 16 15 60.500000
47 2
55 7 14 60.500000
56 7 14 11.500000
48 2
201 21 6 32.500000
202 21 6 0.500000
49 1
190 6 8 37.000000
50 1
164 9 13 36.000000
51 1
47 15 15 40.000000
52 2
6 16 17 34.000000
7 16 17 13.000000
53 2
41 21 15 57.500000
42 21 15 21.500000
54 1
138 24 13 36.000000
55 1
53 9 18 36.000000
56 2
160 12 13 95.500000
161 12 13 32.500000
57 1
143 21 10 31.000000
58 1
59 14 13 43.000000
59 1
7 15 13 32.000000
60 1
10 12 14 70.000000
61 1
54 8 9 53.000000
62 2
44 8 13 95.500000
45 8 13 20.500000
63 1
138 15 14 76.000000
64 2
37 25 5 38.500000
38 25 5 3.500000
65 1
23 12 16 36.000000
66 1
201 15 12 41.000000
67 1
43 21 12 51.000000
68 2
33 9 12 32.000000
34 9 12 1.000000
69 1
200 17 13 34.000000
70 1
14 18 12 47.000000
71 1
27 9 10 77.000000
72 1
191 21 10 86.000000
73 1
54 18 14 36.000000
74 2
200 12 16 22.500000
201 12 16 27.500000
75 2
68 14 13 42.000000
69 14 13 38.000000
76 1
52 10 9 37.000000
77 1
56 16 3 47.000000
78 2
17 16 8 72.000000
18 16 8 9.000000
79 2
48 14 19 21.000000
49 14 19 29.000000
80 1
21 6 7 37.000000
81 3
59 18 14 56.000000
62 20 14 43.500000
63 20 14 82.500000
82 1
11 21 10 50.000000
83 1
9 16 15 42.000000
84 1
140 15 14 33.000000
85 1
77 15 13 32.000000
86 1
33 19 12 35.000000
87 1
37 8 15 36.000000
88 2
56 6 10 28.500000
57 6 10 50.500000
89 5
29 23 8 0.500000
30 23 8 1.000000
31 23 8 1.000000
32 20 8 101.000000
33 20 8 154.000000
90 1
176 17 3 46.000000
91 1
34 18 14 31.000000
92 2
18 14 6 60.500000
19 14 6 33.500000
93 5
177 15 5 31.000000
178 15 5 62.000000
179 15 5 62.000000
180 15 5 62.000000
181 15 5 2.000000
94 1
49 13 15 32.000000
95 1
15 20 11 49.000000
96 1
197 20 4 33.000000
97 1
39 15 13 35.000000
98 3
13 14 11 20.500000
14 13 11 20.500000
15 12 11 80.000000
99 1
53 19 5 35.000000
100 1
187 15 16 36.000000
101 3
50 22 4 25.000000
51 22 4 50.000000
52 22 4 11.000000
102 1
15 17 12 68.000000
103 1
156 17 7 39.000000
104 1
54 18 13 35.000000
105 2
24 8 10 33.500000
25 8 10 13.500000
106 2
51 22 11 75.000000
52 22 11 55.000000
107 2
65 22 8 40.500000
66 21 8 64.500000
108 1
201 15 10 32.000000
109 1
35 18 12 55.000000
110 1
133 19 13 38.000000
111 2
62 14 18 72.000000
63 14 18 5.000000
112 1
14 18 13 38.000000
113 4
172 10 14 0.500000
173 10 14 1.000000
174 10 14 1.000000
175 7 14 29.500000
114 1
48 14 13 36.000000
115 1
42 20 7 44.000000
116 1
159 13 14 32.000000
117 1
22 20 13 33.000000
118 1
207 15 10 30.000000
119 2
208 14 13 42.000000
209 14 13 4.000000
120 3
0 25 7 1.000000
1 25 7 1.000000
2 23 7 36.000000
121 1
62 12 11 31.000000
122 1
66 18 5 42.000000
123 2
13 14 9 0.500000
16 16 9 37.500000
124 1
23 9 5 36.000000
125 1
2 25 12 48.000000
126 1
30 16 4 35.000000
127 1
10 14 15 42.000000
128 2
48 14 3 29.500000
49 14 3 3.500000
129 1
41 13 10 32.000000
130 1
41 11 13 34.000000
131 1
67 7 2 38.000000
132 1
198 14 10 33.000000
133 1
60 23 5 30.000000
134 1
59 15 15 74.000000
135 2
167 15 9 16.500000
168 15 9 23.500000
136 1
165 7 12 44.000000
137 1
183 19 12 79.000000
138 1
49 13 9 30.000000
139 1
190 12 11 38.000000
140 1
58 15 13 30.000000
141 1
42 11 11 58.000000
142 1
178 15 13 32.000000
143 1
61 6 12 45.000000
144 1
41 14 17 53.000000
145 1
139 13 10 39.000000
146 1
51 16 3 38.000000
147 3
159 23 18 0.500000
160 23 18 1.000000
161 21 18 43.000000
148 1
39 6 19 39.000000
149 1
27 17 11 45.000000
150 3
67 19 12 164.000000
68 19 12 82.000000
69 18 12 14.000000
151 1
36 16 11 31.000000
152 1
67 17 9 73.000000
153 1
5 17 9 42.000000
154 1
32 11 13 32.000000
155 1
183 9 10 55.000000
156 1
58 25 4 55.000000
157 1
44 28 4 31.000000
158 2
7 17 14 135.000000
8 17 14 15.000000
159 1
56 10 12 38.000000
160 1
45 7 17 32.000000
161 1
149 13 13 70.000000
162 2
42 20 15 82.500000
43 20 15 163.500000
163 1
64 18 7 39.000000
164 6
59 13 3 0.500000
60 13 3 1.000000
61 13 3 1.000000
62 10 3 23.500000
63 10 3 47.000000
64 10 3 10.500000
165 3
62 20 13 44.000000
63 20 13 88.000000
64 20 13 30.000000
166 1
77 18 8 31.000000
167 1
67 25 17 40.000000
168 1
43 19 12 35.000000
169 1
31 16 11 32.000000
170 1
45 17 14 48.000000
171 1
56 18 11 32.000000
172 1
68 15 13 33.000000
173 1
174 23 11 37.000000
174 1
62 21 15 34.000000
175 2
66 16 8 36.000000
67 16 8 8.000000
176 1
166 16 9 32.000000
177 1
59 23 11 30.000000
178 1
146 17 8 33.000000
179 1
76 16 16 43.000000
180 1
69 18 10 45.000000
181 1
65 0 14 50.000000
182 1
45 11 14 53.000000
183 4
24 13 7 0.500000
25 12 7 45.500000
26 11 7 42.500000
27 10 7 5.500000
184 1
13 19 4 54.000000
185 1
17 10 11 30.000000
186 1
5 17 12 43.000000
187 1
65 27 15 33.000000
188 1
57 25 12 41.000000
189 1
52 10 11 33.000000
190 1
37 15 9 39.000000
191 1
44 13 15 34.000000
192 1
200 12 13 55.000000
193 1
43 13 13 43.000000
194 1
57 16 10 34.000000
195 1
162 13 13 73.000000
196 2
20 17 18 25.000000
21 16 18 35.000000
197 1
56 7 16 52.000000
198 1
36 7 17 89.000000
199 1
16 16 4 39.000000
200 1
48 6 11 46.000000
201 1
23 21 8 31.000000
202 1
30 15 14 45.000000
203 1
21 15 9 48.000000
204 3
205 17 11 27.000000
206 17 11 54.000000
207 17 11 5.000000
205 2
11 11 5 58.000000
12 11 5 2.000000
206 1
40 23 16 39.000000
207 2
168 14 11 20.500000
169 14 11 11.500000
208 2
183 19 11 47.000000
184 19 11 47.000000
209 1
42 5 13 38.000000
210 1
31 13 9 43.000000
211 1
208 18 11 85.000000
212 1
40 22 12 35.000000
213 2
64 18 2 46.500000
65 18 2 1.500000
214 1
187 7 16 69.000000
215 1
7 20 7 46.000000
216 2
13 24 7 0.500000
14 23 7 31.500000
217 1
180 16 6 30.000000
218 1
171 14 14 50.000000
219 1
197 9 15 51.000000
220 1
4 8 17 35.000000
221 4
45 22 9 42.000000
46 21 9 72.000000
47 20 9 78.000000
48 19 9 8.000000
222 1
179 14 5 50.000000
223 1
48 15 7 33.000000
224 1
42 21 15 32.000000
225 1
11 15 2 58.000000
226 1
59 15 9 30.000000
227 4
67 15 4 0.500000
68 15 4 1.000000
69 15 4 1.000000
70 12 4 29.000000
228 1
32 15 14 35.000000
229 1
68 14 10 57.000000
230 1
17 15 10 33.000000
231 1
151 21 9 51.000000
232 1
202 14 10 52.000000
233 1
49 13 12 36.000000
234 2
11 11 9 22.500000
12 11 9 42.500000
235 1
38 14 13 38.000000
236 2
157 15 9 68.500000
158 15 9 5.500000
237 2
36 10 9 84.000000
37 10 9 9.000000
238 1
39 17 11 33.000000
239 3
28 14 17 29.500000
29 14 17 59.000000
30 14 17 2.500000
240 1
170 13 17 38.000000
241 2
173 14 15 44.500000
174 13 15 2.500000
242 2
162 10 9 42.000000
163 10 9 63.000000
243 2
45 12 16 22.500000
48 14 16 16.500000
244 1
180 4 21 34.000000
245 1
27 15 15 33.000000
246 3
59 13 7 0.500000
60 12 7 45.500000
66 9 7 1.500000
247 1
50 17 13 32.000000
248 1
43 19 13 30.000000
249 2
38 14 9 0.500000
39 13 9 30.000000
250 1
19 13 12 30.000000
251 1
57 19 7 38.000000
252 1
144 28 14 38.000000
253 2
161 11 7 42.500000
162 11 7 6.500000
254 1
58 6 16 40.000000
255 2
171 11 9 22.500000
172 11 9 12.500000
256 1
20 12 12 55.000000
257 1
13 12 7 36.000000
258 1
152 11 15 66.000000
259 2
30 22 9 42.000000
31 22 9 81.000000
260 1
26 16 7 41.000000
261 2
68 14 11 20.500000
69 14 11 11.500000
262 3
194 18 7 42.500000
195 18 7 85.000000
196 18 7 24.500000
263 1
36 16 14 35.000000
264 1
57 19 10 38.000000
265 3
11 21 5 31.500000
12 21 5 63.000000
13 21 5 11.500000
266 1
28 24 8 58.000000
267 2
16 16 16 85.000000
17 16 16 54.000000
268 1
49 13 16 37.000000
269 3
6 20 4 86.000000
7 20 4 43.000000
8 19 4 6.000000
270 1
195 17 8 39.000000
271 2
15 17 13 39.500000
16 17 13 28.500000
272 1
71 21 10 32.000000
273 1
42 13 13 70.000000
274 2
26 16 10 49.500000
27 16 10 13.500000
275 1
9 18 16 47.000000
276 1
18 8 12 35.000000
277 1
46 8 15 38.000000
278 2
28 14 16 37.000000
29 14 16 4.000000
279 2
61 21 12 46.000000
62 21 12 49.000000
280 2
25 17 10 17.500000
26 17 10 21.500000
281 1
142 13 16 45.000000
282 3
67 20 16 67.000000
68 19 16 44.000000
69 18 16 11.000000
283 1
66 20 15 130.000000
284 1
44 19 1 46.000000
285 1
61 5 12 36.000000
286 1
10 25 13 30.000000
287 1
144 11 14 35.000000
288 2
24 19 10 62.000000
25 19 10 10.000000
289 1
43 9 7 30.000000
290 2
146 8 10 67.000000
147 8 10 34.000000
291 2
19 23 5 31.500000
20 23 5 37.500000
292 1
29 15 12 49.000000
293 1
25 11 13 41.000000
294 1
165 22 15 60.000000
295 2
69 13 12 51.500000
70 13 12 64.500000
296 1
215 17 14 31.000000
297 1
44 18 11 33.000000
298 5
52 10 14 0.500000
53 10 14 1.000000
54 10 14 1.000000
55 10 14 1.000000
56 7 14 32.000000
299 1
25 28 3 57.000000
300 2
174 23 8 0.500000
175 22 8 29.500000
301 1
203 19 14 42.000000
302 7
22 10 14 0.500000
23 10 14 1.000000
24 12 14 43.500000
26 10 14 1.000000
27 10 14 0.500000
28 8 14 1.000000
29 8 14 0.500000
303 1
147 17 12 64.000000
304 2
23 19 4 58.000000
24 19 4 3.000000
305 1
160 16 15 36.000000
306 1
34 10 18 39.000000
307 1
62 20 6 64.000000
308 1
69 18 15 64.000000
309 2
156 16 12 27.000000
157 16 12 30.000000
310 1
27 28 14 33.000000
311 1
24 18 9 50.000000
312 1
75 7 8 39.000000
313 1
6 9 13 42.000000
314 1
67 20 14 30.000000
315 1
7 10 11 69.000000
316 1
162 20 8 44.000000
317 1
75 9 6 49.000000
318 1
2 13 14 52.000000
319 2
36 16 11 18.500000
37 16 11 22.500000
320 1
168 14 8 42.000000
321 1
50 25 4 40.000000
322 1
47 8 12 35.000000
323 1
13 13 11 38.000000
324 2
62 14 11 41.000000
63 14 11 4.000000
325 1
69 13 12 31.000000
326 4
69 16 20 1.000000
70 16 20 1.000000
71 16 20 0.500000
72 13 20 72.500000
327 1
187 15 16 32.000000
328 1
39 17 12 42.000000
329 1
18 16 9 33.000000
330 1
156 16 12 34.000000
331 1
160 12 11 39.000000
332 2
20 12 14 115.000000
21 12 14 145.000000
333 2
35 18 13 180.000000
36 18 13 20.000000
334 1
135 8 9 35.000000
335 1
202 20 6 39.000000
336 1
201 12 11 34.000000
337 1
7 18 7 32.000000
338 1
6 27 3 35.000000
339 1
141 15 8 74.000000
340 2
32 13 11 41.000000
33 13 11 4.000000
341 1
38 4 16 30.000000
342 1
61 16 4 47.000000
343 2
63 9 9 35.000000
64 9 9 1.000000
344 2
47 15 14 72.000000
48 15 14 25.000000
345 2
176 6 6 35.000000
177 6 6 7.000000
346 1
57 15 8 36.000000
347 1
14 8 11 32.000000
348 2
173 14 9 0.500000
176 16 9 60.500000
349 1
194 11 15 50.000000
350 1
167 15 9 52.000000
351 1
20 12 10 56.000000
352 2
67 25 9 8.000000
68 25 9 52.000000
353 1
7 19 4 99.000000
354 2
74 18 12 66.500000
75 18 12 41.500000
355 1
52 5 3 37.000000
356 1
54 13 17 46.000000
357 1
65 17 17 35.000000
358 2
6 16 6 40.500000
7 16 6 0.500000
359 5
58 14 9 0.500000
59 14 9 1.000000
60 14 9 1.000000
61 11 9 22.500000
62 11 9 6.500000
360 1
36 8 8 41.000000
361 1
46 29 13 76.000000
362 2
34 18 6 21.000000
35 18 6 24.000000
363 1
49 13 13 31.000000
364 1
27 20 3 38.000000
365 1
189 18 11 48.000000
366 1
51 16 13 44.000000
367 1
13 20 14 31.000000
368 1
47 16 10 33.000000
369 1
195 20 13 32.000000
370 2
171 11 11 36.500000
172 11 11 12.500000
371 2
48 24 16 28.500000
49 24 16 7.500000
372 1
7 0 17 39.000000
373 1
31 13 9 33.000000
374 2
54 8 10 33.500000
55 8 10 5.500000
375 2
25 17 11 27.000000
26 17 11 5.000000
376 1
64 11 10 71.000000
377 1
12 20 8 69.000000
378 3
175 12 16 22.500000
178 14 16 37.000000
179 14 16 10.500000
379 1
198 14 18 34.000000
380 1
53 19 12 51.000000
381 2
49 13 13 42.500000
50 13 13 21.500000
382 1
3 9 15 44.000000
383 1
44 18 12 44.000000
384 1
54 18 9 69.000000
385 2
28 4 15 85.500000
29 4 15 47.500000
386 2
43 9 13 69.000000
44 9 13 124.000000
387 1
19 25 12 30.000000
388 1
58 15 12 32.000000
389 1
50 15 11 32.000000
390 2
171 21 17 81.500000
172 21 17 46.500000
391 2
47 8 3 1.000000
48 7 3 30.500000
392 1
20 12 11 56.000000
393 1
21 21 17 32.000000
394 2
10 22 9 42.000000
11 22 9 29.000000
395 1
41 15 14 35.000000
396 1
64 8 4 44.000000
397 2
60 16 10 99.000000
61 16 10 35.000000
398 2
9 13 18 23.000000
10 13 18 15.000000
399 1
77 17 13 38.000000
400 1
9 14 6 36.000000
401 1
10 12 6 31.000000
402 1
159 13 20 32.000000
403 1
28 9 14 47.000000
404 1
171 23 5 37.000000
405 2
145 17 8 61.500000
146 17 8 54.500000
406 1
39 13 17 37.000000
407 1
15 11 14 32.000000
408 1
11 16 15 48.000000
409 1
31 13 16 40.000000
410 1
32 12 15 48.000000
411 3
25 17 9 71.500000
26 17 9 143.000000
27 17 9 17.500000
412 1
21 11 12 31.000000
413 2
133 9 19 20.000000
134 9 19 32.000000
414 1
47 18 14 35.000000
415 1
70 16 6 39.000000
416 4
49 13 7 0.500000
50 13 7 1.000000
51 13 7 1.000000
52 10 7 38.000000
417 1
140 22 14 30.000000
418 1
187 19 11 46.000000
419 1
152 15 14 34.000000
420 1
61 14 12 49.000000
421 1
159 16 12 46.000000
422 1
29 16 6 44.000000
423 1
51 14 11 32.000000
424 3
13 24 10 34.000000
14 23 10 44.000000
15 22 10 2.000000
425 2
58 14 17 29.500000
59 14 17 57.500000
426 1
15 11 14 31.000000
427 1
57 15 9 64.000000
428 3
17 25 7 0.500000
18 25 7 1.000000
19 23 7 43.500000
429 1
51 14 10 35.000000
430 1
64 8 11 31.000000
431 1
50 6 12 31.000000
432 1
20 12 13 36.000000
433 1
39 15 13 38.000000
434 2
158 24 14 34.500000
159 24 14 6.500000
435 1
199 27 13 39.000000
436 3
35 12 9 71.500000
36 11 9 22.500000
37 10 9 3.000000
437 1
10 24 5 35.000000
438 2
60 22 11 37.500000
61 22 11 1.500000
439 2
62 20 7 49.500000
63 20 7 66.500000
440 2
71 21 6 32.500000
72 21 6 21.500000
441 1
16 6 9 42.000000
442 1
152 20 16 60.000000
443 1
25 17 10 36.000000
444 1
8 9 12 31.000000
445 2
62 20 12 54.500000
63 20 12 58.500000
446 1
66 16 14 44.000000
447 1
176 11 15 30.000000
448 1
39 15 7 38.000000
449 1
55 17 16 33.000000
450 1
67 25 9 41.000000
451 2
16 16 10 6.500000
17 16 10 39.500000
452 1
64 18 14 35.000000
453 2
19 13 8 0.500000
20 12 8 31.000000
454 1
185 21 4 39.000000
455 1
199 13 12 41.000000
456 1
26 17 11 39.000000
457 2
14 20 14 87.000000
15 20 14 2.000000
458 1
16 16 10 43.000000
459 1
144 18 12 37.000000
460 1
27 8 5 41.000000
461 1
30 17 14 58.000000
462 2
20 14 17 59.000000
21 14 17 29.000000
463 4
29 13 8 0.500000
30 13 8 1.000000
31 13 8 1.000000
32 10 8 70.000000
464 2
61 16 10 14.500000
64 18 10 28.500000
465 1
168 24 12 39.000000
466 2
38 4 16 16.000000
39 4 16 26.000000
467 1
33 13 12 31.000000
468 1
31 13 13 77.000000
469 5
49 13 11 20.500000
50 13 11 41.000000
51 13 11 41.000000
52 13 11 41.000000
53 13 11 30.500000
470 2
27 15 5 31.000000
28 15 5 8.000000
471 2
39 13 11 20.500000
40 13 11 10.500000
472 1
40 14 12 38.000000
473 2
191 11 9 22.500000
192 11 9 23.500000
474 1
74 18 9 31.000000
475 2
11 16 9 78.000000
14 18 9 72.000000
476 1
178 17 8 32.000000
477 2
39 8 14 0.500000
40 7 14 31.500000
478 2
169 13 7 0.500000
170 12 7 37.000000
479 1
172 20 10 35.000000
480 2
40 12 8 51.000000
41 12 8 17.000000
