1 2
65 4 21 1.000000
66 4 20 50.500000
2 1
157 2 15 34.000000
3 4
39 2 14 1.000000
40 2 14 1.000000
41 2 14 1.000000
42 2 11 36.500000
4 2
183 0 19 0.500000
184 0 18 33.000000
5 1
64 13 20 31.000000
6 1
153 5 9 32.000000
7 2
178 4 14 0.500000
179 4 13 33.000000
8 1
194 6 9 104.000000
9 2
20 6 12 29.000000
21 6 12 8.000000
10 4
182 6 20 0.500000
183 6 20 1.000000
184 6 20 1.000000
185 6 17 30.000000
11 1
57 6 26 34.000000
12 4
62 15 20 0.500000
63 15 20 1.000000
64 15 20 1.000000
65 15 17 23.500000
13 2
33 1 19 0.500000
34 1 18 46.000000
14 1
148 0 18 33.000000
15 1
65 19 21 33.000000
16 1
22 9 13 44.000000
17 2
57 5 15 86.500000
58 5 15 22.500000
18 4
32 20 20 0.500000
33 20 20 1.000000
34 20 18 42.500000
35 20 18 0.500000
19 1
177 7 15 35.000000
20 2
170 3 12 86.000000
171 3 12 31.000000
21 4
68 4 14 0.500000
69 4 14 1.000000
70 4 14 1.000000
71 4 11 37.000000
22 2
156 13 21 36.000000
157 13 20 22.000000
23 1
5 2 17 40.000000
24 1
62 16 20 50.000000
25 1
70 1 12 58.000000
26 1
80 12 12 41.000000
27 2
25 7 19 71.000000
26 7 19 51.000000
28 2
45 9 17 62.500000
46 9 17 29.500000
29 1
177 8 17 30.000000
30 1
65 12 18 39.000000
31 1
40 15 15 34.000000
32 1
66 10 11 35.000000
33 1
42 4 13 49.000000
34 4
156 6 16 0.500000
157 6 16 1.000000
158 6 16 1.000000
159 6 13 69.000000
35 1
54 1 18 31.000000
36 1
185 7 18 39.000000
37 1
37 7 15 32.000000
38 3
31 18 21 22.000000
32 18 21 44.000000
33 18 21 27.000000
39 1
52 6 10 34.000000
40 7
36 8 20 107.000000
37 8 20 53.500000
38 8 18 1.000000
39 8 18 0.500000
40 8 16 1.000000
41 8 16 0.500000
42 8 20 19.500000
41 1
172 2 20 35.000000
42 4
66 6 16 0.500000
67 6 16 1.000000
68 6 16 1.000000
69 6 13 37.000000
43 1
148 10 17 38.000000
44 1
164 3 18 45.000000
45 1
190 9 15 33.000000
46 1
22 0 15 38.000000
47 4
190 5 12 0.500000
191 5 12 1.000000
192 5 12 1.000000
193 5 9 30.000000
48 1
48 0 9 71.000000
49 1
52 12 20 42.000000
50 1
48 7 19 33.000000
51 1
20 16 12 30.000000
52 1
63 0 11 30.000000
53 1
41 8 15 32.000000
54 4
28 17 16 1.000000
29 17 16 1.000000
30 17 16 1.000000
31 17 13 51.500000
55 2
183 10 19 45.000000
184 10 19 48.000000
56 4
12 7 10 0.500000
13 7 10 1.000000
14 7 10 1.000000
15 7 7 27.000000
57 1
52 0 15 35.000000
58 4
191 10 12 1.000000
192 10 12 1.000000
193 10 12 1.000000
194 10 9 37.500000
59 1
50 17 12 41.000000
60 2
54 0 18 58.000000
55 0 18 38.000000
61 1
182 2 12 31.000000
62 1
54 2 22 38.000000
63 4
170 23 13 1.000000
171 23 13 1.000000
172 23 13 1.000000
173 23 10 47.500000
64 1
33 6 23 37.000000
65 2
164 0 18 58.000000
165 0 18 31.000000
66 3
192 3 20 0.500000
193 3 20 1.000000
194 3 18 26.000000
67 1
40 6 17 56.000000
68 1
180 6 12 45.000000
69 4
67 1 15 0.500000
68 1 15 1.000000
69 1 13 32.000000
70 1 13 20.000000
70 3
36 7 16 0.500000
37 7 15 4.000000
38 7 15 26.000000
71 3
73 11 9 0.500000
74 11 8 46.000000
80 11 12 16.000000
72 4
59 19 16 1.000000
60 19 16 1.000000
61 19 16 0.500000
62 19 13 32.500000
73 1
157 0 16 59.000000
74 1
187 10 9 59.000000
75 1
167 3 18 36.000000
76 1
39 4 15 36.000000
77 1
34 6 13 42.000000
78 4
171 22 11 0.500000
172 22 11 1.000000
173 22 11 1.000000
174 22 8 28.000000
79 1
53 4 19 54.000000
80 1
5 0 12 48.000000
81 4
177 16 18 1.000000
178 16 18 1.000000
179 16 18 0.500000
180 16 15 31.500000
82 1
13 3 12 51.000000
83 2
65 10 27 45.000000
66 10 27 23.000000
84 1
49 10 13 32.000000
85 1
52 10 20 49.000000
86 2
137 18 25 29.000000
138 18 25 2.000000
87 1
59 0 15 38.000000
88 1
20 1 22 37.000000
89 2
173 7 9 70.500000
174 7 9 67.500000
90 1
21 5 14 36.000000
91 1
42 0 12 32.000000
92 1
55 7 20 78.000000
93 1
62 0 15 35.000000
94 2
138 5 14 34.000000
139 5 14 20.000000
95 36
49 11 4 1.000000
50 11 4 1.000000
51 11 4 1.000000
52 11 4 1.000000
53 11 3 0.500000
54 11 3 0.500000
55 11 7 0.500000
56 11 7 1.000000
57 11 7 1.000000
58 11 4 0.500000
59 11 4 1.000000
60 11 4 1.000000
61 11 4 1.000000
62 11 4 1.000000
63 11 3 0.500000
64 11 3 0.500000
65 11 7 0.500000
66 11 7 1.000000
67 11 7 1.000000
68 11 4 0.500000
69 11 4 1.000000
70 11 4 1.000000
71 11 4 1.000000
72 11 4 1.000000
73 11 4 0.500000
74 11 3 0.500000
75 11 7 0.500000
76 11 7 1.000000
77 11 7 1.000000
78 11 4 0.500000
84 11 3 0.500000
85 11 7 0.500000
86 11 7 1.000000
87 11 7 1.000000
94 11 3 0.500000
95 11 7 0.500000
96 1
27 0 18 60.000000
97 1
33 14 23 75.000000
98 1
24 9 10 48.000000
99 1
38 0 18 56.000000
100 1
57 12 10 38.000000
101 1
148 6 4 31.000000
102 1
173 6 14 35.000000
103 1
174 0 18 34.000000
104 1
42 5 10 32.000000
105 1
162 11 21 44.000000
106 1
52 6 21 41.000000
107 1
36 7 17 38.000000
108 1
15 2 17 31.000000
109 2
25 5 17 0.500000
26 5 16 42.000000
110 1
94 6 18 32.000000
111 4
31 14 11 0.500000
32 14 11 1.000000
33 14 9 30.500000
34 14 9 22.500000
112 1
7 5 18 36.000000
113 1
153 5 14 32.000000
114 1
44 1 20 89.000000
115 1
198 6 14 36.000000
116 1
50 8 15 55.000000
117 4
176 19 16 0.500000
177 19 16 1.000000
178 19 16 1.000000
179 19 13 29.000000
118 1
167 7 5 47.000000
119 1
42 11 14 42.000000
120 1
65 0 17 57.000000
121 6
192 14 12 1.000000
193 14 12 1.000000
194 14 12 1.000000
195 14 12 0.500000
196 14 16 58.500000
197 14 16 8.000000
122 1
170 6 12 30.000000
123 1
50 7 12 39.000000
124 1
44 2 12 57.000000
125 1
84 9 12 31.000000
126 4
43 2 19 0.500000
44 2 19 1.000000
45 2 17 63.500000
46 2 17 2.500000
127 3
20 26 14 57.000000
21 26 14 57.000000
22 26 14 32.000000
128 1
41 12 11 52.000000
129 6
69 12 18 28.000000
70 12 17 82.500000
71 12 16 0.500000
72 12 15 60.000000
73 12 14 65.000000
74 12 18 24.000000
130 2
173 12 19 31.000000
174 12 19 12.000000
131 1
30 17 15 45.000000
132 3
13 15 4 29.500000
16 15 6 43.500000
17 15 6 9.000000
133 1
36 5 16 39.000000
134 1
73 13 19 35.000000
135 2
37 11 15 41.000000
38 11 15 7.000000
136 4
164 8 18 0.500000
165 8 17 24.000000
171 8 16 0.500000
172 8 20 14.500000
137 2
0 7 14 1.000000
1 7 13 39.500000
138 2
7 6 16 1.000000
8 6 15 36.500000
139 2
57 12 15 60.000000
58 12 15 2.000000
140 2
27 6 15 37.500000
28 6 15 0.500000
141 2
139 1 14 1.000000
140 1 13 26.500000
142 1
19 10 13 32.000000
143 1
20 6 12 39.000000
144 3
26 4 21 0.500000
27 4 20 12.500000
28 4 19 21.000000
145 1
56 3 18 62.000000
146 1
22 2 20 33.000000
147 3
144 0 19 1.000000
145 0 19 1.000000
146 0 17 31.000000
148 1
58 11 14 32.000000
149 1
39 9 23 75.000000
150 2
148 5 19 0.500000
149 5 18 43.500000
151 1
24 11 12 47.000000
152 2
144 7 18 27.500000
145 7 18 4.500000
153 1
31 7 15 63.000000
154 3
68 1 24 0.500000
69 1 24 1.000000
70 1 22 26.000000
155 1
167 6 9 61.000000
156 7
10 0 22 0.500000
11 0 22 1.000000
12 0 22 1.000000
13 0 22 1.000000
14 0 22 1.000000
15 0 22 0.500000
16 0 16 23.500000
157 1
48 8 14 53.000000
158 1
25 0 17 31.000000
159 4
23 0 21 1.000000
24 0 21 1.000000
25 0 21 1.000000
26 0 18 33.500000
160 1
61 6 12 49.000000
161 2
175 1 17 54.000000
176 1 17 15.000000
162 4
30 7 16 1.000000
31 7 16 0.500000
33 7 19 35.500000
34 7 19 26.000000
163 2
20 11 16 42.000000
21 11 16 7.000000
164 5
41 5 11 0.500000
42 5 10 4.000000
43 5 10 32.000000
48 5 9 35.000000
49 5 13 6.000000
165 1
185 0 17 33.000000
166 1
63 6 19 33.000000
167 1
20 5 15 37.000000
168 1
42 4 20 31.000000
169 7
18 17 14 0.500000
19 17 14 1.000000
20 17 14 1.000000
21 17 14 1.000000
22 17 14 1.000000
23 17 14 0.500000
24 17 18 53.000000
170 2
175 6 17 87.500000
176 6 17 78.500000
171 1
64 5 18 34.000000
172 4
71 12 22 1.000000
72 12 22 1.000000
73 12 22 1.000000
74 12 19 33.500000
173 6
62 7 10 0.500000
63 7 9 32.000000
69 7 14 1.000000
70 7 14 1.000000
71 7 14 1.000000
72 7 14 1.000000
174 2
32 0 13 1.000000
33 0 12 28.500000
175 2
24 7 18 27.500000
25 7 18 31.500000
176 1
57 8 17 35.000000
177 1
167 6 15 34.000000
178 1
18 0 14 30.000000
179 2
195 5 17 0.500000
196 5 16 33.000000
180 1
19 22 13 30.000000
181 2
33 0 19 0.500000
34 0 18 27.000000
182 1
186 6 19 51.000000
183 1
58 13 17 98.000000
184 1
9 0 16 39.000000
185 1
38 16 14 40.000000
186 2
32 19 10 34.500000
33 19 10 25.500000
187 1
55 2 17 56.000000
188 7
159 14 14 1.000000
160 14 14 1.000000
161 14 14 1.000000
162 14 14 1.000000
163 14 14 0.500000
164 14 18 38.000000
165 14 18 37.500000
189 1
75 1 17 47.000000
190 5
67 5 17 1.000000
68 5 17 1.000000
69 5 17 1.000000
70 5 17 0.500000
71 5 21 55.500000
191 2
34 12 18 28.000000
35 12 18 18.000000
192 7
3 8 9 0.500000
4 8 9 1.000000
5 8 12 25.500000
6 8 9 1.000000
7 8 9 1.000000
8 8 9 0.500000
9 8 8 0.500000
193 8
19 14 13 0.500000
20 14 13 1.000000
21 14 13 1.000000
22 14 13 1.000000
23 14 13 1.000000
24 14 13 0.500000
25 14 12 0.500000
26 14 16 39.500000
194 2
39 0 13 0.500000
40 0 12 46.000000
195 1
146 4 10 36.000000
196 2
165 5 27 0.500000
166 5 26 27.000000
197 1
61 0 14 42.000000
198 6
170 0 22 0.500000
171 0 22 1.000000
172 0 22 1.000000
173 0 22 1.000000
174 0 18 24.000000
175 0 18 10.500000
199 14
195 1 11 1.000000
196 1 11 0.500000
198 1 14 0.500000
199 1 14 1.000000
200 1 12 18.500000
201 1 12 7.000000
206 1 11 0.500000
207 1 15 0.500000
208 1 15 1.000000
209 1 15 1.000000
216 1 11 0.500000
217 1 15 0.500000
218 1 15 1.000000
219 1 15 1.000000
200 1
47 0 10 32.000000
201 2
17 0 20 0.500000
19 0 18 32.500000
202 4
64 0 21 1.000000
65 0 21 1.000000
66 0 21 0.500000
67 0 18 29.500000
203 1
49 3 13 46.000000
204 2
49 3 23 31.000000
50 3 23 12.000000
205 1
46 10 17 32.000000
206 7
15 8 7 0.500000
16 8 7 1.000000
17 8 7 1.000000
18 8 7 1.000000
19 8 7 1.000000
20 8 7 0.500000
21 8 11 35.000000
207 4
195 5 19 1.000000
196 5 19 1.000000
197 5 19 1.000000
198 5 16 30.500000
208 4
197 5 10 36.000000
200 5 12 0.500000
201 5 12 1.000000
202 5 10 3.000000
209 1
43 7 13 36.000000
210 1
151 12 11 57.000000
211 1
12 2 13 30.000000
212 1
56 0 16 84.000000
213 2
167 0 18 116.000000
168 0 18 34.000000
214 1
205 11 12 32.000000
215 4
202 0 20 0.500000
203 0 20 1.000000
204 0 20 1.000000
205 0 17 76.000000
216 1
73 16 9 34.000000
217 1
48 0 17 89.000000
218 1
55 1 12 32.000000
219 1
28 14 17 32.000000
220 2
32 9 20 44.500000
33 9 20 20.500000
221 1
143 1 13 31.000000
222 1
74 13 18 34.000000
223 1
19 0 16 36.000000
224 1
66 15 17 36.000000
225 4
11 0 21 0.500000
12 0 21 1.000000
13 0 21 1.000000
14 0 18 33.000000
226 4
159 1 15 1.000000
160 1 15 1.000000
161 1 15 1.000000
162 1 12 52.500000
227 2
39 6 24 45.000000
40 6 24 37.000000
228 1
61 9 21 31.000000
229 2
186 2 16 0.500000
187 2 15 28.000000
230 1
38 12 18 37.000000
231 7
22 0 22 1.000000
23 0 22 1.000000
24 0 22 1.000000
25 0 22 0.500000
26 0 19 1.000000
27 0 19 1.000000
28 0 16 81.000000
232 1
19 9 13 39.000000
233 8
27 10 15 0.500000
28 10 15 1.000000
29 10 15 1.000000
30 10 15 1.000000
31 10 15 1.000000
32 10 15 0.500000
33 10 9 88.500000
34 10 9 5.000000
234 1
34 11 8 36.000000
235 4
52 0 20 0.500000
53 0 20 1.000000
54 0 20 1.000000
55 0 17 33.000000
236 1
28 2 7 34.000000
237 1
136 0 9 32.000000
238 1
197 13 15 32.000000
239 3
150 5 12 0.500000
151 5 12 1.000000
152 5 10 30.000000
240 1
49 18 7 70.000000
241 1
168 6 14 34.000000
242 1
63 11 19 32.000000
243 1
48 13 14 38.000000
244 1
165 9 21 33.000000
245 1
9 0 15 104.000000
246 1
7 0 17 51.000000
247 2
7 2 19 1.000000
8 2 18 61.500000
248 2
22 5 20 34.500000
23 5 20 5.500000
249 2
164 4 13 42.000000
165 4 12 17.000000
250 2
52 9 20 44.500000
53 9 20 33.500000
251 1
39 13 16 46.000000
252 1
16 12 19 37.000000
253 1
42 11 12 46.000000
254 2
49 10 13 40.000000
50 10 13 66.000000
255 1
67 4 15 37.000000
256 1
67 7 19 42.000000
257 1
69 19 17 31.000000
258 1
156 5 16 40.000000
259 1
29 13 13 50.000000
260 1
148 7 24 38.000000
261 1
54 11 22 54.000000
262 1
24 2 12 34.000000
263 1
34 5 8 31.000000
264 2
34 9 18 23.500000
35 9 17 33.500000
265 1
55 1 17 49.000000
266 2
60 5 22 41.000000
61 5 22 1.000000
267 2
40 20 12 27.500000
41 20 12 21.500000
268 1
32 5 13 32.000000
269 42
171 10 21 0.500000
172 10 21 1.000000
173 10 21 1.000000
174 10 21 1.000000
175 10 21 1.000000
176 10 21 0.500000
177 10 18 1.000000
178 10 18 1.000000
179 10 18 0.500000
180 10 15 1.000000
181 10 21 0.500000
182 10 21 1.000000
183 10 21 1.000000
184 10 21 1.000000
185 10 21 1.000000
186 10 21 0.500000
187 10 18 1.000000
188 10 18 1.000000
189 10 18 0.500000
190 10 15 1.000000
191 10 21 0.500000
192 10 21 1.000000
193 10 21 1.000000
194 10 21 1.000000
195 10 21 1.000000
196 10 21 0.500000
197 10 18 1.000000
198 10 18 1.000000
199 10 18 0.500000
200 10 15 1.000000
201 10 21 0.500000
202 10 21 1.000000
203 10 21 1.000000
204 10 21 1.000000
205 10 21 1.000000
206 10 21 0.500000
207 10 18 1.000000
208 10 18 1.000000
209 10 18 0.500000
210 10 15 1.000000
211 10 21 0.500000
212 10 21 0.500000
270 2
35 10 17 26.000000
36 10 17 15.000000
271 1
183 10 19 33.000000
272 2
155 8 12 46.000000
158 8 14 8.000000
273 1
68 4 16 35.000000
274 5
169 9 16 1.000000
170 9 16 1.000000
171 9 16 0.500000
172 9 15 32.500000
173 9 19 53.000000
275 1
34 11 21 31.000000
276 1
159 0 16 33.000000
277 2
19 0 13 0.500000
20 0 12 28.000000
278 1
58 4 15 64.000000
279 1
157 3 15 31.000000
280 4
196 1 9 1.000000
197 1 9 1.000000
198 1 9 0.500000
200 1 12 53.500000
281 1
204 5 18 36.000000
282 1
45 5 7 79.000000
283 4
157 8 8 1.000000
158 8 8 1.000000
159 8 8 0.500000
161 8 11 31.500000
284 4
66 17 16 0.500000
67 17 16 1.000000
68 17 16 1.000000
69 17 13 30.000000
285 2
39 4 13 42.000000
40 4 13 9.000000
286 2
77 13 15 53.000000
78 13 15 62.000000
287 1
8 0 17 30.000000
288 9
145 5 17 0.500000
146 5 17 1.000000
147 5 20 34.500000
148 5 17 1.000000
149 5 17 1.000000
150 5 17 0.500000
151 5 16 54.500000
152 5 20 34.500000
153 5 20 15.500000
289 1
16 3 18 47.000000
290 1
31 4 13 35.000000
291 1
30 2 5 40.000000
292 4
16 4 6 0.500000
17 4 6 1.000000
18 4 6 1.000000
19 4 3 25.000000
293 1
20 3 12 54.000000
294 2
168 2 9 58.000000
171 2 11 8.000000
295 1
38 8 15 69.000000
296 1
7 12 9 33.000000
297 1
66 0 16 30.000000
298 1
66 16 17 34.000000
299 1
168 4 15 39.000000
300 3
195 7 17 54.500000
196 7 17 109.000000
197 7 17 38.500000
301 4
170 5 23 1.000000
171 5 23 1.000000
172 5 23 1.000000
173 5 20 58.500000
302 1
35 7 17 48.000000
303 1
163 13 12 44.000000
304 2
26 17 21 20.500000
27 17 20 20.500000
305 1
42 1 20 44.000000
306 3
198 15 19 24.500000
199 15 18 0.500000
200 15 17 9.000000
307 1
37 8 15 73.000000
308 3
193 20 9 37.000000
194 20 9 74.000000
195 20 9 20.000000
309 5
56 12 6 0.500000
57 12 6 1.000000
58 12 6 1.000000
59 12 3 33.000000
60 12 3 26.000000
310 5
143 0 22 1.000000
144 0 22 1.000000
145 0 22 0.500000
146 0 21 0.500000
147 0 18 47.000000
311 4
56 15 18 1.000000
57 15 18 1.000000
58 15 18 1.000000
59 15 15 27.500000
312 1
23 4 19 31.000000
313 2
11 5 16 54.500000
12 5 15 21.500000
314 2
46 4 16 23.000000
47 4 16 16.000000
315 1
65 7 19 35.000000
316 1
14 0 8 36.000000
317 1
176 4 11 44.000000
318 2
7 8 10 0.500000
10 8 12 32.500000
319 2
63 19 19 32.000000
64 19 19 8.000000
320 1
47 13 8 43.000000
321 1
13 2 12 36.000000
322 1
51 18 6 36.000000
323 1
0 4 22 36.000000
324 6
46 7 16 0.500000
47 7 18 38.500000
50 7 16 1.000000
51 7 16 0.500000
52 7 15 36.000000
53 7 14 0.500000
325 6
32 24 20 0.500000
33 24 20 1.000000
34 24 20 1.000000
35 24 20 1.000000
36 24 16 42.500000
37 24 16 12.000000
326 1
59 4 17 38.000000
327 4
26 8 7 1.000000
27 8 7 1.000000
28 8 7 1.000000
29 8 4 29.500000
328 4
70 7 22 0.500000
71 7 22 1.000000
72 7 22 1.000000
73 7 19 34.000000
329 2
17 4 17 52.000000
18 4 17 14.000000
330 1
57 6 19 47.000000
331 2
38 5 14 34.000000
39 5 14 8.000000
332 5
44 10 13 72.000000
47 10 15 0.500000
48 10 15 1.000000
49 10 15 1.000000
50 10 13 41.000000
333 1
167 12 10 39.000000
334 2
32 4 20 57.500000
33 4 20 3.500000
335 2
52 0 15 20.000000
53 0 14 57.000000
336 1
76 9 18 35.000000
337 2
51 18 16 29.500000
53 18 19 31.500000
338 3
193 0 19 0.500000
194 0 19 1.000000
195 0 17 38.000000
339 1
38 3 18 41.000000
340 1
168 13 24 37.000000
341 1
35 0 17 39.000000
342 5
48 4 18 1.000000
49 4 17 26.000000
51 4 21 0.500000
52 4 21 1.000000
53 4 21 1.000000
343 1
44 5 18 40.000000
344 3
53 0 19 0.500000
54 0 19 1.000000
55 0 18 44.000000
345 1
4 5 13 40.000000
346 7
54 27 13 0.500000
57 27 15 0.500000
58 27 17 23.500000
61 27 13 1.000000
62 27 13 1.000000
63 27 13 1.000000
64 27 13 0.500000
347 1
51 17 12 57.000000
348 3
11 1 13 64.000000
12 1 13 64.000000
13 1 13 2.000000
349 4
81 14 12 1.000000
82 14 12 1.000000
83 14 12 1.000000
84 14 9 34.500000
350 1
15 0 17 36.000000
351 1
20 5 15 48.000000
352 1
69 7 13 57.000000
353 2
148 2 14 0.500000
149 2 13 31.000000
354 2
148 0 19 0.500000
149 0 18 33.500000
355 1
31 0 16 58.000000
356 2
159 6 23 41.500000
160 6 23 8.500000
357 1
73 9 13 33.000000
358 1
38 10 9 55.000000
359 2
35 3 17 0.500000
36 3 16 49.000000
360 5
45 5 17 0.500000
46 5 17 1.000000
47 5 17 1.000000
48 5 14 34.000000
49 5 14 2.000000
361 1
30 6 12 36.000000
362 1
149 5 3 49.000000
363 3
51 6 16 0.500000
52 6 15 37.500000
53 6 14 37.000000
364 1
38 16 19 43.000000
365 4
164 0 19 1.000000
165 0 19 1.000000
166 0 19 1.000000
167 0 16 29.500000
366 1
182 15 13 59.000000
367 2
184 19 18 45.500000
185 19 18 73.500000
368 1
31 6 15 42.000000
369 4
213 5 11 1.000000
214 5 11 1.000000
215 5 11 1.000000
216 5 8 30.500000
370 1
12 0 14 51.000000
371 1
7 4 15 31.000000
372 2
36 17 6 46.500000
37 17 6 14.500000
373 1
204 8 22 47.000000
374 1
93 9 19 34.000000
375 1
41 19 13 33.000000
376 1
59 2 13 34.000000
377 3
182 11 10 0.500000
183 11 10 1.000000
184 11 8 30.000000
378 2
25 0 17 9.000000
26 0 17 142.000000
379 1
0 1 12 33.000000
380 5
150 14 12 0.500000
151 14 12 1.000000
152 14 12 1.000000
153 14 9 30.500000
154 14 9 10.500000
381 1
154 2 13 37.000000
382 1
159 13 16 84.000000
383 1
48 16 16 43.000000
384 1
9 9 13 31.000000
385 3
16 2 16 0.500000
17 2 15 36.500000
18 2 15 1.000000
386 4
22 0 20 0.500000
23 0 20 1.000000
24 0 18 42.000000
27 0 20 0.500000
387 4
41 12 22 1.000000
42 12 22 1.000000
43 12 22 1.000000
44 12 19 34.500000
388 4
61 1 23 1.000000
62 1 22 39.000000
66 1 21 0.500000
67 1 18 20.000000
389 2
173 12 9 70.000000
174 12 9 20.000000
390 1
14 3 18 40.000000
391 1
14 6 18 54.000000
392 1
12 16 14 32.000000
393 5
195 4 18 1.000000
196 4 17 26.000000
201 4 14 1.000000
202 4 14 1.000000
203 4 14 0.500000
394 1
25 0 18 58.000000
395 1
12 6 14 42.000000
396 1
70 7 15 68.000000
397 4
58 5 17 1.000000
59 5 17 1.000000
60 5 17 0.500000
62 5 20 28.500000
398 4
53 4 14 0.500000
54 4 13 42.000000
56 4 16 23.000000
57 4 16 30.500000
399 1
80 20 22 36.000000
400 1
36 13 18 31.000000
401 2
64 17 9 51.000000
65 17 9 6.000000
402 1
177 6 15 36.000000
403 1
55 7 17 32.000000
404 5
21 0 21 0.500000
22 0 21 1.000000
23 1 21 1.000000
24 0 18 16.000000
25 0 18 12.000000
405 2
13 2 19 0.500000
14 2 18 50.000000
406 2
196 16 11 0.500000
197 16 10 33.500000
407 1
17 0 15 42.000000
408 1
186 20 16 33.000000
409 2
206 8 17 48.000000
207 8 17 39.000000
410 4
60 7 22 0.500000
61 7 22 1.000000
62 7 22 1.000000
63 7 19 26.000000
411 1
156 14 17 39.000000
412 1
42 21 14 106.000000
413 1
209 17 7 32.000000
414 1
54 5 18 36.000000
415 1
182 13 23 34.000000
416 1
37 4 15 34.000000
417 1
41 12 15 32.000000
418 1
64 3 12 34.000000
419 1
39 0 15 34.000000
420 1
138 18 16 32.000000
421 1
8 0 15 55.000000
422 1
50 0 14 59.000000
423 2
35 7 17 6.500000
36 7 17 23.500000
424 1
49 11 18 41.000000
425 9
61 10 15 1.000000
62 10 15 0.500000
63 10 14 0.500000
64 10 18 0.500000
65 10 19 21.000000
69 10 15 1.000000
70 10 15 1.000000
71 10 15 1.000000
72 10 15 0.500000
426 3
10 10 5 67.000000
11 10 5 67.000000
12 10 5 2.000000
427 1
174 1 18 31.000000
428 1
49 7 15 30.000000
429 2
178 14 17 58.000000
179 14 17 8.000000
430 1
45 3 18 35.000000
431 4
61 10 12 1.000000
62 10 12 1.000000
63 10 12 1.000000
64 10 9 41.500000
432 2
40 14 17 29.000000
41 14 16 1.000000
433 2
199 0 18 58.000000
200 0 17 17.000000
434 1
57 13 15 34.000000
435 2
9 1 13 32.000000
10 1 13 6.000000
436 1
38 6 17 58.000000
437 1
59 5 13 31.000000
438 1
34 6 18 66.000000
439 2
35 9 18 47.000000
36 9 18 21.000000
440 9
34 8 8 0.500000
35 8 8 1.000000
36 8 11 37.000000
37 8 8 1.000000
38 8 8 1.000000
39 8 8 0.500000
40 8 7 0.500000
41 8 11 37.000000
42 8 11 34.500000
441 7
58 3 24 0.500000
59 3 23 31.000000
60 3 23 10.500000
65 3 20 1.000000
66 3 20 1.000000
67 3 20 0.500000
68 3 24 0.500000
442 1
11 14 23 38.000000
443 1
54 12 19 51.000000
444 1
37 7 19 32.000000
445 3
5 4 17 26.000000
6 4 17 52.000000
7 4 17 20.000000
446 3
60 18 12 0.500000
61 18 12 1.000000
62 18 10 38.500000
447 2
61 9 21 12.500000
62 9 21 70.500000
448 1
27 4 20 45.000000
449 4
22 16 11 1.000000
23 16 11 1.000000
24 16 11 1.000000
25 16 8 34.500000
450 3
159 19 13 70.000000
160 19 13 140.000000
161 19 13 42.000000
451 1
34 0 10 32.000000
452 3
17 5 20 34.500000
18 5 19 0.500000
19 5 18 39.000000
453 1
46 5 18 44.000000
454 1
43 6 19 83.000000
455 5
9 5 23 0.500000
10 5 23 1.000000
11 5 23 1.000000
12 5 20 34.500000
13 5 20 2.500000
456 2
46 4 17 52.000000
47 4 17 32.000000
457 1
197 0 18 39.000000
458 1
166 3 19 34.000000
459 2
58 5 14 34.000000
59 5 14 6.000000
460 4
41 15 11 0.500000
42 15 11 1.000000
43 15 11 1.000000
44 15 8 33.000000
461 1
194 3 13 49.000000
462 1
49 14 16 40.000000
463 1
50 9 7 61.000000
464 2
34 7 18 27.500000
35 7 18 13.500000
465 2
181 5 11 0.500000
182 5 10 27.000000
466 2
23 6 19 84.000000
24 6 19 35.000000
467 1
189 12 13 55.000000
468 1
198 11 24 30.000000
469 1
0 0 17 32.000000
470 1
153 8 11 35.000000
471 1
66 2 17 39.000000
472 3
186 6 16 0.500000
187 6 15 37.500000
193 6 19 9.500000
473 2
35 10 7 55.500000
36 10 7 18.500000
474 1
66 0 11 33.000000
475 2
42 5 20 34.500000
43 5 20 0.500000
476 1
7 1 16 38.000000
477 1
70 6 17 35.000000
478 1
25 0 17 58.000000
479 2
53 17 9 25.500000
54 17 9 20.500000
480 1
22 14 10 36.000000
481 1
36 10 16 30.000000
482 1
26 11 19 32.000000
483 1
58 7 24 34.000000
484 2
170 17 15 167.000000
171 17 15 77.000000
485 1
146 14 9 36.000000
486 1
42 6 21 82.000000
487 2
67 8 17 48.000000
68 8 17 6.000000
488 1
196 10 9 37.000000
489 1
29 6 13 38.000000
490 2
60 14 5 1.000000
61 14 4 46.500000
491 7
180 14 12 0.500000
181 14 12 1.000000
182 14 12 1.000000
183 14 12 1.000000
184 14 12 1.000000
185 14 12 0.500000
186 14 16 29.000000
492 5
19 10 15 1.000000
20 10 15 1.000000
21 10 15 1.000000
22 10 15 0.500000
23 10 11 31.500000
493 3
41 9 11 0.500000
42 9 11 1.000000
43 9 9 37.000000
494 1
35 2 17 42.000000
495 1
12 0 11 30.000000
496 6
18 2 16 1.000000
19 2 15 42.000000
23 2 19 0.500000
24 2 19 1.000000
25 2 19 1.000000
26 2 16 0.500000
497 2
8 12 15 120.000000
9 12 15 37.000000
498 1
31 0 14 34.000000
499 1
56 0 16 30.000000
500 2
15 14 17 29.000000
16 14 17 35.000000
