1 1
33 9 5 54.000000
2 1
47 7 10 136.000000
3 4
42 5 2 21.000000
45 7 2 40.000000
46 7 2 80.000000
47 7 2 44.000000
4 3
43 14 6 48.000000
46 16 6 71.000000
47 16 6 20.000000
5 1
41 4 22 30.000000
6 4
77 8 7 57.000000
78 8 7 57.000000
79 8 7 28.500000
80 5 7 57.500000
7 2
135 7 9 65.500000
136 7 9 25.500000
8 2
48 14 4 61.500000
49 14 4 107.500000
9 3
28 19 3 56.500000
31 21 3 70.500000
32 21 3 7.000000
10 4
48 4 4 18.500000
49 4 4 37.000000
50 4 4 37.000000
51 4 4 24.500000
11 1
25 11 8 50.000000
12 1
32 11 5 53.000000
13 0
14 1
177 8 11 95.000000
15 2
66 16 21 58.000000
67 16 21 79.000000
16 1
178 15 10 22.000000
17 1
163 9 6 63.000000
18 3
55 17 5 62.000000
56 17 5 124.000000
57 17 5 5.000000
19 1
58 17 7 71.000000
20 1
20 6 11 21.000000
21 4
30 2 13 21.000000
31 2 13 42.000000
32 2 13 42.000000
33 2 13 21.000000
22 4
170 16 9 44.000000
171 16 9 22.000000
174 18 9 46.500000
175 18 9 79.500000
23 4
164 18 18 23.500000
165 18 18 47.000000
166 18 18 47.000000
167 18 18 2.500000
24 4
33 3 9 75.000000
34 3 9 37.500000
35 2 9 35.500000
36 0 9 45.000000
25 2
159 3 13 42.500000
160 3 13 21.500000
26 1
170 16 7 33.000000
27 1
154 11 5 97.000000
28 2
34 18 6 66.500000
35 18 6 4.500000
29 1
66 7 11 40.000000
30 2
62 10 6 54.500000
63 10 6 10.500000
31 2
65 7 14 72.500000
66 7 14 81.500000
32 1
56 7 7 119.000000
33 2
177 5 11 73.000000
178 5 11 12.000000
34 2
154 18 12 69.500000
155 18 12 109.500000
35 4
157 5 16 22.500000
158 5 16 45.000000
159 5 16 45.000000
160 5 16 7.500000
36 1
172 10 8 60.000000
37 2
139 6 11 79.000000
140 6 11 66.000000
38 3
30 17 3 58.500000
33 19 3 56.500000
34 19 3 35.000000
39 2
64 8 7 28.500000
65 8 7 4.500000
40 1
36 17 19 42.000000
41 2
55 7 9 65.500000
56 7 9 76.500000
42 2
69 3 7 49.500000
70 3 7 95.500000
43 5
44 8 14 16.500000
45 8 14 33.000000
46 8 14 33.000000
47 8 14 33.000000
48 8 14 16.500000
44 2
36 7 3 24.000000
37 7 3 140.000000
45 1
61 21 7 45.000000
46 1
24 22 11 51.000000
47 2
43 11 5 125.000000
44 11 5 37.000000
48 3
34 8 12 33.000000
35 8 12 66.000000
36 8 12 11.000000
49 3
55 7 0 46.500000
56 7 0 93.000000
57 7 0 54.500000
50 4
26 6 11 39.500000
27 6 11 79.000000
28 6 11 79.000000
29 6 11 1.500000
51 2
34 8 11 49.000000
35 8 11 59.000000
52 1
35 18 9 25.000000
53 3
54 8 12 33.000000
55 8 12 66.000000
56 8 12 55.000000
54 2
32 10 5 61.500000
33 10 5 11.500000
55 2
43 9 10 40.000000
44 9 10 61.000000
56 1
142 10 3 54.000000
57 3
28 4 6 33.500000
29 4 6 67.000000
30 4 6 38.500000
58 2
65 17 3 58.500000
66 17 3 76.500000
59 4
64 8 13 19.000000
65 8 13 38.000000
66 8 13 38.000000
67 8 13 35.000000
60 2
46 9 17 144.000000
47 9 17 24.000000
61 2
155 7 10 71.000000
156 7 10 78.000000
62 2
48 5 18 145.000000
49 5 18 52.000000
63 3
161 11 8 27.000000
162 11 8 54.000000
163 11 8 37.000000
64 1
44 20 20 114.000000
65 3
54 13 8 37.500000
57 15 8 49.000000
58 15 8 39.500000
66 3
35 7 13 62.500000
36 7 13 125.000000
37 7 13 6.500000
67 2
66 6 7 84.500000
67 6 7 84.500000
68 2
185 7 17 25.000000
186 7 17 5.000000
69 2
59 8 5 19.000000
60 7 5 30.000000
70 2
43 14 7 71.500000
46 16 7 16.500000
71 1
25 7 3 53.000000
72 1
54 10 6 96.000000
73 1
26 6 6 106.000000
74 1
76 9 5 35.000000
75 1
156 10 4 83.000000
76 4
45 17 10 31.000000
46 17 10 62.000000
47 17 10 62.000000
48 17 10 24.000000
77 2
29 13 10 40.000000
30 13 10 8.000000
78 2
165 7 8 92.500000
166 7 8 38.500000
79 1
157 6 6 86.000000
80 4
70 2 11 29.000000
71 2 11 58.000000
72 2 11 58.000000
73 2 11 8.000000
81 2
72 13 16 69.000000
73 13 16 5.000000
82 3
58 14 10 49.000000
59 14 10 98.000000
60 14 10 38.000000
83 2
166 7 13 125.000000
167 7 13 49.000000
84 2
58 15 5 92.000000
59 15 5 70.000000
85 1
33 9 6 77.000000
86 1
183 9 5 27.000000
87 2
52 10 6 54.500000
53 10 6 48.500000
88 1
42 3 22 27.000000
89 5
64 10 15 47.000000
65 10 15 47.000000
66 10 15 47.000000
67 10 15 23.500000
68 7 15 5.500000
90 3
53 19 10 12.500000
54 19 10 101.000000
55 19 10 13.500000
91 1
30 15 11 23.000000
92 4
165 2 13 21.000000
168 4 13 43.000000
169 4 13 86.000000
170 4 13 31.000000
93 4
69 6 14 60.000000
70 6 14 60.000000
71 6 14 30.000000
73 9 14 33.000000
94 2
173 2 5 150.000000
174 2 5 24.000000
95 3
73 4 4 18.500000
76 6 4 58.000000
77 6 4 36.500000
96 2
138 4 18 56.500000
139 4 18 34.500000
97 2
50 5 12 78.000000
51 5 12 54.000000
98 4
154 8 12 33.000000
155 8 12 66.000000
156 8 12 66.000000
157 8 12 19.000000
99 1
34 8 10 39.000000
100 4
45 10 13 42.000000
46 10 13 42.000000
47 10 13 21.000000
48 7 13 5.000000
101 2
49 18 18 23.500000
52 20 18 32.500000
102 2
145 7 13 62.500000
146 7 13 111.500000
103 3
190 3 6 67.000000
191 3 6 67.000000
192 3 6 48.000000
104 2
162 10 14 69.500000
163 10 14 103.500000
105 2
146 9 4 107.000000
147 9 4 13.000000
106 1
167 7 6 85.000000
107 1
137 9 12 25.000000
108 2
46 6 2 46.000000
47 6 2 10.000000
109 6
181 21 9 16.500000
182 21 9 33.000000
183 21 9 33.000000
184 21 9 33.000000
185 21 9 33.000000
186 21 9 8.500000
110 9
56 6 9 0.500000
57 6 9 1.000000
58 6 9 1.000000
59 6 9 1.000000
60 6 9 1.000000
61 6 9 0.500000
63 9 9 21.500000
64 9 9 43.000000
65 9 9 28.500000
111 2
31 22 18 98.000000
32 22 18 4.000000
112 2
173 9 14 40.000000
174 9 14 68.000000
113 1
60 5 11 136.000000
114 2
27 5 5 64.000000
28 5 5 62.000000
115 2
146 9 5 128.000000
147 9 5 28.000000
116 2
140 5 7 126.000000
141 5 7 45.000000
117 1
39 16 5 46.000000
118 3
34 9 10 80.000000
35 9 10 80.000000
36 9 10 27.000000
119 3
84 8 12 33.000000
85 8 12 66.000000
86 8 12 35.000000
120 2
45 7 11 68.000000
46 7 11 117.000000
121 1
27 5 10 53.000000
122 5
162 10 16 37.500000
163 9 16 19.000000
164 9 16 38.000000
165 9 16 38.000000
166 9 16 9.500000
123 2
53 9 7 27.500000
54 9 7 0.500000
124 2
181 11 8 27.000000
182 11 8 33.000000
125 1
37 7 7 20.000000
126 1
35 7 11 67.000000
127 2
186 19 9 81.000000
187 19 9 40.000000
128 2
45 9 8 151.000000
46 9 8 9.000000
129 1
48 7 9 121.000000
130 1
159 16 15 116.000000
131 2
50 12 15 50.500000
51 12 15 57.500000
132 2
28 6 5 68.000000
29 6 5 51.000000
133 2
60 5 9 67.000000
61 5 9 17.000000
134 1
36 7 3 123.000000
135 3
58 5 9 68.000000
59 5 9 68.000000
60 5 9 1.000000
136 4
182 13 11 70.000000
183 13 11 70.000000
184 13 11 35.000000
187 15 11 13.000000
137 4
49 8 10 58.500000
50 7 10 71.000000
53 9 10 40.000000
54 9 10 21.500000
138 3
47 15 8 49.000000
48 15 8 98.000000
49 15 8 26.000000
139 4
31 6 12 50.500000
32 5 12 39.000000
35 7 12 72.000000
36 7 12 33.500000
140 1
44 13 17 65.000000
141 1
138 16 18 41.000000
142 6
38 5 0 30.000000
39 5 0 30.000000
40 5 0 30.000000
41 5 0 30.000000
42 5 0 15.000000
43 4 0 14.000000
143 2
134 10 7 128.000000
135 10 7 2.000000
144 3
161 15 11 46.000000
162 15 11 23.000000
165 17 11 41.000000
145 1
140 3 10 85.000000
146 2
56 9 14 80.000000
57 9 14 41.000000
147 3
67 15 5 46.000000
68 15 5 92.000000
69 15 5 13.000000
148 2
40 7 15 21.500000
41 6 15 64.500000
149 1
59 6 8 107.000000
150 1
161 11 9 61.000000
151 5
173 19 14 20.500000
174 19 14 41.000000
175 19 14 41.000000
176 19 14 41.000000
177 19 14 37.500000
152 3
72 11 8 54.000000
73 11 8 54.000000
74 11 8 45.000000
153 4
64 8 8 22.000000
65 8 8 44.000000
66 8 8 44.000000
67 8 8 12.000000
154 3
37 5 8 35.000000
38 5 8 70.000000
39 5 8 22.000000
155 2
65 7 5 66.000000
66 7 5 72.000000
156 2
53 9 5 64.000000
54 9 5 104.000000
157 3
40 7 9 65.500000
43 9 9 21.500000
44 9 9 13.000000
158 3
56 6 10 30.500000
57 6 10 61.000000
58 6 10 4.500000
159 2
46 20 15 114.000000
47 20 15 15.000000
160 3
62 4 7 42.000000
63 4 7 21.000000
65 7 7 55.000000
161 1
57 15 14 31.000000
162 1
167 6 6 173.000000
163 3
49 13 7 38.000000
50 13 7 76.000000
51 13 7 65.000000
164 2
36 7 17 50.000000
37 7 17 12.000000
165 2
25 7 11 68.000000
26 7 11 6.000000
166 3
48 9 14 40.000000
49 8 14 16.500000
50 7 14 35.500000
167 3
28 9 4 53.500000
29 8 4 16.500000
30 7 4 11.000000
168 3
24 18 10 26.000000
25 18 10 52.000000
26 18 10 9.000000
169 1
24 19 1 35.000000
170 2
73 9 8 75.500000
74 9 8 20.500000
171 3
163 10 16 75.000000
164 10 16 75.000000
165 10 16 21.000000
172 2
165 7 7 85.000000
166 7 7 53.000000
173 2
45 7 3 73.500000
46 7 3 80.500000
174 1
177 15 8 23.000000
175 1
169 6 10 56.000000
176 3
50 6 10 61.000000
51 6 10 30.500000
52 5 10 52.500000
177 2
48 14 11 44.000000
49 14 11 33.000000
178 2
38 4 10 53.000000
39 4 10 60.000000
179 1
64 8 11 48.000000
180 3
36 6 5 34.000000
37 6 5 68.000000
38 6 5 29.000000
181 3
36 16 3 38.500000
37 16 3 77.000000
38 16 3 7.500000
182 1
54 8 21 21.000000
183 2
183 9 13 60.500000
184 9 13 35.500000
184 4
48 9 17 72.000000
49 8 17 28.000000
50 7 17 25.000000
51 6 17 12.000000
185 1
33 11 14 47.000000
186 1
75 9 11 59.000000
187 1
45 7 10 23.000000
188 4
44 8 22 35.000000
45 8 22 70.000000
46 8 22 70.000000
47 8 22 20.000000
189 2
33 9 11 76.000000
34 9 11 91.000000
190 2
173 9 15 53.500000
174 9 15 9.500000
191 4
151 14 18 38.000000
152 14 18 38.000000
153 14 18 19.000000
156 16 18 19.000000
192 3
27 15 8 49.000000
28 15 8 98.000000
29 15 8 26.000000
193 2
57 9 11 152.000000
58 9 11 13.000000
194 2
155 7 12 72.000000
156 7 12 22.000000
195 2
62 10 8 65.000000
63 10 8 12.000000
196 2
72 10 8 65.000000
73 10 8 121.000000
197 4
161 11 16 31.000000
162 11 16 62.000000
163 11 16 62.000000
164 11 16 38.000000
198 1
139 7 14 47.000000
199 3
49 8 4 16.500000
52 10 4 59.500000
53 10 4 9.000000
200 2
27 5 11 73.000000
28 5 11 94.000000
201 3
35 10 11 53.000000
36 10 11 53.000000
37 10 11 4.000000
202 2
47 9 13 121.000000
48 9 13 27.000000
203 4
48 4 11 36.000000
49 4 11 72.000000
50 4 11 72.000000
51 4 11 9.000000
204 3
64 8 6 53.500000
65 8 6 107.000000
66 8 6 3.500000
205 1
66 16 11 60.000000
206 2
25 17 6 21.500000
26 17 6 3.500000
207 2
36 6 4 58.000000
37 6 4 92.000000
208 4
179 5 9 18.000000
180 5 9 68.000000
181 5 9 68.000000
182 5 9 21.000000
209 4
27 19 8 44.000000
28 19 8 22.000000
29 18 8 45.500000
30 17 8 2.500000
210 2
22 11 8 54.000000
23 11 8 8.000000
211 1
183 10 5 123.000000
212 2
178 5 12 78.000000
179 5 12 61.000000
213 2
66 6 6 109.000000
67 6 6 24.000000
214 3
63 9 4 53.500000
64 9 4 107.000000
65 9 4 2.500000
215 1
28 7 9 96.000000
216 3
175 10 11 53.000000
176 10 11 53.000000
177 10 11 1.000000
217 2
33 9 4 53.500000
34 9 4 15.500000
218 3
177 5 9 34.000000
178 5 9 68.000000
179 5 9 50.000000
219 2
25 7 13 62.500000
26 7 13 37.500000
220 1
77 7 8 86.000000
221 2
42 11 6 66.000000
43 11 6 13.000000
222 2
48 9 11 76.000000
49 8 11 1.000000
223 2
53 9 3 41.000000
54 9 3 35.000000
224 2
150 4 10 106.000000
151 4 10 64.000000
225 2
50 12 7 52.500000
51 12 7 8.500000
226 4
65 21 12 1.000000
66 21 12 0.500000
69 23 12 34.500000
70 23 12 39.000000
227 3
43 14 10 49.000000
46 16 10 43.000000
47 16 10 67.000000
228 3
163 4 4 18.500000
166 6 4 58.000000
167 6 4 92.500000
229 1
163 4 9 30.000000
230 2
33 9 6 3.500000
34 9 6 42.500000
231 2
34 11 23 67.000000
35 11 23 60.000000
232 3
28 14 11 44.000000
29 14 11 88.000000
30 14 11 47.000000
233 1
25 7 9 20.000000
234 2
61 11 14 63.000000
62 11 14 122.000000
235 3
151 16 6 71.000000
154 18 6 66.500000
155 18 6 40.500000
236 3
40 4 6 67.000000
41 4 6 67.000000
42 4 6 2.000000
237 2
68 14 6 48.000000
69 14 6 96.000000
238 5
37 6 9 1.000000
38 7 9 125.500000
40 6 9 1.000000
41 6 9 0.500000
42 5 9 34.000000
239 3
34 8 14 16.500000
35 8 14 33.000000
36 8 14 12.500000
240 2
160 22 4 49.000000
161 22 4 48.000000
241 2
66 16 16 43.000000
67 16 16 34.000000
242 5
187 10 16 37.500000
188 9 16 19.000000
189 8 16 55.000000
190 7 16 0.500000
191 6 16 15.000000
243 2
66 11 6 33.000000
68 14 7 62.000000
244 1
67 5 6 41.000000
245 1
54 20 10 65.000000
246 1
29 5 10 83.000000
247 3
70 22 13 25.000000
71 22 13 50.000000
72 22 13 8.000000
248 2
75 7 11 68.000000
76 7 11 30.000000
249 1
47 7 5 100.000000
250 1
70 14 2 90.000000
251 1
42 5 8 22.000000
252 2
67 15 15 24.500000
68 15 15 42.500000
253 2
35 7 7 85.000000
36 7 7 49.000000
254 2
25 7 6 56.500000
26 7 6 36.500000
255 6
167 5 0 15.000000
168 5 0 30.000000
169 5 0 30.000000
170 5 0 30.000000
171 5 0 30.000000
172 5 0 4.000000
256 2
44 8 3 60.000000
45 8 3 102.000000
257 1
53 9 12 50.000000
258 1
53 19 10 38.000000
259 2
70 3 17 49.000000
71 3 17 10.000000
260 1
25 7 8 73.000000
261 1
45 10 10 46.000000
262 2
55 7 11 68.000000
56 7 11 73.000000
263 2
185 7 12 72.000000
186 7 12 92.000000
264 2
55 7 10 71.000000
56 7 10 36.000000
265 1
41 5 12 50.000000
266 2
55 7 6 56.500000
56 7 6 16.500000
267 2
155 9 11 152.000000
156 9 11 6.000000
268 1
65 7 10 69.000000
269 3
150 6 16 41.000000
151 6 16 20.500000
153 9 16 17.500000
270 2
151 11 3 69.000000
152 11 3 20.000000
271 2
54 8 11 49.000000
55 8 11 73.000000
272 6
51 11 7 0.500000
52 10 7 64.000000
53 10 7 73.000000
58 9 7 27.500000
61 11 7 0.500000
68 9 7 11.500000
273 1
60 3 7 60.000000
274 1
36 10 7 114.000000
275 2
63 3 13 85.000000
64 3 13 23.000000
276 2
173 9 5 64.000000
174 9 5 28.000000
277 1
46 6 8 27.000000
278 5
184 18 18 23.500000
185 18 18 47.000000
186 18 18 47.000000
187 18 18 47.000000
188 18 18 25.500000
279 2
33 4 10 53.000000
34 3 10 31.000000
280 1
35 17 9 39.000000
281 2
166 6 7 84.500000
167 6 7 47.500000
282 2
179 13 11 35.000000
180 13 11 26.000000
283 1
54 20 16 84.000000
284 2
142 15 23 15.500000
145 17 23 45.500000
285 4
31 6 9 0.500000
34 8 9 1.000000
35 8 9 170.000000
36 8 9 0.500000
286 4
51 21 9 16.500000
52 21 9 33.000000
53 21 9 33.000000
54 21 9 16.500000
287 2
54 8 5 19.000000
55 8 5 13.000000
288 2
61 11 5 62.500000
62 11 5 61.500000
289 1
34 8 9 84.000000
290 2
43 11 17 79.000000
44 11 17 23.000000
291 1
172 4 18 64.000000
292 2
61 21 13 70.000000
62 21 13 89.000000
293 1
31 13 5 54.000000
294 2
76 6 7 84.500000
77 6 7 13.500000
295 1
27 7 7 54.000000
296 5
42 10 18 0.500000
43 10 18 1.000000
44 10 18 1.000000
45 7 18 19.000000
46 7 18 3.500000
297 2
48 4 8 56.500000
49 4 8 63.500000
298 3
23 2 11 58.000000
24 2 11 58.000000
25 2 11 17.000000
299 5
164 8 8 22.000000
165 8 8 44.000000
166 8 8 44.000000
167 8 8 44.000000
168 8 8 8.000000
300 1
59 5 11 135.000000
