1 3
31 16 11 27.500000
32 16 11 55.000000
33 16 11 34.500000
2 1
27 22 12 51.000000
3 1
23 5 8 45.000000
4 1
53 16 11 40.000000
5 1
23 10 7 32.000000
6 2
43 12 11 22.500000
44 13 11 11.500000
7 1
29 12 13 52.000000
8 1
50 6 4 39.000000
9 1
205 23 14 32.000000
10 1
11 18 12 39.000000
11 1
30 12 2 37.000000
12 1
35 9 13 31.000000
13 2
168 12 11 22.500000
169 12 11 13.500000
14 1
48 14 8 49.000000
15 2
66 19 17 42.000000
67 19 17 11.000000
16 3
14 17 11 1.000000
15 17 11 0.500000
16 15 11 48.500000
17 1
27 18 13 32.000000
18 1
15 21 12 33.000000
19 1
26 13 5 30.000000
20 1
190 12 13 34.000000
21 1
16 15 5 32.000000
22 1
160 10 11 41.000000
23 2
12 1 5 35.500000
13 1 5 7.500000
24 4
42 24 12 0.500000
43 24 12 1.000000
44 24 12 1.000000
45 21 12 32.000000
25 1
31 3 11 53.000000
26 1
23 8 12 36.000000
27 1
26 12 8 30.000000
28 1
38 19 11 34.000000
29 2
24 22 12 7.000000
25 22 12 43.000000
30 2
21 16 11 27.500000
22 16 11 3.500000
31 1
187 5 5 37.000000
32 2
16 11 5 1.000000
17 12 5 28.500000
33 1
153 10 7 46.000000
34 1
76 10 9 82.000000
35 1
183 23 12 31.000000
36 2
45 8 6 0.500000
46 9 6 55.500000
37 1
185 11 8 34.000000
38 2
35 9 10 55.500000
36 9 10 11.500000
39 1
66 11 7 50.000000
40 1
147 20 10 34.000000
41 2
53 24 11 5.000000
54 24 11 58.000000
42 4
35 16 4 0.500000
36 16 4 1.000000
37 16 4 1.000000
38 16 7 30.000000
43 2
142 1 5 35.500000
143 1 5 23.500000
44 1
6 12 15 53.000000
45 1
39 13 11 37.000000
46 1
138 13 6 68.000000
47 1
66 19 15 35.000000
48 2
36 11 6 52.000000
37 11 6 3.000000
49 1
27 15 3 90.000000
50 1
54 13 11 33.000000
51 1
59 15 8 35.000000
52 1
25 9 8 45.000000
53 2
173 24 10 34.000000
174 24 10 27.000000
54 4
24 18 16 0.500000
25 18 16 1.000000
26 18 16 1.000000
27 18 13 31.000000
55 1
20 23 15 31.000000
56 1
23 11 4 48.000000
57 1
66 16 5 32.000000
58 1
55 9 6 32.000000
59 1
166 13 5 34.000000
60 1
39 12 13 45.000000
61 1
14 15 8 31.000000
62 1
50 20 10 35.000000
63 1
30 11 10 35.000000
64 2
48 13 12 32.500000
49 13 12 7.500000
65 1
35 21 9 34.000000
66 1
148 21 13 35.000000
67 2
49 14 9 27.500000
50 14 9 21.500000
68 2
42 22 14 43.000000
43 22 14 29.000000
69 1
48 18 9 31.000000
70 1
10 18 12 39.000000
71 2
65 13 6 44.000000
66 13 6 4.000000
72 1
186 21 13 32.000000
73 2
24 22 7 55.000000
25 22 7 8.000000
74 1
138 9 3 39.000000
75 1
54 14 3 55.000000
76 1
41 22 6 70.000000
77 1
22 10 6 36.000000
78 1
135 13 6 32.000000
79 2
73 13 9 43.500000
74 14 9 28.500000
80 1
32 6 12 63.000000
81 1
4 23 6 31.000000
82 1
25 15 4 31.000000
83 3
20 14 6 50.000000
21 14 6 25.000000
22 14 7 14.000000
84 1
38 17 8 41.000000
85 1
20 2 13 63.000000
86 1
7 13 7 55.000000
87 1
29 14 9 36.000000
88 1
186 16 5 32.000000
89 1
26 14 18 51.000000
90 1
158 20 11 36.000000
91 2
11 5 0 24.500000
12 5 0 19.500000
92 1
32 10 6 46.000000
93 1
25 15 11 50.000000
94 1
197 13 13 55.000000
95 1
156 11 8 34.000000
96 1
70 19 2 33.000000
97 2
59 17 12 24.500000
60 17 12 8.500000
98 4
55 22 10 0.500000
56 22 10 1.000000
57 22 10 1.000000
58 19 10 25.000000
99 1
56 12 8 31.000000
100 1
186 2 5 56.000000
101 1
157 24 4 33.000000
102 2
185 22 11 27.000000
186 22 11 31.000000
103 1
170 18 6 31.000000
104 1
19 18 11 33.000000
105 1
140 13 10 33.000000
106 2
150 1 3 67.000000
151 1 3 43.000000
107 2
15 18 6 31.500000
16 18 6 34.500000
108 1
56 18 5 32.000000
109 1
65 7 13 31.000000
110 4
62 24 12 0.500000
63 24 11 35.000000
69 23 11 24.000000
70 24 7 13.000000
111 2
40 9 5 26.500000
41 9 5 17.500000
112 4
171 17 7 97.000000
172 17 7 48.500000
173 16 7 83.000000
174 20 7 11.500000
113 2
63 13 12 32.500000
64 13 11 28.500000
114 1
17 12 12 32.000000
115 1
187 23 13 45.000000
116 1
219 16 8 72.500000
117 1
74 14 4 46.000000
118 2
149 16 13 21.000000
150 16 13 42.000000
119 1
65 29 14 34.000000
120 1
150 12 10 49.000000
121 1
53 29 5 32.000000
122 3
181 10 11 58.500000
182 11 11 44.000000
183 12 11 17.500000
123 3
17 13 13 57.500000
18 13 13 115.000000
19 13 13 67.500000
124 2
55 11 5 1.000000
56 12 5 36.500000
125 1
63 10 7 38.000000
126 1
49 14 9 32.000000
127 2
63 10 7 30.500000
64 10 7 6.500000
128 1
34 18 11 33.000000
129 1
167 0 9 34.000000
130 2
8 13 12 32.500000
9 13 12 2.500000
131 1
30 7 5 49.000000
132 2
12 12 9 35.000000
15 11 8 8.000000
133 3
60 6 6 1.000000
61 6 7 55.000000
65 3 6 7.500000
134 1
27 16 6 46.000000
135 1
19 15 7 30.000000
136 2
154 17 17 25.500000
155 17 17 8.500000
137 3
31 11 9 24.000000
32 12 9 35.000000
33 12 10 5.000000
138 2
68 13 9 43.500000
69 13 9 9.500000
139 4
170 22 11 27.000000
171 21 11 34.500000
172 20 11 22.000000
173 22 8 5.500000
140 1
53 11 4 33.000000
141 2
47 13 13 57.500000
48 13 13 10.500000
142 3
35 20 4 135.000000
36 20 4 67.500000
37 19 4 23.500000
143 1
81 15 21 63.000000
144 1
48 1 8 34.000000
145 4
15 10 12 0.500000
16 10 12 1.000000
17 10 12 1.000000
18 13 12 32.000000
146 1
29 12 10 59.000000
147 1
17 13 5 66.000000
148 1
39 1 2 37.000000
149 1
14 12 6 32.000000
150 1
69 4 8 35.000000
151 2
185 13 15 41.500000
186 13 15 14.500000
152 1
38 19 9 52.000000
153 1
8 7 5 34.000000
154 1
178 14 8 54.000000
155 1
158 13 9 34.000000
156 2
27 12 9 35.000000
28 12 9 11.000000
157 1
171 24 7 32.000000
158 1
46 1 4 32.000000
159 1
211 10 11 33.000000
160 6
26 14 5 1.000000
27 14 5 1.000000
28 14 5 1.000000
29 14 5 1.000000
30 14 5 0.500000
31 11 4 43.500000
161 1
143 17 3 48.000000
162 1
30 7 7 33.000000
163 1
68 19 6 31.000000
164 2
18 21 7 47.500000
19 20 7 9.500000
165 1
13 2 5 56.000000
166 2
180 11 10 61.000000
181 11 10 37.000000
167 1
53 24 11 30.000000
168 1
65 9 10 33.000000
169 1
24 8 14 31.000000
170 2
69 14 12 35.000000
70 14 12 9.000000
171 2
178 21 7 47.500000
179 20 7 6.500000
172 1
48 4 5 57.000000
173 1
39 14 9 30.000000
174 2
24 9 9 25.000000
25 9 9 16.000000
175 1
202 18 10 42.000000
176 1
42 23 13 68.000000
177 1
191 11 4 32.000000
178 2
10 12 10 144.000000
11 12 10 43.000000
179 1
60 13 7 52.000000
180 1
44 12 15 33.000000
181 1
149 21 9 36.000000
182 7
140 16 12 0.500000
141 16 12 1.000000
142 16 12 1.000000
143 16 12 1.000000
144 16 12 1.000000
145 16 12 0.500000
146 20 12 49.000000
183 3
146 6 9 0.500000
147 7 9 27.000000
148 8 9 35.500000
184 2
185 11 8 42.500000
186 11 8 7.500000
185 1
141 18 9 40.000000
186 1
195 25 18 31.000000
187 1
178 9 11 32.000000
188 1
179 16 17 111.000000
189 1
178 12 21 38.000000
190 1
47 11 7 36.000000
191 4
56 11 9 24.000000
57 11 9 48.000000
58 11 9 48.000000
59 11 9 11.000000
192 2
184 4 17 26.500000
185 4 17 11.500000
193 1
16 10 7 37.000000
194 2
20 21 10 1.000000
21 20 10 29.500000
195 1
24 22 8 34.000000
196 1
138 16 7 34.000000
197 1
53 19 5 43.000000
198 1
64 10 6 31.000000
199 2
34 10 5 49.000000
35 10 5 20.000000
200 1
39 23 5 45.000000
201 2
54 22 9 60.000000
55 22 9 14.000000
202 1
61 10 11 41.000000
203 1
191 16 6 47.000000
204 1
60 20 11 42.000000
205 1
27 15 17 36.000000
206 1
69 18 9 46.000000
207 2
17 11 10 30.500000
18 11 10 6.500000
208 1
14 9 12 35.000000
209 2
17 9 14 0.500000
18 9 13 32.500000
210 1
179 27 14 106.000000
211 2
19 22 17 24.500000
20 22 17 12.500000
212 2
22 9 7 54.000000
23 9 7 4.000000
213 1
31 12 11 44.000000
214 2
47 19 9 40.000000
48 19 9 2.000000
215 1
50 18 8 31.000000
216 1
67 12 6 96.000000
217 1
26 18 6 38.000000
218 2
17 13 8 26.500000
18 13 8 15.500000
219 1
27 19 13 32.000000
220 1
64 6 7 40.000000
221 2
15 10 9 53.500000
16 10 9 37.500000
222 4
196 19 8 0.500000
197 19 8 1.000000
198 19 8 1.000000
199 17 9 25.000000
223 2
24 11 7 59.000000
25 11 7 11.000000
224 4
42 18 18 0.500000
43 18 18 1.000000
44 16 18 47.500000
45 16 18 28.500000
225 1
79 12 20 35.000000
226 1
169 2 8 40.000000
227 2
33 8 15 101.000000
34 8 15 28.000000
228 4
157 19 8 1.000000
158 19 8 1.000000
159 19 8 1.000000
160 16 8 40.500000
229 2
82 12 4 21.000000
83 12 4 15.000000
230 1
21 21 16 35.000000
231 1
172 4 8 35.000000
232 3
136 21 12 116.000000
137 21 12 116.000000
138 21 12 7.000000
233 2
49 23 5 67.000000
50 23 5 14.000000
234 1
44 22 4 33.000000
235 1
167 12 12 37.000000
236 1
13 10 7 33.000000
237 1
12 15 6 36.000000
238 1
48 16 7 31.000000
239 1
41 8 7 72.000000
240 4
173 4 3 0.500000
174 4 3 1.000000
175 4 3 1.000000
176 4 6 46.000000
241 1
144 13 5 33.000000
242 3
140 16 4 0.500000
141 16 5 43.000000
142 16 6 60.500000
243 2
53 15 14 45.000000
56 13 14 11.000000
244 1
165 28 4 40.000000
245 2
93 12 11 22.500000
96 10 11 22.500000
246 1
158 14 8 55.000000
247 1
198 3 12 47.000000
248 2
60 12 11 45.000000
61 12 11 3.000000
249 1
27 14 6 35.000000
250 2
47 11 10 30.500000
48 11 10 59.500000
251 2
28 14 13 28.000000
29 14 13 4.000000
252 2
191 2 8 55.500000
192 3 8 5.500000
253 1
6 6 3 34.000000
254 1
185 10 8 32.000000
255 1
144 2 5 55.000000
256 1
27 17 14 31.000000
257 1
66 20 7 49.000000
258 1
39 17 6 39.000000
259 3
70 15 5 34.000000
71 15 5 47.500000
73 14 3 13.500000
260 1
16 25 3 86.000000
261 1
59 13 5 58.000000
262 1
37 12 8 49.000000
263 1
27 11 11 33.000000
264 1
30 4 11 41.000000
265 1
32 23 15 41.000000
266 3
42 6 5 27.000000
43 7 5 53.500000
44 6 7 48.500000
267 2
66 2 8 55.500000
67 2 8 73.500000
268 1
47 1 11 35.000000
269 2
16 5 5 38.000000
17 5 5 24.000000
270 2
43 10 7 35.500000
44 10 7 4.500000
271 1
8 11 8 34.000000
272 2
147 11 10 30.500000
148 11 10 12.500000
273 1
19 14 12 35.000000
274 2
67 6 10 65.000000
68 7 10 13.000000
275 2
46 13 7 41.000000
47 13 7 14.000000
276 1
67 10 9 48.000000
277 1
49 1 13 60.000000
278 2
50 1 3 67.000000
51 1 3 44.000000
279 2
64 23 11 24.000000
65 23 11 10.000000
280 2
25 12 7 22.500000
26 12 7 15.500000
281 2
181 9 15 38.000000
182 9 15 2.000000
282 1
65 16 10 44.000000
283 3
159 16 13 21.000000
160 16 13 42.000000
161 16 13 8.000000
284 1
192 13 13 33.000000
285 3
64 5 12 1.000000
65 6 12 31.500000
67 4 14 4.000000
286 1
53 22 8 33.000000
287 2
141 12 19 73.000000
142 12 19 43.000000
288 1
24 22 12 47.000000
289 1
9 18 6 56.000000
290 2
62 18 18 0.500000
63 18 17 27.000000
291 1
157 19 5 51.000000
292 2
165 12 7 22.500000
166 12 7 8.500000
293 1
13 19 5 36.000000
294 1
7 8 12 37.000000
295 1
64 9 12 67.000000
296 1
178 15 7 46.000000
297 1
190 5 9 35.000000
298 1
188 17 5 47.000000
299 1
46 12 8 34.000000
300 1
151 27 14 36.000000
301 1
34 3 16 35.000000
302 1
44 10 8 33.000000
303 1
60 15 4 34.000000
304 1
17 21 11 33.000000
305 2
147 12 9 35.000000
148 12 9 21.000000
306 2
31 15 8 97.000000
32 15 8 8.000000
307 1
57 20 5 44.000000
308 2
55 22 11 27.000000
56 22 11 6.000000
309 1
53 10 4 45.000000
310 7
26 14 15 0.500000
27 14 15 1.000000
28 14 15 1.000000
29 14 15 1.000000
30 14 15 1.000000
31 14 15 0.500000
32 14 19 30.000000
311 1
62 9 6 34.000000
312 3
35 12 7 22.500000
36 12 7 45.000000
37 12 7 35.500000
313 1
56 15 5 34.000000
314 1
41 13 10 31.000000
315 2
58 22 18 32.500000
59 22 18 6.500000
316 1
34 7 9 33.000000
317 1
180 13 12 48.000000
318 1
22 18 9 38.000000
319 1
0 13 12 45.000000
320 1
153 18 11 37.000000
321 1
78 11 11 34.000000
322 1
66 18 7 32.000000
323 2
14 23 11 24.000000
15 23 11 7.000000
324 1
16 18 7 39.000000
325 1
25 2 6 31.000000
326 2
34 9 9 25.000000
35 9 9 25.000000
327 1
70 15 5 61.000000
328 2
68 18 12 38.000000
69 18 12 12.000000
329 1
48 12 6 31.000000
330 2
15 24 19 0.500000
16 24 18 36.000000
331 1
177 23 10 32.000000
332 1
23 8 4 30.000000
333 1
29 15 15 33.000000
334 1
20 26 12 80.000000
335 1
19 19 12 41.000000
336 1
171 11 10 32.000000
337 1
184 5 8 42.000000
338 1
26 4 6 35.000000
339 1
169 16 8 30.000000
340 2
46 18 7 40.500000
47 18 7 0.500000
341 1
49 0 10 36.000000
342 1
21 14 7 46.000000
343 2
41 8 7 10.000000
42 8 7 67.000000
344 2
33 16 11 20.500000
34 16 11 27.500000
345 2
18 13 8 37.500000
19 13 8 24.500000
346 1
158 6 15 31.000000
347 1
29 13 7 35.000000
348 1
16 18 14 41.000000
349 1
26 20 12 59.000000
350 2
6 11 9 24.000000
7 11 9 13.000000
351 4
165 22 11 27.000000
166 22 11 54.000000
167 22 11 54.000000
168 22 11 7.000000
352 2
70 14 15 1.000000
71 15 15 28.500000
353 3
14 16 12 1.000000
15 16 11 27.500000
17 19 12 10.000000
354 1
18 13 5 59.000000
355 4
57 5 16 1.000000
58 5 16 1.000000
59 5 16 1.000000
60 8 16 42.500000
356 3
68 14 13 28.000000
69 14 13 56.000000
70 14 13 8.000000
357 2
155 22 11 27.000000
156 22 11 38.000000
358 1
155 15 11 30.000000
359 1
33 14 3 47.000000
360 1
80 9 17 36.000000
361 1
27 12 5 40.000000
362 1
54 12 5 98.000000
363 1
43 10 7 33.000000
364 1
67 18 8 34.000000
365 1
152 8 13 37.000000
366 2
166 13 7 41.000000
167 13 7 39.000000
367 1
25 18 5 42.000000
368 1
46 13 3 43.000000
369 1
155 14 4 50.000000
370 1
158 11 8 72.000000
371 4
20 17 11 0.500000
21 17 11 1.000000
22 16 11 27.500000
27 17 7 8.500000
372 1
56 11 8 38.000000
373 2
154 9 9 25.000000
155 9 9 15.000000
374 1
30 14 7 43.000000
375 1
28 16 5 31.000000
376 2
172 9 6 169.000000
173 9 6 7.000000
377 1
52 9 7 34.000000
378 1
154 3 17 35.000000
379 1
143 9 13 58.000000
380 1
25 17 5 34.000000
381 1
50 14 8 32.000000
382 1
148 12 10 32.000000
383 1
210 13 12 32.000000
384 1
37 8 3 40.000000
385 1
61 19 19 78.000000
386 1
142 6 8 38.000000
387 1
31 11 11 45.000000
388 2
61 5 11 45.000000
62 5 11 1.000000
389 1
29 13 13 52.000000
390 2
199 22 4 64.000000
200 22 4 15.000000
391 1
19 15 8 32.000000
392 1
210 13 10 45.000000
393 2
176 15 16 29.500000
177 15 16 17.500000
394 2
24 13 5 64.500000
25 13 5 11.500000
395 3
171 10 5 24.500000
172 10 5 49.000000
173 10 5 21.500000
396 1
176 10 11 36.000000
397 1
43 16 7 33.000000
398 1
53 18 9 34.000000
399 1
164 13 3 61.000000
400 2
204 17 4 24.500000
205 17 4 9.500000
401 1
142 27 7 52.000000
402 2
36 20 12 74.000000
37 20 12 67.000000
403 2
55 5 10 164.000000
56 5 10 76.000000
404 2
183 17 10 108.000000
184 17 10 17.000000
405 1
65 3 4 68.000000
406 1
10 15 9 32.000000
407 1
187 14 14 38.000000
408 3
47 11 6 52.000000
48 11 6 26.000000
49 12 6 1.000000
409 2
9 10 3 34.500000
10 10 3 21.500000
410 2
159 15 14 90.000000
160 15 14 22.000000
411 1
27 12 5 44.000000
412 1
155 11 13 33.000000
413 1
60 25 5 33.000000
414 1
10 14 11 32.000000
415 1
28 9 3 32.000000
416 1
18 4 7 49.000000
417 1
205 10 7 91.000000
418 2
52 5 12 1.000000
53 5 11 34.500000
419 2
60 11 8 76.500000
61 12 8 7.500000
420 1
179 14 7 34.000000
421 1
38 13 6 51.000000
422 1
30 14 7 32.000000
423 2
152 12 9 35.000000
155 11 8 29.000000
424 1
0 7 5 54.000000
425 1
164 12 5 34.000000
426 2
18 11 6 26.000000
19 12 6 36.000000
427 1
20 14 11 45.000000
428 3
34 18 5 39.500000
35 18 5 79.000000
36 18 5 30.500000
429 1
163 10 14 42.000000
430 1
156 17 6 40.000000
431 2
138 16 2 0.500000
139 16 3 31.500000
432 2
190 11 8 76.500000
191 12 8 3.500000
433 3
44 14 10 1.000000
45 14 10 0.500000
47 14 7 31.500000
434 2
193 9 8 25.000000
194 9 8 6.000000
435 1
14 21 13 38.000000
436 1
59 20 10 35.000000
437 1
64 7 11 46.000000
438 2
52 9 7 20.000000
53 9 7 23.000000
439 1
207 11 12 31.000000
440 5
32 16 12 1.000000
33 16 12 1.000000
34 16 12 1.000000
35 16 12 0.500000
36 19 13 31.500000
441 1
18 5 7 72.000000
442 2
165 13 6 44.000000
166 13 6 27.000000
443 2
198 14 6 50.000000
199 14 6 39.000000
444 2
21 23 7 0.500000
22 23 8 31.000000
445 1
21 16 0 33.000000
446 1
1 24 8 39.000000
447 1
32 23 13 42.000000
448 1
68 12 8 30.000000
449 2
60 16 4 0.500000
61 16 5 40.500000
450 1
39 18 6 34.000000
