1 1
105 9 4 22.000000
2 1
89 4 12 40.000000
3 1
114 11 13 82.000000
4 2
21 4 15 73.500000
22 4 15 71.500000
5 2
115 1 11 81.000000
116 1 11 19.000000
6 2
110 11 2 38.000000
111 10 2 14.000000
7 3
110 13 6 77.000000
111 13 7 71.500000
112 13 7 15.500000
8 3
78 7 11 24.000000
79 8 11 71.500000
80 7 10 25.500000
9 2
69 14 7 37.500000
70 14 7 18.500000
10 2
36 3 9 64.500000
37 3 9 79.500000
11 2
114 11 3 62.500000
115 11 3 61.500000
12 1
30 7 6 21.000000
13 1
25 11 1 30.000000
14 1
65 0 5 125.000000
15 1
7 5 0 69.000000
16 2
39 14 11 122.000000
40 14 11 25.000000
17 1
38 8 11 100.000000
18 2
102 2 6 35.000000
103 2 6 58.000000
19 2
10 1 2 77.500000
11 1 3 25.500000
20 2
55 9 1 189.000000
56 9 1 8.000000
21 1
106 2 11 44.000000
22 4
90 12 1 55.000000
91 12 1 27.500000
92 11 1 61.000000
93 11 1 8.500000
23 3
105 13 1 45.000000
106 13 1 45.000000
107 13 1 25.000000
24 2
116 0 8 94.000000
117 0 8 17.000000
25 1
9 4 12 45.000000
26 1
90 10 8 96.000000
27 4
22 7 0 56.000000
23 7 0 56.000000
24 7 0 56.000000
25 7 0 5.000000
28 1
68 8 5 48.000000
29 3
19 7 14 50.000000
20 7 15 65.500000
21 7 15 83.500000
30 2
76 8 5 71.500000
77 8 5 58.500000
31 1
78 10 12 124.000000
32 2
40 6 1 67.000000
41 6 1 112.000000
33 3
116 12 9 51.000000
117 12 9 102.000000
118 12 9 38.000000
34 3
19 6 12 80.000000
20 7 12 77.000000
21 7 12 28.000000
35 1
117 0 10 24.000000
36 1
38 3 13 40.000000
37 1
35 7 15 49.000000
38 1
66 11 11 39.000000
39 2
34 1 3 136.000000
35 1 3 58.000000
40 4
60 11 6 61.000000
61 11 6 30.500000
62 11 8 56.000000
63 11 8 30.500000
41 2
42 3 7 53.500000
43 3 8 62.500000
42 2
101 16 16 70.500000
102 16 16 63.500000
43 1
43 14 2 76.000000
44 1
29 10 6 56.000000
45 1
97 8 15 35.000000
46 3
79 9 11 49.500000
80 9 10 56.500000
81 9 13 87.000000
47 2
60 14 12 129.000000
61 14 12 68.000000
48 2
60 15 16 78.000000
61 15 15 22.000000
49 1
111 10 3 31.000000
50 1
11 13 5 33.000000
51 1
111 7 15 87.000000
52 1
78 7 4 98.000000
53 3
93 11 4 56.000000
94 11 4 56.000000
95 11 4 54.000000
54 2
9 4 13 37.000000
10 3 13 60.000000
55 2
49 15 9 30.000000
50 15 9 49.000000
56 2
98 7 14 50.000000
99 7 14 13.000000
57 2
25 5 1 59.500000
26 5 1 33.500000
58 2
109 12 15 88.000000
110 12 15 15.000000
59 4
49 10 4 52.000000
50 10 4 52.000000
51 10 4 52.000000
52 10 4 26.000000
60 2
36 9 10 113.000000
37 9 10 39.000000
61 1
61 5 9 58.000000
62 1
92 13 12 75.000000
63 3
59 5 4 24.500000
60 5 4 49.000000
61 5 4 0.500000
64 1
13 5 10 62.000000
65 4
20 0 15 33.000000
21 0 15 66.000000
22 0 15 66.000000
23 0 15 8.000000
66 2
112 2 3 42.000000
113 2 3 10.000000
67 3
84 9 11 49.500000
85 9 11 99.000000
86 9 11 44.500000
68 3
82 5 8 31.000000
83 5 8 62.000000
84 5 8 48.000000
69 2
94 10 15 24.000000
95 11 15 93.000000
70 3
27 7 6 39.000000
28 7 6 78.000000
29 7 6 41.000000
71 2
80 7 5 72.000000
81 7 5 99.000000
72 4
112 10 4 52.000000
113 10 4 26.000000
114 9 4 74.000000
115 9 4 42.000000
73 3
5 9 16 97.000000
6 9 16 97.000000
7 9 16 5.000000
74 2
64 11 4 56.000000
65 11 4 26.000000
75 2
51 3 8 41.000000
52 3 8 69.000000
76 3
91 5 5 40.000000
92 6 5 44.500000
93 6 5 64.500000
77 4
30 7 1 35.500000
31 7 1 71.000000
32 7 1 71.000000
33 7 1 22.500000
78 1
80 4 10 57.000000
79 1
3 4 3 28.000000
80 3
102 11 0 45.000000
103 11 0 90.000000
104 11 0 32.000000
81 2
64 4 8 99.000000
65 4 8 60.000000
82 1
68 15 16 145.000000
83 3
23 10 13 62.000000
24 10 13 31.000000
25 10 12 10.000000
84 2
120 9 13 62.000000
121 9 13 65.000000
85 4
4 5 3 45.000000
5 5 3 45.000000
6 5 3 22.500000
7 6 3 62.500000
86 1
64 4 8 24.000000
87 2
104 6 0 160.000000
105 6 0 33.000000
88 1
42 4 11 63.000000
89 1
65 5 6 60.000000
90 4
108 11 14 33.000000
109 11 14 66.000000
110 11 14 66.000000
111 11 14 15.000000
91 1
89 14 12 20.000000
92 3
42 11 1 61.000000
43 11 1 61.000000
44 11 1 26.000000
93 5
66 8 15 54.000000
67 8 15 54.000000
68 8 15 54.000000
69 8 15 27.000000
70 9 15 8.000000
94 1
43 7 5 106.000000
95 1
64 13 16 20.000000
96 4
47 14 14 57.000000
48 11 14 33.000000
49 11 14 66.000000
50 11 14 19.000000
97 2
11 3 13 106.000000
12 3 13 26.000000
98 1
114 5 12 39.000000
99 1
17 0 13 59.000000
100 3
4 3 2 74.000000
5 3 2 37.000000
6 3 3 8.000000
101 2
62 13 15 138.000000
63 13 15 14.000000
102 1
74 0 5 47.000000
103 1
98 0 8 51.000000
104 1
111 14 12 126.000000
105 3
64 1 11 81.000000
65 1 11 81.000000
66 1 11 13.000000
106 2
117 13 3 132.000000
118 13 3 29.000000
107 2
31 1 10 84.000000
32 2 10 11.000000
108 2
30 5 11 66.500000
31 5 11 79.500000
109 2
21 2 12 144.000000
22 2 12 44.000000
110 2
75 7 5 72.000000
76 7 4 3.000000
111 1
86 8 3 27.000000
112 3
24 4 7 55.000000
25 4 7 55.000000
26 4 7 2.000000
113 1
34 2 2 55.000000
114 1
54 0 5 38.000000
115 3
53 3 14 42.500000
54 3 14 85.000000
55 3 14 60.500000
116 3
107 10 2 78.000000
108 10 2 78.000000
109 10 2 22.000000
117 2
98 4 11 42.500000
99 4 11 57.500000
118 2
107 14 6 136.000000
108 14 6 30.000000
119 2
45 5 6 63.000000
46 5 6 46.000000
120 3
58 3 16 56.000000
59 3 15 58.000000
60 3 15 19.000000
121 1
86 2 5 23.000000
122 1
9 1 4 67.000000
123 2
2 9 5 37.000000
3 9 5 28.000000
124 2
76 11 3 125.000000
77 11 3 37.000000
125 1
11 7 2 78.000000
126 2
3 14 11 61.000000
4 13 11 40.000000
127 1
68 14 11 55.000000
128 1
61 1 7 53.000000
129 1
8 1 12 72.000000
130 1
22 5 2 134.000000
131 4
101 11 1 30.500000
102 11 1 61.000000
103 11 1 61.000000
104 11 1 22.500000
132 1
57 4 4 47.000000
133 1
23 5 11 72.000000
134 2
65 7 7 69.500000
66 7 7 91.500000
135 2
45 7 7 69.500000
46 7 7 58.500000
136 2
9 2 9 42.500000
10 2 8 67.500000
137 2
68 1 15 107.000000
69 1 15 3.000000
138 1
62 2 10 49.000000
139 4
35 3 0 37.000000
36 3 0 74.000000
37 3 0 74.000000
38 3 0 14.000000
140 1
56 7 14 37.000000
141 2
14 5 7 100.000000
15 5 7 42.000000
142 2
81 12 4 124.000000
82 12 4 5.000000
143 1
74 9 2 164.000000
144 2
18 9 10 113.000000
19 9 10 20.000000
145 3
63 10 4 26.000000
64 9 4 74.000000
65 9 4 2.000000
146 1
87 5 13 57.000000
147 2
56 11 15 126.000000
57 11 15 48.000000
148 2
69 12 5 51.000000
70 12 5 20.000000
149 1
50 9 8 136.000000
150 1
81 3 12 29.000000
151 3
47 9 16 48.500000
48 10 16 30.000000
49 10 16 26.500000
152 1
115 0 5 110.000000
153 1
66 5 2 49.000000
154 2
33 0 7 111.000000
34 0 7 16.000000
155 2
64 10 1 81.000000
65 10 1 5.000000
156 4
2 11 4 28.000000
3 11 4 56.000000
4 11 4 56.000000
5 11 4 51.000000
157 3
9 9 3 58.000000
10 9 3 116.000000
11 9 3 4.000000
158 2
102 4 15 147.000000
103 4 15 5.000000
159 1
90 6 1 41.000000
160 2
51 2 12 144.000000
52 2 12 9.000000
161 1
88 16 15 24.000000
162 3
71 15 14 62.500000
72 15 14 125.000000
73 15 14 1.500000
163 2
28 12 1 55.000000
29 12 1 8.000000
164 1
102 2 13 26.000000
165 2
64 12 17 109.000000
65 12 17 26.000000
166 3
73 13 9 84.000000
74 13 9 42.000000
75 14 9 43.000000
167 1
8 3 0 30.000000
168 2
114 13 3 66.000000
115 13 3 36.000000
169 2
84 16 13 112.000000
85 16 13 28.000000
170 2
60 9 3 116.000000
61 9 3 71.000000
171 2
85 12 3 65.500000
86 13 3 52.500000
172 1
78 6 9 132.000000
173 2
13 12 4 124.000000
14 12 4 11.000000
174 1
120 7 9 49.000000
175 1
7 2 13 45.000000
176 1
22 6 10 38.000000
177 1
12 10 6 31.000000
178 3
50 12 7 45.000000
51 12 7 22.500000
52 13 7 16.500000
179 2
17 4 4 129.000000
18 4 4 43.000000
180 1
55 4 15 70.000000
181 1
20 8 6 71.000000
182 1
40 3 7 84.000000
183 5
4 13 1 45.000000
5 13 1 45.000000
6 13 1 45.000000
7 13 1 45.000000
8 13 1 12.000000
184 2
97 13 1 45.000000
98 13 2 127.000000
185 1
83 2 10 81.000000
186 3
100 12 6 45.000000
101 12 6 22.500000
102 13 7 12.500000
187 2
79 12 9 102.000000
80 12 9 63.000000
188 3
66 5 10 81.000000
67 5 10 40.500000
68 4 9 19.500000
189 1
117 0 8 49.000000
190 1
75 9 0 24.000000
191 2
88 7 9 79.500000
89 7 9 79.500000
192 1
20 7 3 106.000000
193 1
36 5 2 35.000000
194 1
60 2 8 123.000000
195 3
7 8 10 45.500000
8 8 10 91.000000
9 8 10 52.500000
196 2
33 11 1 61.000000
34 11 1 25.000000
197 2
16 1 15 107.000000
17 1 15 26.000000
198 4
8 12 5 51.000000
9 12 5 51.000000
10 12 5 51.000000
11 12 5 16.000000
199 4
37 15 15 29.000000
38 15 15 58.000000
39 15 15 58.000000
40 15 15 9.000000
200 2
62 6 13 60.500000
63 6 13 57.500000
